=== E3c start: 2026-05-04T16:58:55+02:00 ===
Driver: pl.pwr.bigdata.mr.stage3.EventStatsDriver
Input:  /processed/T2
Output: /processed/T3c
Extra:  
2026-05-04 23:59:07,398 INFO client.DefaultNoHARMFailoverProxyProvider: Connecting to ResourceManager at master/10.0.2.4:8050
2026-05-04 23:59:08,493 INFO mapreduce.JobResourceUploader: Disabling Erasure Coding for path: /tmp/hadoop-yarn/staging/root/.staging/job_1777896773821_0027
2026-05-04 23:59:09,224 INFO input.FileInputFormat: Total input files to process : 1
2026-05-04 23:59:09,436 INFO mapreduce.JobSubmitter: number of splits:1
2026-05-04 23:59:10,238 INFO mapreduce.JobSubmitter: Submitting tokens for job: job_1777896773821_0027
2026-05-04 23:59:10,238 INFO mapreduce.JobSubmitter: Executing with tokens: []
2026-05-04 23:59:10,875 INFO conf.Configuration: resource-types.xml not found
2026-05-04 23:59:10,878 INFO resource.ResourceUtils: Unable to find 'resource-types.xml'.
2026-05-04 23:59:11,092 INFO impl.YarnClientImpl: Submitted application application_1777896773821_0027
2026-05-04 23:59:11,257 INFO mapreduce.Job: The url to track the job: http://master:8088/proxy/application_1777896773821_0027/
2026-05-04 23:59:11,259 INFO mapreduce.Job: Running job: job_1777896773821_0027
2026-05-04 23:59:29,046 INFO mapreduce.Job: Job job_1777896773821_0027 running in uber mode : false
2026-05-04 23:59:29,048 INFO mapreduce.Job:  map 0% reduce 0%
2026-05-04 23:59:39,343 INFO mapreduce.Job:  map 100% reduce 0%
2026-05-04 23:59:50,608 INFO mapreduce.Job:  map 100% reduce 100%
2026-05-04 23:59:57,809 INFO mapreduce.Job: Job job_1777896773821_0027 completed successfully
2026-05-04 23:59:58,096 INFO mapreduce.Job: Counters: 54
	File System Counters
		FILE: Number of bytes read=1885
		FILE: Number of bytes written=558907
		FILE: Number of read operations=0
		FILE: Number of large read operations=0
		FILE: Number of write operations=0
		HDFS: Number of bytes read=23434
		HDFS: Number of bytes written=72
		HDFS: Number of read operations=8
		HDFS: Number of large read operations=0
		HDFS: Number of write operations=2
		HDFS: Number of bytes read erasure-coded=0
	Job Counters 
		Launched map tasks=1
		Launched reduce tasks=1
		Rack-local map tasks=1
		Total time spent by all maps in occupied slots (ms)=7886
		Total time spent by all reduces in occupied slots (ms)=8805
		Total time spent by all map tasks (ms)=7886
		Total time spent by all reduce tasks (ms)=8805
		Total vcore-milliseconds taken by all map tasks=7886
		Total vcore-milliseconds taken by all reduce tasks=8805
		Total megabyte-milliseconds taken by all map tasks=8075264
		Total megabyte-milliseconds taken by all reduce tasks=9016320
	Map-Reduce Framework
		Map input records=155
		Map output records=124
		Map output bytes=1631
		Map output materialized bytes=1885
		Input split bytes=109
		Combine input records=0
		Combine output records=0
		Reduce input groups=4
		Reduce shuffle bytes=1885
		Reduce input records=124
		Reduce output records=4
		Spilled Records=248
		Shuffled Maps =1
		Failed Shuffles=0
		Merged Map outputs=1
		GC time elapsed (ms)=344
		CPU time spent (ms)=2730
		Physical memory (bytes) snapshot=544215040
		Virtual memory (bytes) snapshot=4184117248
		Total committed heap usage (bytes)=470810624
		Peak Map Physical memory (bytes)=326397952
		Peak Map Virtual memory (bytes)=2091081728
		Peak Reduce Physical memory (bytes)=217817088
		Peak Reduce Virtual memory (bytes)=2093035520
	Shuffle Errors
		BAD_ID=0
		CONNECTION=0
		IO_ERROR=0
		WRONG_LENGTH=0
		WRONG_MAP=0
		WRONG_REDUCE=0
	File Input Format Counters 
		Bytes Read=23325
	File Output Format Counters 
		Bytes Written=72
=== E3c done: 2026-05-04T16:59:58+02:00, rc=0, duration=62546 ms ===
