=== E3a start: 2026-05-04T16:23:21+02:00 ===
Driver: pl.pwr.bigdata.mr.stage3.BoroughStatsDriver
Input:  /processed/T2
Output: /processed/T3a
Extra:  
2026-05-04 23:23:29,285 INFO client.DefaultNoHARMFailoverProxyProvider: Connecting to ResourceManager at master/10.0.2.4:8050
2026-05-04 23:23:29,883 INFO mapreduce.JobResourceUploader: Disabling Erasure Coding for path: /tmp/hadoop-yarn/staging/root/.staging/job_1777896773821_0021
2026-05-04 23:23:30,342 INFO input.FileInputFormat: Total input files to process : 1
2026-05-04 23:23:30,523 INFO mapreduce.JobSubmitter: number of splits:1
2026-05-04 23:23:30,758 INFO mapreduce.JobSubmitter: Submitting tokens for job: job_1777896773821_0021
2026-05-04 23:23:30,758 INFO mapreduce.JobSubmitter: Executing with tokens: []
2026-05-04 23:23:31,057 INFO conf.Configuration: resource-types.xml not found
2026-05-04 23:23:31,057 INFO resource.ResourceUtils: Unable to find 'resource-types.xml'.
2026-05-04 23:23:31,179 INFO impl.YarnClientImpl: Submitted application application_1777896773821_0021
2026-05-04 23:23:31,250 INFO mapreduce.Job: The url to track the job: http://master:8088/proxy/application_1777896773821_0021/
2026-05-04 23:23:31,252 INFO mapreduce.Job: Running job: job_1777896773821_0021
2026-05-04 23:23:42,705 INFO mapreduce.Job: Job job_1777896773821_0021 running in uber mode : false
2026-05-04 23:23:42,707 INFO mapreduce.Job:  map 0% reduce 0%
2026-05-04 23:23:49,907 INFO mapreduce.Job:  map 100% reduce 0%
2026-05-04 23:23:58,015 INFO mapreduce.Job:  map 100% reduce 100%
2026-05-04 23:23:59,064 INFO mapreduce.Job: Job job_1777896773821_0021 completed successfully
2026-05-04 23:23:59,278 INFO mapreduce.Job: Counters: 54
	File System Counters
		FILE: Number of bytes read=2354
		FILE: Number of bytes written=559857
		FILE: Number of read operations=0
		FILE: Number of large read operations=0
		FILE: Number of write operations=0
		HDFS: Number of bytes read=23434
		HDFS: Number of bytes written=295
		HDFS: Number of read operations=8
		HDFS: Number of large read operations=0
		HDFS: Number of write operations=2
		HDFS: Number of bytes read erasure-coded=0
	Job Counters 
		Launched map tasks=1
		Launched reduce tasks=1
		Rack-local map tasks=1
		Total time spent by all maps in occupied slots (ms)=4641
		Total time spent by all reduces in occupied slots (ms)=5167
		Total time spent by all map tasks (ms)=4641
		Total time spent by all reduce tasks (ms)=5167
		Total vcore-milliseconds taken by all map tasks=4641
		Total vcore-milliseconds taken by all reduce tasks=5167
		Total megabyte-milliseconds taken by all map tasks=4752384
		Total megabyte-milliseconds taken by all reduce tasks=5291008
	Map-Reduce Framework
		Map input records=155
		Map output records=155
		Map output bytes=2038
		Map output materialized bytes=2354
		Input split bytes=109
		Combine input records=0
		Combine output records=0
		Reduce input groups=5
		Reduce shuffle bytes=2354
		Reduce input records=155
		Reduce output records=5
		Spilled Records=310
		Shuffled Maps =1
		Failed Shuffles=0
		Merged Map outputs=1
		GC time elapsed (ms)=148
		CPU time spent (ms)=1610
		Physical memory (bytes) snapshot=522362880
		Virtual memory (bytes) snapshot=4176535552
		Total committed heap usage (bytes)=476053504
		Peak Map Physical memory (bytes)=313454592
		Peak Map Virtual memory (bytes)=2086154240
		Peak Reduce Physical memory (bytes)=208908288
		Peak Reduce Virtual memory (bytes)=2090381312
	Shuffle Errors
		BAD_ID=0
		CONNECTION=0
		IO_ERROR=0
		WRONG_LENGTH=0
		WRONG_MAP=0
		WRONG_REDUCE=0
	File Input Format Counters 
		Bytes Read=23325
	File Output Format Counters 
		Bytes Written=295
=== E3a done: 2026-05-04T16:23:59+02:00, rc=0, duration=38165 ms ===
