=== E3c start: 2026-05-04T14:38:07+02:00 ===
Driver: pl.pwr.bigdata.mr.stage3.EventStatsDriver
Input:  /processed/T2
Output: /processed/T3c
Extra:  
2026-05-04 21:38:27,097 INFO client.DefaultNoHARMFailoverProxyProvider: Connecting to ResourceManager at master/10.0.2.4:8050
2026-05-04 21:38:30,343 INFO mapreduce.JobResourceUploader: Disabling Erasure Coding for path: /tmp/hadoop-yarn/staging/root/.staging/job_1777896773821_0007
2026-05-04 21:38:31,950 INFO input.FileInputFormat: Total input files to process : 1
2026-05-04 21:38:32,393 INFO mapreduce.JobSubmitter: number of splits:1
2026-05-04 21:38:32,933 INFO mapreduce.JobSubmitter: Submitting tokens for job: job_1777896773821_0007
2026-05-04 21:38:32,934 INFO mapreduce.JobSubmitter: Executing with tokens: []
2026-05-04 21:38:33,585 INFO conf.Configuration: resource-types.xml not found
2026-05-04 21:38:33,587 INFO resource.ResourceUtils: Unable to find 'resource-types.xml'.
2026-05-04 21:38:33,874 INFO impl.YarnClientImpl: Submitted application application_1777896773821_0007
2026-05-04 21:38:34,223 INFO mapreduce.Job: The url to track the job: http://master:8088/proxy/application_1777896773821_0007/
2026-05-04 21:38:34,225 INFO mapreduce.Job: Running job: job_1777896773821_0007
2026-05-04 21:38:52,631 INFO mapreduce.Job: Job job_1777896773821_0007 running in uber mode : false
2026-05-04 21:38:52,641 INFO mapreduce.Job:  map 0% reduce 0%
2026-05-04 21:39:09,853 INFO mapreduce.Job:  map 100% reduce 0%
2026-05-04 21:39:23,156 INFO mapreduce.Job:  map 100% reduce 100%
2026-05-04 21:39:24,215 INFO mapreduce.Job: Job job_1777896773821_0007 completed successfully
2026-05-04 21:39:24,406 INFO mapreduce.Job: Counters: 54
	File System Counters
		FILE: Number of bytes read=6
		FILE: Number of bytes written=555149
		FILE: Number of read operations=0
		FILE: Number of large read operations=0
		FILE: Number of write operations=0
		HDFS: Number of bytes read=4089
		HDFS: Number of bytes written=0
		HDFS: Number of read operations=8
		HDFS: Number of large read operations=0
		HDFS: Number of write operations=2
		HDFS: Number of bytes read erasure-coded=0
	Job Counters 
		Launched map tasks=1
		Launched reduce tasks=1
		Data-local map tasks=1
		Total time spent by all maps in occupied slots (ms)=14974
		Total time spent by all reduces in occupied slots (ms)=10258
		Total time spent by all map tasks (ms)=14974
		Total time spent by all reduce tasks (ms)=10258
		Total vcore-milliseconds taken by all map tasks=14974
		Total vcore-milliseconds taken by all reduce tasks=10258
		Total megabyte-milliseconds taken by all map tasks=15333376
		Total megabyte-milliseconds taken by all reduce tasks=10504192
	Map-Reduce Framework
		Map input records=75
		Map output records=0
		Map output bytes=0
		Map output materialized bytes=6
		Input split bytes=109
		Combine input records=0
		Combine output records=0
		Reduce input groups=0
		Reduce shuffle bytes=6
		Reduce input records=0
		Reduce output records=0
		Spilled Records=0
		Shuffled Maps =1
		Failed Shuffles=0
		Merged Map outputs=1
		GC time elapsed (ms)=570
		CPU time spent (ms)=2650
		Physical memory (bytes) snapshot=538423296
		Virtual memory (bytes) snapshot=4173021184
		Total committed heap usage (bytes)=479723520
		Peak Map Physical memory (bytes)=325365760
		Peak Map Virtual memory (bytes)=2084925440
		Peak Reduce Physical memory (bytes)=213057536
		Peak Reduce Virtual memory (bytes)=2088095744
	Shuffle Errors
		BAD_ID=0
		CONNECTION=0
		IO_ERROR=0
		WRONG_LENGTH=0
		WRONG_MAP=0
		WRONG_REDUCE=0
	File Input Format Counters 
		Bytes Read=3980
	File Output Format Counters 
		Bytes Written=0
=== E3c done: 2026-05-04T14:39:24+02:00, rc=0, duration=77337 ms ===
