=== E2c start: 2026-05-04T19:03:45+02:00 ===
Driver: pl.pwr.bigdata.mr.stage2.JoinDriver
Input:  /processed/T2_rides
Output: /processed/T2
Extra:  /raw/noaa /processed/T2_events
2026-05-05 02:03:51,442 INFO client.DefaultNoHARMFailoverProxyProvider: Connecting to ResourceManager at master/10.0.2.4:8050
2026-05-05 02:03:51,926 INFO mapreduce.JobResourceUploader: Disabling Erasure Coding for path: /tmp/hadoop-yarn/staging/root/.staging/job_1777913547317_0004
2026-05-05 02:03:52,453 INFO input.FileInputFormat: Total input files to process : 1
2026-05-05 02:03:52,983 INFO mapreduce.JobSubmitter: number of splits:1
2026-05-05 02:03:53,651 INFO mapreduce.JobSubmitter: Submitting tokens for job: job_1777913547317_0004
2026-05-05 02:03:53,651 INFO mapreduce.JobSubmitter: Executing with tokens: []
2026-05-05 02:03:54,014 INFO conf.Configuration: resource-types.xml not found
2026-05-05 02:03:54,017 INFO resource.ResourceUtils: Unable to find 'resource-types.xml'.
2026-05-05 02:03:54,176 INFO impl.YarnClientImpl: Submitted application application_1777913547317_0004
2026-05-05 02:03:54,293 INFO mapreduce.Job: The url to track the job: http://master:8088/proxy/application_1777913547317_0004/
2026-05-05 02:03:54,298 INFO mapreduce.Job: Running job: job_1777913547317_0004
2026-05-05 02:04:04,518 INFO mapreduce.Job: Job job_1777913547317_0004 running in uber mode : false
2026-05-05 02:04:04,522 INFO mapreduce.Job:  map 0% reduce 0%
2026-05-05 02:04:12,680 INFO mapreduce.Job:  map 100% reduce 0%
2026-05-05 02:04:13,718 INFO mapreduce.Job: Job job_1777913547317_0004 completed successfully
2026-05-05 02:04:13,852 INFO mapreduce.Job: Counters: 33
	File System Counters
		FILE: Number of bytes read=0
		FILE: Number of bytes written=280372
		FILE: Number of read operations=0
		FILE: Number of large read operations=0
		FILE: Number of write operations=0
		HDFS: Number of bytes read=5617
		HDFS: Number of bytes written=23325
		HDFS: Number of read operations=7
		HDFS: Number of large read operations=0
		HDFS: Number of write operations=2
		HDFS: Number of bytes read erasure-coded=0
	Job Counters 
		Launched map tasks=1
		Data-local map tasks=1
		Total time spent by all maps in occupied slots (ms)=5650
		Total time spent by all reduces in occupied slots (ms)=0
		Total time spent by all map tasks (ms)=5650
		Total vcore-milliseconds taken by all map tasks=5650
		Total megabyte-milliseconds taken by all map tasks=5785600
	Map-Reduce Framework
		Map input records=155
		Map output records=155
		Input split bytes=115
		Spilled Records=0
		Failed Shuffles=0
		Merged Map outputs=0
		GC time elapsed (ms)=70
		CPU time spent (ms)=1100
		Physical memory (bytes) snapshot=214577152
		Virtual memory (bytes) snapshot=2087784448
		Total committed heap usage (bytes)=186122240
		Peak Map Physical memory (bytes)=214577152
		Peak Map Virtual memory (bytes)=2087784448
	File Input Format Counters 
		Bytes Read=5502
	File Output Format Counters 
		Bytes Written=23325
=== E2c done: 2026-05-04T19:04:14+02:00, rc=0, duration=29184 ms ===
