=== E1 start: 2026-04-25T13:30:01+02:00 ===
Driver: pl.pwr.bigdata.mr.stage1.CleanDriver
Input:  /processed/citibike
Output: /processed/T1
Extra:  /raw/station_to_borough/2026-04-21/stations_2026-04-21.csv
2026-04-25 20:30:10,116 INFO client.DefaultNoHARMFailoverProxyProvider: Connecting to ResourceManager at master/10.0.2.4:8050
2026-04-25 20:30:11,394 INFO mapreduce.JobResourceUploader: Disabling Erasure Coding for path: /tmp/hadoop-yarn/staging/root/.staging/job_1777116364560_0001
2026-04-25 20:30:12,919 INFO input.FileInputFormat: Total input files to process : 1
2026-04-25 20:30:13,475 INFO mapreduce.JobSubmitter: number of splits:2
2026-04-25 20:30:14,496 INFO mapreduce.JobSubmitter: Submitting tokens for job: job_1777116364560_0001
2026-04-25 20:30:14,497 INFO mapreduce.JobSubmitter: Executing with tokens: []
2026-04-25 20:30:15,169 INFO conf.Configuration: resource-types.xml not found
2026-04-25 20:30:15,172 INFO resource.ResourceUtils: Unable to find 'resource-types.xml'.
2026-04-25 20:30:16,132 INFO impl.YarnClientImpl: Submitted application application_1777116364560_0001
2026-04-25 20:30:16,399 INFO mapreduce.Job: The url to track the job: http://master:8088/proxy/application_1777116364560_0001/
2026-04-25 20:30:16,404 INFO mapreduce.Job: Running job: job_1777116364560_0001
2026-04-25 20:30:37,890 INFO mapreduce.Job: Job job_1777116364560_0001 running in uber mode : false
2026-04-25 20:30:37,893 INFO mapreduce.Job:  map 0% reduce 0%
2026-04-25 20:31:14,773 INFO mapreduce.Job:  map 4% reduce 0%
2026-04-25 20:31:21,454 INFO mapreduce.Job:  map 10% reduce 0%
2026-04-25 20:31:26,966 INFO mapreduce.Job:  map 24% reduce 0%
2026-04-25 20:31:31,298 INFO mapreduce.Job:  map 47% reduce 0%
2026-04-25 20:31:37,598 INFO mapreduce.Job:  map 71% reduce 0%
2026-04-25 20:31:38,774 INFO mapreduce.Job:  map 72% reduce 0%
2026-04-25 20:31:44,610 INFO mapreduce.Job:  map 79% reduce 0%
2026-04-25 20:31:49,799 INFO mapreduce.Job:  map 89% reduce 0%
2026-04-25 20:31:53,320 INFO mapreduce.Job:  map 100% reduce 0%
2026-04-25 20:31:55,378 INFO mapreduce.Job: Job job_1777116364560_0001 completed successfully
2026-04-25 20:31:55,562 INFO mapreduce.Job: Counters: 37
	File System Counters
		FILE: Number of bytes read=0
		FILE: Number of bytes written=555084
		FILE: Number of read operations=0
		FILE: Number of large read operations=0
		FILE: Number of write operations=0
		HDFS: Number of bytes read=194689174
		HDFS: Number of bytes written=71340964
		HDFS: Number of read operations=14
		HDFS: Number of large read operations=0
		HDFS: Number of write operations=4
		HDFS: Number of bytes read erasure-coded=0
	Job Counters 
		Killed map tasks=1
		Launched map tasks=3
		Data-local map tasks=3
		Total time spent by all maps in occupied slots (ms)=139788
		Total time spent by all reduces in occupied slots (ms)=0
		Total time spent by all map tasks (ms)=139788
		Total vcore-milliseconds taken by all map tasks=139788
		Total megabyte-milliseconds taken by all map tasks=143142912
	Map-Reduce Framework
		Map input records=1000001
		Map output records=999017
		Input split bytes=262
		Spilled Records=0
		Failed Shuffles=0
		Merged Map outputs=0
		GC time elapsed (ms)=3372
		CPU time spent (ms)=112160
		Physical memory (bytes) snapshot=843247616
		Virtual memory (bytes) snapshot=5117374464
		Total committed heap usage (bytes)=664272896
		Peak Map Physical memory (bytes)=424325120
		Peak Map Virtual memory (bytes)=2560393216
	E1
		dropped_no_station=458
		dropped_too_long=525
		kept=999017
	File Input Format Counters 
		Bytes Read=194688912
	File Output Format Counters 
		Bytes Written=71340964
=== E1 done: 2026-04-25T13:31:56+02:00, rc=0, duration=114018 ms ===
