=== E3b start: 2026-05-04T16:57:55+02:00 ===
Driver: pl.pwr.bigdata.mr.stage3.RegressionDriver
Input:  /processed/T2
Output: /processed/T3b
Extra:  
2026-05-04 23:58:07,494 INFO client.DefaultNoHARMFailoverProxyProvider: Connecting to ResourceManager at master/10.0.2.4:8050
2026-05-04 23:58:08,784 INFO mapreduce.JobResourceUploader: Disabling Erasure Coding for path: /tmp/hadoop-yarn/staging/root/.staging/job_1777896773821_0026
2026-05-04 23:58:10,455 INFO input.FileInputFormat: Total input files to process : 1
2026-05-04 23:58:11,438 INFO mapreduce.JobSubmitter: number of splits:1
2026-05-04 23:58:12,667 INFO mapreduce.JobSubmitter: Submitting tokens for job: job_1777896773821_0026
2026-05-04 23:58:12,667 INFO mapreduce.JobSubmitter: Executing with tokens: []
2026-05-04 23:58:13,406 INFO conf.Configuration: resource-types.xml not found
2026-05-04 23:58:13,407 INFO resource.ResourceUtils: Unable to find 'resource-types.xml'.
2026-05-04 23:58:13,637 INFO impl.YarnClientImpl: Submitted application application_1777896773821_0026
2026-05-04 23:58:13,791 INFO mapreduce.Job: The url to track the job: http://master:8088/proxy/application_1777896773821_0026/
2026-05-04 23:58:13,794 INFO mapreduce.Job: Running job: job_1777896773821_0026
2026-05-04 23:58:30,502 INFO mapreduce.Job: Job job_1777896773821_0026 running in uber mode : false
2026-05-04 23:58:30,505 INFO mapreduce.Job:  map 0% reduce 0%
2026-05-04 23:58:42,799 INFO mapreduce.Job:  map 100% reduce 0%
2026-05-04 23:58:53,982 INFO mapreduce.Job:  map 100% reduce 100%
2026-05-04 23:58:55,014 INFO mapreduce.Job: Job job_1777896773821_0026 completed successfully
2026-05-04 23:58:55,428 INFO mapreduce.Job: Counters: 55
	File System Counters
		FILE: Number of bytes read=814
		FILE: Number of bytes written=557165
		FILE: Number of read operations=0
		FILE: Number of large read operations=0
		FILE: Number of write operations=0
		HDFS: Number of bytes read=23434
		HDFS: Number of bytes written=260
		HDFS: Number of read operations=8
		HDFS: Number of large read operations=0
		HDFS: Number of write operations=2
		HDFS: Number of bytes read erasure-coded=0
	Job Counters 
		Launched map tasks=1
		Launched reduce tasks=1
		Rack-local map tasks=1
		Total time spent by all maps in occupied slots (ms)=9552
		Total time spent by all reduces in occupied slots (ms)=8007
		Total time spent by all map tasks (ms)=9552
		Total time spent by all reduce tasks (ms)=8007
		Total vcore-milliseconds taken by all map tasks=9552
		Total vcore-milliseconds taken by all reduce tasks=8007
		Total megabyte-milliseconds taken by all map tasks=9781248
		Total megabyte-milliseconds taken by all reduce tasks=8199168
	Map-Reduce Framework
		Map input records=155
		Map output records=155
		Map output bytes=5158
		Map output materialized bytes=814
		Input split bytes=109
		Combine input records=155
		Combine output records=5
		Reduce input groups=5
		Reduce shuffle bytes=814
		Reduce input records=5
		Reduce output records=5
		Spilled Records=10
		Shuffled Maps =1
		Failed Shuffles=0
		Merged Map outputs=1
		GC time elapsed (ms)=214
		CPU time spent (ms)=3140
		Physical memory (bytes) snapshot=534102016
		Virtual memory (bytes) snapshot=4178608128
		Total committed heap usage (bytes)=479199232
		Peak Map Physical memory (bytes)=315539456
		Peak Map Virtual memory (bytes)=2084814848
		Peak Reduce Physical memory (bytes)=218562560
		Peak Reduce Virtual memory (bytes)=2093793280
	E3b
		dropped_snow_zero_variance=5
	Shuffle Errors
		BAD_ID=0
		CONNECTION=0
		IO_ERROR=0
		WRONG_LENGTH=0
		WRONG_MAP=0
		WRONG_REDUCE=0
	File Input Format Counters 
		Bytes Read=23325
	File Output Format Counters 
		Bytes Written=260
=== E3b done: 2026-05-04T16:58:55+02:00, rc=0, duration=60566 ms ===
