=== E1 start: 2026-05-04T16:16:42+02:00 ===
Driver: pl.pwr.bigdata.mr.stage1.CleanDriver
Input:  /processed/citibike
Output: /processed/T1
Extra:  /raw/station_to_borough/2026-04-21/stations_2026-04-21.csv
2026-05-04 23:16:49,220 INFO client.DefaultNoHARMFailoverProxyProvider: Connecting to ResourceManager at master/10.0.2.4:8050
2026-05-04 23:16:50,177 INFO mapreduce.JobResourceUploader: Disabling Erasure Coding for path: /tmp/hadoop-yarn/staging/root/.staging/job_1777896773821_0017
2026-05-04 23:16:51,029 INFO input.FileInputFormat: Total input files to process : 5
2026-05-04 23:16:51,336 INFO mapreduce.JobSubmitter: number of splits:9
2026-05-04 23:16:51,717 INFO mapreduce.JobSubmitter: Submitting tokens for job: job_1777896773821_0017
2026-05-04 23:16:51,718 INFO mapreduce.JobSubmitter: Executing with tokens: []
2026-05-04 23:16:52,131 INFO conf.Configuration: resource-types.xml not found
2026-05-04 23:16:52,132 INFO resource.ResourceUtils: Unable to find 'resource-types.xml'.
2026-05-04 23:16:52,322 INFO impl.YarnClientImpl: Submitted application application_1777896773821_0017
2026-05-04 23:16:52,444 INFO mapreduce.Job: The url to track the job: http://master:8088/proxy/application_1777896773821_0017/
2026-05-04 23:16:52,446 INFO mapreduce.Job: Running job: job_1777896773821_0017
2026-05-04 23:17:03,878 INFO mapreduce.Job: Job job_1777896773821_0017 running in uber mode : false
2026-05-04 23:17:03,884 INFO mapreduce.Job:  map 0% reduce 0%
2026-05-04 23:17:31,366 INFO mapreduce.Job:  map 3% reduce 0%
2026-05-04 23:17:32,397 INFO mapreduce.Job:  map 6% reduce 0%
2026-05-04 23:17:37,454 INFO mapreduce.Job:  map 10% reduce 0%
2026-05-04 23:17:38,488 INFO mapreduce.Job:  map 14% reduce 0%
2026-05-04 23:17:43,588 INFO mapreduce.Job:  map 20% reduce 0%
2026-05-04 23:17:44,600 INFO mapreduce.Job:  map 26% reduce 0%
2026-05-04 23:17:49,760 INFO mapreduce.Job:  map 31% reduce 0%
2026-05-04 23:17:50,814 INFO mapreduce.Job:  map 36% reduce 0%
2026-05-04 23:17:52,911 INFO mapreduce.Job:  map 38% reduce 0%
2026-05-04 23:17:53,934 INFO mapreduce.Job:  map 42% reduce 0%
2026-05-04 23:17:54,947 INFO mapreduce.Job:  map 44% reduce 0%
2026-05-04 23:18:18,527 INFO mapreduce.Job:  map 54% reduce 0%
2026-05-04 23:18:20,582 INFO mapreduce.Job:  map 57% reduce 0%
2026-05-04 23:18:23,661 INFO mapreduce.Job:  map 62% reduce 0%
2026-05-04 23:18:24,676 INFO mapreduce.Job:  map 70% reduce 0%
2026-05-04 23:18:27,742 INFO mapreduce.Job:  map 76% reduce 0%
2026-05-04 23:18:28,801 INFO mapreduce.Job:  map 82% reduce 0%
2026-05-04 23:18:30,873 INFO mapreduce.Job:  map 85% reduce 0%
2026-05-04 23:18:34,846 INFO mapreduce.Job:  map 89% reduce 0%
2026-05-04 23:18:40,921 INFO mapreduce.Job:  map 100% reduce 0%
2026-05-04 23:18:41,945 INFO mapreduce.Job: Job job_1777896773821_0017 completed successfully
2026-05-04 23:18:42,158 INFO mapreduce.Job: Counters: 37
	File System Counters
		FILE: Number of bytes read=0
		FILE: Number of bytes written=2500749
		FILE: Number of read operations=0
		FILE: Number of large read operations=0
		FILE: Number of write operations=0
		HDFS: Number of bytes read=929060315
		HDFS: Number of bytes written=339780639
		HDFS: Number of read operations=63
		HDFS: Number of large read operations=0
		HDFS: Number of write operations=18
		HDFS: Number of bytes read erasure-coded=0
	Job Counters 
		Killed map tasks=2
		Launched map tasks=10
		Data-local map tasks=10
		Total time spent by all maps in occupied slots (ms)=333979
		Total time spent by all reduces in occupied slots (ms)=0
		Total time spent by all map tasks (ms)=333979
		Total vcore-milliseconds taken by all map tasks=333979
		Total megabyte-milliseconds taken by all map tasks=341994496
	Map-Reduce Framework
		Map input records=4759350
		Map output records=4756262
		Input split bytes=1197
		Spilled Records=0
		Failed Shuffles=0
		Merged Map outputs=0
		GC time elapsed (ms)=5151
		CPU time spent (ms)=169220
		Physical memory (bytes) snapshot=2525229056
		Virtual memory (bytes) snapshot=18842251264
		Total committed heap usage (bytes)=1804075008
		Peak Map Physical memory (bytes)=286609408
		Peak Map Virtual memory (bytes)=2102910976
	E1
		dropped_no_station=1992
		dropped_too_long=1091
		kept=4756262
	File Input Format Counters 
		Bytes Read=929059118
	File Output Format Counters 
		Bytes Written=339780639
=== E1 done: 2026-05-04T16:18:42+02:00, rc=0, duration=119807 ms ===
