=== E1 start: 2026-05-04T14:24:32+02:00 ===
Driver: pl.pwr.bigdata.mr.stage1.CleanDriver
Input:  /processed/citibike
Output: /processed/T1
Extra:  /raw/station_to_borough/2026-04-21/stations_2026-04-21.csv
2026-05-04 21:24:49,003 INFO client.DefaultNoHARMFailoverProxyProvider: Connecting to ResourceManager at master/10.0.2.4:8050
2026-05-04 21:24:49,962 INFO mapreduce.JobResourceUploader: Disabling Erasure Coding for path: /tmp/hadoop-yarn/staging/root/.staging/job_1777896773821_0001
2026-05-04 21:24:51,372 INFO input.FileInputFormat: Total input files to process : 1
2026-05-04 21:24:52,173 INFO mapreduce.JobSubmitter: number of splits:2
2026-05-04 21:24:52,844 INFO mapreduce.JobSubmitter: Submitting tokens for job: job_1777896773821_0001
2026-05-04 21:24:52,845 INFO mapreduce.JobSubmitter: Executing with tokens: []
2026-05-04 21:24:53,995 INFO conf.Configuration: resource-types.xml not found
2026-05-04 21:24:54,003 INFO resource.ResourceUtils: Unable to find 'resource-types.xml'.
2026-05-04 21:24:55,421 INFO impl.YarnClientImpl: Submitted application application_1777896773821_0001
2026-05-04 21:24:55,680 INFO mapreduce.Job: The url to track the job: http://master:8088/proxy/application_1777896773821_0001/
2026-05-04 21:24:55,683 INFO mapreduce.Job: Running job: job_1777896773821_0001
2026-05-04 21:25:15,330 INFO mapreduce.Job: Job job_1777896773821_0001 running in uber mode : false
2026-05-04 21:25:15,261 INFO mapreduce.Job:  map 0% reduce 0%
2026-05-04 21:25:47,163 INFO mapreduce.Job:  map 49% reduce 0%
2026-05-04 21:25:53,714 INFO mapreduce.Job:  map 73% reduce 0%
2026-05-04 21:25:59,866 INFO mapreduce.Job:  map 87% reduce 0%
2026-05-04 21:26:05,345 INFO mapreduce.Job:  map 99% reduce 0%
2026-05-04 21:26:06,416 INFO mapreduce.Job:  map 100% reduce 0%
2026-05-04 21:26:08,468 INFO mapreduce.Job: Job job_1777896773821_0001 completed successfully
2026-05-04 21:26:09,017 INFO mapreduce.Job: Counters: 37
	File System Counters
		FILE: Number of bytes read=0
		FILE: Number of bytes written=555722
		FILE: Number of read operations=0
		FILE: Number of large read operations=0
		FILE: Number of write operations=0
		HDFS: Number of bytes read=194689174
		HDFS: Number of bytes written=71340964
		HDFS: Number of read operations=14
		HDFS: Number of large read operations=0
		HDFS: Number of write operations=4
		HDFS: Number of bytes read erasure-coded=0
	Job Counters 
		Killed map tasks=1
		Launched map tasks=3
		Data-local map tasks=3
		Total time spent by all maps in occupied slots (ms)=93064
		Total time spent by all reduces in occupied slots (ms)=0
		Total time spent by all map tasks (ms)=93064
		Total vcore-milliseconds taken by all map tasks=93064
		Total megabyte-milliseconds taken by all map tasks=95297536
	Map-Reduce Framework
		Map input records=1000001
		Map output records=999017
		Input split bytes=262
		Spilled Records=0
		Failed Shuffles=0
		Merged Map outputs=0
		GC time elapsed (ms)=1358
		CPU time spent (ms)=48680
		Physical memory (bytes) snapshot=559136768
		Virtual memory (bytes) snapshot=4171575296
		Total committed heap usage (bytes)=409468928
		Peak Map Physical memory (bytes)=285937664
		Peak Map Virtual memory (bytes)=2087800832
	E1
		dropped_no_station=458
		dropped_too_long=525
		kept=999017
	File Input Format Counters 
		Bytes Read=194688912
	File Output Format Counters 
		Bytes Written=71340964
=== E1 done: 2026-05-04T14:26:09+02:00, rc=0, duration=97445 ms ===
