=== E4 start: 2026-05-04T16:25:26+02:00 ===
Driver: pl.pwr.bigdata.mr.stage4.EnrichDriver
Input:  /processed/T2
Output: /processed/W
Extra:  /processed/T3a /processed/T3b /processed/T3c
2026-05-04 23:25:33,989 INFO client.DefaultNoHARMFailoverProxyProvider: Connecting to ResourceManager at master/10.0.2.4:8050
2026-05-04 23:25:34,457 INFO mapreduce.JobResourceUploader: Disabling Erasure Coding for path: /tmp/hadoop-yarn/staging/root/.staging/job_1777896773821_0024
2026-05-04 23:25:34,910 INFO input.FileInputFormat: Total input files to process : 1
2026-05-04 23:25:35,460 INFO mapreduce.JobSubmitter: number of splits:1
2026-05-04 23:25:35,847 INFO mapreduce.JobSubmitter: Submitting tokens for job: job_1777896773821_0024
2026-05-04 23:25:35,848 INFO mapreduce.JobSubmitter: Executing with tokens: []
2026-05-04 23:25:36,427 INFO conf.Configuration: resource-types.xml not found
2026-05-04 23:25:36,428 INFO resource.ResourceUtils: Unable to find 'resource-types.xml'.
2026-05-04 23:25:36,744 INFO impl.YarnClientImpl: Submitted application application_1777896773821_0024
2026-05-04 23:25:36,889 INFO mapreduce.Job: The url to track the job: http://master:8088/proxy/application_1777896773821_0024/
2026-05-04 23:25:36,898 INFO mapreduce.Job: Running job: job_1777896773821_0024
2026-05-04 23:25:49,439 INFO mapreduce.Job: Job job_1777896773821_0024 running in uber mode : false
2026-05-04 23:25:49,443 INFO mapreduce.Job:  map 0% reduce 0%
2026-05-04 23:25:55,581 INFO mapreduce.Job:  map 100% reduce 0%
2026-05-04 23:25:57,658 INFO mapreduce.Job: Job job_1777896773821_0024 completed successfully
2026-05-04 23:25:57,879 INFO mapreduce.Job: Counters: 33
	File System Counters
		FILE: Number of bytes read=0
		FILE: Number of bytes written=278317
		FILE: Number of read operations=0
		FILE: Number of large read operations=0
		FILE: Number of write operations=0
		HDFS: Number of bytes read=23434
		HDFS: Number of bytes written=26602
		HDFS: Number of read operations=7
		HDFS: Number of large read operations=0
		HDFS: Number of write operations=2
		HDFS: Number of bytes read erasure-coded=0
	Job Counters 
		Launched map tasks=1
		Rack-local map tasks=1
		Total time spent by all maps in occupied slots (ms)=4407
		Total time spent by all reduces in occupied slots (ms)=0
		Total time spent by all map tasks (ms)=4407
		Total vcore-milliseconds taken by all map tasks=4407
		Total megabyte-milliseconds taken by all map tasks=4512768
	Map-Reduce Framework
		Map input records=155
		Map output records=155
		Input split bytes=109
		Spilled Records=0
		Failed Shuffles=0
		Merged Map outputs=0
		GC time elapsed (ms)=74
		CPU time spent (ms)=830
		Physical memory (bytes) snapshot=211116032
		Virtual memory (bytes) snapshot=2089111552
		Total committed heap usage (bytes)=186122240
		Peak Map Physical memory (bytes)=211116032
		Peak Map Virtual memory (bytes)=2089111552
	File Input Format Counters 
		Bytes Read=23325
	File Output Format Counters 
		Bytes Written=26602
=== E4 done: 2026-05-04T16:25:58+02:00, rc=0, duration=32130 ms ===
