=== E4 start: 2026-05-04T14:39:26+02:00 ===
Driver: pl.pwr.bigdata.mr.stage4.EnrichDriver
Input:  /processed/T2
Output: /processed/W
Extra:  /processed/T3a /processed/T3b /processed/T3c
2026-05-04 21:39:47,984 INFO client.DefaultNoHARMFailoverProxyProvider: Connecting to ResourceManager at master/10.0.2.4:8050
2026-05-04 21:39:49,682 INFO mapreduce.JobResourceUploader: Disabling Erasure Coding for path: /tmp/hadoop-yarn/staging/root/.staging/job_1777896773821_0008
2026-05-04 21:39:50,792 INFO input.FileInputFormat: Total input files to process : 1
2026-05-04 21:39:50,963 INFO mapreduce.JobSubmitter: number of splits:1
2026-05-04 21:39:51,291 INFO mapreduce.JobSubmitter: Submitting tokens for job: job_1777896773821_0008
2026-05-04 21:39:51,292 INFO mapreduce.JobSubmitter: Executing with tokens: []
2026-05-04 21:39:51,821 INFO conf.Configuration: resource-types.xml not found
2026-05-04 21:39:51,826 INFO resource.ResourceUtils: Unable to find 'resource-types.xml'.
2026-05-04 21:39:51,995 INFO impl.YarnClientImpl: Submitted application application_1777896773821_0008
2026-05-04 21:39:52,300 INFO mapreduce.Job: The url to track the job: http://master:8088/proxy/application_1777896773821_0008/
2026-05-04 21:39:52,329 INFO mapreduce.Job: Running job: job_1777896773821_0008
2026-05-04 21:40:12,880 INFO mapreduce.Job: Job job_1777896773821_0008 running in uber mode : false
2026-05-04 21:40:12,883 INFO mapreduce.Job:  map 0% reduce 0%
2026-05-04 21:40:23,189 INFO mapreduce.Job:  map 100% reduce 0%
2026-05-04 21:40:25,383 INFO mapreduce.Job: Job job_1777896773821_0008 completed successfully
2026-05-04 21:40:26,251 INFO mapreduce.Job: Counters: 33
	File System Counters
		FILE: Number of bytes read=0
		FILE: Number of bytes written=278316
		FILE: Number of read operations=0
		FILE: Number of large read operations=0
		FILE: Number of write operations=0
		HDFS: Number of bytes read=4089
		HDFS: Number of bytes written=5730
		HDFS: Number of read operations=7
		HDFS: Number of large read operations=0
		HDFS: Number of write operations=2
		HDFS: Number of bytes read erasure-coded=0
	Job Counters 
		Launched map tasks=1
		Data-local map tasks=1
		Total time spent by all maps in occupied slots (ms)=6678
		Total time spent by all reduces in occupied slots (ms)=0
		Total time spent by all map tasks (ms)=6678
		Total vcore-milliseconds taken by all map tasks=6678
		Total megabyte-milliseconds taken by all map tasks=6838272
	Map-Reduce Framework
		Map input records=75
		Map output records=75
		Input split bytes=109
		Spilled Records=0
		Failed Shuffles=0
		Merged Map outputs=0
		GC time elapsed (ms)=151
		CPU time spent (ms)=1440
		Physical memory (bytes) snapshot=222322688
		Virtual memory (bytes) snapshot=2089361408
		Total committed heap usage (bytes)=185073664
		Peak Map Physical memory (bytes)=222322688
		Peak Map Virtual memory (bytes)=2089361408
	File Input Format Counters 
		Bytes Read=3980
	File Output Format Counters 
		Bytes Written=5730
=== E4 done: 2026-05-04T14:40:28+02:00, rc=0, duration=61771 ms ===
