=== E2b start: 2026-04-25T13:34:11+02:00 ===
Driver: pl.pwr.bigdata.mr.stage2.EventsAggDriver
Input:  /raw/events
Output: /processed/T2_events
Extra:  
2026-04-25 20:34:26,637 INFO client.DefaultNoHARMFailoverProxyProvider: Connecting to ResourceManager at master/10.0.2.4:8050
2026-04-25 20:34:30,238 INFO mapreduce.JobResourceUploader: Disabling Erasure Coding for path: /tmp/hadoop-yarn/staging/root/.staging/job_1777116364560_0003
2026-04-25 20:34:33,014 INFO input.FileInputFormat: Total input files to process : 1
2026-04-25 20:34:33,499 INFO mapreduce.JobSubmitter: number of splits:1
2026-04-25 20:34:34,688 INFO mapreduce.JobSubmitter: Submitting tokens for job: job_1777116364560_0003
2026-04-25 20:34:34,689 INFO mapreduce.JobSubmitter: Executing with tokens: []
2026-04-25 20:34:37,016 INFO conf.Configuration: resource-types.xml not found
2026-04-25 20:34:37,020 INFO resource.ResourceUtils: Unable to find 'resource-types.xml'.
2026-04-25 20:34:37,722 INFO impl.YarnClientImpl: Submitted application application_1777116364560_0003
2026-04-25 20:34:38,060 INFO mapreduce.Job: The url to track the job: http://master:8088/proxy/application_1777116364560_0003/
2026-04-25 20:34:38,062 INFO mapreduce.Job: Running job: job_1777116364560_0003
2026-04-25 20:35:00,305 INFO mapreduce.Job: Job job_1777116364560_0003 running in uber mode : false
2026-04-25 20:35:00,309 INFO mapreduce.Job:  map 0% reduce 0%
2026-04-25 20:35:09,046 INFO mapreduce.Job: Task Id : attempt_1777116364560_0003_m_000000_0, Status : FAILED
Error: java.io.FileNotFoundException: Path is not a file: /raw/events/2026-04-18
	at org.apache.hadoop.hdfs.server.namenode.INodeFile.valueOf(INodeFile.java:90)
	at org.apache.hadoop.hdfs.server.namenode.INodeFile.valueOf(INodeFile.java:76)
	at org.apache.hadoop.hdfs.server.namenode.FSDirStatAndListingOp.getBlockLocations(FSDirStatAndListingOp.java:156)
	at org.apache.hadoop.hdfs.server.namenode.FSNamesystem.getBlockLocations(FSNamesystem.java:2124)
	at org.apache.hadoop.hdfs.server.namenode.NameNodeRpcServer.getBlockLocations(NameNodeRpcServer.java:769)
	at org.apache.hadoop.hdfs.protocolPB.ClientNamenodeProtocolServerSideTranslatorPB.getBlockLocations(ClientNamenodeProtocolServerSideTranslatorPB.java:460)
	at org.apache.hadoop.hdfs.protocol.proto.ClientNamenodeProtocolProtos$ClientNamenodeProtocol$2.callBlockingMethod(ClientNamenodeProtocolProtos.java)
	at org.apache.hadoop.ipc.ProtobufRpcEngine2$Server$ProtoBufRpcInvoker.call(ProtobufRpcEngine2.java:621)
	at org.apache.hadoop.ipc.ProtobufRpcEngine2$Server$ProtoBufRpcInvoker.call(ProtobufRpcEngine2.java:589)
	at org.apache.hadoop.ipc.ProtobufRpcEngine2$Server$ProtoBufRpcInvoker.call(ProtobufRpcEngine2.java:573)
	at org.apache.hadoop.ipc.RPC$Server.call(RPC.java:1213)
	at org.apache.hadoop.ipc.Server$RpcCall.run(Server.java:1089)
	at org.apache.hadoop.ipc.Server$RpcCall.run(Server.java:1012)
	at java.security.AccessController.doPrivileged(Native Method)
	at javax.security.auth.Subject.doAs(Subject.java:422)
	at org.apache.hadoop.security.UserGroupInformation.doAs(UserGroupInformation.java:1899)
	at org.apache.hadoop.ipc.Server$Handler.run(Server.java:3026)

	at sun.reflect.NativeConstructorAccessorImpl.newInstance0(Native Method)
	at sun.reflect.NativeConstructorAccessorImpl.newInstance(NativeConstructorAccessorImpl.java:62)
	at sun.reflect.DelegatingConstructorAccessorImpl.newInstance(DelegatingConstructorAccessorImpl.java:45)
	at java.lang.reflect.Constructor.newInstance(Constructor.java:423)
	at org.apache.hadoop.ipc.RemoteException.instantiateException(RemoteException.java:121)
	at org.apache.hadoop.ipc.RemoteException.unwrapRemoteException(RemoteException.java:88)
	at org.apache.hadoop.hdfs.DFSClient.callGetBlockLocations(DFSClient.java:902)
	at org.apache.hadoop.hdfs.DFSClient.getLocatedBlocks(DFSClient.java:889)
	at org.apache.hadoop.hdfs.DFSClient.getLocatedBlocks(DFSClient.java:878)
	at org.apache.hadoop.hdfs.DFSClient.open(DFSClient.java:1046)
	at org.apache.hadoop.hdfs.DistributedFileSystem$4.doCall(DistributedFileSystem.java:340)
	at org.apache.hadoop.hdfs.DistributedFileSystem$4.doCall(DistributedFileSystem.java:336)
	at org.apache.hadoop.fs.FileSystemLinkResolver.resolve(FileSystemLinkResolver.java:81)
	at org.apache.hadoop.hdfs.DistributedFileSystem.open(DistributedFileSystem.java:353)
	at org.apache.hadoop.fs.FileSystem.lambda$openFileWithOptions$0(FileSystem.java:4737)
	at org.apache.hadoop.util.LambdaUtils.eval(LambdaUtils.java:52)
	at org.apache.hadoop.fs.FileSystem.openFileWithOptions(FileSystem.java:4735)
	at org.apache.hadoop.fs.FileSystem$FSDataInputStreamBuilder.build(FileSystem.java:4874)
	at org.apache.hadoop.mapreduce.lib.input.LineRecordReader.initialize(LineRecordReader.java:100)
	at org.apache.hadoop.mapred.MapTask$NewTrackingRecordReader.initialize(MapTask.java:561)
	at org.apache.hadoop.mapred.MapTask.runNewMapper(MapTask.java:799)
	at org.apache.hadoop.mapred.MapTask.run(MapTask.java:348)
	at org.apache.hadoop.mapred.YarnChild$2.run(YarnChild.java:178)
	at java.security.AccessController.doPrivileged(Native Method)
	at javax.security.auth.Subject.doAs(Subject.java:422)
	at org.apache.hadoop.security.UserGroupInformation.doAs(UserGroupInformation.java:1899)
	at org.apache.hadoop.mapred.YarnChild.main(YarnChild.java:172)
Caused by: org.apache.hadoop.ipc.RemoteException(java.io.FileNotFoundException): Path is not a file: /raw/events/2026-04-18
	at org.apache.hadoop.hdfs.server.namenode.INodeFile.valueOf(INodeFile.java:90)
	at org.apache.hadoop.hdfs.server.namenode.INodeFile.valueOf(INodeFile.java:76)
	at org.apache.hadoop.hdfs.server.namenode.FSDirStatAndListingOp.getBlockLocations(FSDirStatAndListingOp.java:156)
	at org.apache.hadoop.hdfs.server.namenode.FSNamesystem.getBlockLocations(FSNamesystem.java:2124)
	at org.apache.hadoop.hdfs.server.namenode.NameNodeRpcServer.getBlockLocations(NameNodeRpcServer.java:769)
	at org.apache.hadoop.hdfs.protocolPB.ClientNamenodeProtocolServerSideTranslatorPB.getBlockLocations(ClientNamenodeProtocolServerSideTranslatorPB.java:460)
	at org.apache.hadoop.hdfs.protocol.proto.ClientNamenodeProtocolProtos$ClientNamenodeProtocol$2.callBlockingMethod(ClientNamenodeProtocolProtos.java)
	at org.apache.hadoop.ipc.ProtobufRpcEngine2$Server$ProtoBufRpcInvoker.call(ProtobufRpcEngine2.java:621)
	at org.apache.hadoop.ipc.ProtobufRpcEngine2$Server$ProtoBufRpcInvoker.call(ProtobufRpcEngine2.java:589)
	at org.apache.hadoop.ipc.ProtobufRpcEngine2$Server$ProtoBufRpcInvoker.call(ProtobufRpcEngine2.java:573)
	at org.apache.hadoop.ipc.RPC$Server.call(RPC.java:1213)
	at org.apache.hadoop.ipc.Server$RpcCall.run(Server.java:1089)
	at org.apache.hadoop.ipc.Server$RpcCall.run(Server.java:1012)
	at java.security.AccessController.doPrivileged(Native Method)
	at javax.security.auth.Subject.doAs(Subject.java:422)
	at org.apache.hadoop.security.UserGroupInformation.doAs(UserGroupInformation.java:1899)
	at org.apache.hadoop.ipc.Server$Handler.run(Server.java:3026)

	at org.apache.hadoop.ipc.Client.getRpcResponse(Client.java:1584)
	at org.apache.hadoop.ipc.Client.call(Client.java:1530)
	at org.apache.hadoop.ipc.Client.call(Client.java:1427)
	at org.apache.hadoop.ipc.ProtobufRpcEngine2$Invoker.invoke(ProtobufRpcEngine2.java:258)
	at org.apache.hadoop.ipc.ProtobufRpcEngine2$Invoker.invoke(ProtobufRpcEngine2.java:139)
	at com.sun.proxy.$Proxy13.getBlockLocations(Unknown Source)
	at org.apache.hadoop.hdfs.protocolPB.ClientNamenodeProtocolTranslatorPB.getBlockLocations(ClientNamenodeProtocolTranslatorPB.java:334)
	at sun.reflect.NativeMethodAccessorImpl.invoke0(Native Method)
	at sun.reflect.NativeMethodAccessorImpl.invoke(NativeMethodAccessorImpl.java:62)
	at sun.reflect.DelegatingMethodAccessorImpl.invoke(DelegatingMethodAccessorImpl.java:43)
	at java.lang.reflect.Method.invoke(Method.java:498)
	at org.apache.hadoop.io.retry.RetryInvocationHandler.invokeMethod(RetryInvocationHandler.java:433)
	at org.apache.hadoop.io.retry.RetryInvocationHandler$Call.invokeMethod(RetryInvocationHandler.java:166)
	at org.apache.hadoop.io.retry.RetryInvocationHandler$Call.invoke(RetryInvocationHandler.java:158)
	at org.apache.hadoop.io.retry.RetryInvocationHandler$Call.invokeOnce(RetryInvocationHandler.java:96)
	at org.apache.hadoop.io.retry.RetryInvocationHandler.invoke(RetryInvocationHandler.java:362)
	at com.sun.proxy.$Proxy14.getBlockLocations(Unknown Source)
	at org.apache.hadoop.hdfs.DFSClient.callGetBlockLocations(DFSClient.java:900)
	... 20 more

2026-04-25 20:35:20,361 INFO mapreduce.Job: Task Id : attempt_1777116364560_0003_m_000000_1, Status : FAILED
Error: java.io.FileNotFoundException: Path is not a file: /raw/events/2026-04-18
	at org.apache.hadoop.hdfs.server.namenode.INodeFile.valueOf(INodeFile.java:90)
	at org.apache.hadoop.hdfs.server.namenode.INodeFile.valueOf(INodeFile.java:76)
	at org.apache.hadoop.hdfs.server.namenode.FSDirStatAndListingOp.getBlockLocations(FSDirStatAndListingOp.java:156)
	at org.apache.hadoop.hdfs.server.namenode.FSNamesystem.getBlockLocations(FSNamesystem.java:2124)
	at org.apache.hadoop.hdfs.server.namenode.NameNodeRpcServer.getBlockLocations(NameNodeRpcServer.java:769)
	at org.apache.hadoop.hdfs.protocolPB.ClientNamenodeProtocolServerSideTranslatorPB.getBlockLocations(ClientNamenodeProtocolServerSideTranslatorPB.java:460)
	at org.apache.hadoop.hdfs.protocol.proto.ClientNamenodeProtocolProtos$ClientNamenodeProtocol$2.callBlockingMethod(ClientNamenodeProtocolProtos.java)
	at org.apache.hadoop.ipc.ProtobufRpcEngine2$Server$ProtoBufRpcInvoker.call(ProtobufRpcEngine2.java:621)
	at org.apache.hadoop.ipc.ProtobufRpcEngine2$Server$ProtoBufRpcInvoker.call(ProtobufRpcEngine2.java:589)
	at org.apache.hadoop.ipc.ProtobufRpcEngine2$Server$ProtoBufRpcInvoker.call(ProtobufRpcEngine2.java:573)
	at org.apache.hadoop.ipc.RPC$Server.call(RPC.java:1213)
	at org.apache.hadoop.ipc.Server$RpcCall.run(Server.java:1089)
	at org.apache.hadoop.ipc.Server$RpcCall.run(Server.java:1012)
	at java.security.AccessController.doPrivileged(Native Method)
	at javax.security.auth.Subject.doAs(Subject.java:422)
	at org.apache.hadoop.security.UserGroupInformation.doAs(UserGroupInformation.java:1899)
	at org.apache.hadoop.ipc.Server$Handler.run(Server.java:3026)

	at sun.reflect.NativeConstructorAccessorImpl.newInstance0(Native Method)
	at sun.reflect.NativeConstructorAccessorImpl.newInstance(NativeConstructorAccessorImpl.java:62)
	at sun.reflect.DelegatingConstructorAccessorImpl.newInstance(DelegatingConstructorAccessorImpl.java:45)
	at java.lang.reflect.Constructor.newInstance(Constructor.java:423)
	at org.apache.hadoop.ipc.RemoteException.instantiateException(RemoteException.java:121)
	at org.apache.hadoop.ipc.RemoteException.unwrapRemoteException(RemoteException.java:88)
	at org.apache.hadoop.hdfs.DFSClient.callGetBlockLocations(DFSClient.java:902)
	at org.apache.hadoop.hdfs.DFSClient.getLocatedBlocks(DFSClient.java:889)
	at org.apache.hadoop.hdfs.DFSClient.getLocatedBlocks(DFSClient.java:878)
	at org.apache.hadoop.hdfs.DFSClient.open(DFSClient.java:1046)
	at org.apache.hadoop.hdfs.DistributedFileSystem$4.doCall(DistributedFileSystem.java:340)
	at org.apache.hadoop.hdfs.DistributedFileSystem$4.doCall(DistributedFileSystem.java:336)
	at org.apache.hadoop.fs.FileSystemLinkResolver.resolve(FileSystemLinkResolver.java:81)
	at org.apache.hadoop.hdfs.DistributedFileSystem.open(DistributedFileSystem.java:353)
	at org.apache.hadoop.fs.FileSystem.lambda$openFileWithOptions$0(FileSystem.java:4737)
	at org.apache.hadoop.util.LambdaUtils.eval(LambdaUtils.java:52)
	at org.apache.hadoop.fs.FileSystem.openFileWithOptions(FileSystem.java:4735)
	at org.apache.hadoop.fs.FileSystem$FSDataInputStreamBuilder.build(FileSystem.java:4874)
	at org.apache.hadoop.mapreduce.lib.input.LineRecordReader.initialize(LineRecordReader.java:100)
	at org.apache.hadoop.mapred.MapTask$NewTrackingRecordReader.initialize(MapTask.java:561)
	at org.apache.hadoop.mapred.MapTask.runNewMapper(MapTask.java:799)
	at org.apache.hadoop.mapred.MapTask.run(MapTask.java:348)
	at org.apache.hadoop.mapred.YarnChild$2.run(YarnChild.java:178)
	at java.security.AccessController.doPrivileged(Native Method)
	at javax.security.auth.Subject.doAs(Subject.java:422)
	at org.apache.hadoop.security.UserGroupInformation.doAs(UserGroupInformation.java:1899)
	at org.apache.hadoop.mapred.YarnChild.main(YarnChild.java:172)
Caused by: org.apache.hadoop.ipc.RemoteException(java.io.FileNotFoundException): Path is not a file: /raw/events/2026-04-18
	at org.apache.hadoop.hdfs.server.namenode.INodeFile.valueOf(INodeFile.java:90)
	at org.apache.hadoop.hdfs.server.namenode.INodeFile.valueOf(INodeFile.java:76)
	at org.apache.hadoop.hdfs.server.namenode.FSDirStatAndListingOp.getBlockLocations(FSDirStatAndListingOp.java:156)
	at org.apache.hadoop.hdfs.server.namenode.FSNamesystem.getBlockLocations(FSNamesystem.java:2124)
	at org.apache.hadoop.hdfs.server.namenode.NameNodeRpcServer.getBlockLocations(NameNodeRpcServer.java:769)
	at org.apache.hadoop.hdfs.protocolPB.ClientNamenodeProtocolServerSideTranslatorPB.getBlockLocations(ClientNamenodeProtocolServerSideTranslatorPB.java:460)
	at org.apache.hadoop.hdfs.protocol.proto.ClientNamenodeProtocolProtos$ClientNamenodeProtocol$2.callBlockingMethod(ClientNamenodeProtocolProtos.java)
	at org.apache.hadoop.ipc.ProtobufRpcEngine2$Server$ProtoBufRpcInvoker.call(ProtobufRpcEngine2.java:621)
	at org.apache.hadoop.ipc.ProtobufRpcEngine2$Server$ProtoBufRpcInvoker.call(ProtobufRpcEngine2.java:589)
	at org.apache.hadoop.ipc.ProtobufRpcEngine2$Server$ProtoBufRpcInvoker.call(ProtobufRpcEngine2.java:573)
	at org.apache.hadoop.ipc.RPC$Server.call(RPC.java:1213)
	at org.apache.hadoop.ipc.Server$RpcCall.run(Server.java:1089)
	at org.apache.hadoop.ipc.Server$RpcCall.run(Server.java:1012)
	at java.security.AccessController.doPrivileged(Native Method)
	at javax.security.auth.Subject.doAs(Subject.java:422)
	at org.apache.hadoop.security.UserGroupInformation.doAs(UserGroupInformation.java:1899)
	at org.apache.hadoop.ipc.Server$Handler.run(Server.java:3026)

	at org.apache.hadoop.ipc.Client.getRpcResponse(Client.java:1584)
	at org.apache.hadoop.ipc.Client.call(Client.java:1530)
	at org.apache.hadoop.ipc.Client.call(Client.java:1427)
	at org.apache.hadoop.ipc.ProtobufRpcEngine2$Invoker.invoke(ProtobufRpcEngine2.java:258)
	at org.apache.hadoop.ipc.ProtobufRpcEngine2$Invoker.invoke(ProtobufRpcEngine2.java:139)
	at com.sun.proxy.$Proxy13.getBlockLocations(Unknown Source)
	at org.apache.hadoop.hdfs.protocolPB.ClientNamenodeProtocolTranslatorPB.getBlockLocations(ClientNamenodeProtocolTranslatorPB.java:334)
	at sun.reflect.NativeMethodAccessorImpl.invoke0(Native Method)
	at sun.reflect.NativeMethodAccessorImpl.invoke(NativeMethodAccessorImpl.java:62)
	at sun.reflect.DelegatingMethodAccessorImpl.invoke(DelegatingMethodAccessorImpl.java:43)
	at java.lang.reflect.Method.invoke(Method.java:498)
	at org.apache.hadoop.io.retry.RetryInvocationHandler.invokeMethod(RetryInvocationHandler.java:433)
	at org.apache.hadoop.io.retry.RetryInvocationHandler$Call.invokeMethod(RetryInvocationHandler.java:166)
	at org.apache.hadoop.io.retry.RetryInvocationHandler$Call.invoke(RetryInvocationHandler.java:158)
	at org.apache.hadoop.io.retry.RetryInvocationHandler$Call.invokeOnce(RetryInvocationHandler.java:96)
	at org.apache.hadoop.io.retry.RetryInvocationHandler.invoke(RetryInvocationHandler.java:362)
	at com.sun.proxy.$Proxy14.getBlockLocations(Unknown Source)
	at org.apache.hadoop.hdfs.DFSClient.callGetBlockLocations(DFSClient.java:900)
	... 20 more

2026-04-25 20:35:28,620 INFO mapreduce.Job: Task Id : attempt_1777116364560_0003_m_000000_2, Status : FAILED
Error: java.io.FileNotFoundException: Path is not a file: /raw/events/2026-04-18
	at org.apache.hadoop.hdfs.server.namenode.INodeFile.valueOf(INodeFile.java:90)
	at org.apache.hadoop.hdfs.server.namenode.INodeFile.valueOf(INodeFile.java:76)
	at org.apache.hadoop.hdfs.server.namenode.FSDirStatAndListingOp.getBlockLocations(FSDirStatAndListingOp.java:156)
	at org.apache.hadoop.hdfs.server.namenode.FSNamesystem.getBlockLocations(FSNamesystem.java:2124)
	at org.apache.hadoop.hdfs.server.namenode.NameNodeRpcServer.getBlockLocations(NameNodeRpcServer.java:769)
	at org.apache.hadoop.hdfs.protocolPB.ClientNamenodeProtocolServerSideTranslatorPB.getBlockLocations(ClientNamenodeProtocolServerSideTranslatorPB.java:460)
	at org.apache.hadoop.hdfs.protocol.proto.ClientNamenodeProtocolProtos$ClientNamenodeProtocol$2.callBlockingMethod(ClientNamenodeProtocolProtos.java)
	at org.apache.hadoop.ipc.ProtobufRpcEngine2$Server$ProtoBufRpcInvoker.call(ProtobufRpcEngine2.java:621)
	at org.apache.hadoop.ipc.ProtobufRpcEngine2$Server$ProtoBufRpcInvoker.call(ProtobufRpcEngine2.java:589)
	at org.apache.hadoop.ipc.ProtobufRpcEngine2$Server$ProtoBufRpcInvoker.call(ProtobufRpcEngine2.java:573)
	at org.apache.hadoop.ipc.RPC$Server.call(RPC.java:1213)
	at org.apache.hadoop.ipc.Server$RpcCall.run(Server.java:1089)
	at org.apache.hadoop.ipc.Server$RpcCall.run(Server.java:1012)
	at java.security.AccessController.doPrivileged(Native Method)
	at javax.security.auth.Subject.doAs(Subject.java:422)
	at org.apache.hadoop.security.UserGroupInformation.doAs(UserGroupInformation.java:1899)
	at org.apache.hadoop.ipc.Server$Handler.run(Server.java:3026)

	at sun.reflect.NativeConstructorAccessorImpl.newInstance0(Native Method)
	at sun.reflect.NativeConstructorAccessorImpl.newInstance(NativeConstructorAccessorImpl.java:62)
	at sun.reflect.DelegatingConstructorAccessorImpl.newInstance(DelegatingConstructorAccessorImpl.java:45)
	at java.lang.reflect.Constructor.newInstance(Constructor.java:423)
	at org.apache.hadoop.ipc.RemoteException.instantiateException(RemoteException.java:121)
	at org.apache.hadoop.ipc.RemoteException.unwrapRemoteException(RemoteException.java:88)
	at org.apache.hadoop.hdfs.DFSClient.callGetBlockLocations(DFSClient.java:902)
	at org.apache.hadoop.hdfs.DFSClient.getLocatedBlocks(DFSClient.java:889)
	at org.apache.hadoop.hdfs.DFSClient.getLocatedBlocks(DFSClient.java:878)
	at org.apache.hadoop.hdfs.DFSClient.open(DFSClient.java:1046)
	at org.apache.hadoop.hdfs.DistributedFileSystem$4.doCall(DistributedFileSystem.java:340)
	at org.apache.hadoop.hdfs.DistributedFileSystem$4.doCall(DistributedFileSystem.java:336)
	at org.apache.hadoop.fs.FileSystemLinkResolver.resolve(FileSystemLinkResolver.java:81)
	at org.apache.hadoop.hdfs.DistributedFileSystem.open(DistributedFileSystem.java:353)
	at org.apache.hadoop.fs.FileSystem.lambda$openFileWithOptions$0(FileSystem.java:4737)
	at org.apache.hadoop.util.LambdaUtils.eval(LambdaUtils.java:52)
	at org.apache.hadoop.fs.FileSystem.openFileWithOptions(FileSystem.java:4735)
	at org.apache.hadoop.fs.FileSystem$FSDataInputStreamBuilder.build(FileSystem.java:4874)
	at org.apache.hadoop.mapreduce.lib.input.LineRecordReader.initialize(LineRecordReader.java:100)
	at org.apache.hadoop.mapred.MapTask$NewTrackingRecordReader.initialize(MapTask.java:561)
	at org.apache.hadoop.mapred.MapTask.runNewMapper(MapTask.java:799)
	at org.apache.hadoop.mapred.MapTask.run(MapTask.java:348)
	at org.apache.hadoop.mapred.YarnChild$2.run(YarnChild.java:178)
	at java.security.AccessController.doPrivileged(Native Method)
	at javax.security.auth.Subject.doAs(Subject.java:422)
	at org.apache.hadoop.security.UserGroupInformation.doAs(UserGroupInformation.java:1899)
	at org.apache.hadoop.mapred.YarnChild.main(YarnChild.java:172)
Caused by: org.apache.hadoop.ipc.RemoteException(java.io.FileNotFoundException): Path is not a file: /raw/events/2026-04-18
	at org.apache.hadoop.hdfs.server.namenode.INodeFile.valueOf(INodeFile.java:90)
	at org.apache.hadoop.hdfs.server.namenode.INodeFile.valueOf(INodeFile.java:76)
	at org.apache.hadoop.hdfs.server.namenode.FSDirStatAndListingOp.getBlockLocations(FSDirStatAndListingOp.java:156)
	at org.apache.hadoop.hdfs.server.namenode.FSNamesystem.getBlockLocations(FSNamesystem.java:2124)
	at org.apache.hadoop.hdfs.server.namenode.NameNodeRpcServer.getBlockLocations(NameNodeRpcServer.java:769)
	at org.apache.hadoop.hdfs.protocolPB.ClientNamenodeProtocolServerSideTranslatorPB.getBlockLocations(ClientNamenodeProtocolServerSideTranslatorPB.java:460)
	at org.apache.hadoop.hdfs.protocol.proto.ClientNamenodeProtocolProtos$ClientNamenodeProtocol$2.callBlockingMethod(ClientNamenodeProtocolProtos.java)
	at org.apache.hadoop.ipc.ProtobufRpcEngine2$Server$ProtoBufRpcInvoker.call(ProtobufRpcEngine2.java:621)
	at org.apache.hadoop.ipc.ProtobufRpcEngine2$Server$ProtoBufRpcInvoker.call(ProtobufRpcEngine2.java:589)
	at org.apache.hadoop.ipc.ProtobufRpcEngine2$Server$ProtoBufRpcInvoker.call(ProtobufRpcEngine2.java:573)
	at org.apache.hadoop.ipc.RPC$Server.call(RPC.java:1213)
	at org.apache.hadoop.ipc.Server$RpcCall.run(Server.java:1089)
	at org.apache.hadoop.ipc.Server$RpcCall.run(Server.java:1012)
	at java.security.AccessController.doPrivileged(Native Method)
	at javax.security.auth.Subject.doAs(Subject.java:422)
	at org.apache.hadoop.security.UserGroupInformation.doAs(UserGroupInformation.java:1899)
	at org.apache.hadoop.ipc.Server$Handler.run(Server.java:3026)

	at org.apache.hadoop.ipc.Client.getRpcResponse(Client.java:1584)
	at org.apache.hadoop.ipc.Client.call(Client.java:1530)
	at org.apache.hadoop.ipc.Client.call(Client.java:1427)
	at org.apache.hadoop.ipc.ProtobufRpcEngine2$Invoker.invoke(ProtobufRpcEngine2.java:258)
	at org.apache.hadoop.ipc.ProtobufRpcEngine2$Invoker.invoke(ProtobufRpcEngine2.java:139)
	at com.sun.proxy.$Proxy13.getBlockLocations(Unknown Source)
	at org.apache.hadoop.hdfs.protocolPB.ClientNamenodeProtocolTranslatorPB.getBlockLocations(ClientNamenodeProtocolTranslatorPB.java:334)
	at sun.reflect.NativeMethodAccessorImpl.invoke0(Native Method)
	at sun.reflect.NativeMethodAccessorImpl.invoke(NativeMethodAccessorImpl.java:62)
	at sun.reflect.DelegatingMethodAccessorImpl.invoke(DelegatingMethodAccessorImpl.java:43)
	at java.lang.reflect.Method.invoke(Method.java:498)
	at org.apache.hadoop.io.retry.RetryInvocationHandler.invokeMethod(RetryInvocationHandler.java:433)
	at org.apache.hadoop.io.retry.RetryInvocationHandler$Call.invokeMethod(RetryInvocationHandler.java:166)
	at org.apache.hadoop.io.retry.RetryInvocationHandler$Call.invoke(RetryInvocationHandler.java:158)
	at org.apache.hadoop.io.retry.RetryInvocationHandler$Call.invokeOnce(RetryInvocationHandler.java:96)
	at org.apache.hadoop.io.retry.RetryInvocationHandler.invoke(RetryInvocationHandler.java:362)
	at com.sun.proxy.$Proxy14.getBlockLocations(Unknown Source)
	at org.apache.hadoop.hdfs.DFSClient.callGetBlockLocations(DFSClient.java:900)
	... 20 more

2026-04-25 20:35:36,097 INFO mapreduce.Job:  map 100% reduce 100%
2026-04-25 20:35:37,178 INFO mapreduce.Job: Job job_1777116364560_0003 failed with state FAILED due to: Task failed task_1777116364560_0003_m_000000
Job failed as tasks failed. failedMaps:1 failedReduces:0 killedMaps:0 killedReduces: 0

2026-04-25 20:35:37,340 INFO mapreduce.Job: Counters: 9
	Job Counters 
		Failed map tasks=4
		Killed reduce tasks=1
		Launched map tasks=4
		Other local map tasks=4
		Total time spent by all maps in occupied slots (ms)=28696
		Total time spent by all reduces in occupied slots (ms)=0
		Total time spent by all map tasks (ms)=28696
		Total vcore-milliseconds taken by all map tasks=28696
		Total megabyte-milliseconds taken by all map tasks=29384704
=== E2b done: 2026-04-25T13:35:37+02:00, rc=1, duration=86292 ms ===
