=== E3c start: 2026-05-04T19:05:18+02:00 ===
Driver: pl.pwr.bigdata.mr.stage3.EventStatsDriver
Input:  /processed/T2
Output: /processed/T3c
Extra:  
2026-05-05 02:05:24,172 INFO client.DefaultNoHARMFailoverProxyProvider: Connecting to ResourceManager at master/10.0.2.4:8050
2026-05-05 02:05:24,750 INFO mapreduce.JobResourceUploader: Disabling Erasure Coding for path: /tmp/hadoop-yarn/staging/root/.staging/job_1777913547317_0007
2026-05-05 02:05:25,168 INFO input.FileInputFormat: Total input files to process : 1
2026-05-05 02:05:25,300 INFO mapreduce.JobSubmitter: number of splits:1
2026-05-05 02:05:25,507 INFO mapreduce.JobSubmitter: Submitting tokens for job: job_1777913547317_0007
2026-05-05 02:05:25,507 INFO mapreduce.JobSubmitter: Executing with tokens: []
2026-05-05 02:05:25,797 INFO conf.Configuration: resource-types.xml not found
2026-05-05 02:05:25,800 INFO resource.ResourceUtils: Unable to find 'resource-types.xml'.
2026-05-05 02:05:25,992 INFO impl.YarnClientImpl: Submitted application application_1777913547317_0007
2026-05-05 02:05:26,107 INFO mapreduce.Job: The url to track the job: http://master:8088/proxy/application_1777913547317_0007/
2026-05-05 02:05:26,109 INFO mapreduce.Job: Running job: job_1777913547317_0007
2026-05-05 02:05:35,346 INFO mapreduce.Job: Job job_1777913547317_0007 running in uber mode : false
2026-05-05 02:05:35,350 INFO mapreduce.Job:  map 0% reduce 0%
2026-05-05 02:05:41,440 INFO mapreduce.Job:  map 100% reduce 0%
2026-05-05 02:05:48,613 INFO mapreduce.Job:  map 100% reduce 100%
2026-05-05 02:05:49,667 INFO mapreduce.Job: Job job_1777913547317_0007 completed successfully
2026-05-05 02:05:49,851 INFO mapreduce.Job: Counters: 54
	File System Counters
		FILE: Number of bytes read=1885
		FILE: Number of bytes written=558907
		FILE: Number of read operations=0
		FILE: Number of large read operations=0
		FILE: Number of write operations=0
		HDFS: Number of bytes read=23434
		HDFS: Number of bytes written=72
		HDFS: Number of read operations=8
		HDFS: Number of large read operations=0
		HDFS: Number of write operations=2
		HDFS: Number of bytes read erasure-coded=0
	Job Counters 
		Launched map tasks=1
		Launched reduce tasks=1
		Rack-local map tasks=1
		Total time spent by all maps in occupied slots (ms)=4122
		Total time spent by all reduces in occupied slots (ms)=3775
		Total time spent by all map tasks (ms)=4122
		Total time spent by all reduce tasks (ms)=3775
		Total vcore-milliseconds taken by all map tasks=4122
		Total vcore-milliseconds taken by all reduce tasks=3775
		Total megabyte-milliseconds taken by all map tasks=4220928
		Total megabyte-milliseconds taken by all reduce tasks=3865600
	Map-Reduce Framework
		Map input records=155
		Map output records=124
		Map output bytes=1631
		Map output materialized bytes=1885
		Input split bytes=109
		Combine input records=0
		Combine output records=0
		Reduce input groups=4
		Reduce shuffle bytes=1885
		Reduce input records=124
		Reduce output records=4
		Spilled Records=248
		Shuffled Maps =1
		Failed Shuffles=0
		Merged Map outputs=1
		GC time elapsed (ms)=140
		CPU time spent (ms)=1750
		Physical memory (bytes) snapshot=528953344
		Virtual memory (bytes) snapshot=4177342464
		Total committed heap usage (bytes)=477626368
		Peak Map Physical memory (bytes)=315822080
		Peak Map Virtual memory (bytes)=2086313984
		Peak Reduce Physical memory (bytes)=213131264
		Peak Reduce Virtual memory (bytes)=2091028480
	Shuffle Errors
		BAD_ID=0
		CONNECTION=0
		IO_ERROR=0
		WRONG_LENGTH=0
		WRONG_MAP=0
		WRONG_REDUCE=0
	File Input Format Counters 
		Bytes Read=23325
	File Output Format Counters 
		Bytes Written=72
=== E3c done: 2026-05-04T19:05:50+02:00, rc=0, duration=31868 ms ===
