=== E2a start: 2026-05-04T14:26:09+02:00 ===
Driver: pl.pwr.bigdata.mr.stage2.RidesAggDriver
Input:  /processed/T1
Output: /processed/T2_rides
Extra:  1
2026-05-04 21:26:29,889 INFO client.DefaultNoHARMFailoverProxyProvider: Connecting to ResourceManager at master/10.0.2.4:8050
2026-05-04 21:26:32,654 INFO mapreduce.JobResourceUploader: Disabling Erasure Coding for path: /tmp/hadoop-yarn/staging/root/.staging/job_1777896773821_0002
2026-05-04 21:26:33,856 INFO input.FileInputFormat: Total input files to process : 2
2026-05-04 21:26:34,294 INFO mapreduce.JobSubmitter: number of splits:2
2026-05-04 21:26:34,922 INFO mapreduce.JobSubmitter: Submitting tokens for job: job_1777896773821_0002
2026-05-04 21:26:34,924 INFO mapreduce.JobSubmitter: Executing with tokens: []
2026-05-04 21:26:35,805 INFO conf.Configuration: resource-types.xml not found
2026-05-04 21:26:35,807 INFO resource.ResourceUtils: Unable to find 'resource-types.xml'.
2026-05-04 21:26:36,187 INFO impl.YarnClientImpl: Submitted application application_1777896773821_0002
2026-05-04 21:26:36,470 INFO mapreduce.Job: The url to track the job: http://master:8088/proxy/application_1777896773821_0002/
2026-05-04 21:26:36,472 INFO mapreduce.Job: Running job: job_1777896773821_0002
2026-05-04 21:27:05,880 INFO mapreduce.Job: Job job_1777896773821_0002 running in uber mode : false
2026-05-04 21:27:05,883 INFO mapreduce.Job:  map 0% reduce 0%
2026-05-04 21:27:27,419 INFO mapreduce.Job:  map 50% reduce 0%
2026-05-04 21:27:31,734 INFO mapreduce.Job:  map 100% reduce 0%
2026-05-04 21:27:56,869 INFO mapreduce.Job:  map 100% reduce 100%
2026-05-04 21:27:59,985 INFO mapreduce.Job: Job job_1777896773821_0002 completed successfully
2026-05-04 21:28:01,062 INFO mapreduce.Job: Counters: 56
	File System Counters
		FILE: Number of bytes read=7424
		FILE: Number of bytes written=848181
		FILE: Number of read operations=0
		FILE: Number of large read operations=0
		FILE: Number of write operations=0
		HDFS: Number of bytes read=71341182
		HDFS: Number of bytes written=2630
		HDFS: Number of read operations=11
		HDFS: Number of large read operations=0
		HDFS: Number of write operations=2
		HDFS: Number of bytes read erasure-coded=0
	Job Counters 
		Killed map tasks=1
		Launched map tasks=3
		Launched reduce tasks=1
		Data-local map tasks=1
		Rack-local map tasks=2
		Total time spent by all maps in occupied slots (ms)=43517
		Total time spent by all reduces in occupied slots (ms)=25684
		Total time spent by all map tasks (ms)=43517
		Total time spent by all reduce tasks (ms)=25684
		Total vcore-milliseconds taken by all map tasks=43517
		Total vcore-milliseconds taken by all reduce tasks=25684
		Total megabyte-milliseconds taken by all map tasks=44561408
		Total megabyte-milliseconds taken by all reduce tasks=26300416
	Map-Reduce Framework
		Map input records=999017
		Map output records=999017
		Map output bytes=36665102
		Map output materialized bytes=7430
		Input split bytes=218
		Combine input records=999017
		Combine output records=150
		Reduce input groups=75
		Reduce shuffle bytes=7430
		Reduce input records=150
		Reduce output records=75
		Spilled Records=300
		Shuffled Maps =2
		Failed Shuffles=0
		Merged Map outputs=2
		GC time elapsed (ms)=1180
		CPU time spent (ms)=27680
		Physical memory (bytes) snapshot=973770752
		Virtual memory (bytes) snapshot=6269902848
		Total committed heap usage (bytes)=790102016
		Peak Map Physical memory (bytes)=374972416
		Peak Map Virtual memory (bytes)=2089672704
		Peak Reduce Physical memory (bytes)=240762880
		Peak Reduce Virtual memory (bytes)=2093101056
	Shuffle Errors
		BAD_ID=0
		CONNECTION=0
		IO_ERROR=0
		WRONG_LENGTH=0
		WRONG_MAP=0
		WRONG_REDUCE=0
	File Input Format Counters 
		Bytes Read=71340964
	File Output Format Counters 
		Bytes Written=2630
=== E2a done: 2026-05-04T14:28:02+02:00, rc=0, duration=112453 ms ===
