=== E2c start: 2026-05-04T14:34:48+02:00 ===
Driver: pl.pwr.bigdata.mr.stage2.JoinDriver
Input:  /processed/T2_rides
Output: /processed/T2
Extra:  /raw/noaa /processed/T2_events
2026-05-04 21:34:58,938 INFO client.DefaultNoHARMFailoverProxyProvider: Connecting to ResourceManager at master/10.0.2.4:8050
2026-05-04 21:35:00,420 INFO mapreduce.JobResourceUploader: Disabling Erasure Coding for path: /tmp/hadoop-yarn/staging/root/.staging/job_1777896773821_0004
2026-05-04 21:35:01,468 INFO input.FileInputFormat: Total input files to process : 1
2026-05-04 21:35:01,888 INFO mapreduce.JobSubmitter: number of splits:1
2026-05-04 21:35:02,934 INFO mapreduce.JobSubmitter: Submitting tokens for job: job_1777896773821_0004
2026-05-04 21:35:02,935 INFO mapreduce.JobSubmitter: Executing with tokens: []
2026-05-04 21:35:03,884 INFO conf.Configuration: resource-types.xml not found
2026-05-04 21:35:03,885 INFO resource.ResourceUtils: Unable to find 'resource-types.xml'.
2026-05-04 21:35:04,146 INFO impl.YarnClientImpl: Submitted application application_1777896773821_0004
2026-05-04 21:35:04,639 INFO mapreduce.Job: The url to track the job: http://master:8088/proxy/application_1777896773821_0004/
2026-05-04 21:35:04,642 INFO mapreduce.Job: Running job: job_1777896773821_0004
2026-05-04 21:35:32,501 INFO mapreduce.Job: Job job_1777896773821_0004 running in uber mode : false
2026-05-04 21:35:32,504 INFO mapreduce.Job:  map 0% reduce 0%
2026-05-04 21:35:47,033 INFO mapreduce.Job:  map 100% reduce 0%
2026-05-04 21:35:50,188 INFO mapreduce.Job: Job job_1777896773821_0004 completed successfully
2026-05-04 21:35:50,590 INFO mapreduce.Job: Counters: 33
	File System Counters
		FILE: Number of bytes read=0
		FILE: Number of bytes written=280372
		FILE: Number of read operations=0
		FILE: Number of large read operations=0
		FILE: Number of write operations=0
		HDFS: Number of bytes read=2745
		HDFS: Number of bytes written=3980
		HDFS: Number of read operations=7
		HDFS: Number of large read operations=0
		HDFS: Number of write operations=2
		HDFS: Number of bytes read erasure-coded=0
	Job Counters 
		Launched map tasks=1
		Rack-local map tasks=1
		Total time spent by all maps in occupied slots (ms)=11555
		Total time spent by all reduces in occupied slots (ms)=0
		Total time spent by all map tasks (ms)=11555
		Total vcore-milliseconds taken by all map tasks=11555
		Total megabyte-milliseconds taken by all map tasks=11832320
	Map-Reduce Framework
		Map input records=75
		Map output records=75
		Input split bytes=115
		Spilled Records=0
		Failed Shuffles=0
		Merged Map outputs=0
		GC time elapsed (ms)=111
		CPU time spent (ms)=2760
		Physical memory (bytes) snapshot=213368832
		Virtual memory (bytes) snapshot=2088103936
		Total committed heap usage (bytes)=184549376
		Peak Map Physical memory (bytes)=213368832
		Peak Map Virtual memory (bytes)=2088103936
	File Input Format Counters 
		Bytes Read=2630
	File Output Format Counters 
		Bytes Written=3980
=== E2c done: 2026-05-04T14:35:51+02:00, rc=0, duration=62656 ms ===
