=== E1 start: 2026-05-04T18:58:43+02:00 ===
Driver: pl.pwr.bigdata.mr.stage1.CleanDriver
Input:  /processed/citibike
Output: /processed/T1
Extra:  /raw/station_to_borough/2026-04-21/stations_2026-04-21.csv
2026-05-05 01:58:49,266 INFO client.DefaultNoHARMFailoverProxyProvider: Connecting to ResourceManager at master/10.0.2.4:8050
2026-05-05 01:58:50,169 INFO mapreduce.JobResourceUploader: Disabling Erasure Coding for path: /tmp/hadoop-yarn/staging/root/.staging/job_1777913547317_0001
2026-05-05 01:58:50,652 INFO input.FileInputFormat: Total input files to process : 5
2026-05-05 01:58:50,922 INFO mapreduce.JobSubmitter: number of splits:9
2026-05-05 01:58:51,206 INFO mapreduce.JobSubmitter: Submitting tokens for job: job_1777913547317_0001
2026-05-05 01:58:51,206 INFO mapreduce.JobSubmitter: Executing with tokens: []
2026-05-05 01:58:51,507 INFO conf.Configuration: resource-types.xml not found
2026-05-05 01:58:51,508 INFO resource.ResourceUtils: Unable to find 'resource-types.xml'.
2026-05-05 01:58:52,122 INFO impl.YarnClientImpl: Submitted application application_1777913547317_0001
2026-05-05 01:58:52,220 INFO mapreduce.Job: The url to track the job: http://master:8088/proxy/application_1777913547317_0001/
2026-05-05 01:58:52,224 INFO mapreduce.Job: Running job: job_1777913547317_0001
2026-05-05 01:59:03,646 INFO mapreduce.Job: Job job_1777913547317_0001 running in uber mode : false
2026-05-05 01:59:03,656 INFO mapreduce.Job:  map 0% reduce 0%
2026-05-05 01:59:29,973 INFO mapreduce.Job:  map 13% reduce 0%
2026-05-05 01:59:36,048 INFO mapreduce.Job:  map 29% reduce 0%
2026-05-05 01:59:41,138 INFO mapreduce.Job:  map 33% reduce 0%
2026-05-05 01:59:42,156 INFO mapreduce.Job:  map 44% reduce 0%
2026-05-05 02:00:05,590 INFO mapreduce.Job:  map 56% reduce 0%
2026-05-05 02:00:08,708 INFO mapreduce.Job:  map 66% reduce 0%
2026-05-05 02:00:09,719 INFO mapreduce.Job:  map 67% reduce 0%
2026-05-05 02:00:12,717 INFO mapreduce.Job:  map 78% reduce 0%
2026-05-05 02:00:14,738 INFO mapreduce.Job:  map 81% reduce 0%
2026-05-05 02:00:18,766 INFO mapreduce.Job:  map 85% reduce 0%
2026-05-05 02:00:23,813 INFO mapreduce.Job:  map 89% reduce 0%
2026-05-05 02:00:24,828 INFO mapreduce.Job:  map 100% reduce 0%
2026-05-05 02:00:24,847 INFO mapreduce.Job: Job job_1777913547317_0001 completed successfully
2026-05-05 02:00:25,079 INFO mapreduce.Job: Counters: 37
	File System Counters
		FILE: Number of bytes read=0
		FILE: Number of bytes written=2500749
		FILE: Number of read operations=0
		FILE: Number of large read operations=0
		FILE: Number of write operations=0
		HDFS: Number of bytes read=929060315
		HDFS: Number of bytes written=339780639
		HDFS: Number of read operations=63
		HDFS: Number of large read operations=0
		HDFS: Number of write operations=18
		HDFS: Number of bytes read erasure-coded=0
	Job Counters 
		Killed map tasks=1
		Launched map tasks=10
		Data-local map tasks=10
		Total time spent by all maps in occupied slots (ms)=275706
		Total time spent by all reduces in occupied slots (ms)=0
		Total time spent by all map tasks (ms)=275706
		Total vcore-milliseconds taken by all map tasks=275706
		Total megabyte-milliseconds taken by all map tasks=282322944
	Map-Reduce Framework
		Map input records=4759350
		Map output records=4756262
		Input split bytes=1197
		Spilled Records=0
		Failed Shuffles=0
		Merged Map outputs=0
		GC time elapsed (ms)=4293
		CPU time spent (ms)=157070
		Physical memory (bytes) snapshot=2485039104
		Virtual memory (bytes) snapshot=18843140096
		Total committed heap usage (bytes)=1784676352
		Peak Map Physical memory (bytes)=283586560
		Peak Map Virtual memory (bytes)=2104369152
	E1
		dropped_no_station=1992
		dropped_too_long=1091
		kept=4756262
	File Input Format Counters 
		Bytes Read=929059118
	File Output Format Counters 
		Bytes Written=339780639
=== E1 done: 2026-05-04T19:00:25+02:00, rc=0, duration=102412 ms ===
