=== E3b start: 2026-05-04T19:04:46+02:00 ===
Driver: pl.pwr.bigdata.mr.stage3.RegressionDriver
Input:  /processed/T2
Output: /processed/T3b
Extra:  
2026-05-05 02:04:52,382 INFO client.DefaultNoHARMFailoverProxyProvider: Connecting to ResourceManager at master/10.0.2.4:8050
2026-05-05 02:04:52,966 INFO mapreduce.JobResourceUploader: Disabling Erasure Coding for path: /tmp/hadoop-yarn/staging/root/.staging/job_1777913547317_0006
2026-05-05 02:04:53,417 INFO input.FileInputFormat: Total input files to process : 1
2026-05-05 02:04:53,635 INFO mapreduce.JobSubmitter: number of splits:1
2026-05-05 02:04:53,846 INFO mapreduce.JobSubmitter: Submitting tokens for job: job_1777913547317_0006
2026-05-05 02:04:53,847 INFO mapreduce.JobSubmitter: Executing with tokens: []
2026-05-05 02:04:54,147 INFO conf.Configuration: resource-types.xml not found
2026-05-05 02:04:54,148 INFO resource.ResourceUtils: Unable to find 'resource-types.xml'.
2026-05-05 02:04:54,265 INFO impl.YarnClientImpl: Submitted application application_1777913547317_0006
2026-05-05 02:04:54,329 INFO mapreduce.Job: The url to track the job: http://master:8088/proxy/application_1777913547317_0006/
2026-05-05 02:04:54,333 INFO mapreduce.Job: Running job: job_1777913547317_0006
2026-05-05 02:05:04,626 INFO mapreduce.Job: Job job_1777913547317_0006 running in uber mode : false
2026-05-05 02:05:04,632 INFO mapreduce.Job:  map 0% reduce 0%
2026-05-05 02:05:11,737 INFO mapreduce.Job:  map 100% reduce 0%
2026-05-05 02:05:17,803 INFO mapreduce.Job:  map 100% reduce 100%
2026-05-05 02:05:17,829 INFO mapreduce.Job: Job job_1777913547317_0006 completed successfully
2026-05-05 02:05:17,973 INFO mapreduce.Job: Counters: 55
	File System Counters
		FILE: Number of bytes read=814
		FILE: Number of bytes written=557165
		FILE: Number of read operations=0
		FILE: Number of large read operations=0
		FILE: Number of write operations=0
		HDFS: Number of bytes read=23434
		HDFS: Number of bytes written=260
		HDFS: Number of read operations=8
		HDFS: Number of large read operations=0
		HDFS: Number of write operations=2
		HDFS: Number of bytes read erasure-coded=0
	Job Counters 
		Launched map tasks=1
		Launched reduce tasks=1
		Rack-local map tasks=1
		Total time spent by all maps in occupied slots (ms)=4341
		Total time spent by all reduces in occupied slots (ms)=3737
		Total time spent by all map tasks (ms)=4341
		Total time spent by all reduce tasks (ms)=3737
		Total vcore-milliseconds taken by all map tasks=4341
		Total vcore-milliseconds taken by all reduce tasks=3737
		Total megabyte-milliseconds taken by all map tasks=4445184
		Total megabyte-milliseconds taken by all reduce tasks=3826688
	Map-Reduce Framework
		Map input records=155
		Map output records=155
		Map output bytes=5158
		Map output materialized bytes=814
		Input split bytes=109
		Combine input records=155
		Combine output records=5
		Reduce input groups=5
		Reduce shuffle bytes=814
		Reduce input records=5
		Reduce output records=5
		Spilled Records=10
		Shuffled Maps =1
		Failed Shuffles=0
		Merged Map outputs=1
		GC time elapsed (ms)=179
		CPU time spent (ms)=1610
		Physical memory (bytes) snapshot=528297984
		Virtual memory (bytes) snapshot=4181225472
		Total committed heap usage (bytes)=470286336
		Peak Map Physical memory (bytes)=314605568
		Peak Map Virtual memory (bytes)=2087919616
		Peak Reduce Physical memory (bytes)=213692416
		Peak Reduce Virtual memory (bytes)=2093305856
	E3b
		dropped_snow_zero_variance=5
	Shuffle Errors
		BAD_ID=0
		CONNECTION=0
		IO_ERROR=0
		WRONG_LENGTH=0
		WRONG_MAP=0
		WRONG_REDUCE=0
	File Input Format Counters 
		Bytes Read=23325
	File Output Format Counters 
		Bytes Written=260
=== E3b done: 2026-05-04T19:05:18+02:00, rc=0, duration=31879 ms ===
