=== E3c start: 2026-05-04T16:24:43+02:00 ===
Driver: pl.pwr.bigdata.mr.stage3.EventStatsDriver
Input:  /processed/T2
Output: /processed/T3c
Extra:  
2026-05-04 23:24:51,316 INFO client.DefaultNoHARMFailoverProxyProvider: Connecting to ResourceManager at master/10.0.2.4:8050
2026-05-04 23:24:51,972 INFO mapreduce.JobResourceUploader: Disabling Erasure Coding for path: /tmp/hadoop-yarn/staging/root/.staging/job_1777896773821_0023
2026-05-04 23:24:52,892 INFO input.FileInputFormat: Total input files to process : 1
2026-05-04 23:24:53,085 INFO mapreduce.JobSubmitter: number of splits:1
2026-05-04 23:24:53,313 INFO mapreduce.JobSubmitter: Submitting tokens for job: job_1777896773821_0023
2026-05-04 23:24:53,314 INFO mapreduce.JobSubmitter: Executing with tokens: []
2026-05-04 23:24:53,630 INFO conf.Configuration: resource-types.xml not found
2026-05-04 23:24:53,632 INFO resource.ResourceUtils: Unable to find 'resource-types.xml'.
2026-05-04 23:24:53,747 INFO impl.YarnClientImpl: Submitted application application_1777896773821_0023
2026-05-04 23:24:53,832 INFO mapreduce.Job: The url to track the job: http://master:8088/proxy/application_1777896773821_0023/
2026-05-04 23:24:53,836 INFO mapreduce.Job: Running job: job_1777896773821_0023
2026-05-04 23:25:08,150 INFO mapreduce.Job: Job job_1777896773821_0023 running in uber mode : false
2026-05-04 23:25:08,154 INFO mapreduce.Job:  map 0% reduce 0%
2026-05-04 23:25:15,331 INFO mapreduce.Job:  map 100% reduce 0%
2026-05-04 23:25:24,497 INFO mapreduce.Job:  map 100% reduce 100%
2026-05-04 23:25:25,530 INFO mapreduce.Job: Job job_1777896773821_0023 completed successfully
2026-05-04 23:25:25,676 INFO mapreduce.Job: Counters: 54
	File System Counters
		FILE: Number of bytes read=1885
		FILE: Number of bytes written=558907
		FILE: Number of read operations=0
		FILE: Number of large read operations=0
		FILE: Number of write operations=0
		HDFS: Number of bytes read=23434
		HDFS: Number of bytes written=72
		HDFS: Number of read operations=8
		HDFS: Number of large read operations=0
		HDFS: Number of write operations=2
		HDFS: Number of bytes read erasure-coded=0
	Job Counters 
		Launched map tasks=1
		Launched reduce tasks=1
		Rack-local map tasks=1
		Total time spent by all maps in occupied slots (ms)=4821
		Total time spent by all reduces in occupied slots (ms)=5794
		Total time spent by all map tasks (ms)=4821
		Total time spent by all reduce tasks (ms)=5794
		Total vcore-milliseconds taken by all map tasks=4821
		Total vcore-milliseconds taken by all reduce tasks=5794
		Total megabyte-milliseconds taken by all map tasks=4936704
		Total megabyte-milliseconds taken by all reduce tasks=5933056
	Map-Reduce Framework
		Map input records=155
		Map output records=124
		Map output bytes=1631
		Map output materialized bytes=1885
		Input split bytes=109
		Combine input records=0
		Combine output records=0
		Reduce input groups=4
		Reduce shuffle bytes=1885
		Reduce input records=124
		Reduce output records=4
		Spilled Records=248
		Shuffled Maps =1
		Failed Shuffles=0
		Merged Map outputs=1
		GC time elapsed (ms)=227
		CPU time spent (ms)=1690
		Physical memory (bytes) snapshot=538095616
		Virtual memory (bytes) snapshot=4184113152
		Total committed heap usage (bytes)=474480640
		Peak Map Physical memory (bytes)=316542976
		Peak Map Virtual memory (bytes)=2087010304
		Peak Reduce Physical memory (bytes)=221552640
		Peak Reduce Virtual memory (bytes)=2097102848
	Shuffle Errors
		BAD_ID=0
		CONNECTION=0
		IO_ERROR=0
		WRONG_LENGTH=0
		WRONG_MAP=0
		WRONG_REDUCE=0
	File Input Format Counters 
		Bytes Read=23325
	File Output Format Counters 
		Bytes Written=72
=== E3c done: 2026-05-04T16:25:26+02:00, rc=0, duration=42372 ms ===
