=== E3a start: 2026-05-04T14:35:51+02:00 ===
Driver: pl.pwr.bigdata.mr.stage3.BoroughStatsDriver
Input:  /processed/T2
Output: /processed/T3a
Extra:  
2026-05-04 21:36:02,355 INFO client.DefaultNoHARMFailoverProxyProvider: Connecting to ResourceManager at master/10.0.2.4:8050
2026-05-04 21:36:03,403 INFO mapreduce.JobResourceUploader: Disabling Erasure Coding for path: /tmp/hadoop-yarn/staging/root/.staging/job_1777896773821_0005
2026-05-04 21:36:03,991 INFO input.FileInputFormat: Total input files to process : 1
2026-05-04 21:36:04,202 INFO mapreduce.JobSubmitter: number of splits:1
2026-05-04 21:36:04,636 INFO mapreduce.JobSubmitter: Submitting tokens for job: job_1777896773821_0005
2026-05-04 21:36:04,638 INFO mapreduce.JobSubmitter: Executing with tokens: []
2026-05-04 21:36:05,102 INFO conf.Configuration: resource-types.xml not found
2026-05-04 21:36:05,103 INFO resource.ResourceUtils: Unable to find 'resource-types.xml'.
2026-05-04 21:36:05,383 INFO impl.YarnClientImpl: Submitted application application_1777896773821_0005
2026-05-04 21:36:05,572 INFO mapreduce.Job: The url to track the job: http://master:8088/proxy/application_1777896773821_0005/
2026-05-04 21:36:05,574 INFO mapreduce.Job: Running job: job_1777896773821_0005
2026-05-04 21:36:20,677 INFO mapreduce.Job: Job job_1777896773821_0005 running in uber mode : false
2026-05-04 21:36:20,679 INFO mapreduce.Job:  map 0% reduce 0%
2026-05-04 21:36:33,418 INFO mapreduce.Job:  map 100% reduce 0%
2026-05-04 21:36:41,547 INFO mapreduce.Job:  map 100% reduce 100%
2026-05-04 21:36:43,692 INFO mapreduce.Job: Job job_1777896773821_0005 completed successfully
2026-05-04 21:36:44,147 INFO mapreduce.Job: Counters: 54
	File System Counters
		FILE: Number of bytes read=1120
		FILE: Number of bytes written=557389
		FILE: Number of read operations=0
		FILE: Number of large read operations=0
		FILE: Number of write operations=0
		HDFS: Number of bytes read=4089
		HDFS: Number of bytes written=287
		HDFS: Number of read operations=8
		HDFS: Number of large read operations=0
		HDFS: Number of write operations=2
		HDFS: Number of bytes read erasure-coded=0
	Job Counters 
		Launched map tasks=1
		Launched reduce tasks=1
		Data-local map tasks=1
		Total time spent by all maps in occupied slots (ms)=9722
		Total time spent by all reduces in occupied slots (ms)=5824
		Total time spent by all map tasks (ms)=9722
		Total time spent by all reduce tasks (ms)=5824
		Total vcore-milliseconds taken by all map tasks=9722
		Total vcore-milliseconds taken by all reduce tasks=5824
		Total megabyte-milliseconds taken by all map tasks=9955328
		Total megabyte-milliseconds taken by all reduce tasks=5963776
	Map-Reduce Framework
		Map input records=75
		Map output records=75
		Map output bytes=964
		Map output materialized bytes=1120
		Input split bytes=109
		Combine input records=0
		Combine output records=0
		Reduce input groups=5
		Reduce shuffle bytes=1120
		Reduce input records=75
		Reduce output records=5
		Spilled Records=150
		Shuffled Maps =1
		Failed Shuffles=0
		Merged Map outputs=1
		GC time elapsed (ms)=276
		CPU time spent (ms)=3110
		Physical memory (bytes) snapshot=537550848
		Virtual memory (bytes) snapshot=4180701184
		Total committed heap usage (bytes)=462946304
		Peak Map Physical memory (bytes)=321961984
		Peak Map Virtual memory (bytes)=2088394752
		Peak Reduce Physical memory (bytes)=215588864
		Peak Reduce Virtual memory (bytes)=2092306432
	Shuffle Errors
		BAD_ID=0
		CONNECTION=0
		IO_ERROR=0
		WRONG_LENGTH=0
		WRONG_MAP=0
		WRONG_REDUCE=0
	File Input Format Counters 
		Bytes Read=3980
	File Output Format Counters 
		Bytes Written=287
=== E3a done: 2026-05-04T14:36:44+02:00, rc=0, duration=53454 ms ===
