=== E4 start: 2026-05-04T15:53:57+02:00 ===
Driver: pl.pwr.bigdata.mr.stage4.EnrichDriver
Input:  /processed/T2
Output: /processed/W
Extra:  /processed/T3a /processed/T3b /processed/T3c
2026-05-04 22:54:05,370 INFO client.DefaultNoHARMFailoverProxyProvider: Connecting to ResourceManager at master/10.0.2.4:8050
2026-05-04 22:54:06,268 INFO mapreduce.JobResourceUploader: Disabling Erasure Coding for path: /tmp/hadoop-yarn/staging/root/.staging/job_1777896773821_0016
2026-05-04 22:54:06,967 INFO input.FileInputFormat: Total input files to process : 1
2026-05-04 22:54:07,172 INFO mapreduce.JobSubmitter: number of splits:1
2026-05-04 22:54:07,469 INFO mapreduce.JobSubmitter: Submitting tokens for job: job_1777896773821_0016
2026-05-04 22:54:07,469 INFO mapreduce.JobSubmitter: Executing with tokens: []
2026-05-04 22:54:07,873 INFO conf.Configuration: resource-types.xml not found
2026-05-04 22:54:07,874 INFO resource.ResourceUtils: Unable to find 'resource-types.xml'.
2026-05-04 22:54:08,377 INFO impl.YarnClientImpl: Submitted application application_1777896773821_0016
2026-05-04 22:54:08,881 INFO mapreduce.Job: The url to track the job: http://master:8088/proxy/application_1777896773821_0016/
2026-05-04 22:54:08,896 INFO mapreduce.Job: Running job: job_1777896773821_0016
2026-05-04 22:54:22,401 INFO mapreduce.Job: Job job_1777896773821_0016 running in uber mode : false
2026-05-04 22:54:22,408 INFO mapreduce.Job:  map 0% reduce 0%
2026-05-04 22:54:31,620 INFO mapreduce.Job:  map 100% reduce 0%
2026-05-04 22:54:32,668 INFO mapreduce.Job: Job job_1777896773821_0016 completed successfully
2026-05-04 22:54:32,797 INFO mapreduce.Job: Counters: 33
	File System Counters
		FILE: Number of bytes read=0
		FILE: Number of bytes written=278317
		FILE: Number of read operations=0
		FILE: Number of large read operations=0
		FILE: Number of write operations=0
		HDFS: Number of bytes read=11344
		HDFS: Number of bytes written=12810
		HDFS: Number of read operations=7
		HDFS: Number of large read operations=0
		HDFS: Number of write operations=2
		HDFS: Number of bytes read erasure-coded=0
	Job Counters 
		Launched map tasks=1
		Rack-local map tasks=1
		Total time spent by all maps in occupied slots (ms)=7123
		Total time spent by all reduces in occupied slots (ms)=0
		Total time spent by all map tasks (ms)=7123
		Total vcore-milliseconds taken by all map tasks=7123
		Total megabyte-milliseconds taken by all map tasks=7293952
	Map-Reduce Framework
		Map input records=75
		Map output records=75
		Input split bytes=109
		Spilled Records=0
		Failed Shuffles=0
		Merged Map outputs=0
		GC time elapsed (ms)=234
		CPU time spent (ms)=950
		Physical memory (bytes) snapshot=212086784
		Virtual memory (bytes) snapshot=2090668032
		Total committed heap usage (bytes)=182976512
		Peak Map Physical memory (bytes)=212086784
		Peak Map Virtual memory (bytes)=2090668032
	File Input Format Counters 
		Bytes Read=11235
	File Output Format Counters 
		Bytes Written=12810
=== E4 done: 2026-05-04T15:54:33+02:00, rc=0, duration=35876 ms ===
