=== E2a start: 2026-05-04T16:18:42+02:00 ===
Driver: pl.pwr.bigdata.mr.stage2.RidesAggDriver
Input:  /processed/T1
Output: /processed/T2_rides
Extra:  1
2026-05-04 23:18:50,866 INFO client.DefaultNoHARMFailoverProxyProvider: Connecting to ResourceManager at master/10.0.2.4:8050
2026-05-04 23:18:51,933 INFO mapreduce.JobResourceUploader: Disabling Erasure Coding for path: /tmp/hadoop-yarn/staging/root/.staging/job_1777896773821_0018
2026-05-04 23:18:52,522 INFO input.FileInputFormat: Total input files to process : 9
2026-05-04 23:18:53,093 INFO mapreduce.JobSubmitter: number of splits:9
2026-05-04 23:18:53,406 INFO mapreduce.JobSubmitter: Submitting tokens for job: job_1777896773821_0018
2026-05-04 23:18:53,407 INFO mapreduce.JobSubmitter: Executing with tokens: []
2026-05-04 23:18:53,701 INFO conf.Configuration: resource-types.xml not found
2026-05-04 23:18:53,702 INFO resource.ResourceUtils: Unable to find 'resource-types.xml'.
2026-05-04 23:18:53,818 INFO impl.YarnClientImpl: Submitted application application_1777896773821_0018
2026-05-04 23:18:53,892 INFO mapreduce.Job: The url to track the job: http://master:8088/proxy/application_1777896773821_0018/
2026-05-04 23:18:53,894 INFO mapreduce.Job: Running job: job_1777896773821_0018
2026-05-04 23:19:05,291 INFO mapreduce.Job: Job job_1777896773821_0018 running in uber mode : false
2026-05-04 23:19:05,294 INFO mapreduce.Job:  map 0% reduce 0%
2026-05-04 23:19:31,018 INFO mapreduce.Job:  map 11% reduce 0%
2026-05-04 23:19:32,068 INFO mapreduce.Job:  map 44% reduce 0%
2026-05-04 23:19:53,876 INFO mapreduce.Job:  map 56% reduce 0%
2026-05-04 23:19:55,916 INFO mapreduce.Job:  map 67% reduce 0%
2026-05-04 23:19:56,941 INFO mapreduce.Job:  map 78% reduce 0%
2026-05-04 23:19:57,970 INFO mapreduce.Job:  map 89% reduce 0%
2026-05-04 23:20:02,006 INFO mapreduce.Job:  map 89% reduce 30%
2026-05-04 23:20:03,023 INFO mapreduce.Job:  map 100% reduce 30%
2026-05-04 23:20:04,979 INFO mapreduce.Job:  map 100% reduce 100%
2026-05-04 23:20:06,023 INFO mapreduce.Job: Job job_1777896773821_0018 completed successfully
2026-05-04 23:20:06,171 INFO mapreduce.Job: Counters: 56
	File System Counters
		FILE: Number of bytes read=39181
		FILE: Number of bytes written=2856295
		FILE: Number of read operations=0
		FILE: Number of large read operations=0
		FILE: Number of write operations=0
		HDFS: Number of bytes read=339781620
		HDFS: Number of bytes written=5502
		HDFS: Number of read operations=32
		HDFS: Number of large read operations=0
		HDFS: Number of write operations=2
		HDFS: Number of bytes read erasure-coded=0
	Job Counters 
		Killed map tasks=1
		Launched map tasks=9
		Launched reduce tasks=1
		Data-local map tasks=8
		Rack-local map tasks=1
		Total time spent by all maps in occupied slots (ms)=185591
		Total time spent by all reduces in occupied slots (ms)=31082
		Total time spent by all map tasks (ms)=185591
		Total time spent by all reduce tasks (ms)=31082
		Total vcore-milliseconds taken by all map tasks=185591
		Total vcore-milliseconds taken by all reduce tasks=31082
		Total megabyte-milliseconds taken by all map tasks=190045184
		Total megabyte-milliseconds taken by all reduce tasks=31827968
	Map-Reduce Framework
		Map input records=4756262
		Map output records=4756262
		Map output bytes=174697453
		Map output materialized bytes=39229
		Input split bytes=981
		Combine input records=4756262
		Combine output records=794
		Reduce input groups=155
		Reduce shuffle bytes=39229
		Reduce input records=794
		Reduce output records=155
		Spilled Records=1588
		Shuffled Maps =9
		Failed Shuffles=0
		Merged Map outputs=9
		GC time elapsed (ms)=4522
		CPU time spent (ms)=59390
		Physical memory (bytes) snapshot=3467579392
		Virtual memory (bytes) snapshot=20890357760
		Total committed heap usage (bytes)=2863661056
		Peak Map Physical memory (bytes)=373133312
		Peak Map Virtual memory (bytes)=2090471424
		Peak Reduce Physical memory (bytes)=234455040
		Peak Reduce Virtual memory (bytes)=2092933120
	Shuffle Errors
		BAD_ID=0
		CONNECTION=0
		IO_ERROR=0
		WRONG_LENGTH=0
		WRONG_MAP=0
		WRONG_REDUCE=0
	File Input Format Counters 
		Bytes Read=339780639
	File Output Format Counters 
		Bytes Written=5502
=== E2a done: 2026-05-04T16:20:06+02:00, rc=0, duration=83859 ms ===
