=== E2a start: 2026-05-04T11:01:33+02:00 ===
Driver: pl.pwr.bigdata.mr.stage2.RidesAggDriver
Input:  /processed/T1
Output: /processed/T2_rides
Extra:  1
2026-05-04 18:01:43,196 INFO client.DefaultNoHARMFailoverProxyProvider: Connecting to ResourceManager at master/10.0.2.4:8050
2026-05-04 18:01:44,173 INFO mapreduce.JobResourceUploader: Disabling Erasure Coding for path: /tmp/hadoop-yarn/staging/root/.staging/job_1777883474743_0003
2026-05-04 18:01:44,779 INFO input.FileInputFormat: Total input files to process : 2
2026-05-04 18:01:45,011 INFO mapreduce.JobSubmitter: number of splits:2
2026-05-04 18:01:45,406 INFO mapreduce.JobSubmitter: Submitting tokens for job: job_1777883474743_0003
2026-05-04 18:01:45,407 INFO mapreduce.JobSubmitter: Executing with tokens: []
2026-05-04 18:01:45,830 INFO conf.Configuration: resource-types.xml not found
2026-05-04 18:01:45,831 INFO resource.ResourceUtils: Unable to find 'resource-types.xml'.
2026-05-04 18:01:46,101 INFO impl.YarnClientImpl: Submitted application application_1777883474743_0003
2026-05-04 18:01:46,237 INFO mapreduce.Job: The url to track the job: http://master:8088/proxy/application_1777883474743_0003/
2026-05-04 18:01:46,239 INFO mapreduce.Job: Running job: job_1777883474743_0003
2026-05-04 18:02:03,683 INFO mapreduce.Job: Job job_1777883474743_0003 running in uber mode : false
2026-05-04 18:02:03,685 INFO mapreduce.Job:  map 0% reduce 0%
2026-05-04 18:02:23,620 INFO mapreduce.Job:  map 50% reduce 0%
2026-05-04 18:02:25,661 INFO mapreduce.Job:  map 100% reduce 0%
2026-05-04 18:02:36,841 INFO mapreduce.Job:  map 100% reduce 100%
2026-05-04 18:02:37,865 INFO mapreduce.Job: Job job_1777883474743_0003 completed successfully
2026-05-04 18:02:38,148 INFO mapreduce.Job: Counters: 55
	File System Counters
		FILE: Number of bytes read=7424
		FILE: Number of bytes written=848187
		FILE: Number of read operations=0
		FILE: Number of large read operations=0
		FILE: Number of write operations=0
		HDFS: Number of bytes read=71341182
		HDFS: Number of bytes written=2630
		HDFS: Number of read operations=11
		HDFS: Number of large read operations=0
		HDFS: Number of write operations=2
		HDFS: Number of bytes read erasure-coded=0
	Job Counters 
		Killed map tasks=1
		Launched map tasks=2
		Launched reduce tasks=1
		Data-local map tasks=2
		Total time spent by all maps in occupied slots (ms)=37730
		Total time spent by all reduces in occupied slots (ms)=9100
		Total time spent by all map tasks (ms)=37730
		Total time spent by all reduce tasks (ms)=9100
		Total vcore-milliseconds taken by all map tasks=37730
		Total vcore-milliseconds taken by all reduce tasks=9100
		Total megabyte-milliseconds taken by all map tasks=38635520
		Total megabyte-milliseconds taken by all reduce tasks=9318400
	Map-Reduce Framework
		Map input records=999017
		Map output records=999017
		Map output bytes=36665102
		Map output materialized bytes=7430
		Input split bytes=218
		Combine input records=999017
		Combine output records=150
		Reduce input groups=75
		Reduce shuffle bytes=7430
		Reduce input records=150
		Reduce output records=75
		Spilled Records=300
		Shuffled Maps =2
		Failed Shuffles=0
		Merged Map outputs=2
		GC time elapsed (ms)=1101
		CPU time spent (ms)=19340
		Physical memory (bytes) snapshot=933863424
		Virtual memory (bytes) snapshot=6263787520
		Total committed heap usage (bytes)=737148928
		Peak Map Physical memory (bytes)=354414592
		Peak Map Virtual memory (bytes)=2086686720
		Peak Reduce Physical memory (bytes)=226824192
		Peak Reduce Virtual memory (bytes)=2091790336
	Shuffle Errors
		BAD_ID=0
		CONNECTION=0
		IO_ERROR=0
		WRONG_LENGTH=0
		WRONG_MAP=0
		WRONG_REDUCE=0
	File Input Format Counters 
		Bytes Read=71340964
	File Output Format Counters 
		Bytes Written=2630
=== E2a done: 2026-05-04T11:02:38+02:00, rc=0, duration=64890 ms ===
