=== E2a start: 2026-05-04T15:47:51+02:00 ===
Driver: pl.pwr.bigdata.mr.stage2.RidesAggDriver
Input:  /processed/T1
Output: /processed/T2_rides
Extra:  1
2026-05-04 22:47:58,926 INFO client.DefaultNoHARMFailoverProxyProvider: Connecting to ResourceManager at master/10.0.2.4:8050
2026-05-04 22:47:59,775 INFO mapreduce.JobResourceUploader: Disabling Erasure Coding for path: /tmp/hadoop-yarn/staging/root/.staging/job_1777896773821_0010
2026-05-04 22:48:00,852 INFO input.FileInputFormat: Total input files to process : 2
2026-05-04 22:48:01,186 INFO mapreduce.JobSubmitter: number of splits:2
2026-05-04 22:48:01,569 INFO mapreduce.JobSubmitter: Submitting tokens for job: job_1777896773821_0010
2026-05-04 22:48:01,570 INFO mapreduce.JobSubmitter: Executing with tokens: []
2026-05-04 22:48:01,894 INFO conf.Configuration: resource-types.xml not found
2026-05-04 22:48:01,895 INFO resource.ResourceUtils: Unable to find 'resource-types.xml'.
2026-05-04 22:48:02,013 INFO impl.YarnClientImpl: Submitted application application_1777896773821_0010
2026-05-04 22:48:02,095 INFO mapreduce.Job: The url to track the job: http://master:8088/proxy/application_1777896773821_0010/
2026-05-04 22:48:02,098 INFO mapreduce.Job: Running job: job_1777896773821_0010
2026-05-04 22:48:14,486 INFO mapreduce.Job: Job job_1777896773821_0010 running in uber mode : false
2026-05-04 22:48:14,493 INFO mapreduce.Job:  map 0% reduce 0%
2026-05-04 22:48:27,958 INFO mapreduce.Job:  map 50% reduce 0%
2026-05-04 22:48:32,053 INFO mapreduce.Job:  map 100% reduce 0%
2026-05-04 22:48:38,049 INFO mapreduce.Job:  map 100% reduce 100%
2026-05-04 22:48:39,086 INFO mapreduce.Job: Job job_1777896773821_0010 completed successfully
2026-05-04 22:48:39,263 INFO mapreduce.Job: Counters: 55
	File System Counters
		FILE: Number of bytes read=7424
		FILE: Number of bytes written=848181
		FILE: Number of read operations=0
		FILE: Number of large read operations=0
		FILE: Number of write operations=0
		HDFS: Number of bytes read=71341182
		HDFS: Number of bytes written=2630
		HDFS: Number of read operations=11
		HDFS: Number of large read operations=0
		HDFS: Number of write operations=2
		HDFS: Number of bytes read erasure-coded=0
	Job Counters 
		Killed map tasks=1
		Launched map tasks=2
		Launched reduce tasks=1
		Rack-local map tasks=2
		Total time spent by all maps in occupied slots (ms)=25164
		Total time spent by all reduces in occupied slots (ms)=6783
		Total time spent by all map tasks (ms)=25164
		Total time spent by all reduce tasks (ms)=6783
		Total vcore-milliseconds taken by all map tasks=25164
		Total vcore-milliseconds taken by all reduce tasks=6783
		Total megabyte-milliseconds taken by all map tasks=25767936
		Total megabyte-milliseconds taken by all reduce tasks=6945792
	Map-Reduce Framework
		Map input records=999017
		Map output records=999017
		Map output bytes=36665102
		Map output materialized bytes=7430
		Input split bytes=218
		Combine input records=999017
		Combine output records=150
		Reduce input groups=75
		Reduce shuffle bytes=7430
		Reduce input records=150
		Reduce output records=75
		Spilled Records=300
		Shuffled Maps =2
		Failed Shuffles=0
		Merged Map outputs=2
		GC time elapsed (ms)=612
		CPU time spent (ms)=14800
		Physical memory (bytes) snapshot=928616448
		Virtual memory (bytes) snapshot=6263533568
		Total committed heap usage (bytes)=765460480
		Peak Map Physical memory (bytes)=360267776
		Peak Map Virtual memory (bytes)=2088050688
		Peak Reduce Physical memory (bytes)=211779584
		Peak Reduce Virtual memory (bytes)=2090532864
	Shuffle Errors
		BAD_ID=0
		CONNECTION=0
		IO_ERROR=0
		WRONG_LENGTH=0
		WRONG_MAP=0
		WRONG_REDUCE=0
	File Input Format Counters 
		Bytes Read=71340964
	File Output Format Counters 
		Bytes Written=2630
=== E2a done: 2026-05-04T15:48:39+02:00, rc=0, duration=47972 ms ===
