=== E2b start: 2026-05-04T14:28:03+02:00 ===
Driver: pl.pwr.bigdata.mr.stage2.EventsAggDriver
Input:  /raw/events
Output: /processed/T2_events
Extra:  
2026-05-04 21:28:36,348 INFO client.DefaultNoHARMFailoverProxyProvider: Connecting to ResourceManager at master/10.0.2.4:8050
2026-05-04 21:28:39,923 INFO mapreduce.JobResourceUploader: Disabling Erasure Coding for path: /tmp/hadoop-yarn/staging/root/.staging/job_1777896773821_0003
2026-05-04 21:28:42,168 INFO input.FileInputFormat: Total input files to process : 9
2026-05-04 21:28:42,922 INFO mapreduce.JobSubmitter: number of splits:15
2026-05-04 21:28:44,920 INFO mapreduce.JobSubmitter: Submitting tokens for job: job_1777896773821_0003
2026-05-04 21:28:44,921 INFO mapreduce.JobSubmitter: Executing with tokens: []
2026-05-04 21:28:46,675 INFO conf.Configuration: resource-types.xml not found
2026-05-04 21:28:46,676 INFO resource.ResourceUtils: Unable to find 'resource-types.xml'.
2026-05-04 21:28:47,390 INFO impl.YarnClientImpl: Submitted application application_1777896773821_0003
2026-05-04 21:28:47,999 INFO mapreduce.Job: The url to track the job: http://master:8088/proxy/application_1777896773821_0003/
2026-05-04 21:28:48,019 INFO mapreduce.Job: Running job: job_1777896773821_0003
2026-05-04 21:29:39,230 INFO mapreduce.Job: Job job_1777896773821_0003 running in uber mode : false
2026-05-04 21:29:39,233 INFO mapreduce.Job:  map 0% reduce 0%
2026-05-04 21:30:40,068 INFO mapreduce.Job:  map 1% reduce 0%
2026-05-04 21:30:46,267 INFO mapreduce.Job:  map 2% reduce 0%
2026-05-04 21:30:52,667 INFO mapreduce.Job:  map 3% reduce 0%
2026-05-04 21:30:55,908 INFO mapreduce.Job:  map 4% reduce 0%
2026-05-04 21:30:58,011 INFO mapreduce.Job:  map 5% reduce 0%
2026-05-04 21:31:02,193 INFO mapreduce.Job:  map 6% reduce 0%
2026-05-04 21:31:05,362 INFO mapreduce.Job:  map 7% reduce 0%
2026-05-04 21:31:08,532 INFO mapreduce.Job:  map 8% reduce 0%
2026-05-04 21:31:10,655 INFO mapreduce.Job:  map 9% reduce 0%
2026-05-04 21:31:13,919 INFO mapreduce.Job:  map 10% reduce 0%
2026-05-04 21:31:17,004 INFO mapreduce.Job:  map 11% reduce 0%
2026-05-04 21:31:20,157 INFO mapreduce.Job:  map 13% reduce 0%
2026-05-04 21:31:22,263 INFO mapreduce.Job:  map 15% reduce 0%
2026-05-04 21:31:23,304 INFO mapreduce.Job:  map 16% reduce 0%
2026-05-04 21:31:26,423 INFO mapreduce.Job:  map 19% reduce 0%
2026-05-04 21:31:32,662 INFO mapreduce.Job:  map 20% reduce 0%
2026-05-04 21:31:34,882 INFO mapreduce.Job:  map 22% reduce 0%
2026-05-04 21:31:41,440 INFO mapreduce.Job:  map 24% reduce 0%
2026-05-04 21:31:43,502 INFO mapreduce.Job:  map 27% reduce 0%
2026-05-04 21:32:21,834 INFO mapreduce.Job:  map 27% reduce 9%
2026-05-04 21:32:32,448 INFO mapreduce.Job:  map 28% reduce 9%
2026-05-04 21:32:45,214 INFO mapreduce.Job:  map 29% reduce 9%
2026-05-04 21:32:49,269 INFO mapreduce.Job:  map 30% reduce 9%
2026-05-04 21:32:54,544 INFO mapreduce.Job:  map 31% reduce 9%
2026-05-04 21:32:56,575 INFO mapreduce.Job:  map 32% reduce 9%
2026-05-04 21:33:00,757 INFO mapreduce.Job:  map 33% reduce 9%
2026-05-04 21:33:02,872 INFO mapreduce.Job:  map 34% reduce 9%
2026-05-04 21:33:05,956 INFO mapreduce.Job:  map 37% reduce 9%
2026-05-04 21:33:09,055 INFO mapreduce.Job:  map 38% reduce 9%
2026-05-04 21:33:10,091 INFO mapreduce.Job:  map 38% reduce 11%
2026-05-04 21:33:12,161 INFO mapreduce.Job:  map 39% reduce 11%
2026-05-04 21:33:15,276 INFO mapreduce.Job:  map 43% reduce 11%
2026-05-04 21:33:18,266 INFO mapreduce.Job:  map 44% reduce 11%
2026-05-04 21:33:20,304 INFO mapreduce.Job:  map 45% reduce 11%
2026-05-04 21:33:22,384 INFO mapreduce.Job:  map 45% reduce 13%
2026-05-04 21:33:24,441 INFO mapreduce.Job:  map 46% reduce 13%
2026-05-04 21:33:26,488 INFO mapreduce.Job:  map 47% reduce 13%
2026-05-04 21:33:30,562 INFO mapreduce.Job:  map 48% reduce 13%
2026-05-04 21:33:32,618 INFO mapreduce.Job:  map 49% reduce 13%
2026-05-04 21:33:33,654 INFO mapreduce.Job:  map 51% reduce 13%
2026-05-04 21:33:34,762 INFO mapreduce.Job:  map 53% reduce 16%
2026-05-04 21:33:38,866 INFO mapreduce.Job:  map 56% reduce 16%
2026-05-04 21:33:39,898 INFO mapreduce.Job:  map 56% reduce 18%
2026-05-04 21:33:45,019 INFO mapreduce.Job:  map 58% reduce 18%
2026-05-04 21:33:45,971 INFO mapreduce.Job:  map 60% reduce 18%
2026-05-04 21:33:48,004 INFO mapreduce.Job:  map 62% reduce 18%
2026-05-04 21:33:51,059 INFO mapreduce.Job:  map 67% reduce 18%
2026-05-04 21:33:52,075 INFO mapreduce.Job:  map 67% reduce 22%
2026-05-04 21:34:05,366 INFO mapreduce.Job:  map 69% reduce 22%
2026-05-04 21:34:06,380 INFO mapreduce.Job:  map 70% reduce 22%
2026-05-04 21:34:11,558 INFO mapreduce.Job:  map 78% reduce 22%
2026-05-04 21:34:13,603 INFO mapreduce.Job:  map 80% reduce 22%
2026-05-04 21:34:16,572 INFO mapreduce.Job:  map 80% reduce 27%
2026-05-04 21:34:24,787 INFO mapreduce.Job:  map 84% reduce 27%
2026-05-04 21:34:25,811 INFO mapreduce.Job:  map 87% reduce 27%
2026-05-04 21:34:27,857 INFO mapreduce.Job:  map 91% reduce 27%
2026-05-04 21:34:28,916 INFO mapreduce.Job:  map 93% reduce 29%
2026-05-04 21:34:33,989 INFO mapreduce.Job:  map 93% reduce 31%
2026-05-04 21:34:36,003 INFO mapreduce.Job:  map 100% reduce 31%
2026-05-04 21:34:40,068 INFO mapreduce.Job:  map 100% reduce 72%
2026-05-04 21:34:46,173 INFO mapreduce.Job:  map 100% reduce 100%
2026-05-04 21:34:47,202 INFO mapreduce.Job: Job job_1777896773821_0003 completed successfully
2026-05-04 21:34:47,590 INFO mapreduce.Job: Counters: 57
	File System Counters
		FILE: Number of bytes read=233733659
		FILE: Number of bytes written=471911890
		FILE: Number of read operations=0
		FILE: Number of large read operations=0
		FILE: Number of write operations=0
		HDFS: Number of bytes read=1361601680
		HDFS: Number of bytes written=165627
		HDFS: Number of read operations=50
		HDFS: Number of large read operations=0
		HDFS: Number of write operations=2
		HDFS: Number of bytes read erasure-coded=0
	Job Counters 
		Killed map tasks=1
		Launched map tasks=16
		Launched reduce tasks=1
		Data-local map tasks=15
		Rack-local map tasks=1
		Total time spent by all maps in occupied slots (ms)=1087918
		Total time spent by all reduces in occupied slots (ms)=201160
		Total time spent by all map tasks (ms)=1087918
		Total time spent by all reduce tasks (ms)=201160
		Total vcore-milliseconds taken by all map tasks=1087918
		Total vcore-milliseconds taken by all reduce tasks=201160
		Total megabyte-milliseconds taken by all map tasks=1114028032
		Total megabyte-milliseconds taken by all reduce tasks=205987840
	Map-Reduce Framework
		Map input records=6536794
		Map output records=6536785
		Map output bytes=220660077
		Map output materialized bytes=233733737
		Input split bytes=1845
		Combine input records=0
		Combine output records=0
		Reduce input groups=1375
		Reduce shuffle bytes=233733737
		Reduce input records=6536785
		Reduce output records=1375
		Spilled Records=13073570
		Shuffled Maps =15
		Failed Shuffles=0
		Merged Map outputs=15
		GC time elapsed (ms)=28857
		CPU time spent (ms)=459610
		Physical memory (bytes) snapshot=6156857344
		Virtual memory (bytes) snapshot=33423384576
		Total committed heap usage (bytes)=4939317248
		Peak Map Physical memory (bytes)=392654848
		Peak Map Virtual memory (bytes)=2101977088
		Peak Reduce Physical memory (bytes)=433467392
		Peak Reduce Virtual memory (bytes)=2093797376
	E2b
		dropped_bad_timestamp=9
	Shuffle Errors
		BAD_ID=0
		CONNECTION=0
		IO_ERROR=0
		WRONG_LENGTH=0
		WRONG_MAP=0
		WRONG_REDUCE=0
	File Input Format Counters 
		Bytes Read=1361599835
	File Output Format Counters 
		Bytes Written=165627
=== E2b done: 2026-05-04T14:34:48+02:00, rc=0, duration=404159 ms ===
