=== E2c start: 2026-05-04T16:22:43+02:00 ===
Driver: pl.pwr.bigdata.mr.stage2.JoinDriver
Input:  /processed/T2_rides
Output: /processed/T2
Extra:  /raw/noaa /processed/T2_events
2026-05-04 23:22:50,612 INFO client.DefaultNoHARMFailoverProxyProvider: Connecting to ResourceManager at master/10.0.2.4:8050
2026-05-04 23:22:51,052 INFO mapreduce.JobResourceUploader: Disabling Erasure Coding for path: /tmp/hadoop-yarn/staging/root/.staging/job_1777896773821_0020
2026-05-04 23:22:51,647 INFO input.FileInputFormat: Total input files to process : 1
2026-05-04 23:22:51,844 INFO mapreduce.JobSubmitter: number of splits:1
2026-05-04 23:22:52,751 INFO mapreduce.JobSubmitter: Submitting tokens for job: job_1777896773821_0020
2026-05-04 23:22:52,751 INFO mapreduce.JobSubmitter: Executing with tokens: []
2026-05-04 23:22:53,378 INFO conf.Configuration: resource-types.xml not found
2026-05-04 23:22:53,383 INFO resource.ResourceUtils: Unable to find 'resource-types.xml'.
2026-05-04 23:22:53,611 INFO impl.YarnClientImpl: Submitted application application_1777896773821_0020
2026-05-04 23:22:53,787 INFO mapreduce.Job: The url to track the job: http://master:8088/proxy/application_1777896773821_0020/
2026-05-04 23:22:53,788 INFO mapreduce.Job: Running job: job_1777896773821_0020
2026-05-04 23:23:10,626 INFO mapreduce.Job: Job job_1777896773821_0020 running in uber mode : false
2026-05-04 23:23:10,628 INFO mapreduce.Job:  map 0% reduce 0%
2026-05-04 23:23:20,919 INFO mapreduce.Job:  map 100% reduce 0%
2026-05-04 23:23:20,953 INFO mapreduce.Job: Job job_1777896773821_0020 completed successfully
2026-05-04 23:23:21,093 INFO mapreduce.Job: Counters: 33
	File System Counters
		FILE: Number of bytes read=0
		FILE: Number of bytes written=280372
		FILE: Number of read operations=0
		FILE: Number of large read operations=0
		FILE: Number of write operations=0
		HDFS: Number of bytes read=5617
		HDFS: Number of bytes written=23325
		HDFS: Number of read operations=7
		HDFS: Number of large read operations=0
		HDFS: Number of write operations=2
		HDFS: Number of bytes read erasure-coded=0
	Job Counters 
		Launched map tasks=1
		Rack-local map tasks=1
		Total time spent by all maps in occupied slots (ms)=7084
		Total time spent by all reduces in occupied slots (ms)=0
		Total time spent by all map tasks (ms)=7084
		Total vcore-milliseconds taken by all map tasks=7084
		Total megabyte-milliseconds taken by all map tasks=7254016
	Map-Reduce Framework
		Map input records=155
		Map output records=155
		Input split bytes=115
		Spilled Records=0
		Failed Shuffles=0
		Merged Map outputs=0
		GC time elapsed (ms)=127
		CPU time spent (ms)=1270
		Physical memory (bytes) snapshot=211714048
		Virtual memory (bytes) snapshot=2088755200
		Total committed heap usage (bytes)=183500800
		Peak Map Physical memory (bytes)=211714048
		Peak Map Virtual memory (bytes)=2088755200
	File Input Format Counters 
		Bytes Read=5502
	File Output Format Counters 
		Bytes Written=23325
=== E2c done: 2026-05-04T16:23:21+02:00, rc=0, duration=38446 ms ===
