=== E2b start: 2026-05-04T15:48:39+02:00 ===
Driver: pl.pwr.bigdata.mr.stage2.EventsAggDriver
Input:  /raw/events
Output: /processed/T2_events
Extra:  
2026-05-04 22:48:46,418 INFO client.DefaultNoHARMFailoverProxyProvider: Connecting to ResourceManager at master/10.0.2.4:8050
2026-05-04 22:48:47,308 INFO mapreduce.JobResourceUploader: Disabling Erasure Coding for path: /tmp/hadoop-yarn/staging/root/.staging/job_1777896773821_0011
2026-05-04 22:48:48,456 INFO input.FileInputFormat: Total input files to process : 9
2026-05-04 22:48:48,840 INFO mapreduce.JobSubmitter: number of splits:15
2026-05-04 22:48:49,697 INFO mapreduce.JobSubmitter: Submitting tokens for job: job_1777896773821_0011
2026-05-04 22:48:49,698 INFO mapreduce.JobSubmitter: Executing with tokens: []
2026-05-04 22:48:50,166 INFO conf.Configuration: resource-types.xml not found
2026-05-04 22:48:50,167 INFO resource.ResourceUtils: Unable to find 'resource-types.xml'.
2026-05-04 22:48:50,346 INFO impl.YarnClientImpl: Submitted application application_1777896773821_0011
2026-05-04 22:48:50,431 INFO mapreduce.Job: The url to track the job: http://master:8088/proxy/application_1777896773821_0011/
2026-05-04 22:48:50,434 INFO mapreduce.Job: Running job: job_1777896773821_0011
2026-05-04 22:49:04,109 INFO mapreduce.Job: Job job_1777896773821_0011 running in uber mode : false
2026-05-04 22:49:04,115 INFO mapreduce.Job:  map 0% reduce 0%
2026-05-04 22:49:31,022 INFO mapreduce.Job:  map 1% reduce 0%
2026-05-04 22:49:32,066 INFO mapreduce.Job:  map 3% reduce 0%
2026-05-04 22:49:33,090 INFO mapreduce.Job:  map 4% reduce 0%
2026-05-04 22:49:37,165 INFO mapreduce.Job:  map 8% reduce 0%
2026-05-04 22:49:38,195 INFO mapreduce.Job:  map 10% reduce 0%
2026-05-04 22:49:43,281 INFO mapreduce.Job:  map 16% reduce 0%
2026-05-04 22:49:44,297 INFO mapreduce.Job:  map 18% reduce 0%
2026-05-04 22:49:45,361 INFO mapreduce.Job:  map 22% reduce 0%
2026-05-04 22:49:46,371 INFO mapreduce.Job:  map 27% reduce 0%
2026-05-04 22:50:11,480 INFO mapreduce.Job:  map 28% reduce 0%
2026-05-04 22:50:12,542 INFO mapreduce.Job:  map 31% reduce 0%
2026-05-04 22:50:13,558 INFO mapreduce.Job:  map 31% reduce 9%
2026-05-04 22:50:17,653 INFO mapreduce.Job:  map 33% reduce 9%
2026-05-04 22:50:18,676 INFO mapreduce.Job:  map 36% reduce 9%
2026-05-04 22:50:20,857 INFO mapreduce.Job:  map 38% reduce 9%
2026-05-04 22:50:22,916 INFO mapreduce.Job:  map 43% reduce 9%
2026-05-04 22:50:23,952 INFO mapreduce.Job:  map 45% reduce 9%
2026-05-04 22:50:25,998 INFO mapreduce.Job:  map 45% reduce 13%
2026-05-04 22:50:29,055 INFO mapreduce.Job:  map 51% reduce 13%
2026-05-04 22:50:31,127 INFO mapreduce.Job:  map 53% reduce 13%
2026-05-04 22:50:32,167 INFO mapreduce.Job:  map 53% reduce 18%
2026-05-04 22:50:45,605 INFO mapreduce.Job:  map 57% reduce 18%
2026-05-04 22:50:48,650 INFO mapreduce.Job:  map 60% reduce 18%
2026-05-04 22:50:49,729 INFO mapreduce.Job:  map 64% reduce 18%
2026-05-04 22:50:50,791 INFO mapreduce.Job:  map 67% reduce 20%
2026-05-04 22:50:56,951 INFO mapreduce.Job:  map 67% reduce 22%
2026-05-04 22:50:57,963 INFO mapreduce.Job:  map 71% reduce 22%
2026-05-04 22:50:59,994 INFO mapreduce.Job:  map 77% reduce 22%
2026-05-04 22:51:01,041 INFO mapreduce.Job:  map 80% reduce 22%
2026-05-04 22:51:03,128 INFO mapreduce.Job:  map 80% reduce 27%
2026-05-04 22:51:09,255 INFO mapreduce.Job:  map 87% reduce 27%
2026-05-04 22:51:11,303 INFO mapreduce.Job:  map 93% reduce 27%
2026-05-04 22:51:14,375 INFO mapreduce.Job:  map 93% reduce 31%
2026-05-04 22:51:15,390 INFO mapreduce.Job:  map 100% reduce 31%
2026-05-04 22:51:20,429 INFO mapreduce.Job:  map 100% reduce 82%
2026-05-04 22:51:23,447 INFO mapreduce.Job:  map 100% reduce 100%
2026-05-04 22:51:24,491 INFO mapreduce.Job: Job job_1777896773821_0011 completed successfully
2026-05-04 22:51:24,790 INFO mapreduce.Job: Counters: 56
	File System Counters
		FILE: Number of bytes read=233733659
		FILE: Number of bytes written=471911890
		FILE: Number of read operations=0
		FILE: Number of large read operations=0
		FILE: Number of write operations=0
		HDFS: Number of bytes read=1361601680
		HDFS: Number of bytes written=165627
		HDFS: Number of read operations=50
		HDFS: Number of large read operations=0
		HDFS: Number of write operations=2
		HDFS: Number of bytes read erasure-coded=0
	Job Counters 
		Killed map tasks=1
		Launched map tasks=15
		Launched reduce tasks=1
		Data-local map tasks=15
		Total time spent by all maps in occupied slots (ms)=452766
		Total time spent by all reduces in occupied slots (ms)=95427
		Total time spent by all map tasks (ms)=452766
		Total time spent by all reduce tasks (ms)=95427
		Total vcore-milliseconds taken by all map tasks=452766
		Total vcore-milliseconds taken by all reduce tasks=95427
		Total megabyte-milliseconds taken by all map tasks=463632384
		Total megabyte-milliseconds taken by all reduce tasks=97717248
	Map-Reduce Framework
		Map input records=6536794
		Map output records=6536785
		Map output bytes=220660077
		Map output materialized bytes=233733737
		Input split bytes=1845
		Combine input records=0
		Combine output records=0
		Reduce input groups=1375
		Reduce shuffle bytes=233733737
		Reduce input records=6536785
		Reduce output records=1375
		Spilled Records=13073570
		Shuffled Maps =15
		Failed Shuffles=0
		Merged Map outputs=15
		GC time elapsed (ms)=11598
		CPU time spent (ms)=230600
		Physical memory (bytes) snapshot=6166933504
		Virtual memory (bytes) snapshot=33483759616
		Total committed heap usage (bytes)=4918345728
		Peak Map Physical memory (bytes)=392433664
		Peak Map Virtual memory (bytes)=2106540032
		Peak Reduce Physical memory (bytes)=526958592
		Peak Reduce Virtual memory (bytes)=2094292992
	E2b
		dropped_bad_timestamp=9
	Shuffle Errors
		BAD_ID=0
		CONNECTION=0
		IO_ERROR=0
		WRONG_LENGTH=0
		WRONG_MAP=0
		WRONG_REDUCE=0
	File Input Format Counters 
		Bytes Read=1361599835
	File Output Format Counters 
		Bytes Written=165627
=== E2b done: 2026-05-04T15:51:25+02:00, rc=0, duration=165451 ms ===
