=== E3b start: 2026-05-04T16:23:59+02:00 ===
Driver: pl.pwr.bigdata.mr.stage3.RegressionDriver
Input:  /processed/T2
Output: /processed/T3b
Extra:  
2026-05-04 23:24:07,933 INFO client.DefaultNoHARMFailoverProxyProvider: Connecting to ResourceManager at master/10.0.2.4:8050
2026-05-04 23:24:08,862 INFO mapreduce.JobResourceUploader: Disabling Erasure Coding for path: /tmp/hadoop-yarn/staging/root/.staging/job_1777896773821_0022
2026-05-04 23:24:09,719 INFO input.FileInputFormat: Total input files to process : 1
2026-05-04 23:24:10,603 INFO mapreduce.JobSubmitter: number of splits:1
2026-05-04 23:24:11,379 INFO mapreduce.JobSubmitter: Submitting tokens for job: job_1777896773821_0022
2026-05-04 23:24:11,379 INFO mapreduce.JobSubmitter: Executing with tokens: []
2026-05-04 23:24:11,966 INFO conf.Configuration: resource-types.xml not found
2026-05-04 23:24:11,968 INFO resource.ResourceUtils: Unable to find 'resource-types.xml'.
2026-05-04 23:24:12,156 INFO impl.YarnClientImpl: Submitted application application_1777896773821_0022
2026-05-04 23:24:12,342 INFO mapreduce.Job: The url to track the job: http://master:8088/proxy/application_1777896773821_0022/
2026-05-04 23:24:12,345 INFO mapreduce.Job: Running job: job_1777896773821_0022
2026-05-04 23:24:24,720 INFO mapreduce.Job: Job job_1777896773821_0022 running in uber mode : false
2026-05-04 23:24:24,726 INFO mapreduce.Job:  map 0% reduce 0%
2026-05-04 23:24:32,936 INFO mapreduce.Job:  map 100% reduce 0%
2026-05-04 23:24:41,029 INFO mapreduce.Job:  map 100% reduce 100%
2026-05-04 23:24:43,094 INFO mapreduce.Job: Job job_1777896773821_0022 completed successfully
2026-05-04 23:24:43,245 INFO mapreduce.Job: Counters: 55
	File System Counters
		FILE: Number of bytes read=814
		FILE: Number of bytes written=557165
		FILE: Number of read operations=0
		FILE: Number of large read operations=0
		FILE: Number of write operations=0
		HDFS: Number of bytes read=23434
		HDFS: Number of bytes written=181
		HDFS: Number of read operations=8
		HDFS: Number of large read operations=0
		HDFS: Number of write operations=2
		HDFS: Number of bytes read erasure-coded=0
	Job Counters 
		Launched map tasks=1
		Launched reduce tasks=1
		Rack-local map tasks=1
		Total time spent by all maps in occupied slots (ms)=5839
		Total time spent by all reduces in occupied slots (ms)=5577
		Total time spent by all map tasks (ms)=5839
		Total time spent by all reduce tasks (ms)=5577
		Total vcore-milliseconds taken by all map tasks=5839
		Total vcore-milliseconds taken by all reduce tasks=5577
		Total megabyte-milliseconds taken by all map tasks=5979136
		Total megabyte-milliseconds taken by all reduce tasks=5710848
	Map-Reduce Framework
		Map input records=155
		Map output records=155
		Map output bytes=5158
		Map output materialized bytes=814
		Input split bytes=109
		Combine input records=155
		Combine output records=5
		Reduce input groups=5
		Reduce shuffle bytes=814
		Reduce input records=5
		Reduce output records=5
		Spilled Records=10
		Shuffled Maps =1
		Failed Shuffles=0
		Merged Map outputs=1
		GC time elapsed (ms)=579
		CPU time spent (ms)=1920
		Physical memory (bytes) snapshot=528056320
		Virtual memory (bytes) snapshot=4179054592
		Total committed heap usage (bytes)=459800576
		Peak Map Physical memory (bytes)=317485056
		Peak Map Virtual memory (bytes)=2087596032
		Peak Reduce Physical memory (bytes)=210571264
		Peak Reduce Virtual memory (bytes)=2091458560
	E3b
		fallback_singular=5
	Shuffle Errors
		BAD_ID=0
		CONNECTION=0
		IO_ERROR=0
		WRONG_LENGTH=0
		WRONG_MAP=0
		WRONG_REDUCE=0
	File Input Format Counters 
		Bytes Read=23325
	File Output Format Counters 
		Bytes Written=181
=== E3b done: 2026-05-04T16:24:43+02:00, rc=0, duration=43706 ms ===
