=== E1 start: 2026-05-04T10:54:42+02:00 ===
Driver: pl.pwr.bigdata.mr.stage1.CleanDriver
Input:  /processed/citibike
Output: /processed/T1
Extra:  /raw/station_to_borough/2026-04-21/stations_2026-04-21.csv
2026-05-04 17:54:52,923 INFO client.DefaultNoHARMFailoverProxyProvider: Connecting to ResourceManager at master/10.0.2.4:8050
2026-05-04 17:54:53,987 INFO mapreduce.JobResourceUploader: Disabling Erasure Coding for path: /tmp/hadoop-yarn/staging/root/.staging/job_1777883474743_0001
2026-05-04 17:54:55,299 INFO input.FileInputFormat: Total input files to process : 1
2026-05-04 17:54:56,186 INFO mapreduce.JobSubmitter: number of splits:2
2026-05-04 17:54:56,738 INFO mapreduce.JobSubmitter: Submitting tokens for job: job_1777883474743_0001
2026-05-04 17:54:56,738 INFO mapreduce.JobSubmitter: Executing with tokens: []
2026-05-04 17:54:57,171 INFO conf.Configuration: resource-types.xml not found
2026-05-04 17:54:57,172 INFO resource.ResourceUtils: Unable to find 'resource-types.xml'.
2026-05-04 17:54:58,105 INFO impl.YarnClientImpl: Submitted application application_1777883474743_0001
2026-05-04 17:54:58,574 INFO mapreduce.Job: The url to track the job: http://master:8088/proxy/application_1777883474743_0001/
2026-05-04 17:54:58,586 INFO mapreduce.Job: Running job: job_1777883474743_0001
2026-05-04 17:55:22,449 INFO mapreduce.Job: Job job_1777883474743_0001 running in uber mode : false
2026-05-04 17:55:22,451 INFO mapreduce.Job:  map 0% reduce 0%
2026-05-04 17:55:49,249 INFO mapreduce.Job:  map 23% reduce 0%
2026-05-04 17:55:50,383 INFO mapreduce.Job:  map 32% reduce 0%
2026-05-04 17:55:55,570 INFO mapreduce.Job:  map 52% reduce 0%
2026-05-04 17:55:56,614 INFO mapreduce.Job:  map 62% reduce 0%
2026-05-04 17:55:57,695 INFO mapreduce.Job:  map 69% reduce 0%
2026-05-04 17:56:01,857 INFO mapreduce.Job:  map 84% reduce 0%
2026-05-04 17:56:07,989 INFO mapreduce.Job:  map 99% reduce 0%
2026-05-04 17:56:09,015 INFO mapreduce.Job:  map 100% reduce 0%
2026-05-04 17:56:11,047 INFO mapreduce.Job: Job job_1777883474743_0001 completed successfully
2026-05-04 17:56:11,296 INFO mapreduce.Job: Counters: 37
	File System Counters
		FILE: Number of bytes read=0
		FILE: Number of bytes written=555726
		FILE: Number of read operations=0
		FILE: Number of large read operations=0
		FILE: Number of write operations=0
		HDFS: Number of bytes read=194689174
		HDFS: Number of bytes written=71340964
		HDFS: Number of read operations=14
		HDFS: Number of large read operations=0
		HDFS: Number of write operations=4
		HDFS: Number of bytes read erasure-coded=0
	Job Counters 
		Killed map tasks=1
		Launched map tasks=3
		Data-local map tasks=3
		Total time spent by all maps in occupied slots (ms)=85824
		Total time spent by all reduces in occupied slots (ms)=0
		Total time spent by all map tasks (ms)=85824
		Total vcore-milliseconds taken by all map tasks=85824
		Total megabyte-milliseconds taken by all map tasks=87883776
	Map-Reduce Framework
		Map input records=1000001
		Map output records=999017
		Input split bytes=262
		Spilled Records=0
		Failed Shuffles=0
		Merged Map outputs=0
		GC time elapsed (ms)=1187
		CPU time spent (ms)=53720
		Physical memory (bytes) snapshot=562798592
		Virtual memory (bytes) snapshot=4187213824
		Total committed heap usage (bytes)=374865920
		Peak Map Physical memory (bytes)=281948160
		Peak Map Virtual memory (bytes)=2098405376
	E1
		dropped_no_station=458
		dropped_too_long=525
		kept=999017
	File Input Format Counters 
		Bytes Read=194688912
	File Output Format Counters 
		Bytes Written=71340964
=== E1 done: 2026-05-04T10:56:11+02:00, rc=0, duration=89378 ms ===
