=== E2b start: 2026-05-04T16:20:06+02:00 ===
Driver: pl.pwr.bigdata.mr.stage2.EventsAggDriver
Input:  /raw/events
Output: /processed/T2_events
Extra:  
2026-05-04 23:20:13,963 INFO client.DefaultNoHARMFailoverProxyProvider: Connecting to ResourceManager at master/10.0.2.4:8050
2026-05-04 23:20:14,932 INFO mapreduce.JobResourceUploader: Disabling Erasure Coding for path: /tmp/hadoop-yarn/staging/root/.staging/job_1777896773821_0019
2026-05-04 23:20:15,401 INFO input.FileInputFormat: Total input files to process : 9
2026-05-04 23:20:15,690 INFO mapreduce.JobSubmitter: number of splits:15
2026-05-04 23:20:15,950 INFO mapreduce.JobSubmitter: Submitting tokens for job: job_1777896773821_0019
2026-05-04 23:20:15,950 INFO mapreduce.JobSubmitter: Executing with tokens: []
2026-05-04 23:20:16,310 INFO conf.Configuration: resource-types.xml not found
2026-05-04 23:20:16,310 INFO resource.ResourceUtils: Unable to find 'resource-types.xml'.
2026-05-04 23:20:16,441 INFO impl.YarnClientImpl: Submitted application application_1777896773821_0019
2026-05-04 23:20:16,552 INFO mapreduce.Job: The url to track the job: http://master:8088/proxy/application_1777896773821_0019/
2026-05-04 23:20:16,554 INFO mapreduce.Job: Running job: job_1777896773821_0019
2026-05-04 23:20:27,933 INFO mapreduce.Job: Job job_1777896773821_0019 running in uber mode : false
2026-05-04 23:20:27,936 INFO mapreduce.Job:  map 0% reduce 0%
2026-05-04 23:20:53,612 INFO mapreduce.Job:  map 1% reduce 0%
2026-05-04 23:20:54,667 INFO mapreduce.Job:  map 6% reduce 0%
2026-05-04 23:21:00,023 INFO mapreduce.Job:  map 8% reduce 0%
2026-05-04 23:21:01,059 INFO mapreduce.Job:  map 11% reduce 0%
2026-05-04 23:21:05,085 INFO mapreduce.Job:  map 14% reduce 0%
2026-05-04 23:21:06,168 INFO mapreduce.Job:  map 20% reduce 0%
2026-05-04 23:21:07,211 INFO mapreduce.Job:  map 27% reduce 0%
2026-05-04 23:21:29,171 INFO mapreduce.Job:  map 27% reduce 9%
2026-05-04 23:21:33,355 INFO mapreduce.Job:  map 29% reduce 9%
2026-05-04 23:21:34,295 INFO mapreduce.Job:  map 36% reduce 9%
2026-05-04 23:21:37,362 INFO mapreduce.Job:  map 38% reduce 9%
2026-05-04 23:21:38,374 INFO mapreduce.Job:  map 40% reduce 9%
2026-05-04 23:21:39,420 INFO mapreduce.Job:  map 44% reduce 9%
2026-05-04 23:21:40,463 INFO mapreduce.Job:  map 44% reduce 13%
2026-05-04 23:21:43,505 INFO mapreduce.Job:  map 46% reduce 13%
2026-05-04 23:21:44,531 INFO mapreduce.Job:  map 48% reduce 13%
2026-05-04 23:21:45,566 INFO mapreduce.Job:  map 50% reduce 13%
2026-05-04 23:21:46,596 INFO mapreduce.Job:  map 50% reduce 16%
2026-05-04 23:21:48,636 INFO mapreduce.Job:  map 53% reduce 16%
2026-05-04 23:21:52,785 INFO mapreduce.Job:  map 53% reduce 18%
2026-05-04 23:22:00,156 INFO mapreduce.Job:  map 55% reduce 18%
2026-05-04 23:22:05,210 INFO mapreduce.Job:  map 57% reduce 18%
2026-05-04 23:22:06,304 INFO mapreduce.Job:  map 58% reduce 18%
2026-05-04 23:22:09,513 INFO mapreduce.Job:  map 69% reduce 18%
2026-05-04 23:22:10,539 INFO mapreduce.Job:  map 69% reduce 20%
2026-05-04 23:22:11,593 INFO mapreduce.Job:  map 76% reduce 20%
2026-05-04 23:22:12,627 INFO mapreduce.Job:  map 77% reduce 20%
2026-05-04 23:22:15,681 INFO mapreduce.Job:  map 80% reduce 20%
2026-05-04 23:22:16,737 INFO mapreduce.Job:  map 80% reduce 27%
2026-05-04 23:22:28,043 INFO mapreduce.Job:  map 87% reduce 27%
2026-05-04 23:22:29,058 INFO mapreduce.Job:  map 87% reduce 29%
2026-05-04 23:22:33,124 INFO mapreduce.Job:  map 100% reduce 29%
2026-05-04 23:22:35,079 INFO mapreduce.Job:  map 100% reduce 67%
2026-05-04 23:22:41,125 INFO mapreduce.Job:  map 100% reduce 100%
2026-05-04 23:22:42,162 INFO mapreduce.Job: Job job_1777896773821_0019 completed successfully
2026-05-04 23:22:42,330 INFO mapreduce.Job: Counters: 56
	File System Counters
		FILE: Number of bytes read=233733659
		FILE: Number of bytes written=471911890
		FILE: Number of read operations=0
		FILE: Number of large read operations=0
		FILE: Number of write operations=0
		HDFS: Number of bytes read=1361601680
		HDFS: Number of bytes written=165627
		HDFS: Number of read operations=50
		HDFS: Number of large read operations=0
		HDFS: Number of write operations=2
		HDFS: Number of bytes read erasure-coded=0
	Job Counters 
		Killed map tasks=1
		Launched map tasks=16
		Launched reduce tasks=1
		Data-local map tasks=16
		Total time spent by all maps in occupied slots (ms)=440040
		Total time spent by all reduces in occupied slots (ms)=92463
		Total time spent by all map tasks (ms)=440040
		Total time spent by all reduce tasks (ms)=92463
		Total vcore-milliseconds taken by all map tasks=440040
		Total vcore-milliseconds taken by all reduce tasks=92463
		Total megabyte-milliseconds taken by all map tasks=450600960
		Total megabyte-milliseconds taken by all reduce tasks=94682112
	Map-Reduce Framework
		Map input records=6536794
		Map output records=6536785
		Map output bytes=220660077
		Map output materialized bytes=233733737
		Input split bytes=1845
		Combine input records=0
		Combine output records=0
		Reduce input groups=1375
		Reduce shuffle bytes=233733737
		Reduce input records=6536785
		Reduce output records=1375
		Spilled Records=13073570
		Shuffled Maps =15
		Failed Shuffles=0
		Merged Map outputs=15
		GC time elapsed (ms)=9209
		CPU time spent (ms)=217390
		Physical memory (bytes) snapshot=6147739648
		Virtual memory (bytes) snapshot=33453281280
		Total committed heap usage (bytes)=4928831488
		Peak Map Physical memory (bytes)=391471104
		Peak Map Virtual memory (bytes)=2098409472
		Peak Reduce Physical memory (bytes)=462606336
		Peak Reduce Virtual memory (bytes)=2093744128
	E2b
		dropped_bad_timestamp=9
	Shuffle Errors
		BAD_ID=0
		CONNECTION=0
		IO_ERROR=0
		WRONG_LENGTH=0
		WRONG_MAP=0
		WRONG_REDUCE=0
	File Input Format Counters 
		Bytes Read=1361599835
	File Output Format Counters 
		Bytes Written=165627
=== E2b done: 2026-05-04T16:22:42+02:00, rc=0, duration=156260 ms ===
