=== E3b start: 2026-05-04T14:36:44+02:00 ===
Driver: pl.pwr.bigdata.mr.stage3.RegressionDriver
Input:  /processed/T2
Output: /processed/T3b
Extra:  
2026-05-04 21:36:55,243 INFO client.DefaultNoHARMFailoverProxyProvider: Connecting to ResourceManager at master/10.0.2.4:8050
2026-05-04 21:36:56,631 INFO mapreduce.JobResourceUploader: Disabling Erasure Coding for path: /tmp/hadoop-yarn/staging/root/.staging/job_1777896773821_0006
2026-05-04 21:36:58,051 INFO input.FileInputFormat: Total input files to process : 1
2026-05-04 21:36:58,277 INFO mapreduce.JobSubmitter: number of splits:1
2026-05-04 21:36:58,954 INFO mapreduce.JobSubmitter: Submitting tokens for job: job_1777896773821_0006
2026-05-04 21:36:58,955 INFO mapreduce.JobSubmitter: Executing with tokens: []
2026-05-04 21:36:59,413 INFO conf.Configuration: resource-types.xml not found
2026-05-04 21:36:59,414 INFO resource.ResourceUtils: Unable to find 'resource-types.xml'.
2026-05-04 21:36:59,544 INFO impl.YarnClientImpl: Submitted application application_1777896773821_0006
2026-05-04 21:36:59,620 INFO mapreduce.Job: The url to track the job: http://master:8088/proxy/application_1777896773821_0006/
2026-05-04 21:36:59,624 INFO mapreduce.Job: Running job: job_1777896773821_0006
2026-05-04 21:37:34,906 INFO mapreduce.Job: Job job_1777896773821_0006 running in uber mode : false
2026-05-04 21:37:34,909 INFO mapreduce.Job:  map 0% reduce 0%
2026-05-04 21:37:53,024 INFO mapreduce.Job:  map 100% reduce 0%
2026-05-04 21:38:04,270 INFO mapreduce.Job:  map 100% reduce 100%
2026-05-04 21:38:05,330 INFO mapreduce.Job: Job job_1777896773821_0006 completed successfully
2026-05-04 21:38:05,906 INFO mapreduce.Job: Counters: 55
	File System Counters
		FILE: Number of bytes read=751
		FILE: Number of bytes written=557039
		FILE: Number of read operations=0
		FILE: Number of large read operations=0
		FILE: Number of write operations=0
		HDFS: Number of bytes read=4089
		HDFS: Number of bytes written=180
		HDFS: Number of read operations=8
		HDFS: Number of large read operations=0
		HDFS: Number of write operations=2
		HDFS: Number of bytes read erasure-coded=0
	Job Counters 
		Launched map tasks=1
		Launched reduce tasks=1
		Rack-local map tasks=1
		Total time spent by all maps in occupied slots (ms)=13197
		Total time spent by all reduces in occupied slots (ms)=8429
		Total time spent by all map tasks (ms)=13197
		Total time spent by all reduce tasks (ms)=8429
		Total vcore-milliseconds taken by all map tasks=13197
		Total vcore-milliseconds taken by all reduce tasks=8429
		Total megabyte-milliseconds taken by all map tasks=13513728
		Total megabyte-milliseconds taken by all reduce tasks=8631296
	Map-Reduce Framework
		Map input records=75
		Map output records=75
		Map output bytes=2389
		Map output materialized bytes=751
		Input split bytes=109
		Combine input records=75
		Combine output records=5
		Reduce input groups=5
		Reduce shuffle bytes=751
		Reduce input records=5
		Reduce output records=5
		Spilled Records=10
		Shuffled Maps =1
		Failed Shuffles=0
		Merged Map outputs=1
		GC time elapsed (ms)=418
		CPU time spent (ms)=2370
		Physical memory (bytes) snapshot=537866240
		Virtual memory (bytes) snapshot=4181217280
		Total committed heap usage (bytes)=464519168
		Peak Map Physical memory (bytes)=325459968
		Peak Map Virtual memory (bytes)=2090840064
		Peak Reduce Physical memory (bytes)=212406272
		Peak Reduce Virtual memory (bytes)=2090377216
	E3b
		fallback_singular=5
	Shuffle Errors
		BAD_ID=0
		CONNECTION=0
		IO_ERROR=0
		WRONG_LENGTH=0
		WRONG_MAP=0
		WRONG_REDUCE=0
	File Input Format Counters 
		Bytes Read=3980
	File Output Format Counters 
		Bytes Written=180
=== E3b done: 2026-05-04T14:38:06+02:00, rc=0, duration=82074 ms ===
