=== E1 start: 2026-05-04T11:00:19+02:00 ===
Driver: pl.pwr.bigdata.mr.stage1.CleanDriver
Input:  /processed/citibike
Output: /processed/T1
Extra:  /raw/station_to_borough/2026-04-21/stations_2026-04-21.csv
2026-05-04 18:00:31,923 INFO client.DefaultNoHARMFailoverProxyProvider: Connecting to ResourceManager at master/10.0.2.4:8050
2026-05-04 18:00:34,244 INFO mapreduce.JobResourceUploader: Disabling Erasure Coding for path: /tmp/hadoop-yarn/staging/root/.staging/job_1777883474743_0002
2026-05-04 18:00:35,163 INFO input.FileInputFormat: Total input files to process : 1
2026-05-04 18:00:35,905 INFO mapreduce.JobSubmitter: number of splits:2
2026-05-04 18:00:36,401 INFO mapreduce.JobSubmitter: Submitting tokens for job: job_1777883474743_0002
2026-05-04 18:00:36,402 INFO mapreduce.JobSubmitter: Executing with tokens: []
2026-05-04 18:00:37,029 INFO conf.Configuration: resource-types.xml not found
2026-05-04 18:00:37,031 INFO resource.ResourceUtils: Unable to find 'resource-types.xml'.
2026-05-04 18:00:37,209 INFO impl.YarnClientImpl: Submitted application application_1777883474743_0002
2026-05-04 18:00:37,313 INFO mapreduce.Job: The url to track the job: http://master:8088/proxy/application_1777883474743_0002/
2026-05-04 18:00:37,315 INFO mapreduce.Job: Running job: job_1777883474743_0002
2026-05-04 18:00:54,844 INFO mapreduce.Job: Job job_1777883474743_0002 running in uber mode : false
2026-05-04 18:00:54,846 INFO mapreduce.Job:  map 0% reduce 0%
2026-05-04 18:01:18,620 INFO mapreduce.Job:  map 12% reduce 0%
2026-05-04 18:01:19,646 INFO mapreduce.Job:  map 37% reduce 0%
2026-05-04 18:01:23,726 INFO mapreduce.Job:  map 62% reduce 0%
2026-05-04 18:01:24,741 INFO mapreduce.Job:  map 82% reduce 0%
2026-05-04 18:01:30,877 INFO mapreduce.Job:  map 100% reduce 0%
2026-05-04 18:01:32,918 INFO mapreduce.Job: Job job_1777883474743_0002 completed successfully
2026-05-04 18:01:33,108 INFO mapreduce.Job: Counters: 37
	File System Counters
		FILE: Number of bytes read=0
		FILE: Number of bytes written=555726
		FILE: Number of read operations=0
		FILE: Number of large read operations=0
		FILE: Number of write operations=0
		HDFS: Number of bytes read=194689174
		HDFS: Number of bytes written=71340964
		HDFS: Number of read operations=14
		HDFS: Number of large read operations=0
		HDFS: Number of write operations=4
		HDFS: Number of bytes read erasure-coded=0
	Job Counters 
		Killed map tasks=1
		Launched map tasks=3
		Data-local map tasks=3
		Total time spent by all maps in occupied slots (ms)=66299
		Total time spent by all reduces in occupied slots (ms)=0
		Total time spent by all map tasks (ms)=66299
		Total vcore-milliseconds taken by all map tasks=66299
		Total megabyte-milliseconds taken by all map tasks=67890176
	Map-Reduce Framework
		Map input records=1000001
		Map output records=999017
		Input split bytes=262
		Spilled Records=0
		Failed Shuffles=0
		Merged Map outputs=0
		GC time elapsed (ms)=1011
		CPU time spent (ms)=46190
		Physical memory (bytes) snapshot=561405952
		Virtual memory (bytes) snapshot=4198182912
		Total committed heap usage (bytes)=366477312
		Peak Map Physical memory (bytes)=284950528
		Peak Map Virtual memory (bytes)=2102988800
	E1
		dropped_no_station=458
		dropped_too_long=525
		kept=999017
	File Input Format Counters 
		Bytes Read=194688912
	File Output Format Counters 
		Bytes Written=71340964
=== E1 done: 2026-05-04T11:01:33+02:00, rc=0, duration=73591 ms ===
