=== E2b start: 2026-05-04T19:01:33+02:00 ===
Driver: pl.pwr.bigdata.mr.stage2.EventsAggDriver
Input:  /raw/events
Output: /processed/T2_events
Extra:  
2026-05-05 02:01:39,828 INFO client.DefaultNoHARMFailoverProxyProvider: Connecting to ResourceManager at master/10.0.2.4:8050
2026-05-05 02:01:40,568 INFO mapreduce.JobResourceUploader: Disabling Erasure Coding for path: /tmp/hadoop-yarn/staging/root/.staging/job_1777913547317_0003
2026-05-05 02:01:41,358 INFO input.FileInputFormat: Total input files to process : 9
2026-05-05 02:01:41,510 INFO mapreduce.JobSubmitter: number of splits:15
2026-05-05 02:01:41,741 INFO mapreduce.JobSubmitter: Submitting tokens for job: job_1777913547317_0003
2026-05-05 02:01:41,742 INFO mapreduce.JobSubmitter: Executing with tokens: []
2026-05-05 02:01:42,046 INFO conf.Configuration: resource-types.xml not found
2026-05-05 02:01:42,047 INFO resource.ResourceUtils: Unable to find 'resource-types.xml'.
2026-05-05 02:01:42,189 INFO impl.YarnClientImpl: Submitted application application_1777913547317_0003
2026-05-05 02:01:42,275 INFO mapreduce.Job: The url to track the job: http://master:8088/proxy/application_1777913547317_0003/
2026-05-05 02:01:42,277 INFO mapreduce.Job: Running job: job_1777913547317_0003
2026-05-05 02:01:52,575 INFO mapreduce.Job: Job job_1777913547317_0003 running in uber mode : false
2026-05-05 02:01:52,579 INFO mapreduce.Job:  map 0% reduce 0%
2026-05-05 02:02:16,965 INFO mapreduce.Job:  map 12% reduce 0%
2026-05-05 02:02:22,072 INFO mapreduce.Job:  map 23% reduce 0%
2026-05-05 02:02:23,080 INFO mapreduce.Job:  map 27% reduce 0%
2026-05-05 02:02:48,005 INFO mapreduce.Job:  map 31% reduce 0%
2026-05-05 02:02:49,027 INFO mapreduce.Job:  map 34% reduce 0%
2026-05-05 02:02:50,051 INFO mapreduce.Job:  map 34% reduce 9%
2026-05-05 02:02:52,105 INFO mapreduce.Job:  map 36% reduce 9%
2026-05-05 02:02:54,137 INFO mapreduce.Job:  map 40% reduce 9%
2026-05-05 02:02:55,165 INFO mapreduce.Job:  map 49% reduce 9%
2026-05-05 02:02:56,181 INFO mapreduce.Job:  map 49% reduce 16%
2026-05-05 02:02:57,205 INFO mapreduce.Job:  map 53% reduce 16%
2026-05-05 02:03:02,293 INFO mapreduce.Job:  map 53% reduce 18%
2026-05-05 02:03:15,873 INFO mapreduce.Job:  map 60% reduce 18%
2026-05-05 02:03:16,887 INFO mapreduce.Job:  map 67% reduce 18%
2026-05-05 02:03:19,939 INFO mapreduce.Job:  map 67% reduce 22%
2026-05-05 02:03:20,978 INFO mapreduce.Job:  map 73% reduce 22%
2026-05-05 02:03:23,029 INFO mapreduce.Job:  map 80% reduce 22%
2026-05-05 02:03:26,096 INFO mapreduce.Job:  map 80% reduce 27%
2026-05-05 02:03:32,337 INFO mapreduce.Job:  map 87% reduce 27%
2026-05-05 02:03:35,373 INFO mapreduce.Job:  map 93% reduce 27%
2026-05-05 02:03:37,392 INFO mapreduce.Job:  map 100% reduce 27%
2026-05-05 02:03:38,405 INFO mapreduce.Job:  map 100% reduce 47%
2026-05-05 02:03:43,400 INFO mapreduce.Job:  map 100% reduce 100%
2026-05-05 02:03:44,442 INFO mapreduce.Job: Job job_1777913547317_0003 completed successfully
2026-05-05 02:03:44,592 INFO mapreduce.Job: Counters: 57
	File System Counters
		FILE: Number of bytes read=233733659
		FILE: Number of bytes written=471911890
		FILE: Number of read operations=0
		FILE: Number of large read operations=0
		FILE: Number of write operations=0
		HDFS: Number of bytes read=1361601680
		HDFS: Number of bytes written=165627
		HDFS: Number of read operations=50
		HDFS: Number of large read operations=0
		HDFS: Number of write operations=2
		HDFS: Number of bytes read erasure-coded=0
	Job Counters 
		Killed map tasks=1
		Launched map tasks=16
		Launched reduce tasks=1
		Data-local map tasks=15
		Rack-local map tasks=1
		Total time spent by all maps in occupied slots (ms)=349727
		Total time spent by all reduces in occupied slots (ms)=79052
		Total time spent by all map tasks (ms)=349727
		Total time spent by all reduce tasks (ms)=79052
		Total vcore-milliseconds taken by all map tasks=349727
		Total vcore-milliseconds taken by all reduce tasks=79052
		Total megabyte-milliseconds taken by all map tasks=358120448
		Total megabyte-milliseconds taken by all reduce tasks=80949248
	Map-Reduce Framework
		Map input records=6536794
		Map output records=6536785
		Map output bytes=220660077
		Map output materialized bytes=233733737
		Input split bytes=1845
		Combine input records=0
		Combine output records=0
		Reduce input groups=1375
		Reduce shuffle bytes=233733737
		Reduce input records=6536785
		Reduce output records=1375
		Spilled Records=13073570
		Shuffled Maps =15
		Failed Shuffles=0
		Merged Map outputs=15
		GC time elapsed (ms)=8258
		CPU time spent (ms)=207540
		Physical memory (bytes) snapshot=6229835776
		Virtual memory (bytes) snapshot=33472466944
		Total committed heap usage (bytes)=4965531648
		Peak Map Physical memory (bytes)=389693440
		Peak Map Virtual memory (bytes)=2103644160
		Peak Reduce Physical memory (bytes)=525373440
		Peak Reduce Virtual memory (bytes)=2094645248
	E2b
		dropped_bad_timestamp=9
	Shuffle Errors
		BAD_ID=0
		CONNECTION=0
		IO_ERROR=0
		WRONG_LENGTH=0
		WRONG_MAP=0
		WRONG_REDUCE=0
	File Input Format Counters 
		Bytes Read=1361599835
	File Output Format Counters 
		Bytes Written=165627
=== E2b done: 2026-05-04T19:03:45+02:00, rc=0, duration=131579 ms ===
