=== E2a start: 2026-05-04T19:00:25+02:00 ===
Driver: pl.pwr.bigdata.mr.stage2.RidesAggDriver
Input:  /processed/T1
Output: /processed/T2_rides
Extra:  1
2026-05-05 02:00:32,027 INFO client.DefaultNoHARMFailoverProxyProvider: Connecting to ResourceManager at master/10.0.2.4:8050
2026-05-05 02:00:32,626 INFO mapreduce.JobResourceUploader: Disabling Erasure Coding for path: /tmp/hadoop-yarn/staging/root/.staging/job_1777913547317_0002
2026-05-05 02:00:33,291 INFO input.FileInputFormat: Total input files to process : 9
2026-05-05 02:00:33,876 INFO mapreduce.JobSubmitter: number of splits:9
2026-05-05 02:00:34,111 INFO mapreduce.JobSubmitter: Submitting tokens for job: job_1777913547317_0002
2026-05-05 02:00:34,112 INFO mapreduce.JobSubmitter: Executing with tokens: []
2026-05-05 02:00:34,403 INFO conf.Configuration: resource-types.xml not found
2026-05-05 02:00:34,404 INFO resource.ResourceUtils: Unable to find 'resource-types.xml'.
2026-05-05 02:00:34,535 INFO impl.YarnClientImpl: Submitted application application_1777913547317_0002
2026-05-05 02:00:34,616 INFO mapreduce.Job: The url to track the job: http://master:8088/proxy/application_1777913547317_0002/
2026-05-05 02:00:34,620 INFO mapreduce.Job: Running job: job_1777913547317_0002
2026-05-05 02:00:44,848 INFO mapreduce.Job: Job job_1777913547317_0002 running in uber mode : false
2026-05-05 02:00:44,855 INFO mapreduce.Job:  map 0% reduce 0%
2026-05-05 02:01:01,274 INFO mapreduce.Job:  map 11% reduce 0%
2026-05-05 02:01:02,321 INFO mapreduce.Job:  map 22% reduce 0%
2026-05-05 02:01:04,345 INFO mapreduce.Job:  map 33% reduce 0%
2026-05-05 02:01:05,364 INFO mapreduce.Job:  map 44% reduce 0%
2026-05-05 02:01:17,547 INFO mapreduce.Job:  map 56% reduce 0%
2026-05-05 02:01:25,689 INFO mapreduce.Job:  map 67% reduce 19%
2026-05-05 02:01:26,740 INFO mapreduce.Job:  map 78% reduce 19%
2026-05-05 02:01:27,751 INFO mapreduce.Job:  map 89% reduce 19%
2026-05-05 02:01:30,772 INFO mapreduce.Job:  map 100% reduce 19%
2026-05-05 02:01:31,793 INFO mapreduce.Job:  map 100% reduce 100%
2026-05-05 02:01:32,824 INFO mapreduce.Job: Job job_1777913547317_0002 completed successfully
2026-05-05 02:01:32,970 INFO mapreduce.Job: Counters: 56
	File System Counters
		FILE: Number of bytes read=39181
		FILE: Number of bytes written=2856295
		FILE: Number of read operations=0
		FILE: Number of large read operations=0
		FILE: Number of write operations=0
		HDFS: Number of bytes read=339781620
		HDFS: Number of bytes written=5502
		HDFS: Number of read operations=32
		HDFS: Number of large read operations=0
		HDFS: Number of write operations=2
		HDFS: Number of bytes read erasure-coded=0
	Job Counters 
		Killed map tasks=1
		Launched map tasks=9
		Launched reduce tasks=1
		Data-local map tasks=5
		Rack-local map tasks=4
		Total time spent by all maps in occupied slots (ms)=147253
		Total time spent by all reduces in occupied slots (ms)=28291
		Total time spent by all map tasks (ms)=147253
		Total time spent by all reduce tasks (ms)=28291
		Total vcore-milliseconds taken by all map tasks=147253
		Total vcore-milliseconds taken by all reduce tasks=28291
		Total megabyte-milliseconds taken by all map tasks=150787072
		Total megabyte-milliseconds taken by all reduce tasks=28969984
	Map-Reduce Framework
		Map input records=4756262
		Map output records=4756262
		Map output bytes=174697453
		Map output materialized bytes=39229
		Input split bytes=981
		Combine input records=4756262
		Combine output records=794
		Reduce input groups=155
		Reduce shuffle bytes=39229
		Reduce input records=794
		Reduce output records=155
		Spilled Records=1588
		Shuffled Maps =9
		Failed Shuffles=0
		Merged Map outputs=9
		GC time elapsed (ms)=3524
		CPU time spent (ms)=53370
		Physical memory (bytes) snapshot=3454558208
		Virtual memory (bytes) snapshot=20885106688
		Total committed heap usage (bytes)=2876768256
		Peak Map Physical memory (bytes)=367853568
		Peak Map Virtual memory (bytes)=2089799680
		Peak Reduce Physical memory (bytes)=232022016
		Peak Reduce Virtual memory (bytes)=2091061248
	Shuffle Errors
		BAD_ID=0
		CONNECTION=0
		IO_ERROR=0
		WRONG_LENGTH=0
		WRONG_MAP=0
		WRONG_REDUCE=0
	File Input Format Counters 
		Bytes Read=339780639
	File Output Format Counters 
		Bytes Written=5502
=== E2a done: 2026-05-04T19:01:33+02:00, rc=0, duration=67759 ms ===
