=== E4 start: 2026-05-04T17:00:15+02:00 ===
Driver: pl.pwr.bigdata.mr.stage4.EnrichDriver
Input:  /processed/T2
Output: /processed/W
Extra:  /processed/T3a /processed/T3b /processed/T3c
2026-05-05 00:00:30,378 INFO client.DefaultNoHARMFailoverProxyProvider: Connecting to ResourceManager at master/10.0.2.4:8050
2026-05-05 00:00:31,411 INFO mapreduce.JobResourceUploader: Disabling Erasure Coding for path: /tmp/hadoop-yarn/staging/root/.staging/job_1777896773821_0028
2026-05-05 00:00:32,488 INFO input.FileInputFormat: Total input files to process : 1
2026-05-05 00:00:32,745 INFO mapreduce.JobSubmitter: number of splits:1
2026-05-05 00:00:33,203 INFO mapreduce.JobSubmitter: Submitting tokens for job: job_1777896773821_0028
2026-05-05 00:00:33,204 INFO mapreduce.JobSubmitter: Executing with tokens: []
2026-05-05 00:00:33,772 INFO conf.Configuration: resource-types.xml not found
2026-05-05 00:00:33,773 INFO resource.ResourceUtils: Unable to find 'resource-types.xml'.
2026-05-05 00:00:33,995 INFO impl.YarnClientImpl: Submitted application application_1777896773821_0028
2026-05-05 00:00:34,174 INFO mapreduce.Job: The url to track the job: http://master:8088/proxy/application_1777896773821_0028/
2026-05-05 00:00:34,182 INFO mapreduce.Job: Running job: job_1777896773821_0028
2026-05-05 00:00:53,867 INFO mapreduce.Job: Job job_1777896773821_0028 running in uber mode : false
2026-05-05 00:00:53,870 INFO mapreduce.Job:  map 0% reduce 0%
2026-05-05 00:01:05,091 INFO mapreduce.Job:  map 100% reduce 0%
2026-05-05 00:01:07,137 INFO mapreduce.Job: Job job_1777896773821_0028 completed successfully
2026-05-05 00:01:07,314 INFO mapreduce.Job: Counters: 33
	File System Counters
		FILE: Number of bytes read=0
		FILE: Number of bytes written=278317
		FILE: Number of read operations=0
		FILE: Number of large read operations=0
		FILE: Number of write operations=0
		HDFS: Number of bytes read=23434
		HDFS: Number of bytes written=26600
		HDFS: Number of read operations=7
		HDFS: Number of large read operations=0
		HDFS: Number of write operations=2
		HDFS: Number of bytes read erasure-coded=0
	Job Counters 
		Launched map tasks=1
		Data-local map tasks=1
		Total time spent by all maps in occupied slots (ms)=7830
		Total time spent by all reduces in occupied slots (ms)=0
		Total time spent by all map tasks (ms)=7830
		Total vcore-milliseconds taken by all map tasks=7830
		Total megabyte-milliseconds taken by all map tasks=8017920
	Map-Reduce Framework
		Map input records=155
		Map output records=155
		Input split bytes=109
		Spilled Records=0
		Failed Shuffles=0
		Merged Map outputs=0
		GC time elapsed (ms)=107
		CPU time spent (ms)=1230
		Physical memory (bytes) snapshot=214028288
		Virtual memory (bytes) snapshot=2089066496
		Total committed heap usage (bytes)=181403648
		Peak Map Physical memory (bytes)=214028288
		Peak Map Virtual memory (bytes)=2089066496
	File Input Format Counters 
		Bytes Read=23325
	File Output Format Counters 
		Bytes Written=26600
=== E4 done: 2026-05-04T17:01:07+02:00, rc=0, duration=51765 ms ===
