=== E3a start: 2026-05-04T15:51:58+02:00 ===
Driver: pl.pwr.bigdata.mr.stage3.BoroughStatsDriver
Input:  /processed/T2
Output: /processed/T3a
Extra:  
2026-05-04 22:52:05,953 INFO client.DefaultNoHARMFailoverProxyProvider: Connecting to ResourceManager at master/10.0.2.4:8050
2026-05-04 22:52:06,535 INFO mapreduce.JobResourceUploader: Disabling Erasure Coding for path: /tmp/hadoop-yarn/staging/root/.staging/job_1777896773821_0013
2026-05-04 22:52:06,978 INFO input.FileInputFormat: Total input files to process : 1
2026-05-04 22:52:07,126 INFO mapreduce.JobSubmitter: number of splits:1
2026-05-04 22:52:07,353 INFO mapreduce.JobSubmitter: Submitting tokens for job: job_1777896773821_0013
2026-05-04 22:52:07,354 INFO mapreduce.JobSubmitter: Executing with tokens: []
2026-05-04 22:52:07,666 INFO conf.Configuration: resource-types.xml not found
2026-05-04 22:52:07,667 INFO resource.ResourceUtils: Unable to find 'resource-types.xml'.
2026-05-04 22:52:07,814 INFO impl.YarnClientImpl: Submitted application application_1777896773821_0013
2026-05-04 22:52:07,926 INFO mapreduce.Job: The url to track the job: http://master:8088/proxy/application_1777896773821_0013/
2026-05-04 22:52:07,929 INFO mapreduce.Job: Running job: job_1777896773821_0013
2026-05-04 22:52:19,269 INFO mapreduce.Job: Job job_1777896773821_0013 running in uber mode : false
2026-05-04 22:52:19,275 INFO mapreduce.Job:  map 0% reduce 0%
2026-05-04 22:52:27,567 INFO mapreduce.Job:  map 100% reduce 0%
2026-05-04 22:52:36,628 INFO mapreduce.Job:  map 100% reduce 100%
2026-05-04 22:52:36,645 INFO mapreduce.Job: Job job_1777896773821_0013 completed successfully
2026-05-04 22:52:36,798 INFO mapreduce.Job: Counters: 54
	File System Counters
		FILE: Number of bytes read=1120
		FILE: Number of bytes written=557389
		FILE: Number of read operations=0
		FILE: Number of large read operations=0
		FILE: Number of write operations=0
		HDFS: Number of bytes read=11344
		HDFS: Number of bytes written=287
		HDFS: Number of read operations=8
		HDFS: Number of large read operations=0
		HDFS: Number of write operations=2
		HDFS: Number of bytes read erasure-coded=0
	Job Counters 
		Launched map tasks=1
		Launched reduce tasks=1
		Rack-local map tasks=1
		Total time spent by all maps in occupied slots (ms)=5732
		Total time spent by all reduces in occupied slots (ms)=5959
		Total time spent by all map tasks (ms)=5732
		Total time spent by all reduce tasks (ms)=5959
		Total vcore-milliseconds taken by all map tasks=5732
		Total vcore-milliseconds taken by all reduce tasks=5959
		Total megabyte-milliseconds taken by all map tasks=5869568
		Total megabyte-milliseconds taken by all reduce tasks=6102016
	Map-Reduce Framework
		Map input records=75
		Map output records=75
		Map output bytes=964
		Map output materialized bytes=1120
		Input split bytes=109
		Combine input records=0
		Combine output records=0
		Reduce input groups=5
		Reduce shuffle bytes=1120
		Reduce input records=75
		Reduce output records=5
		Spilled Records=150
		Shuffled Maps =1
		Failed Shuffles=0
		Merged Map outputs=1
		GC time elapsed (ms)=184
		CPU time spent (ms)=1600
		Physical memory (bytes) snapshot=540078080
		Virtual memory (bytes) snapshot=4178063360
		Total committed heap usage (bytes)=484966400
		Peak Map Physical memory (bytes)=311906304
		Peak Map Virtual memory (bytes)=2086256640
		Peak Reduce Physical memory (bytes)=228171776
		Peak Reduce Virtual memory (bytes)=2091806720
	Shuffle Errors
		BAD_ID=0
		CONNECTION=0
		IO_ERROR=0
		WRONG_LENGTH=0
		WRONG_MAP=0
		WRONG_REDUCE=0
	File Input Format Counters 
		Bytes Read=11235
	File Output Format Counters 
		Bytes Written=287
=== E3a done: 2026-05-04T15:52:37+02:00, rc=0, duration=38615 ms ===
