=== E3a start: 2026-05-04T16:56:57+02:00 ===
Driver: pl.pwr.bigdata.mr.stage3.BoroughStatsDriver
Input:  /processed/T2
Output: /processed/T3a
Extra:  
2026-05-04 23:57:08,355 INFO client.DefaultNoHARMFailoverProxyProvider: Connecting to ResourceManager at master/10.0.2.4:8050
2026-05-04 23:57:09,410 INFO mapreduce.JobResourceUploader: Disabling Erasure Coding for path: /tmp/hadoop-yarn/staging/root/.staging/job_1777896773821_0025
2026-05-04 23:57:10,236 INFO input.FileInputFormat: Total input files to process : 1
2026-05-04 23:57:10,764 INFO mapreduce.JobSubmitter: number of splits:1
2026-05-04 23:57:11,133 INFO mapreduce.JobSubmitter: Submitting tokens for job: job_1777896773821_0025
2026-05-04 23:57:11,134 INFO mapreduce.JobSubmitter: Executing with tokens: []
2026-05-04 23:57:11,659 INFO conf.Configuration: resource-types.xml not found
2026-05-04 23:57:11,663 INFO resource.ResourceUtils: Unable to find 'resource-types.xml'.
2026-05-04 23:57:12,048 INFO impl.YarnClientImpl: Submitted application application_1777896773821_0025
2026-05-04 23:57:12,408 INFO mapreduce.Job: The url to track the job: http://master:8088/proxy/application_1777896773821_0025/
2026-05-04 23:57:12,410 INFO mapreduce.Job: Running job: job_1777896773821_0025
2026-05-04 23:57:30,583 INFO mapreduce.Job: Job job_1777896773821_0025 running in uber mode : false
2026-05-04 23:57:30,593 INFO mapreduce.Job:  map 0% reduce 0%
2026-05-04 23:57:42,029 INFO mapreduce.Job:  map 100% reduce 0%
2026-05-04 23:57:53,293 INFO mapreduce.Job:  map 100% reduce 100%
2026-05-04 23:57:54,355 INFO mapreduce.Job: Job job_1777896773821_0025 completed successfully
2026-05-04 23:57:54,678 INFO mapreduce.Job: Counters: 54
	File System Counters
		FILE: Number of bytes read=2354
		FILE: Number of bytes written=559857
		FILE: Number of read operations=0
		FILE: Number of large read operations=0
		FILE: Number of write operations=0
		HDFS: Number of bytes read=23434
		HDFS: Number of bytes written=295
		HDFS: Number of read operations=8
		HDFS: Number of large read operations=0
		HDFS: Number of write operations=2
		HDFS: Number of bytes read erasure-coded=0
	Job Counters 
		Launched map tasks=1
		Launched reduce tasks=1
		Rack-local map tasks=1
		Total time spent by all maps in occupied slots (ms)=8301
		Total time spent by all reduces in occupied slots (ms)=8201
		Total time spent by all map tasks (ms)=8301
		Total time spent by all reduce tasks (ms)=8201
		Total vcore-milliseconds taken by all map tasks=8301
		Total vcore-milliseconds taken by all reduce tasks=8201
		Total megabyte-milliseconds taken by all map tasks=8500224
		Total megabyte-milliseconds taken by all reduce tasks=8397824
	Map-Reduce Framework
		Map input records=155
		Map output records=155
		Map output bytes=2038
		Map output materialized bytes=2354
		Input split bytes=109
		Combine input records=0
		Combine output records=0
		Reduce input groups=5
		Reduce shuffle bytes=2354
		Reduce input records=155
		Reduce output records=5
		Spilled Records=310
		Shuffled Maps =1
		Failed Shuffles=0
		Merged Map outputs=1
		GC time elapsed (ms)=262
		CPU time spent (ms)=2840
		Physical memory (bytes) snapshot=541339648
		Virtual memory (bytes) snapshot=4180885504
		Total committed heap usage (bytes)=477102080
		Peak Map Physical memory (bytes)=322498560
		Peak Map Virtual memory (bytes)=2085818368
		Peak Reduce Physical memory (bytes)=218841088
		Peak Reduce Virtual memory (bytes)=2095067136
	Shuffle Errors
		BAD_ID=0
		CONNECTION=0
		IO_ERROR=0
		WRONG_LENGTH=0
		WRONG_MAP=0
		WRONG_REDUCE=0
	File Input Format Counters 
		Bytes Read=23325
	File Output Format Counters 
		Bytes Written=295
=== E3a done: 2026-05-04T16:57:55+02:00, rc=0, duration=57409 ms ===
