=== E2c start: 2026-05-04T15:51:25+02:00 ===
Driver: pl.pwr.bigdata.mr.stage2.JoinDriver
Input:  /processed/T2_rides
Output: /processed/T2
Extra:  /raw/noaa /processed/T2_events
2026-05-04 22:51:32,521 INFO client.DefaultNoHARMFailoverProxyProvider: Connecting to ResourceManager at master/10.0.2.4:8050
2026-05-04 22:51:33,172 INFO mapreduce.JobResourceUploader: Disabling Erasure Coding for path: /tmp/hadoop-yarn/staging/root/.staging/job_1777896773821_0012
2026-05-04 22:51:34,142 INFO input.FileInputFormat: Total input files to process : 1
2026-05-04 22:51:34,376 INFO mapreduce.JobSubmitter: number of splits:1
2026-05-04 22:51:34,712 INFO mapreduce.JobSubmitter: Submitting tokens for job: job_1777896773821_0012
2026-05-04 22:51:34,712 INFO mapreduce.JobSubmitter: Executing with tokens: []
2026-05-04 22:51:35,072 INFO conf.Configuration: resource-types.xml not found
2026-05-04 22:51:35,075 INFO resource.ResourceUtils: Unable to find 'resource-types.xml'.
2026-05-04 22:51:35,213 INFO impl.YarnClientImpl: Submitted application application_1777896773821_0012
2026-05-04 22:51:35,333 INFO mapreduce.Job: The url to track the job: http://master:8088/proxy/application_1777896773821_0012/
2026-05-04 22:51:35,336 INFO mapreduce.Job: Running job: job_1777896773821_0012
2026-05-04 22:51:48,566 INFO mapreduce.Job: Job job_1777896773821_0012 running in uber mode : false
2026-05-04 22:51:48,568 INFO mapreduce.Job:  map 0% reduce 0%
2026-05-04 22:51:56,863 INFO mapreduce.Job:  map 100% reduce 0%
2026-05-04 22:51:57,920 INFO mapreduce.Job: Job job_1777896773821_0012 completed successfully
2026-05-04 22:51:58,051 INFO mapreduce.Job: Counters: 33
	File System Counters
		FILE: Number of bytes read=0
		FILE: Number of bytes written=280372
		FILE: Number of read operations=0
		FILE: Number of large read operations=0
		FILE: Number of write operations=0
		HDFS: Number of bytes read=2745
		HDFS: Number of bytes written=11235
		HDFS: Number of read operations=7
		HDFS: Number of large read operations=0
		HDFS: Number of write operations=2
		HDFS: Number of bytes read erasure-coded=0
	Job Counters 
		Launched map tasks=1
		Rack-local map tasks=1
		Total time spent by all maps in occupied slots (ms)=6190
		Total time spent by all reduces in occupied slots (ms)=0
		Total time spent by all map tasks (ms)=6190
		Total vcore-milliseconds taken by all map tasks=6190
		Total megabyte-milliseconds taken by all map tasks=6338560
	Map-Reduce Framework
		Map input records=75
		Map output records=75
		Input split bytes=115
		Spilled Records=0
		Failed Shuffles=0
		Merged Map outputs=0
		GC time elapsed (ms)=133
		CPU time spent (ms)=1020
		Physical memory (bytes) snapshot=220291072
		Virtual memory (bytes) snapshot=2089254912
		Total committed heap usage (bytes)=187170816
		Peak Map Physical memory (bytes)=220291072
		Peak Map Virtual memory (bytes)=2089254912
	File Input Format Counters 
		Bytes Read=2630
	File Output Format Counters 
		Bytes Written=11235
=== E2c done: 2026-05-04T15:51:58+02:00, rc=0, duration=33147 ms ===
