=== E3b start: 2026-05-04T15:52:37+02:00 ===
Driver: pl.pwr.bigdata.mr.stage3.RegressionDriver
Input:  /processed/T2
Output: /processed/T3b
Extra:  
2026-05-04 22:52:44,668 INFO client.DefaultNoHARMFailoverProxyProvider: Connecting to ResourceManager at master/10.0.2.4:8050
2026-05-04 22:52:45,324 INFO mapreduce.JobResourceUploader: Disabling Erasure Coding for path: /tmp/hadoop-yarn/staging/root/.staging/job_1777896773821_0014
2026-05-04 22:52:45,756 INFO input.FileInputFormat: Total input files to process : 1
2026-05-04 22:52:45,918 INFO mapreduce.JobSubmitter: number of splits:1
2026-05-04 22:52:46,139 INFO mapreduce.JobSubmitter: Submitting tokens for job: job_1777896773821_0014
2026-05-04 22:52:46,139 INFO mapreduce.JobSubmitter: Executing with tokens: []
2026-05-04 22:52:46,442 INFO conf.Configuration: resource-types.xml not found
2026-05-04 22:52:46,444 INFO resource.ResourceUtils: Unable to find 'resource-types.xml'.
2026-05-04 22:52:46,560 INFO impl.YarnClientImpl: Submitted application application_1777896773821_0014
2026-05-04 22:52:46,632 INFO mapreduce.Job: The url to track the job: http://master:8088/proxy/application_1777896773821_0014/
2026-05-04 22:52:46,634 INFO mapreduce.Job: Running job: job_1777896773821_0014
2026-05-04 22:52:58,082 INFO mapreduce.Job: Job job_1777896773821_0014 running in uber mode : false
2026-05-04 22:52:58,087 INFO mapreduce.Job:  map 0% reduce 0%
2026-05-04 22:53:06,201 INFO mapreduce.Job:  map 100% reduce 0%
2026-05-04 22:53:14,368 INFO mapreduce.Job:  map 100% reduce 100%
2026-05-04 22:53:15,422 INFO mapreduce.Job: Job job_1777896773821_0014 completed successfully
2026-05-04 22:53:15,660 INFO mapreduce.Job: Counters: 55
	File System Counters
		FILE: Number of bytes read=699
		FILE: Number of bytes written=556935
		FILE: Number of read operations=0
		FILE: Number of large read operations=0
		FILE: Number of write operations=0
		HDFS: Number of bytes read=11344
		HDFS: Number of bytes written=180
		HDFS: Number of read operations=8
		HDFS: Number of large read operations=0
		HDFS: Number of write operations=2
		HDFS: Number of bytes read erasure-coded=0
	Job Counters 
		Launched map tasks=1
		Launched reduce tasks=1
		Data-local map tasks=1
		Total time spent by all maps in occupied slots (ms)=5230
		Total time spent by all reduces in occupied slots (ms)=6174
		Total time spent by all map tasks (ms)=5230
		Total time spent by all reduce tasks (ms)=6174
		Total vcore-milliseconds taken by all map tasks=5230
		Total vcore-milliseconds taken by all reduce tasks=6174
		Total megabyte-milliseconds taken by all map tasks=5355520
		Total megabyte-milliseconds taken by all reduce tasks=6322176
	Map-Reduce Framework
		Map input records=75
		Map output records=75
		Map output bytes=2479
		Map output materialized bytes=699
		Input split bytes=109
		Combine input records=75
		Combine output records=5
		Reduce input groups=5
		Reduce shuffle bytes=699
		Reduce input records=5
		Reduce output records=5
		Spilled Records=10
		Shuffled Maps =1
		Failed Shuffles=0
		Merged Map outputs=1
		GC time elapsed (ms)=362
		CPU time spent (ms)=1660
		Physical memory (bytes) snapshot=530546688
		Virtual memory (bytes) snapshot=4178219008
		Total committed heap usage (bytes)=472907776
		Peak Map Physical memory (bytes)=314716160
		Peak Map Virtual memory (bytes)=2085216256
		Peak Reduce Physical memory (bytes)=215830528
		Peak Reduce Virtual memory (bytes)=2093002752
	E3b
		fallback_singular=5
	Shuffle Errors
		BAD_ID=0
		CONNECTION=0
		IO_ERROR=0
		WRONG_LENGTH=0
		WRONG_MAP=0
		WRONG_REDUCE=0
	File Input Format Counters 
		Bytes Read=11235
	File Output Format Counters 
		Bytes Written=180
=== E3b done: 2026-05-04T15:53:16+02:00, rc=0, duration=38808 ms ===
