=== E4 start: 2026-05-04T19:05:50+02:00 ===
Driver: pl.pwr.bigdata.mr.stage4.EnrichDriver
Input:  /processed/T2
Output: /processed/W
Extra:  /processed/T3a /processed/T3b /processed/T3c
2026-05-05 02:05:56,123 INFO client.DefaultNoHARMFailoverProxyProvider: Connecting to ResourceManager at master/10.0.2.4:8050
2026-05-05 02:05:56,578 INFO mapreduce.JobResourceUploader: Disabling Erasure Coding for path: /tmp/hadoop-yarn/staging/root/.staging/job_1777913547317_0008
2026-05-05 02:05:57,460 INFO input.FileInputFormat: Total input files to process : 1
2026-05-05 02:05:57,617 INFO mapreduce.JobSubmitter: number of splits:1
2026-05-05 02:05:58,426 INFO mapreduce.JobSubmitter: Submitting tokens for job: job_1777913547317_0008
2026-05-05 02:05:58,427 INFO mapreduce.JobSubmitter: Executing with tokens: []
2026-05-05 02:05:58,713 INFO conf.Configuration: resource-types.xml not found
2026-05-05 02:05:58,715 INFO resource.ResourceUtils: Unable to find 'resource-types.xml'.
2026-05-05 02:05:58,826 INFO impl.YarnClientImpl: Submitted application application_1777913547317_0008
2026-05-05 02:05:58,909 INFO mapreduce.Job: The url to track the job: http://master:8088/proxy/application_1777913547317_0008/
2026-05-05 02:05:58,911 INFO mapreduce.Job: Running job: job_1777913547317_0008
2026-05-05 02:06:09,201 INFO mapreduce.Job: Job job_1777913547317_0008 running in uber mode : false
2026-05-05 02:06:09,212 INFO mapreduce.Job:  map 0% reduce 0%
2026-05-05 02:06:16,355 INFO mapreduce.Job:  map 100% reduce 0%
2026-05-05 02:06:17,383 INFO mapreduce.Job: Job job_1777913547317_0008 completed successfully
2026-05-05 02:06:17,510 INFO mapreduce.Job: Counters: 33
	File System Counters
		FILE: Number of bytes read=0
		FILE: Number of bytes written=278317
		FILE: Number of read operations=0
		FILE: Number of large read operations=0
		FILE: Number of write operations=0
		HDFS: Number of bytes read=23434
		HDFS: Number of bytes written=26600
		HDFS: Number of read operations=7
		HDFS: Number of large read operations=0
		HDFS: Number of write operations=2
		HDFS: Number of bytes read erasure-coded=0
	Job Counters 
		Launched map tasks=1
		Data-local map tasks=1
		Total time spent by all maps in occupied slots (ms)=4753
		Total time spent by all reduces in occupied slots (ms)=0
		Total time spent by all map tasks (ms)=4753
		Total vcore-milliseconds taken by all map tasks=4753
		Total megabyte-milliseconds taken by all map tasks=4867072
	Map-Reduce Framework
		Map input records=155
		Map output records=155
		Input split bytes=109
		Spilled Records=0
		Failed Shuffles=0
		Merged Map outputs=0
		GC time elapsed (ms)=110
		CPU time spent (ms)=1000
		Physical memory (bytes) snapshot=213610496
		Virtual memory (bytes) snapshot=2089283584
		Total committed heap usage (bytes)=178257920
		Peak Map Physical memory (bytes)=213610496
		Peak Map Virtual memory (bytes)=2089283584
	File Input Format Counters 
		Bytes Read=23325
	File Output Format Counters 
		Bytes Written=26600
=== E4 done: 2026-05-04T19:06:17+02:00, rc=0, duration=27511 ms ===
