=== run_all start: 2026-04-25T13:28:32+02:00 ===
Month filter: 2025-06
Skip prepare: 0
Skip build:   0
[build] copying sources to master:/opt/mr/src ...
[build] compiling inside master container ...
[build] downloading mr-jobs.jar to /mnt/c/Users/Admin/Desktop/magisterka_pwr/semestry/III/przetwarzanie_danych/przetwarzanie-danych-pwr/build/ ...
[build] OK: /mnt/c/Users/Admin/Desktop/magisterka_pwr/semestry/III/przetwarzanie_danych/przetwarzanie-danych-pwr/build/mr-jobs.jar (48K)
[prepare] ensuring unzip available in master ...
[prepare] listing ZIP files under /raw/citibike/ ...
[prepare] skip 202503-citibike-tripdata (not 202506)
[prepare] skip 202504-citibike-tripdata (not 202506)
[prepare] skip 202505-citibike-tripdata (not 202506)
[prepare] unpacking /raw/citibike/2026-04-18/202506-citibike-tripdata.zip -> /processed/citibike/202506-citibike-tripdata.csv
[prepare] skip 202507-citibike-tripdata (not 202506)
[prepare] skip 202508-citibike-tripdata (not 202506)
[prepare] skip 202509-citibike-tripdata (not 202506)
[prepare] skip 202510-citibike-tripdata (not 202506)
[prepare] skip 202511-citibike-tripdata (not 202506)
[prepare] done. /processed/citibike/ contents:
Found 1 items
-rw-r--r--   3 root supergroup  194684816 2026-04-25 20:29 /processed/citibike/202506-citibike-tripdata.csv
--- Stage 1 START 2026-04-25T13:29:49+02:00 ---
[stage1] using stations file: /raw/station_to_borough/2026-04-21/stations_2026-04-21.csv
=== E1 start: 2026-04-25T13:30:01+02:00 ===
Driver: pl.pwr.bigdata.mr.stage1.CleanDriver
Input:  /processed/citibike
Output: /processed/T1
Extra:  /raw/station_to_borough/2026-04-21/stations_2026-04-21.csv
2026-04-25 20:30:10,116 INFO client.DefaultNoHARMFailoverProxyProvider: Connecting to ResourceManager at master/10.0.2.4:8050
2026-04-25 20:30:11,394 INFO mapreduce.JobResourceUploader: Disabling Erasure Coding for path: /tmp/hadoop-yarn/staging/root/.staging/job_1777116364560_0001
2026-04-25 20:30:12,919 INFO input.FileInputFormat: Total input files to process : 1
2026-04-25 20:30:13,475 INFO mapreduce.JobSubmitter: number of splits:2
2026-04-25 20:30:14,496 INFO mapreduce.JobSubmitter: Submitting tokens for job: job_1777116364560_0001
2026-04-25 20:30:14,497 INFO mapreduce.JobSubmitter: Executing with tokens: []
2026-04-25 20:30:15,169 INFO conf.Configuration: resource-types.xml not found
2026-04-25 20:30:15,172 INFO resource.ResourceUtils: Unable to find 'resource-types.xml'.
2026-04-25 20:30:16,132 INFO impl.YarnClientImpl: Submitted application application_1777116364560_0001
2026-04-25 20:30:16,399 INFO mapreduce.Job: The url to track the job: http://master:8088/proxy/application_1777116364560_0001/
2026-04-25 20:30:16,404 INFO mapreduce.Job: Running job: job_1777116364560_0001
2026-04-25 20:30:37,890 INFO mapreduce.Job: Job job_1777116364560_0001 running in uber mode : false
2026-04-25 20:30:37,893 INFO mapreduce.Job:  map 0% reduce 0%
2026-04-25 20:31:14,773 INFO mapreduce.Job:  map 4% reduce 0%
2026-04-25 20:31:21,454 INFO mapreduce.Job:  map 10% reduce 0%
2026-04-25 20:31:26,966 INFO mapreduce.Job:  map 24% reduce 0%
2026-04-25 20:31:31,298 INFO mapreduce.Job:  map 47% reduce 0%
2026-04-25 20:31:37,598 INFO mapreduce.Job:  map 71% reduce 0%
2026-04-25 20:31:38,774 INFO mapreduce.Job:  map 72% reduce 0%
2026-04-25 20:31:44,610 INFO mapreduce.Job:  map 79% reduce 0%
2026-04-25 20:31:49,799 INFO mapreduce.Job:  map 89% reduce 0%
2026-04-25 20:31:53,320 INFO mapreduce.Job:  map 100% reduce 0%
2026-04-25 20:31:55,378 INFO mapreduce.Job: Job job_1777116364560_0001 completed successfully
2026-04-25 20:31:55,562 INFO mapreduce.Job: Counters: 37
	File System Counters
		FILE: Number of bytes read=0
		FILE: Number of bytes written=555084
		FILE: Number of read operations=0
		FILE: Number of large read operations=0
		FILE: Number of write operations=0
		HDFS: Number of bytes read=194689174
		HDFS: Number of bytes written=71340964
		HDFS: Number of read operations=14
		HDFS: Number of large read operations=0
		HDFS: Number of write operations=4
		HDFS: Number of bytes read erasure-coded=0
	Job Counters 
		Killed map tasks=1
		Launched map tasks=3
		Data-local map tasks=3
		Total time spent by all maps in occupied slots (ms)=139788
		Total time spent by all reduces in occupied slots (ms)=0
		Total time spent by all map tasks (ms)=139788
		Total vcore-milliseconds taken by all map tasks=139788
		Total megabyte-milliseconds taken by all map tasks=143142912
	Map-Reduce Framework
		Map input records=1000001
		Map output records=999017
		Input split bytes=262
		Spilled Records=0
		Failed Shuffles=0
		Merged Map outputs=0
		GC time elapsed (ms)=3372
		CPU time spent (ms)=112160
		Physical memory (bytes) snapshot=843247616
		Virtual memory (bytes) snapshot=5117374464
		Total committed heap usage (bytes)=664272896
		Peak Map Physical memory (bytes)=424325120
		Peak Map Virtual memory (bytes)=2560393216
	E1
		dropped_no_station=458
		dropped_too_long=525
		kept=999017
	File Input Format Counters 
		Bytes Read=194688912
	File Output Format Counters 
		Bytes Written=71340964
=== E1 done: 2026-04-25T13:31:56+02:00, rc=0, duration=114018 ms ===
--- Stage 1 END   2026-04-25T13:31:56+02:00 duration=126545 ms ---
--- Stage 2 START 2026-04-25T13:31:56+02:00 ---
[stage2] E2a — rides aggregation
=== E2a start: 2026-04-25T13:31:56+02:00 ===
Driver: pl.pwr.bigdata.mr.stage2.RidesAggDriver
Input:  /processed/T1
Output: /processed/T2_rides
Extra:  1
2026-04-25 20:32:07,854 INFO client.DefaultNoHARMFailoverProxyProvider: Connecting to ResourceManager at master/10.0.2.4:8050
2026-04-25 20:32:08,734 INFO mapreduce.JobResourceUploader: Disabling Erasure Coding for path: /tmp/hadoop-yarn/staging/root/.staging/job_1777116364560_0002
2026-04-25 20:32:09,401 INFO input.FileInputFormat: Total input files to process : 2
2026-04-25 20:32:10,050 INFO mapreduce.JobSubmitter: number of splits:2
2026-04-25 20:32:11,140 INFO mapreduce.JobSubmitter: Submitting tokens for job: job_1777116364560_0002
2026-04-25 20:32:11,141 INFO mapreduce.JobSubmitter: Executing with tokens: []
2026-04-25 20:32:11,613 INFO conf.Configuration: resource-types.xml not found
2026-04-25 20:32:11,616 INFO resource.ResourceUtils: Unable to find 'resource-types.xml'.
2026-04-25 20:32:11,785 INFO impl.YarnClientImpl: Submitted application application_1777116364560_0002
2026-04-25 20:32:11,896 INFO mapreduce.Job: The url to track the job: http://master:8088/proxy/application_1777116364560_0002/
2026-04-25 20:32:11,899 INFO mapreduce.Job: Running job: job_1777116364560_0002
2026-04-25 20:33:00,661 INFO mapreduce.Job: Job job_1777116364560_0002 running in uber mode : false
2026-04-25 20:33:00,664 INFO mapreduce.Job:  map 0% reduce 0%
2026-04-25 20:33:42,033 INFO mapreduce.Job:  map 13% reduce 0%
2026-04-25 20:33:43,123 INFO mapreduce.Job:  map 46% reduce 0%
2026-04-25 20:33:47,628 INFO mapreduce.Job:  map 83% reduce 0%
2026-04-25 20:33:52,858 INFO mapreduce.Job:  map 100% reduce 0%
2026-04-25 20:34:09,622 INFO mapreduce.Job:  map 100% reduce 100%
2026-04-25 20:34:10,694 INFO mapreduce.Job: Job job_1777116364560_0002 completed successfully
2026-04-25 20:34:10,993 INFO mapreduce.Job: Counters: 54
	File System Counters
		FILE: Number of bytes read=7424
		FILE: Number of bytes written=847224
		FILE: Number of read operations=0
		FILE: Number of large read operations=0
		FILE: Number of write operations=0
		HDFS: Number of bytes read=71341182
		HDFS: Number of bytes written=2630
		HDFS: Number of read operations=11
		HDFS: Number of large read operations=0
		HDFS: Number of write operations=2
		HDFS: Number of bytes read erasure-coded=0
	Job Counters 
		Launched map tasks=2
		Launched reduce tasks=1
		Data-local map tasks=2
		Total time spent by all maps in occupied slots (ms)=92128
		Total time spent by all reduces in occupied slots (ms)=21261
		Total time spent by all map tasks (ms)=92128
		Total time spent by all reduce tasks (ms)=21261
		Total vcore-milliseconds taken by all map tasks=92128
		Total vcore-milliseconds taken by all reduce tasks=21261
		Total megabyte-milliseconds taken by all map tasks=94339072
		Total megabyte-milliseconds taken by all reduce tasks=21771264
	Map-Reduce Framework
		Map input records=999017
		Map output records=999017
		Map output bytes=36665102
		Map output materialized bytes=7430
		Input split bytes=218
		Combine input records=999017
		Combine output records=150
		Reduce input groups=75
		Reduce shuffle bytes=7430
		Reduce input records=150
		Reduce output records=75
		Spilled Records=300
		Shuffled Maps =2
		Failed Shuffles=0
		Merged Map outputs=2
		GC time elapsed (ms)=8689
		CPU time spent (ms)=54200
		Physical memory (bytes) snapshot=1272893440
		Virtual memory (bytes) snapshot=7634116608
		Total committed heap usage (bytes)=1137704960
		Peak Map Physical memory (bytes)=593604608
		Peak Map Virtual memory (bytes)=2543276032
		Peak Reduce Physical memory (bytes)=187076608
		Peak Reduce Virtual memory (bytes)=2548817920
	Shuffle Errors
		BAD_ID=0
		CONNECTION=0
		IO_ERROR=0
		WRONG_LENGTH=0
		WRONG_MAP=0
		WRONG_REDUCE=0
	File Input Format Counters 
		Bytes Read=71340964
	File Output Format Counters 
		Bytes Written=2630
=== E2a done: 2026-04-25T13:34:11+02:00, rc=0, duration=135265 ms ===
[stage2] E2b — events aggregation
=== E2b start: 2026-04-25T13:34:11+02:00 ===
Driver: pl.pwr.bigdata.mr.stage2.EventsAggDriver
Input:  /raw/events
Output: /processed/T2_events
Extra:  
2026-04-25 20:34:26,637 INFO client.DefaultNoHARMFailoverProxyProvider: Connecting to ResourceManager at master/10.0.2.4:8050
2026-04-25 20:34:30,238 INFO mapreduce.JobResourceUploader: Disabling Erasure Coding for path: /tmp/hadoop-yarn/staging/root/.staging/job_1777116364560_0003
2026-04-25 20:34:33,014 INFO input.FileInputFormat: Total input files to process : 1
2026-04-25 20:34:33,499 INFO mapreduce.JobSubmitter: number of splits:1
2026-04-25 20:34:34,688 INFO mapreduce.JobSubmitter: Submitting tokens for job: job_1777116364560_0003
2026-04-25 20:34:34,689 INFO mapreduce.JobSubmitter: Executing with tokens: []
2026-04-25 20:34:37,016 INFO conf.Configuration: resource-types.xml not found
2026-04-25 20:34:37,020 INFO resource.ResourceUtils: Unable to find 'resource-types.xml'.
2026-04-25 20:34:37,722 INFO impl.YarnClientImpl: Submitted application application_1777116364560_0003
2026-04-25 20:34:38,060 INFO mapreduce.Job: The url to track the job: http://master:8088/proxy/application_1777116364560_0003/
2026-04-25 20:34:38,062 INFO mapreduce.Job: Running job: job_1777116364560_0003
2026-04-25 20:35:00,305 INFO mapreduce.Job: Job job_1777116364560_0003 running in uber mode : false
2026-04-25 20:35:00,309 INFO mapreduce.Job:  map 0% reduce 0%
2026-04-25 20:35:09,046 INFO mapreduce.Job: Task Id : attempt_1777116364560_0003_m_000000_0, Status : FAILED
Error: java.io.FileNotFoundException: Path is not a file: /raw/events/2026-04-18
	at org.apache.hadoop.hdfs.server.namenode.INodeFile.valueOf(INodeFile.java:90)
	at org.apache.hadoop.hdfs.server.namenode.INodeFile.valueOf(INodeFile.java:76)
	at org.apache.hadoop.hdfs.server.namenode.FSDirStatAndListingOp.getBlockLocations(FSDirStatAndListingOp.java:156)
	at org.apache.hadoop.hdfs.server.namenode.FSNamesystem.getBlockLocations(FSNamesystem.java:2124)
	at org.apache.hadoop.hdfs.server.namenode.NameNodeRpcServer.getBlockLocations(NameNodeRpcServer.java:769)
	at org.apache.hadoop.hdfs.protocolPB.ClientNamenodeProtocolServerSideTranslatorPB.getBlockLocations(ClientNamenodeProtocolServerSideTranslatorPB.java:460)
	at org.apache.hadoop.hdfs.protocol.proto.ClientNamenodeProtocolProtos$ClientNamenodeProtocol$2.callBlockingMethod(ClientNamenodeProtocolProtos.java)
	at org.apache.hadoop.ipc.ProtobufRpcEngine2$Server$ProtoBufRpcInvoker.call(ProtobufRpcEngine2.java:621)
	at org.apache.hadoop.ipc.ProtobufRpcEngine2$Server$ProtoBufRpcInvoker.call(ProtobufRpcEngine2.java:589)
	at org.apache.hadoop.ipc.ProtobufRpcEngine2$Server$ProtoBufRpcInvoker.call(ProtobufRpcEngine2.java:573)
	at org.apache.hadoop.ipc.RPC$Server.call(RPC.java:1213)
	at org.apache.hadoop.ipc.Server$RpcCall.run(Server.java:1089)
	at org.apache.hadoop.ipc.Server$RpcCall.run(Server.java:1012)
	at java.security.AccessController.doPrivileged(Native Method)
	at javax.security.auth.Subject.doAs(Subject.java:422)
	at org.apache.hadoop.security.UserGroupInformation.doAs(UserGroupInformation.java:1899)
	at org.apache.hadoop.ipc.Server$Handler.run(Server.java:3026)

	at sun.reflect.NativeConstructorAccessorImpl.newInstance0(Native Method)
	at sun.reflect.NativeConstructorAccessorImpl.newInstance(NativeConstructorAccessorImpl.java:62)
	at sun.reflect.DelegatingConstructorAccessorImpl.newInstance(DelegatingConstructorAccessorImpl.java:45)
	at java.lang.reflect.Constructor.newInstance(Constructor.java:423)
	at org.apache.hadoop.ipc.RemoteException.instantiateException(RemoteException.java:121)
	at org.apache.hadoop.ipc.RemoteException.unwrapRemoteException(RemoteException.java:88)
	at org.apache.hadoop.hdfs.DFSClient.callGetBlockLocations(DFSClient.java:902)
	at org.apache.hadoop.hdfs.DFSClient.getLocatedBlocks(DFSClient.java:889)
	at org.apache.hadoop.hdfs.DFSClient.getLocatedBlocks(DFSClient.java:878)
	at org.apache.hadoop.hdfs.DFSClient.open(DFSClient.java:1046)
	at org.apache.hadoop.hdfs.DistributedFileSystem$4.doCall(DistributedFileSystem.java:340)
	at org.apache.hadoop.hdfs.DistributedFileSystem$4.doCall(DistributedFileSystem.java:336)
	at org.apache.hadoop.fs.FileSystemLinkResolver.resolve(FileSystemLinkResolver.java:81)
	at org.apache.hadoop.hdfs.DistributedFileSystem.open(DistributedFileSystem.java:353)
	at org.apache.hadoop.fs.FileSystem.lambda$openFileWithOptions$0(FileSystem.java:4737)
	at org.apache.hadoop.util.LambdaUtils.eval(LambdaUtils.java:52)
	at org.apache.hadoop.fs.FileSystem.openFileWithOptions(FileSystem.java:4735)
	at org.apache.hadoop.fs.FileSystem$FSDataInputStreamBuilder.build(FileSystem.java:4874)
	at org.apache.hadoop.mapreduce.lib.input.LineRecordReader.initialize(LineRecordReader.java:100)
	at org.apache.hadoop.mapred.MapTask$NewTrackingRecordReader.initialize(MapTask.java:561)
	at org.apache.hadoop.mapred.MapTask.runNewMapper(MapTask.java:799)
	at org.apache.hadoop.mapred.MapTask.run(MapTask.java:348)
	at org.apache.hadoop.mapred.YarnChild$2.run(YarnChild.java:178)
	at java.security.AccessController.doPrivileged(Native Method)
	at javax.security.auth.Subject.doAs(Subject.java:422)
	at org.apache.hadoop.security.UserGroupInformation.doAs(UserGroupInformation.java:1899)
	at org.apache.hadoop.mapred.YarnChild.main(YarnChild.java:172)
Caused by: org.apache.hadoop.ipc.RemoteException(java.io.FileNotFoundException): Path is not a file: /raw/events/2026-04-18
	at org.apache.hadoop.hdfs.server.namenode.INodeFile.valueOf(INodeFile.java:90)
	at org.apache.hadoop.hdfs.server.namenode.INodeFile.valueOf(INodeFile.java:76)
	at org.apache.hadoop.hdfs.server.namenode.FSDirStatAndListingOp.getBlockLocations(FSDirStatAndListingOp.java:156)
	at org.apache.hadoop.hdfs.server.namenode.FSNamesystem.getBlockLocations(FSNamesystem.java:2124)
	at org.apache.hadoop.hdfs.server.namenode.NameNodeRpcServer.getBlockLocations(NameNodeRpcServer.java:769)
	at org.apache.hadoop.hdfs.protocolPB.ClientNamenodeProtocolServerSideTranslatorPB.getBlockLocations(ClientNamenodeProtocolServerSideTranslatorPB.java:460)
	at org.apache.hadoop.hdfs.protocol.proto.ClientNamenodeProtocolProtos$ClientNamenodeProtocol$2.callBlockingMethod(ClientNamenodeProtocolProtos.java)
	at org.apache.hadoop.ipc.ProtobufRpcEngine2$Server$ProtoBufRpcInvoker.call(ProtobufRpcEngine2.java:621)
	at org.apache.hadoop.ipc.ProtobufRpcEngine2$Server$ProtoBufRpcInvoker.call(ProtobufRpcEngine2.java:589)
	at org.apache.hadoop.ipc.ProtobufRpcEngine2$Server$ProtoBufRpcInvoker.call(ProtobufRpcEngine2.java:573)
	at org.apache.hadoop.ipc.RPC$Server.call(RPC.java:1213)
	at org.apache.hadoop.ipc.Server$RpcCall.run(Server.java:1089)
	at org.apache.hadoop.ipc.Server$RpcCall.run(Server.java:1012)
	at java.security.AccessController.doPrivileged(Native Method)
	at javax.security.auth.Subject.doAs(Subject.java:422)
	at org.apache.hadoop.security.UserGroupInformation.doAs(UserGroupInformation.java:1899)
	at org.apache.hadoop.ipc.Server$Handler.run(Server.java:3026)

	at org.apache.hadoop.ipc.Client.getRpcResponse(Client.java:1584)
	at org.apache.hadoop.ipc.Client.call(Client.java:1530)
	at org.apache.hadoop.ipc.Client.call(Client.java:1427)
	at org.apache.hadoop.ipc.ProtobufRpcEngine2$Invoker.invoke(ProtobufRpcEngine2.java:258)
	at org.apache.hadoop.ipc.ProtobufRpcEngine2$Invoker.invoke(ProtobufRpcEngine2.java:139)
	at com.sun.proxy.$Proxy13.getBlockLocations(Unknown Source)
	at org.apache.hadoop.hdfs.protocolPB.ClientNamenodeProtocolTranslatorPB.getBlockLocations(ClientNamenodeProtocolTranslatorPB.java:334)
	at sun.reflect.NativeMethodAccessorImpl.invoke0(Native Method)
	at sun.reflect.NativeMethodAccessorImpl.invoke(NativeMethodAccessorImpl.java:62)
	at sun.reflect.DelegatingMethodAccessorImpl.invoke(DelegatingMethodAccessorImpl.java:43)
	at java.lang.reflect.Method.invoke(Method.java:498)
	at org.apache.hadoop.io.retry.RetryInvocationHandler.invokeMethod(RetryInvocationHandler.java:433)
	at org.apache.hadoop.io.retry.RetryInvocationHandler$Call.invokeMethod(RetryInvocationHandler.java:166)
	at org.apache.hadoop.io.retry.RetryInvocationHandler$Call.invoke(RetryInvocationHandler.java:158)
	at org.apache.hadoop.io.retry.RetryInvocationHandler$Call.invokeOnce(RetryInvocationHandler.java:96)
	at org.apache.hadoop.io.retry.RetryInvocationHandler.invoke(RetryInvocationHandler.java:362)
	at com.sun.proxy.$Proxy14.getBlockLocations(Unknown Source)
	at org.apache.hadoop.hdfs.DFSClient.callGetBlockLocations(DFSClient.java:900)
	... 20 more

2026-04-25 20:35:20,361 INFO mapreduce.Job: Task Id : attempt_1777116364560_0003_m_000000_1, Status : FAILED
Error: java.io.FileNotFoundException: Path is not a file: /raw/events/2026-04-18
	at org.apache.hadoop.hdfs.server.namenode.INodeFile.valueOf(INodeFile.java:90)
	at org.apache.hadoop.hdfs.server.namenode.INodeFile.valueOf(INodeFile.java:76)
	at org.apache.hadoop.hdfs.server.namenode.FSDirStatAndListingOp.getBlockLocations(FSDirStatAndListingOp.java:156)
	at org.apache.hadoop.hdfs.server.namenode.FSNamesystem.getBlockLocations(FSNamesystem.java:2124)
	at org.apache.hadoop.hdfs.server.namenode.NameNodeRpcServer.getBlockLocations(NameNodeRpcServer.java:769)
	at org.apache.hadoop.hdfs.protocolPB.ClientNamenodeProtocolServerSideTranslatorPB.getBlockLocations(ClientNamenodeProtocolServerSideTranslatorPB.java:460)
	at org.apache.hadoop.hdfs.protocol.proto.ClientNamenodeProtocolProtos$ClientNamenodeProtocol$2.callBlockingMethod(ClientNamenodeProtocolProtos.java)
	at org.apache.hadoop.ipc.ProtobufRpcEngine2$Server$ProtoBufRpcInvoker.call(ProtobufRpcEngine2.java:621)
	at org.apache.hadoop.ipc.ProtobufRpcEngine2$Server$ProtoBufRpcInvoker.call(ProtobufRpcEngine2.java:589)
	at org.apache.hadoop.ipc.ProtobufRpcEngine2$Server$ProtoBufRpcInvoker.call(ProtobufRpcEngine2.java:573)
	at org.apache.hadoop.ipc.RPC$Server.call(RPC.java:1213)
	at org.apache.hadoop.ipc.Server$RpcCall.run(Server.java:1089)
	at org.apache.hadoop.ipc.Server$RpcCall.run(Server.java:1012)
	at java.security.AccessController.doPrivileged(Native Method)
	at javax.security.auth.Subject.doAs(Subject.java:422)
	at org.apache.hadoop.security.UserGroupInformation.doAs(UserGroupInformation.java:1899)
	at org.apache.hadoop.ipc.Server$Handler.run(Server.java:3026)

	at sun.reflect.NativeConstructorAccessorImpl.newInstance0(Native Method)
	at sun.reflect.NativeConstructorAccessorImpl.newInstance(NativeConstructorAccessorImpl.java:62)
	at sun.reflect.DelegatingConstructorAccessorImpl.newInstance(DelegatingConstructorAccessorImpl.java:45)
	at java.lang.reflect.Constructor.newInstance(Constructor.java:423)
	at org.apache.hadoop.ipc.RemoteException.instantiateException(RemoteException.java:121)
	at org.apache.hadoop.ipc.RemoteException.unwrapRemoteException(RemoteException.java:88)
	at org.apache.hadoop.hdfs.DFSClient.callGetBlockLocations(DFSClient.java:902)
	at org.apache.hadoop.hdfs.DFSClient.getLocatedBlocks(DFSClient.java:889)
	at org.apache.hadoop.hdfs.DFSClient.getLocatedBlocks(DFSClient.java:878)
	at org.apache.hadoop.hdfs.DFSClient.open(DFSClient.java:1046)
	at org.apache.hadoop.hdfs.DistributedFileSystem$4.doCall(DistributedFileSystem.java:340)
	at org.apache.hadoop.hdfs.DistributedFileSystem$4.doCall(DistributedFileSystem.java:336)
	at org.apache.hadoop.fs.FileSystemLinkResolver.resolve(FileSystemLinkResolver.java:81)
	at org.apache.hadoop.hdfs.DistributedFileSystem.open(DistributedFileSystem.java:353)
	at org.apache.hadoop.fs.FileSystem.lambda$openFileWithOptions$0(FileSystem.java:4737)
	at org.apache.hadoop.util.LambdaUtils.eval(LambdaUtils.java:52)
	at org.apache.hadoop.fs.FileSystem.openFileWithOptions(FileSystem.java:4735)
	at org.apache.hadoop.fs.FileSystem$FSDataInputStreamBuilder.build(FileSystem.java:4874)
	at org.apache.hadoop.mapreduce.lib.input.LineRecordReader.initialize(LineRecordReader.java:100)
	at org.apache.hadoop.mapred.MapTask$NewTrackingRecordReader.initialize(MapTask.java:561)
	at org.apache.hadoop.mapred.MapTask.runNewMapper(MapTask.java:799)
	at org.apache.hadoop.mapred.MapTask.run(MapTask.java:348)
	at org.apache.hadoop.mapred.YarnChild$2.run(YarnChild.java:178)
	at java.security.AccessController.doPrivileged(Native Method)
	at javax.security.auth.Subject.doAs(Subject.java:422)
	at org.apache.hadoop.security.UserGroupInformation.doAs(UserGroupInformation.java:1899)
	at org.apache.hadoop.mapred.YarnChild.main(YarnChild.java:172)
Caused by: org.apache.hadoop.ipc.RemoteException(java.io.FileNotFoundException): Path is not a file: /raw/events/2026-04-18
	at org.apache.hadoop.hdfs.server.namenode.INodeFile.valueOf(INodeFile.java:90)
	at org.apache.hadoop.hdfs.server.namenode.INodeFile.valueOf(INodeFile.java:76)
	at org.apache.hadoop.hdfs.server.namenode.FSDirStatAndListingOp.getBlockLocations(FSDirStatAndListingOp.java:156)
	at org.apache.hadoop.hdfs.server.namenode.FSNamesystem.getBlockLocations(FSNamesystem.java:2124)
	at org.apache.hadoop.hdfs.server.namenode.NameNodeRpcServer.getBlockLocations(NameNodeRpcServer.java:769)
	at org.apache.hadoop.hdfs.protocolPB.ClientNamenodeProtocolServerSideTranslatorPB.getBlockLocations(ClientNamenodeProtocolServerSideTranslatorPB.java:460)
	at org.apache.hadoop.hdfs.protocol.proto.ClientNamenodeProtocolProtos$ClientNamenodeProtocol$2.callBlockingMethod(ClientNamenodeProtocolProtos.java)
	at org.apache.hadoop.ipc.ProtobufRpcEngine2$Server$ProtoBufRpcInvoker.call(ProtobufRpcEngine2.java:621)
	at org.apache.hadoop.ipc.ProtobufRpcEngine2$Server$ProtoBufRpcInvoker.call(ProtobufRpcEngine2.java:589)
	at org.apache.hadoop.ipc.ProtobufRpcEngine2$Server$ProtoBufRpcInvoker.call(ProtobufRpcEngine2.java:573)
	at org.apache.hadoop.ipc.RPC$Server.call(RPC.java:1213)
	at org.apache.hadoop.ipc.Server$RpcCall.run(Server.java:1089)
	at org.apache.hadoop.ipc.Server$RpcCall.run(Server.java:1012)
	at java.security.AccessController.doPrivileged(Native Method)
	at javax.security.auth.Subject.doAs(Subject.java:422)
	at org.apache.hadoop.security.UserGroupInformation.doAs(UserGroupInformation.java:1899)
	at org.apache.hadoop.ipc.Server$Handler.run(Server.java:3026)

	at org.apache.hadoop.ipc.Client.getRpcResponse(Client.java:1584)
	at org.apache.hadoop.ipc.Client.call(Client.java:1530)
	at org.apache.hadoop.ipc.Client.call(Client.java:1427)
	at org.apache.hadoop.ipc.ProtobufRpcEngine2$Invoker.invoke(ProtobufRpcEngine2.java:258)
	at org.apache.hadoop.ipc.ProtobufRpcEngine2$Invoker.invoke(ProtobufRpcEngine2.java:139)
	at com.sun.proxy.$Proxy13.getBlockLocations(Unknown Source)
	at org.apache.hadoop.hdfs.protocolPB.ClientNamenodeProtocolTranslatorPB.getBlockLocations(ClientNamenodeProtocolTranslatorPB.java:334)
	at sun.reflect.NativeMethodAccessorImpl.invoke0(Native Method)
	at sun.reflect.NativeMethodAccessorImpl.invoke(NativeMethodAccessorImpl.java:62)
	at sun.reflect.DelegatingMethodAccessorImpl.invoke(DelegatingMethodAccessorImpl.java:43)
	at java.lang.reflect.Method.invoke(Method.java:498)
	at org.apache.hadoop.io.retry.RetryInvocationHandler.invokeMethod(RetryInvocationHandler.java:433)
	at org.apache.hadoop.io.retry.RetryInvocationHandler$Call.invokeMethod(RetryInvocationHandler.java:166)
	at org.apache.hadoop.io.retry.RetryInvocationHandler$Call.invoke(RetryInvocationHandler.java:158)
	at org.apache.hadoop.io.retry.RetryInvocationHandler$Call.invokeOnce(RetryInvocationHandler.java:96)
	at org.apache.hadoop.io.retry.RetryInvocationHandler.invoke(RetryInvocationHandler.java:362)
	at com.sun.proxy.$Proxy14.getBlockLocations(Unknown Source)
	at org.apache.hadoop.hdfs.DFSClient.callGetBlockLocations(DFSClient.java:900)
	... 20 more

2026-04-25 20:35:28,620 INFO mapreduce.Job: Task Id : attempt_1777116364560_0003_m_000000_2, Status : FAILED
Error: java.io.FileNotFoundException: Path is not a file: /raw/events/2026-04-18
	at org.apache.hadoop.hdfs.server.namenode.INodeFile.valueOf(INodeFile.java:90)
	at org.apache.hadoop.hdfs.server.namenode.INodeFile.valueOf(INodeFile.java:76)
	at org.apache.hadoop.hdfs.server.namenode.FSDirStatAndListingOp.getBlockLocations(FSDirStatAndListingOp.java:156)
	at org.apache.hadoop.hdfs.server.namenode.FSNamesystem.getBlockLocations(FSNamesystem.java:2124)
	at org.apache.hadoop.hdfs.server.namenode.NameNodeRpcServer.getBlockLocations(NameNodeRpcServer.java:769)
	at org.apache.hadoop.hdfs.protocolPB.ClientNamenodeProtocolServerSideTranslatorPB.getBlockLocations(ClientNamenodeProtocolServerSideTranslatorPB.java:460)
	at org.apache.hadoop.hdfs.protocol.proto.ClientNamenodeProtocolProtos$ClientNamenodeProtocol$2.callBlockingMethod(ClientNamenodeProtocolProtos.java)
	at org.apache.hadoop.ipc.ProtobufRpcEngine2$Server$ProtoBufRpcInvoker.call(ProtobufRpcEngine2.java:621)
	at org.apache.hadoop.ipc.ProtobufRpcEngine2$Server$ProtoBufRpcInvoker.call(ProtobufRpcEngine2.java:589)
	at org.apache.hadoop.ipc.ProtobufRpcEngine2$Server$ProtoBufRpcInvoker.call(ProtobufRpcEngine2.java:573)
	at org.apache.hadoop.ipc.RPC$Server.call(RPC.java:1213)
	at org.apache.hadoop.ipc.Server$RpcCall.run(Server.java:1089)
	at org.apache.hadoop.ipc.Server$RpcCall.run(Server.java:1012)
	at java.security.AccessController.doPrivileged(Native Method)
	at javax.security.auth.Subject.doAs(Subject.java:422)
	at org.apache.hadoop.security.UserGroupInformation.doAs(UserGroupInformation.java:1899)
	at org.apache.hadoop.ipc.Server$Handler.run(Server.java:3026)

	at sun.reflect.NativeConstructorAccessorImpl.newInstance0(Native Method)
	at sun.reflect.NativeConstructorAccessorImpl.newInstance(NativeConstructorAccessorImpl.java:62)
	at sun.reflect.DelegatingConstructorAccessorImpl.newInstance(DelegatingConstructorAccessorImpl.java:45)
	at java.lang.reflect.Constructor.newInstance(Constructor.java:423)
	at org.apache.hadoop.ipc.RemoteException.instantiateException(RemoteException.java:121)
	at org.apache.hadoop.ipc.RemoteException.unwrapRemoteException(RemoteException.java:88)
	at org.apache.hadoop.hdfs.DFSClient.callGetBlockLocations(DFSClient.java:902)
	at org.apache.hadoop.hdfs.DFSClient.getLocatedBlocks(DFSClient.java:889)
	at org.apache.hadoop.hdfs.DFSClient.getLocatedBlocks(DFSClient.java:878)
	at org.apache.hadoop.hdfs.DFSClient.open(DFSClient.java:1046)
	at org.apache.hadoop.hdfs.DistributedFileSystem$4.doCall(DistributedFileSystem.java:340)
	at org.apache.hadoop.hdfs.DistributedFileSystem$4.doCall(DistributedFileSystem.java:336)
	at org.apache.hadoop.fs.FileSystemLinkResolver.resolve(FileSystemLinkResolver.java:81)
	at org.apache.hadoop.hdfs.DistributedFileSystem.open(DistributedFileSystem.java:353)
	at org.apache.hadoop.fs.FileSystem.lambda$openFileWithOptions$0(FileSystem.java:4737)
	at org.apache.hadoop.util.LambdaUtils.eval(LambdaUtils.java:52)
	at org.apache.hadoop.fs.FileSystem.openFileWithOptions(FileSystem.java:4735)
	at org.apache.hadoop.fs.FileSystem$FSDataInputStreamBuilder.build(FileSystem.java:4874)
	at org.apache.hadoop.mapreduce.lib.input.LineRecordReader.initialize(LineRecordReader.java:100)
	at org.apache.hadoop.mapred.MapTask$NewTrackingRecordReader.initialize(MapTask.java:561)
	at org.apache.hadoop.mapred.MapTask.runNewMapper(MapTask.java:799)
	at org.apache.hadoop.mapred.MapTask.run(MapTask.java:348)
	at org.apache.hadoop.mapred.YarnChild$2.run(YarnChild.java:178)
	at java.security.AccessController.doPrivileged(Native Method)
	at javax.security.auth.Subject.doAs(Subject.java:422)
	at org.apache.hadoop.security.UserGroupInformation.doAs(UserGroupInformation.java:1899)
	at org.apache.hadoop.mapred.YarnChild.main(YarnChild.java:172)
Caused by: org.apache.hadoop.ipc.RemoteException(java.io.FileNotFoundException): Path is not a file: /raw/events/2026-04-18
	at org.apache.hadoop.hdfs.server.namenode.INodeFile.valueOf(INodeFile.java:90)
	at org.apache.hadoop.hdfs.server.namenode.INodeFile.valueOf(INodeFile.java:76)
	at org.apache.hadoop.hdfs.server.namenode.FSDirStatAndListingOp.getBlockLocations(FSDirStatAndListingOp.java:156)
	at org.apache.hadoop.hdfs.server.namenode.FSNamesystem.getBlockLocations(FSNamesystem.java:2124)
	at org.apache.hadoop.hdfs.server.namenode.NameNodeRpcServer.getBlockLocations(NameNodeRpcServer.java:769)
	at org.apache.hadoop.hdfs.protocolPB.ClientNamenodeProtocolServerSideTranslatorPB.getBlockLocations(ClientNamenodeProtocolServerSideTranslatorPB.java:460)
	at org.apache.hadoop.hdfs.protocol.proto.ClientNamenodeProtocolProtos$ClientNamenodeProtocol$2.callBlockingMethod(ClientNamenodeProtocolProtos.java)
	at org.apache.hadoop.ipc.ProtobufRpcEngine2$Server$ProtoBufRpcInvoker.call(ProtobufRpcEngine2.java:621)
	at org.apache.hadoop.ipc.ProtobufRpcEngine2$Server$ProtoBufRpcInvoker.call(ProtobufRpcEngine2.java:589)
	at org.apache.hadoop.ipc.ProtobufRpcEngine2$Server$ProtoBufRpcInvoker.call(ProtobufRpcEngine2.java:573)
	at org.apache.hadoop.ipc.RPC$Server.call(RPC.java:1213)
	at org.apache.hadoop.ipc.Server$RpcCall.run(Server.java:1089)
	at org.apache.hadoop.ipc.Server$RpcCall.run(Server.java:1012)
	at java.security.AccessController.doPrivileged(Native Method)
	at javax.security.auth.Subject.doAs(Subject.java:422)
	at org.apache.hadoop.security.UserGroupInformation.doAs(UserGroupInformation.java:1899)
	at org.apache.hadoop.ipc.Server$Handler.run(Server.java:3026)

	at org.apache.hadoop.ipc.Client.getRpcResponse(Client.java:1584)
	at org.apache.hadoop.ipc.Client.call(Client.java:1530)
	at org.apache.hadoop.ipc.Client.call(Client.java:1427)
	at org.apache.hadoop.ipc.ProtobufRpcEngine2$Invoker.invoke(ProtobufRpcEngine2.java:258)
	at org.apache.hadoop.ipc.ProtobufRpcEngine2$Invoker.invoke(ProtobufRpcEngine2.java:139)
	at com.sun.proxy.$Proxy13.getBlockLocations(Unknown Source)
	at org.apache.hadoop.hdfs.protocolPB.ClientNamenodeProtocolTranslatorPB.getBlockLocations(ClientNamenodeProtocolTranslatorPB.java:334)
	at sun.reflect.NativeMethodAccessorImpl.invoke0(Native Method)
	at sun.reflect.NativeMethodAccessorImpl.invoke(NativeMethodAccessorImpl.java:62)
	at sun.reflect.DelegatingMethodAccessorImpl.invoke(DelegatingMethodAccessorImpl.java:43)
	at java.lang.reflect.Method.invoke(Method.java:498)
	at org.apache.hadoop.io.retry.RetryInvocationHandler.invokeMethod(RetryInvocationHandler.java:433)
	at org.apache.hadoop.io.retry.RetryInvocationHandler$Call.invokeMethod(RetryInvocationHandler.java:166)
	at org.apache.hadoop.io.retry.RetryInvocationHandler$Call.invoke(RetryInvocationHandler.java:158)
	at org.apache.hadoop.io.retry.RetryInvocationHandler$Call.invokeOnce(RetryInvocationHandler.java:96)
	at org.apache.hadoop.io.retry.RetryInvocationHandler.invoke(RetryInvocationHandler.java:362)
	at com.sun.proxy.$Proxy14.getBlockLocations(Unknown Source)
	at org.apache.hadoop.hdfs.DFSClient.callGetBlockLocations(DFSClient.java:900)
	... 20 more

2026-04-25 20:35:36,097 INFO mapreduce.Job:  map 100% reduce 100%
2026-04-25 20:35:37,178 INFO mapreduce.Job: Job job_1777116364560_0003 failed with state FAILED due to: Task failed task_1777116364560_0003_m_000000
Job failed as tasks failed. failedMaps:1 failedReduces:0 killedMaps:0 killedReduces: 0

2026-04-25 20:35:37,340 INFO mapreduce.Job: Counters: 9
	Job Counters 
		Failed map tasks=4
		Killed reduce tasks=1
		Launched map tasks=4
		Other local map tasks=4
		Total time spent by all maps in occupied slots (ms)=28696
		Total time spent by all reduces in occupied slots (ms)=0
		Total time spent by all map tasks (ms)=28696
		Total vcore-milliseconds taken by all map tasks=28696
		Total megabyte-milliseconds taken by all map tasks=29384704
=== E2b done: 2026-04-25T13:35:37+02:00, rc=1, duration=86292 ms ===
