=== run_all start: 2026-05-04T15:46:20+02:00 ===
Month filter: <all>
Skip prepare: 1
Skip build:   0
Sample mode:  0
[build] copying sources to master:/opt/mr/src ...
[build] compiling inside master container ...
[build] downloading mr-jobs.jar to /mnt/c/Users/Admin/Desktop/magisterka_pwr/semestry/III/przetwarzanie_danych/przetwarzanie-danych-pwr/build/ ...
[build] OK: /mnt/c/Users/Admin/Desktop/magisterka_pwr/semestry/III/przetwarzanie_danych/przetwarzanie-danych-pwr/build/mr-jobs.jar (48K)
--- Stage 1 START 2026-05-04T15:46:32+02:00 ---
[stage1] using stations file: /raw/station_to_borough/2026-04-21/stations_2026-04-21.csv
=== E1 start: 2026-05-04T15:46:48+02:00 ===
Driver: pl.pwr.bigdata.mr.stage1.CleanDriver
Input:  /processed/citibike
Output: /processed/T1
Extra:  /raw/station_to_borough/2026-04-21/stations_2026-04-21.csv
2026-05-04 22:46:58,756 INFO client.DefaultNoHARMFailoverProxyProvider: Connecting to ResourceManager at master/10.0.2.4:8050
2026-05-04 22:47:01,461 INFO mapreduce.JobResourceUploader: Disabling Erasure Coding for path: /tmp/hadoop-yarn/staging/root/.staging/job_1777896773821_0009
2026-05-04 22:47:03,603 INFO input.FileInputFormat: Total input files to process : 1
2026-05-04 22:47:05,668 INFO mapreduce.JobSubmitter: number of splits:2
2026-05-04 22:47:06,859 INFO mapreduce.JobSubmitter: Submitting tokens for job: job_1777896773821_0009
2026-05-04 22:47:06,859 INFO mapreduce.JobSubmitter: Executing with tokens: []
2026-05-04 22:47:07,273 INFO conf.Configuration: resource-types.xml not found
2026-05-04 22:47:07,274 INFO resource.ResourceUtils: Unable to find 'resource-types.xml'.
2026-05-04 22:47:07,702 INFO impl.YarnClientImpl: Submitted application application_1777896773821_0009
2026-05-04 22:47:07,776 INFO mapreduce.Job: The url to track the job: http://master:8088/proxy/application_1777896773821_0009/
2026-05-04 22:47:07,778 INFO mapreduce.Job: Running job: job_1777896773821_0009
2026-05-04 22:47:22,354 INFO mapreduce.Job: Job job_1777896773821_0009 running in uber mode : false
2026-05-04 22:47:22,360 INFO mapreduce.Job:  map 0% reduce 0%
2026-05-04 22:47:43,756 INFO mapreduce.Job:  map 50% reduce 0%
2026-05-04 22:47:45,800 INFO mapreduce.Job:  map 78% reduce 0%
2026-05-04 22:47:48,838 INFO mapreduce.Job:  map 100% reduce 0%
2026-05-04 22:47:50,897 INFO mapreduce.Job: Job job_1777896773821_0009 completed successfully
2026-05-04 22:47:51,143 INFO mapreduce.Job: Counters: 36
	File System Counters
		FILE: Number of bytes read=0
		FILE: Number of bytes written=555722
		FILE: Number of read operations=0
		FILE: Number of large read operations=0
		FILE: Number of write operations=0
		HDFS: Number of bytes read=194689174
		HDFS: Number of bytes written=71340964
		HDFS: Number of read operations=14
		HDFS: Number of large read operations=0
		HDFS: Number of write operations=4
		HDFS: Number of bytes read erasure-coded=0
	Job Counters 
		Launched map tasks=2
		Data-local map tasks=2
		Total time spent by all maps in occupied slots (ms)=43477
		Total time spent by all reduces in occupied slots (ms)=0
		Total time spent by all map tasks (ms)=43477
		Total vcore-milliseconds taken by all map tasks=43477
		Total megabyte-milliseconds taken by all map tasks=44520448
	Map-Reduce Framework
		Map input records=1000001
		Map output records=999017
		Input split bytes=262
		Spilled Records=0
		Failed Shuffles=0
		Merged Map outputs=0
		GC time elapsed (ms)=710
		CPU time spent (ms)=30860
		Physical memory (bytes) snapshot=542928896
		Virtual memory (bytes) snapshot=4194127872
		Total committed heap usage (bytes)=385875968
		Peak Map Physical memory (bytes)=277516288
		Peak Map Virtual memory (bytes)=2103619584
	E1
		dropped_no_station=458
		dropped_too_long=525
		kept=999017
	File Input Format Counters 
		Bytes Read=194688912
	File Output Format Counters 
		Bytes Written=71340964
=== E1 done: 2026-05-04T15:47:51+02:00, rc=0, duration=63168 ms ===
--- Stage 1 END   2026-05-04T15:47:51+02:00 duration=78658 ms ---
--- Stage 2 START 2026-05-04T15:47:51+02:00 ---
[stage2] E2a — rides aggregation
=== E2a start: 2026-05-04T15:47:51+02:00 ===
Driver: pl.pwr.bigdata.mr.stage2.RidesAggDriver
Input:  /processed/T1
Output: /processed/T2_rides
Extra:  1
2026-05-04 22:47:58,926 INFO client.DefaultNoHARMFailoverProxyProvider: Connecting to ResourceManager at master/10.0.2.4:8050
2026-05-04 22:47:59,775 INFO mapreduce.JobResourceUploader: Disabling Erasure Coding for path: /tmp/hadoop-yarn/staging/root/.staging/job_1777896773821_0010
2026-05-04 22:48:00,852 INFO input.FileInputFormat: Total input files to process : 2
2026-05-04 22:48:01,186 INFO mapreduce.JobSubmitter: number of splits:2
2026-05-04 22:48:01,569 INFO mapreduce.JobSubmitter: Submitting tokens for job: job_1777896773821_0010
2026-05-04 22:48:01,570 INFO mapreduce.JobSubmitter: Executing with tokens: []
2026-05-04 22:48:01,894 INFO conf.Configuration: resource-types.xml not found
2026-05-04 22:48:01,895 INFO resource.ResourceUtils: Unable to find 'resource-types.xml'.
2026-05-04 22:48:02,013 INFO impl.YarnClientImpl: Submitted application application_1777896773821_0010
2026-05-04 22:48:02,095 INFO mapreduce.Job: The url to track the job: http://master:8088/proxy/application_1777896773821_0010/
2026-05-04 22:48:02,098 INFO mapreduce.Job: Running job: job_1777896773821_0010
2026-05-04 22:48:14,486 INFO mapreduce.Job: Job job_1777896773821_0010 running in uber mode : false
2026-05-04 22:48:14,493 INFO mapreduce.Job:  map 0% reduce 0%
2026-05-04 22:48:27,958 INFO mapreduce.Job:  map 50% reduce 0%
2026-05-04 22:48:32,053 INFO mapreduce.Job:  map 100% reduce 0%
2026-05-04 22:48:38,049 INFO mapreduce.Job:  map 100% reduce 100%
2026-05-04 22:48:39,086 INFO mapreduce.Job: Job job_1777896773821_0010 completed successfully
2026-05-04 22:48:39,263 INFO mapreduce.Job: Counters: 55
	File System Counters
		FILE: Number of bytes read=7424
		FILE: Number of bytes written=848181
		FILE: Number of read operations=0
		FILE: Number of large read operations=0
		FILE: Number of write operations=0
		HDFS: Number of bytes read=71341182
		HDFS: Number of bytes written=2630
		HDFS: Number of read operations=11
		HDFS: Number of large read operations=0
		HDFS: Number of write operations=2
		HDFS: Number of bytes read erasure-coded=0
	Job Counters 
		Killed map tasks=1
		Launched map tasks=2
		Launched reduce tasks=1
		Rack-local map tasks=2
		Total time spent by all maps in occupied slots (ms)=25164
		Total time spent by all reduces in occupied slots (ms)=6783
		Total time spent by all map tasks (ms)=25164
		Total time spent by all reduce tasks (ms)=6783
		Total vcore-milliseconds taken by all map tasks=25164
		Total vcore-milliseconds taken by all reduce tasks=6783
		Total megabyte-milliseconds taken by all map tasks=25767936
		Total megabyte-milliseconds taken by all reduce tasks=6945792
	Map-Reduce Framework
		Map input records=999017
		Map output records=999017
		Map output bytes=36665102
		Map output materialized bytes=7430
		Input split bytes=218
		Combine input records=999017
		Combine output records=150
		Reduce input groups=75
		Reduce shuffle bytes=7430
		Reduce input records=150
		Reduce output records=75
		Spilled Records=300
		Shuffled Maps =2
		Failed Shuffles=0
		Merged Map outputs=2
		GC time elapsed (ms)=612
		CPU time spent (ms)=14800
		Physical memory (bytes) snapshot=928616448
		Virtual memory (bytes) snapshot=6263533568
		Total committed heap usage (bytes)=765460480
		Peak Map Physical memory (bytes)=360267776
		Peak Map Virtual memory (bytes)=2088050688
		Peak Reduce Physical memory (bytes)=211779584
		Peak Reduce Virtual memory (bytes)=2090532864
	Shuffle Errors
		BAD_ID=0
		CONNECTION=0
		IO_ERROR=0
		WRONG_LENGTH=0
		WRONG_MAP=0
		WRONG_REDUCE=0
	File Input Format Counters 
		Bytes Read=71340964
	File Output Format Counters 
		Bytes Written=2630
=== E2a done: 2026-05-04T15:48:39+02:00, rc=0, duration=47972 ms ===
[stage2] E2b — events aggregation
=== E2b start: 2026-05-04T15:48:39+02:00 ===
Driver: pl.pwr.bigdata.mr.stage2.EventsAggDriver
Input:  /raw/events
Output: /processed/T2_events
Extra:  
2026-05-04 22:48:46,418 INFO client.DefaultNoHARMFailoverProxyProvider: Connecting to ResourceManager at master/10.0.2.4:8050
2026-05-04 22:48:47,308 INFO mapreduce.JobResourceUploader: Disabling Erasure Coding for path: /tmp/hadoop-yarn/staging/root/.staging/job_1777896773821_0011
2026-05-04 22:48:48,456 INFO input.FileInputFormat: Total input files to process : 9
2026-05-04 22:48:48,840 INFO mapreduce.JobSubmitter: number of splits:15
2026-05-04 22:48:49,697 INFO mapreduce.JobSubmitter: Submitting tokens for job: job_1777896773821_0011
2026-05-04 22:48:49,698 INFO mapreduce.JobSubmitter: Executing with tokens: []
2026-05-04 22:48:50,166 INFO conf.Configuration: resource-types.xml not found
2026-05-04 22:48:50,167 INFO resource.ResourceUtils: Unable to find 'resource-types.xml'.
2026-05-04 22:48:50,346 INFO impl.YarnClientImpl: Submitted application application_1777896773821_0011
2026-05-04 22:48:50,431 INFO mapreduce.Job: The url to track the job: http://master:8088/proxy/application_1777896773821_0011/
2026-05-04 22:48:50,434 INFO mapreduce.Job: Running job: job_1777896773821_0011
2026-05-04 22:49:04,109 INFO mapreduce.Job: Job job_1777896773821_0011 running in uber mode : false
2026-05-04 22:49:04,115 INFO mapreduce.Job:  map 0% reduce 0%
2026-05-04 22:49:31,022 INFO mapreduce.Job:  map 1% reduce 0%
2026-05-04 22:49:32,066 INFO mapreduce.Job:  map 3% reduce 0%
2026-05-04 22:49:33,090 INFO mapreduce.Job:  map 4% reduce 0%
2026-05-04 22:49:37,165 INFO mapreduce.Job:  map 8% reduce 0%
2026-05-04 22:49:38,195 INFO mapreduce.Job:  map 10% reduce 0%
2026-05-04 22:49:43,281 INFO mapreduce.Job:  map 16% reduce 0%
2026-05-04 22:49:44,297 INFO mapreduce.Job:  map 18% reduce 0%
2026-05-04 22:49:45,361 INFO mapreduce.Job:  map 22% reduce 0%
2026-05-04 22:49:46,371 INFO mapreduce.Job:  map 27% reduce 0%
2026-05-04 22:50:11,480 INFO mapreduce.Job:  map 28% reduce 0%
2026-05-04 22:50:12,542 INFO mapreduce.Job:  map 31% reduce 0%
2026-05-04 22:50:13,558 INFO mapreduce.Job:  map 31% reduce 9%
2026-05-04 22:50:17,653 INFO mapreduce.Job:  map 33% reduce 9%
2026-05-04 22:50:18,676 INFO mapreduce.Job:  map 36% reduce 9%
2026-05-04 22:50:20,857 INFO mapreduce.Job:  map 38% reduce 9%
2026-05-04 22:50:22,916 INFO mapreduce.Job:  map 43% reduce 9%
2026-05-04 22:50:23,952 INFO mapreduce.Job:  map 45% reduce 9%
2026-05-04 22:50:25,998 INFO mapreduce.Job:  map 45% reduce 13%
2026-05-04 22:50:29,055 INFO mapreduce.Job:  map 51% reduce 13%
2026-05-04 22:50:31,127 INFO mapreduce.Job:  map 53% reduce 13%
2026-05-04 22:50:32,167 INFO mapreduce.Job:  map 53% reduce 18%
2026-05-04 22:50:45,605 INFO mapreduce.Job:  map 57% reduce 18%
2026-05-04 22:50:48,650 INFO mapreduce.Job:  map 60% reduce 18%
2026-05-04 22:50:49,729 INFO mapreduce.Job:  map 64% reduce 18%
2026-05-04 22:50:50,791 INFO mapreduce.Job:  map 67% reduce 20%
2026-05-04 22:50:56,951 INFO mapreduce.Job:  map 67% reduce 22%
2026-05-04 22:50:57,963 INFO mapreduce.Job:  map 71% reduce 22%
2026-05-04 22:50:59,994 INFO mapreduce.Job:  map 77% reduce 22%
2026-05-04 22:51:01,041 INFO mapreduce.Job:  map 80% reduce 22%
2026-05-04 22:51:03,128 INFO mapreduce.Job:  map 80% reduce 27%
2026-05-04 22:51:09,255 INFO mapreduce.Job:  map 87% reduce 27%
2026-05-04 22:51:11,303 INFO mapreduce.Job:  map 93% reduce 27%
2026-05-04 22:51:14,375 INFO mapreduce.Job:  map 93% reduce 31%
2026-05-04 22:51:15,390 INFO mapreduce.Job:  map 100% reduce 31%
2026-05-04 22:51:20,429 INFO mapreduce.Job:  map 100% reduce 82%
2026-05-04 22:51:23,447 INFO mapreduce.Job:  map 100% reduce 100%
2026-05-04 22:51:24,491 INFO mapreduce.Job: Job job_1777896773821_0011 completed successfully
2026-05-04 22:51:24,790 INFO mapreduce.Job: Counters: 56
	File System Counters
		FILE: Number of bytes read=233733659
		FILE: Number of bytes written=471911890
		FILE: Number of read operations=0
		FILE: Number of large read operations=0
		FILE: Number of write operations=0
		HDFS: Number of bytes read=1361601680
		HDFS: Number of bytes written=165627
		HDFS: Number of read operations=50
		HDFS: Number of large read operations=0
		HDFS: Number of write operations=2
		HDFS: Number of bytes read erasure-coded=0
	Job Counters 
		Killed map tasks=1
		Launched map tasks=15
		Launched reduce tasks=1
		Data-local map tasks=15
		Total time spent by all maps in occupied slots (ms)=452766
		Total time spent by all reduces in occupied slots (ms)=95427
		Total time spent by all map tasks (ms)=452766
		Total time spent by all reduce tasks (ms)=95427
		Total vcore-milliseconds taken by all map tasks=452766
		Total vcore-milliseconds taken by all reduce tasks=95427
		Total megabyte-milliseconds taken by all map tasks=463632384
		Total megabyte-milliseconds taken by all reduce tasks=97717248
	Map-Reduce Framework
		Map input records=6536794
		Map output records=6536785
		Map output bytes=220660077
		Map output materialized bytes=233733737
		Input split bytes=1845
		Combine input records=0
		Combine output records=0
		Reduce input groups=1375
		Reduce shuffle bytes=233733737
		Reduce input records=6536785
		Reduce output records=1375
		Spilled Records=13073570
		Shuffled Maps =15
		Failed Shuffles=0
		Merged Map outputs=15
		GC time elapsed (ms)=11598
		CPU time spent (ms)=230600
		Physical memory (bytes) snapshot=6166933504
		Virtual memory (bytes) snapshot=33483759616
		Total committed heap usage (bytes)=4918345728
		Peak Map Physical memory (bytes)=392433664
		Peak Map Virtual memory (bytes)=2106540032
		Peak Reduce Physical memory (bytes)=526958592
		Peak Reduce Virtual memory (bytes)=2094292992
	E2b
		dropped_bad_timestamp=9
	Shuffle Errors
		BAD_ID=0
		CONNECTION=0
		IO_ERROR=0
		WRONG_LENGTH=0
		WRONG_MAP=0
		WRONG_REDUCE=0
	File Input Format Counters 
		Bytes Read=1361599835
	File Output Format Counters 
		Bytes Written=165627
=== E2b done: 2026-05-04T15:51:25+02:00, rc=0, duration=165451 ms ===
[stage2] E2c — final join (T2_rides + NOAA + T2_events) → T2
=== E2c start: 2026-05-04T15:51:25+02:00 ===
Driver: pl.pwr.bigdata.mr.stage2.JoinDriver
Input:  /processed/T2_rides
Output: /processed/T2
Extra:  /raw/noaa /processed/T2_events
2026-05-04 22:51:32,521 INFO client.DefaultNoHARMFailoverProxyProvider: Connecting to ResourceManager at master/10.0.2.4:8050
2026-05-04 22:51:33,172 INFO mapreduce.JobResourceUploader: Disabling Erasure Coding for path: /tmp/hadoop-yarn/staging/root/.staging/job_1777896773821_0012
2026-05-04 22:51:34,142 INFO input.FileInputFormat: Total input files to process : 1
2026-05-04 22:51:34,376 INFO mapreduce.JobSubmitter: number of splits:1
2026-05-04 22:51:34,712 INFO mapreduce.JobSubmitter: Submitting tokens for job: job_1777896773821_0012
2026-05-04 22:51:34,712 INFO mapreduce.JobSubmitter: Executing with tokens: []
2026-05-04 22:51:35,072 INFO conf.Configuration: resource-types.xml not found
2026-05-04 22:51:35,075 INFO resource.ResourceUtils: Unable to find 'resource-types.xml'.
2026-05-04 22:51:35,213 INFO impl.YarnClientImpl: Submitted application application_1777896773821_0012
2026-05-04 22:51:35,333 INFO mapreduce.Job: The url to track the job: http://master:8088/proxy/application_1777896773821_0012/
2026-05-04 22:51:35,336 INFO mapreduce.Job: Running job: job_1777896773821_0012
2026-05-04 22:51:48,566 INFO mapreduce.Job: Job job_1777896773821_0012 running in uber mode : false
2026-05-04 22:51:48,568 INFO mapreduce.Job:  map 0% reduce 0%
2026-05-04 22:51:56,863 INFO mapreduce.Job:  map 100% reduce 0%
2026-05-04 22:51:57,920 INFO mapreduce.Job: Job job_1777896773821_0012 completed successfully
2026-05-04 22:51:58,051 INFO mapreduce.Job: Counters: 33
	File System Counters
		FILE: Number of bytes read=0
		FILE: Number of bytes written=280372
		FILE: Number of read operations=0
		FILE: Number of large read operations=0
		FILE: Number of write operations=0
		HDFS: Number of bytes read=2745
		HDFS: Number of bytes written=11235
		HDFS: Number of read operations=7
		HDFS: Number of large read operations=0
		HDFS: Number of write operations=2
		HDFS: Number of bytes read erasure-coded=0
	Job Counters 
		Launched map tasks=1
		Rack-local map tasks=1
		Total time spent by all maps in occupied slots (ms)=6190
		Total time spent by all reduces in occupied slots (ms)=0
		Total time spent by all map tasks (ms)=6190
		Total vcore-milliseconds taken by all map tasks=6190
		Total megabyte-milliseconds taken by all map tasks=6338560
	Map-Reduce Framework
		Map input records=75
		Map output records=75
		Input split bytes=115
		Spilled Records=0
		Failed Shuffles=0
		Merged Map outputs=0
		GC time elapsed (ms)=133
		CPU time spent (ms)=1020
		Physical memory (bytes) snapshot=220291072
		Virtual memory (bytes) snapshot=2089254912
		Total committed heap usage (bytes)=187170816
		Peak Map Physical memory (bytes)=220291072
		Peak Map Virtual memory (bytes)=2089254912
	File Input Format Counters 
		Bytes Read=2630
	File Output Format Counters 
		Bytes Written=11235
=== E2c done: 2026-05-04T15:51:58+02:00, rc=0, duration=33147 ms ===
--- Stage 2 END   2026-05-04T15:51:58+02:00 duration=246843 ms ---
--- Stage 3 START 2026-05-04T15:51:58+02:00 ---
[stage3] E3a — borough_stats
=== E3a start: 2026-05-04T15:51:58+02:00 ===
Driver: pl.pwr.bigdata.mr.stage3.BoroughStatsDriver
Input:  /processed/T2
Output: /processed/T3a
Extra:  
2026-05-04 22:52:05,953 INFO client.DefaultNoHARMFailoverProxyProvider: Connecting to ResourceManager at master/10.0.2.4:8050
2026-05-04 22:52:06,535 INFO mapreduce.JobResourceUploader: Disabling Erasure Coding for path: /tmp/hadoop-yarn/staging/root/.staging/job_1777896773821_0013
2026-05-04 22:52:06,978 INFO input.FileInputFormat: Total input files to process : 1
2026-05-04 22:52:07,126 INFO mapreduce.JobSubmitter: number of splits:1
2026-05-04 22:52:07,353 INFO mapreduce.JobSubmitter: Submitting tokens for job: job_1777896773821_0013
2026-05-04 22:52:07,354 INFO mapreduce.JobSubmitter: Executing with tokens: []
2026-05-04 22:52:07,666 INFO conf.Configuration: resource-types.xml not found
2026-05-04 22:52:07,667 INFO resource.ResourceUtils: Unable to find 'resource-types.xml'.
2026-05-04 22:52:07,814 INFO impl.YarnClientImpl: Submitted application application_1777896773821_0013
2026-05-04 22:52:07,926 INFO mapreduce.Job: The url to track the job: http://master:8088/proxy/application_1777896773821_0013/
2026-05-04 22:52:07,929 INFO mapreduce.Job: Running job: job_1777896773821_0013
2026-05-04 22:52:19,269 INFO mapreduce.Job: Job job_1777896773821_0013 running in uber mode : false
2026-05-04 22:52:19,275 INFO mapreduce.Job:  map 0% reduce 0%
2026-05-04 22:52:27,567 INFO mapreduce.Job:  map 100% reduce 0%
2026-05-04 22:52:36,628 INFO mapreduce.Job:  map 100% reduce 100%
2026-05-04 22:52:36,645 INFO mapreduce.Job: Job job_1777896773821_0013 completed successfully
2026-05-04 22:52:36,798 INFO mapreduce.Job: Counters: 54
	File System Counters
		FILE: Number of bytes read=1120
		FILE: Number of bytes written=557389
		FILE: Number of read operations=0
		FILE: Number of large read operations=0
		FILE: Number of write operations=0
		HDFS: Number of bytes read=11344
		HDFS: Number of bytes written=287
		HDFS: Number of read operations=8
		HDFS: Number of large read operations=0
		HDFS: Number of write operations=2
		HDFS: Number of bytes read erasure-coded=0
	Job Counters 
		Launched map tasks=1
		Launched reduce tasks=1
		Rack-local map tasks=1
		Total time spent by all maps in occupied slots (ms)=5732
		Total time spent by all reduces in occupied slots (ms)=5959
		Total time spent by all map tasks (ms)=5732
		Total time spent by all reduce tasks (ms)=5959
		Total vcore-milliseconds taken by all map tasks=5732
		Total vcore-milliseconds taken by all reduce tasks=5959
		Total megabyte-milliseconds taken by all map tasks=5869568
		Total megabyte-milliseconds taken by all reduce tasks=6102016
	Map-Reduce Framework
		Map input records=75
		Map output records=75
		Map output bytes=964
		Map output materialized bytes=1120
		Input split bytes=109
		Combine input records=0
		Combine output records=0
		Reduce input groups=5
		Reduce shuffle bytes=1120
		Reduce input records=75
		Reduce output records=5
		Spilled Records=150
		Shuffled Maps =1
		Failed Shuffles=0
		Merged Map outputs=1
		GC time elapsed (ms)=184
		CPU time spent (ms)=1600
		Physical memory (bytes) snapshot=540078080
		Virtual memory (bytes) snapshot=4178063360
		Total committed heap usage (bytes)=484966400
		Peak Map Physical memory (bytes)=311906304
		Peak Map Virtual memory (bytes)=2086256640
		Peak Reduce Physical memory (bytes)=228171776
		Peak Reduce Virtual memory (bytes)=2091806720
	Shuffle Errors
		BAD_ID=0
		CONNECTION=0
		IO_ERROR=0
		WRONG_LENGTH=0
		WRONG_MAP=0
		WRONG_REDUCE=0
	File Input Format Counters 
		Bytes Read=11235
	File Output Format Counters 
		Bytes Written=287
=== E3a done: 2026-05-04T15:52:37+02:00, rc=0, duration=38615 ms ===
[stage3] E3b — regression OLS per borough
=== E3b start: 2026-05-04T15:52:37+02:00 ===
Driver: pl.pwr.bigdata.mr.stage3.RegressionDriver
Input:  /processed/T2
Output: /processed/T3b
Extra:  
2026-05-04 22:52:44,668 INFO client.DefaultNoHARMFailoverProxyProvider: Connecting to ResourceManager at master/10.0.2.4:8050
2026-05-04 22:52:45,324 INFO mapreduce.JobResourceUploader: Disabling Erasure Coding for path: /tmp/hadoop-yarn/staging/root/.staging/job_1777896773821_0014
2026-05-04 22:52:45,756 INFO input.FileInputFormat: Total input files to process : 1
2026-05-04 22:52:45,918 INFO mapreduce.JobSubmitter: number of splits:1
2026-05-04 22:52:46,139 INFO mapreduce.JobSubmitter: Submitting tokens for job: job_1777896773821_0014
2026-05-04 22:52:46,139 INFO mapreduce.JobSubmitter: Executing with tokens: []
2026-05-04 22:52:46,442 INFO conf.Configuration: resource-types.xml not found
2026-05-04 22:52:46,444 INFO resource.ResourceUtils: Unable to find 'resource-types.xml'.
2026-05-04 22:52:46,560 INFO impl.YarnClientImpl: Submitted application application_1777896773821_0014
2026-05-04 22:52:46,632 INFO mapreduce.Job: The url to track the job: http://master:8088/proxy/application_1777896773821_0014/
2026-05-04 22:52:46,634 INFO mapreduce.Job: Running job: job_1777896773821_0014
2026-05-04 22:52:58,082 INFO mapreduce.Job: Job job_1777896773821_0014 running in uber mode : false
2026-05-04 22:52:58,087 INFO mapreduce.Job:  map 0% reduce 0%
2026-05-04 22:53:06,201 INFO mapreduce.Job:  map 100% reduce 0%
2026-05-04 22:53:14,368 INFO mapreduce.Job:  map 100% reduce 100%
2026-05-04 22:53:15,422 INFO mapreduce.Job: Job job_1777896773821_0014 completed successfully
2026-05-04 22:53:15,660 INFO mapreduce.Job: Counters: 55
	File System Counters
		FILE: Number of bytes read=699
		FILE: Number of bytes written=556935
		FILE: Number of read operations=0
		FILE: Number of large read operations=0
		FILE: Number of write operations=0
		HDFS: Number of bytes read=11344
		HDFS: Number of bytes written=180
		HDFS: Number of read operations=8
		HDFS: Number of large read operations=0
		HDFS: Number of write operations=2
		HDFS: Number of bytes read erasure-coded=0
	Job Counters 
		Launched map tasks=1
		Launched reduce tasks=1
		Data-local map tasks=1
		Total time spent by all maps in occupied slots (ms)=5230
		Total time spent by all reduces in occupied slots (ms)=6174
		Total time spent by all map tasks (ms)=5230
		Total time spent by all reduce tasks (ms)=6174
		Total vcore-milliseconds taken by all map tasks=5230
		Total vcore-milliseconds taken by all reduce tasks=6174
		Total megabyte-milliseconds taken by all map tasks=5355520
		Total megabyte-milliseconds taken by all reduce tasks=6322176
	Map-Reduce Framework
		Map input records=75
		Map output records=75
		Map output bytes=2479
		Map output materialized bytes=699
		Input split bytes=109
		Combine input records=75
		Combine output records=5
		Reduce input groups=5
		Reduce shuffle bytes=699
		Reduce input records=5
		Reduce output records=5
		Spilled Records=10
		Shuffled Maps =1
		Failed Shuffles=0
		Merged Map outputs=1
		GC time elapsed (ms)=362
		CPU time spent (ms)=1660
		Physical memory (bytes) snapshot=530546688
		Virtual memory (bytes) snapshot=4178219008
		Total committed heap usage (bytes)=472907776
		Peak Map Physical memory (bytes)=314716160
		Peak Map Virtual memory (bytes)=2085216256
		Peak Reduce Physical memory (bytes)=215830528
		Peak Reduce Virtual memory (bytes)=2093002752
	E3b
		fallback_singular=5
	Shuffle Errors
		BAD_ID=0
		CONNECTION=0
		IO_ERROR=0
		WRONG_LENGTH=0
		WRONG_MAP=0
		WRONG_REDUCE=0
	File Input Format Counters 
		Bytes Read=11235
	File Output Format Counters 
		Bytes Written=180
=== E3b done: 2026-05-04T15:53:16+02:00, rc=0, duration=38808 ms ===
[stage3] E3c — event_count_stats
=== E3c start: 2026-05-04T15:53:16+02:00 ===
Driver: pl.pwr.bigdata.mr.stage3.EventStatsDriver
Input:  /processed/T2
Output: /processed/T3c
Extra:  
2026-05-04 22:53:24,200 INFO client.DefaultNoHARMFailoverProxyProvider: Connecting to ResourceManager at master/10.0.2.4:8050
2026-05-04 22:53:25,154 INFO mapreduce.JobResourceUploader: Disabling Erasure Coding for path: /tmp/hadoop-yarn/staging/root/.staging/job_1777896773821_0015
2026-05-04 22:53:25,642 INFO input.FileInputFormat: Total input files to process : 1
2026-05-04 22:53:25,819 INFO mapreduce.JobSubmitter: number of splits:1
2026-05-04 22:53:26,062 INFO mapreduce.JobSubmitter: Submitting tokens for job: job_1777896773821_0015
2026-05-04 22:53:26,062 INFO mapreduce.JobSubmitter: Executing with tokens: []
2026-05-04 22:53:26,355 INFO conf.Configuration: resource-types.xml not found
2026-05-04 22:53:26,356 INFO resource.ResourceUtils: Unable to find 'resource-types.xml'.
2026-05-04 22:53:26,473 INFO impl.YarnClientImpl: Submitted application application_1777896773821_0015
2026-05-04 22:53:26,599 INFO mapreduce.Job: The url to track the job: http://master:8088/proxy/application_1777896773821_0015/
2026-05-04 22:53:26,600 INFO mapreduce.Job: Running job: job_1777896773821_0015
2026-05-04 22:53:39,156 INFO mapreduce.Job: Job job_1777896773821_0015 running in uber mode : false
2026-05-04 22:53:39,162 INFO mapreduce.Job:  map 0% reduce 0%
2026-05-04 22:53:46,332 INFO mapreduce.Job:  map 100% reduce 0%
2026-05-04 22:53:55,448 INFO mapreduce.Job:  map 100% reduce 100%
2026-05-04 22:53:56,495 INFO mapreduce.Job: Job job_1777896773821_0015 completed successfully
2026-05-04 22:53:56,774 INFO mapreduce.Job: Counters: 54
	File System Counters
		FILE: Number of bytes read=921
		FILE: Number of bytes written=556979
		FILE: Number of read operations=0
		FILE: Number of large read operations=0
		FILE: Number of write operations=0
		HDFS: Number of bytes read=11344
		HDFS: Number of bytes written=73
		HDFS: Number of read operations=8
		HDFS: Number of large read operations=0
		HDFS: Number of write operations=2
		HDFS: Number of bytes read erasure-coded=0
	Job Counters 
		Launched map tasks=1
		Launched reduce tasks=1
		Data-local map tasks=1
		Total time spent by all maps in occupied slots (ms)=4514
		Total time spent by all reduces in occupied slots (ms)=6457
		Total time spent by all map tasks (ms)=4514
		Total time spent by all reduce tasks (ms)=6457
		Total vcore-milliseconds taken by all map tasks=4514
		Total vcore-milliseconds taken by all reduce tasks=6457
		Total megabyte-milliseconds taken by all map tasks=4622336
		Total megabyte-milliseconds taken by all reduce tasks=6611968
	Map-Reduce Framework
		Map input records=75
		Map output records=60
		Map output bytes=795
		Map output materialized bytes=921
		Input split bytes=109
		Combine input records=0
		Combine output records=0
		Reduce input groups=4
		Reduce shuffle bytes=921
		Reduce input records=60
		Reduce output records=4
		Spilled Records=120
		Shuffled Maps =1
		Failed Shuffles=0
		Merged Map outputs=1
		GC time elapsed (ms)=122
		CPU time spent (ms)=1510
		Physical memory (bytes) snapshot=539025408
		Virtual memory (bytes) snapshot=4177248256
		Total committed heap usage (bytes)=485490688
		Peak Map Physical memory (bytes)=314957824
		Peak Map Virtual memory (bytes)=2086490112
		Peak Reduce Physical memory (bytes)=224067584
		Peak Reduce Virtual memory (bytes)=2090758144
	Shuffle Errors
		BAD_ID=0
		CONNECTION=0
		IO_ERROR=0
		WRONG_LENGTH=0
		WRONG_MAP=0
		WRONG_REDUCE=0
	File Input Format Counters 
		Bytes Read=11235
	File Output Format Counters 
		Bytes Written=73
=== E3c done: 2026-05-04T15:53:57+02:00, rc=0, duration=41034 ms ===
--- Stage 3 END   2026-05-04T15:53:57+02:00 duration=118692 ms ---
--- Stage 4 START 2026-05-04T15:53:57+02:00 ---
[stage4] E4 — enrich (T2 + T3a + T3b + T3c) → W
=== E4 start: 2026-05-04T15:53:57+02:00 ===
Driver: pl.pwr.bigdata.mr.stage4.EnrichDriver
Input:  /processed/T2
Output: /processed/W
Extra:  /processed/T3a /processed/T3b /processed/T3c
2026-05-04 22:54:05,370 INFO client.DefaultNoHARMFailoverProxyProvider: Connecting to ResourceManager at master/10.0.2.4:8050
2026-05-04 22:54:06,268 INFO mapreduce.JobResourceUploader: Disabling Erasure Coding for path: /tmp/hadoop-yarn/staging/root/.staging/job_1777896773821_0016
2026-05-04 22:54:06,967 INFO input.FileInputFormat: Total input files to process : 1
2026-05-04 22:54:07,172 INFO mapreduce.JobSubmitter: number of splits:1
2026-05-04 22:54:07,469 INFO mapreduce.JobSubmitter: Submitting tokens for job: job_1777896773821_0016
2026-05-04 22:54:07,469 INFO mapreduce.JobSubmitter: Executing with tokens: []
2026-05-04 22:54:07,873 INFO conf.Configuration: resource-types.xml not found
2026-05-04 22:54:07,874 INFO resource.ResourceUtils: Unable to find 'resource-types.xml'.
2026-05-04 22:54:08,377 INFO impl.YarnClientImpl: Submitted application application_1777896773821_0016
2026-05-04 22:54:08,881 INFO mapreduce.Job: The url to track the job: http://master:8088/proxy/application_1777896773821_0016/
2026-05-04 22:54:08,896 INFO mapreduce.Job: Running job: job_1777896773821_0016
2026-05-04 22:54:22,401 INFO mapreduce.Job: Job job_1777896773821_0016 running in uber mode : false
2026-05-04 22:54:22,408 INFO mapreduce.Job:  map 0% reduce 0%
2026-05-04 22:54:31,620 INFO mapreduce.Job:  map 100% reduce 0%
2026-05-04 22:54:32,668 INFO mapreduce.Job: Job job_1777896773821_0016 completed successfully
2026-05-04 22:54:32,797 INFO mapreduce.Job: Counters: 33
	File System Counters
		FILE: Number of bytes read=0
		FILE: Number of bytes written=278317
		FILE: Number of read operations=0
		FILE: Number of large read operations=0
		FILE: Number of write operations=0
		HDFS: Number of bytes read=11344
		HDFS: Number of bytes written=12810
		HDFS: Number of read operations=7
		HDFS: Number of large read operations=0
		HDFS: Number of write operations=2
		HDFS: Number of bytes read erasure-coded=0
	Job Counters 
		Launched map tasks=1
		Rack-local map tasks=1
		Total time spent by all maps in occupied slots (ms)=7123
		Total time spent by all reduces in occupied slots (ms)=0
		Total time spent by all map tasks (ms)=7123
		Total vcore-milliseconds taken by all map tasks=7123
		Total megabyte-milliseconds taken by all map tasks=7293952
	Map-Reduce Framework
		Map input records=75
		Map output records=75
		Input split bytes=109
		Spilled Records=0
		Failed Shuffles=0
		Merged Map outputs=0
		GC time elapsed (ms)=234
		CPU time spent (ms)=950
		Physical memory (bytes) snapshot=212086784
		Virtual memory (bytes) snapshot=2090668032
		Total committed heap usage (bytes)=182976512
		Peak Map Physical memory (bytes)=212086784
		Peak Map Virtual memory (bytes)=2090668032
	File Input Format Counters 
		Bytes Read=11235
	File Output Format Counters 
		Bytes Written=12810
=== E4 done: 2026-05-04T15:54:33+02:00, rc=0, duration=35876 ms ===
--- Stage 4 END   2026-05-04T15:54:33+02:00 duration=36009 ms ---
=== run_all DONE 2026-05-04T15:54:33+02:00 ===
TOTAL pipeline duration: 492467 ms
Summary log: /mnt/c/Users/Admin/Desktop/magisterka_pwr/semestry/III/przetwarzanie_danych/przetwarzanie-danych-pwr/logs/mapreduce/run_all_20260504T154620.log
