=== run_all start: 2026-05-04T16:14:03+02:00 ===
Month filter: 2025-06
Skip prepare: 0
Skip build:   0
Sample mode:  0
[build] copying sources to master:/opt/mr/src ...
[build] compiling inside master container ...
[build] downloading mr-jobs.jar to /mnt/c/Users/Admin/Desktop/magisterka_pwr/semestry/III/przetwarzanie_danych/przetwarzanie-danych-pwr/build/ ...
[build] OK: /mnt/c/Users/Admin/Desktop/magisterka_pwr/semestry/III/przetwarzanie_danych/przetwarzanie-danych-pwr/build/mr-jobs.jar (48K)
[prepare] ensuring unzip available in master ...
[prepare] listing ZIP files under /raw/citibike/ ...
[prepare] skip 202503-citibike-tripdata (not 202506)
[prepare] skip 202504-citibike-tripdata (not 202506)
[prepare] skip 202505-citibike-tripdata (not 202506)
[prepare] unpacking /raw/citibike/2026-04-18/202506-citibike-tripdata.zip -> /processed/citibike/
  + 202506-citibike-tripdata_1.csv (1000001 lines)
  + 202506-citibike-tripdata_2.csv (1000001 lines)
  + 202506-citibike-tripdata_3.csv (1000001 lines)
  + 202506-citibike-tripdata_4.csv (1000001 lines)
  + 202506-citibike-tripdata_5.csv (759346 lines)
  uploaded 5 part(s) for 202506-citibike-tripdata
[prepare] skip 202507-citibike-tripdata (not 202506)
[prepare] skip 202508-citibike-tripdata (not 202506)
[prepare] skip 202509-citibike-tripdata (not 202506)
[prepare] skip 202510-citibike-tripdata (not 202506)
[prepare] skip 202511-citibike-tripdata (not 202506)
[prepare] done. /processed/citibike/ contents:
Found 5 items
-rw-r--r--   3 root supergroup  194684816 2026-05-04 23:14 /processed/citibike/202506-citibike-tripdata_1.csv
-rw-r--r--   3 root supergroup  195582904 2026-05-04 23:15 /processed/citibike/202506-citibike-tripdata_2.csv
-rw-r--r--   3 root supergroup  195525210 2026-05-04 23:15 /processed/citibike/202506-citibike-tripdata_3.csv
-rw-r--r--   3 root supergroup  195677574 2026-05-04 23:15 /processed/citibike/202506-citibike-tripdata_4.csv
-rw-r--r--   3 root supergroup  147572230 2026-05-04 23:16 /processed/citibike/202506-citibike-tripdata_5.csv
--- Stage 1 START 2026-05-04T16:16:34+02:00 ---
[stage1] using stations file: /raw/station_to_borough/2026-04-21/stations_2026-04-21.csv
=== E1 start: 2026-05-04T16:16:42+02:00 ===
Driver: pl.pwr.bigdata.mr.stage1.CleanDriver
Input:  /processed/citibike
Output: /processed/T1
Extra:  /raw/station_to_borough/2026-04-21/stations_2026-04-21.csv
2026-05-04 23:16:49,220 INFO client.DefaultNoHARMFailoverProxyProvider: Connecting to ResourceManager at master/10.0.2.4:8050
2026-05-04 23:16:50,177 INFO mapreduce.JobResourceUploader: Disabling Erasure Coding for path: /tmp/hadoop-yarn/staging/root/.staging/job_1777896773821_0017
2026-05-04 23:16:51,029 INFO input.FileInputFormat: Total input files to process : 5
2026-05-04 23:16:51,336 INFO mapreduce.JobSubmitter: number of splits:9
2026-05-04 23:16:51,717 INFO mapreduce.JobSubmitter: Submitting tokens for job: job_1777896773821_0017
2026-05-04 23:16:51,718 INFO mapreduce.JobSubmitter: Executing with tokens: []
2026-05-04 23:16:52,131 INFO conf.Configuration: resource-types.xml not found
2026-05-04 23:16:52,132 INFO resource.ResourceUtils: Unable to find 'resource-types.xml'.
2026-05-04 23:16:52,322 INFO impl.YarnClientImpl: Submitted application application_1777896773821_0017
2026-05-04 23:16:52,444 INFO mapreduce.Job: The url to track the job: http://master:8088/proxy/application_1777896773821_0017/
2026-05-04 23:16:52,446 INFO mapreduce.Job: Running job: job_1777896773821_0017
2026-05-04 23:17:03,878 INFO mapreduce.Job: Job job_1777896773821_0017 running in uber mode : false
2026-05-04 23:17:03,884 INFO mapreduce.Job:  map 0% reduce 0%
2026-05-04 23:17:31,366 INFO mapreduce.Job:  map 3% reduce 0%
2026-05-04 23:17:32,397 INFO mapreduce.Job:  map 6% reduce 0%
2026-05-04 23:17:37,454 INFO mapreduce.Job:  map 10% reduce 0%
2026-05-04 23:17:38,488 INFO mapreduce.Job:  map 14% reduce 0%
2026-05-04 23:17:43,588 INFO mapreduce.Job:  map 20% reduce 0%
2026-05-04 23:17:44,600 INFO mapreduce.Job:  map 26% reduce 0%
2026-05-04 23:17:49,760 INFO mapreduce.Job:  map 31% reduce 0%
2026-05-04 23:17:50,814 INFO mapreduce.Job:  map 36% reduce 0%
2026-05-04 23:17:52,911 INFO mapreduce.Job:  map 38% reduce 0%
2026-05-04 23:17:53,934 INFO mapreduce.Job:  map 42% reduce 0%
2026-05-04 23:17:54,947 INFO mapreduce.Job:  map 44% reduce 0%
2026-05-04 23:18:18,527 INFO mapreduce.Job:  map 54% reduce 0%
2026-05-04 23:18:20,582 INFO mapreduce.Job:  map 57% reduce 0%
2026-05-04 23:18:23,661 INFO mapreduce.Job:  map 62% reduce 0%
2026-05-04 23:18:24,676 INFO mapreduce.Job:  map 70% reduce 0%
2026-05-04 23:18:27,742 INFO mapreduce.Job:  map 76% reduce 0%
2026-05-04 23:18:28,801 INFO mapreduce.Job:  map 82% reduce 0%
2026-05-04 23:18:30,873 INFO mapreduce.Job:  map 85% reduce 0%
2026-05-04 23:18:34,846 INFO mapreduce.Job:  map 89% reduce 0%
2026-05-04 23:18:40,921 INFO mapreduce.Job:  map 100% reduce 0%
2026-05-04 23:18:41,945 INFO mapreduce.Job: Job job_1777896773821_0017 completed successfully
2026-05-04 23:18:42,158 INFO mapreduce.Job: Counters: 37
	File System Counters
		FILE: Number of bytes read=0
		FILE: Number of bytes written=2500749
		FILE: Number of read operations=0
		FILE: Number of large read operations=0
		FILE: Number of write operations=0
		HDFS: Number of bytes read=929060315
		HDFS: Number of bytes written=339780639
		HDFS: Number of read operations=63
		HDFS: Number of large read operations=0
		HDFS: Number of write operations=18
		HDFS: Number of bytes read erasure-coded=0
	Job Counters 
		Killed map tasks=2
		Launched map tasks=10
		Data-local map tasks=10
		Total time spent by all maps in occupied slots (ms)=333979
		Total time spent by all reduces in occupied slots (ms)=0
		Total time spent by all map tasks (ms)=333979
		Total vcore-milliseconds taken by all map tasks=333979
		Total megabyte-milliseconds taken by all map tasks=341994496
	Map-Reduce Framework
		Map input records=4759350
		Map output records=4756262
		Input split bytes=1197
		Spilled Records=0
		Failed Shuffles=0
		Merged Map outputs=0
		GC time elapsed (ms)=5151
		CPU time spent (ms)=169220
		Physical memory (bytes) snapshot=2525229056
		Virtual memory (bytes) snapshot=18842251264
		Total committed heap usage (bytes)=1804075008
		Peak Map Physical memory (bytes)=286609408
		Peak Map Virtual memory (bytes)=2102910976
	E1
		dropped_no_station=1992
		dropped_too_long=1091
		kept=4756262
	File Input Format Counters 
		Bytes Read=929059118
	File Output Format Counters 
		Bytes Written=339780639
=== E1 done: 2026-05-04T16:18:42+02:00, rc=0, duration=119807 ms ===
--- Stage 1 END   2026-05-04T16:18:42+02:00 duration=128528 ms ---
--- Stage 2 START 2026-05-04T16:18:42+02:00 ---
[stage2] E2a — rides aggregation
=== E2a start: 2026-05-04T16:18:42+02:00 ===
Driver: pl.pwr.bigdata.mr.stage2.RidesAggDriver
Input:  /processed/T1
Output: /processed/T2_rides
Extra:  1
2026-05-04 23:18:50,866 INFO client.DefaultNoHARMFailoverProxyProvider: Connecting to ResourceManager at master/10.0.2.4:8050
2026-05-04 23:18:51,933 INFO mapreduce.JobResourceUploader: Disabling Erasure Coding for path: /tmp/hadoop-yarn/staging/root/.staging/job_1777896773821_0018
2026-05-04 23:18:52,522 INFO input.FileInputFormat: Total input files to process : 9
2026-05-04 23:18:53,093 INFO mapreduce.JobSubmitter: number of splits:9
2026-05-04 23:18:53,406 INFO mapreduce.JobSubmitter: Submitting tokens for job: job_1777896773821_0018
2026-05-04 23:18:53,407 INFO mapreduce.JobSubmitter: Executing with tokens: []
2026-05-04 23:18:53,701 INFO conf.Configuration: resource-types.xml not found
2026-05-04 23:18:53,702 INFO resource.ResourceUtils: Unable to find 'resource-types.xml'.
2026-05-04 23:18:53,818 INFO impl.YarnClientImpl: Submitted application application_1777896773821_0018
2026-05-04 23:18:53,892 INFO mapreduce.Job: The url to track the job: http://master:8088/proxy/application_1777896773821_0018/
2026-05-04 23:18:53,894 INFO mapreduce.Job: Running job: job_1777896773821_0018
2026-05-04 23:19:05,291 INFO mapreduce.Job: Job job_1777896773821_0018 running in uber mode : false
2026-05-04 23:19:05,294 INFO mapreduce.Job:  map 0% reduce 0%
2026-05-04 23:19:31,018 INFO mapreduce.Job:  map 11% reduce 0%
2026-05-04 23:19:32,068 INFO mapreduce.Job:  map 44% reduce 0%
2026-05-04 23:19:53,876 INFO mapreduce.Job:  map 56% reduce 0%
2026-05-04 23:19:55,916 INFO mapreduce.Job:  map 67% reduce 0%
2026-05-04 23:19:56,941 INFO mapreduce.Job:  map 78% reduce 0%
2026-05-04 23:19:57,970 INFO mapreduce.Job:  map 89% reduce 0%
2026-05-04 23:20:02,006 INFO mapreduce.Job:  map 89% reduce 30%
2026-05-04 23:20:03,023 INFO mapreduce.Job:  map 100% reduce 30%
2026-05-04 23:20:04,979 INFO mapreduce.Job:  map 100% reduce 100%
2026-05-04 23:20:06,023 INFO mapreduce.Job: Job job_1777896773821_0018 completed successfully
2026-05-04 23:20:06,171 INFO mapreduce.Job: Counters: 56
	File System Counters
		FILE: Number of bytes read=39181
		FILE: Number of bytes written=2856295
		FILE: Number of read operations=0
		FILE: Number of large read operations=0
		FILE: Number of write operations=0
		HDFS: Number of bytes read=339781620
		HDFS: Number of bytes written=5502
		HDFS: Number of read operations=32
		HDFS: Number of large read operations=0
		HDFS: Number of write operations=2
		HDFS: Number of bytes read erasure-coded=0
	Job Counters 
		Killed map tasks=1
		Launched map tasks=9
		Launched reduce tasks=1
		Data-local map tasks=8
		Rack-local map tasks=1
		Total time spent by all maps in occupied slots (ms)=185591
		Total time spent by all reduces in occupied slots (ms)=31082
		Total time spent by all map tasks (ms)=185591
		Total time spent by all reduce tasks (ms)=31082
		Total vcore-milliseconds taken by all map tasks=185591
		Total vcore-milliseconds taken by all reduce tasks=31082
		Total megabyte-milliseconds taken by all map tasks=190045184
		Total megabyte-milliseconds taken by all reduce tasks=31827968
	Map-Reduce Framework
		Map input records=4756262
		Map output records=4756262
		Map output bytes=174697453
		Map output materialized bytes=39229
		Input split bytes=981
		Combine input records=4756262
		Combine output records=794
		Reduce input groups=155
		Reduce shuffle bytes=39229
		Reduce input records=794
		Reduce output records=155
		Spilled Records=1588
		Shuffled Maps =9
		Failed Shuffles=0
		Merged Map outputs=9
		GC time elapsed (ms)=4522
		CPU time spent (ms)=59390
		Physical memory (bytes) snapshot=3467579392
		Virtual memory (bytes) snapshot=20890357760
		Total committed heap usage (bytes)=2863661056
		Peak Map Physical memory (bytes)=373133312
		Peak Map Virtual memory (bytes)=2090471424
		Peak Reduce Physical memory (bytes)=234455040
		Peak Reduce Virtual memory (bytes)=2092933120
	Shuffle Errors
		BAD_ID=0
		CONNECTION=0
		IO_ERROR=0
		WRONG_LENGTH=0
		WRONG_MAP=0
		WRONG_REDUCE=0
	File Input Format Counters 
		Bytes Read=339780639
	File Output Format Counters 
		Bytes Written=5502
=== E2a done: 2026-05-04T16:20:06+02:00, rc=0, duration=83859 ms ===
[stage2] E2b — events aggregation
=== E2b start: 2026-05-04T16:20:06+02:00 ===
Driver: pl.pwr.bigdata.mr.stage2.EventsAggDriver
Input:  /raw/events
Output: /processed/T2_events
Extra:  
2026-05-04 23:20:13,963 INFO client.DefaultNoHARMFailoverProxyProvider: Connecting to ResourceManager at master/10.0.2.4:8050
2026-05-04 23:20:14,932 INFO mapreduce.JobResourceUploader: Disabling Erasure Coding for path: /tmp/hadoop-yarn/staging/root/.staging/job_1777896773821_0019
2026-05-04 23:20:15,401 INFO input.FileInputFormat: Total input files to process : 9
2026-05-04 23:20:15,690 INFO mapreduce.JobSubmitter: number of splits:15
2026-05-04 23:20:15,950 INFO mapreduce.JobSubmitter: Submitting tokens for job: job_1777896773821_0019
2026-05-04 23:20:15,950 INFO mapreduce.JobSubmitter: Executing with tokens: []
2026-05-04 23:20:16,310 INFO conf.Configuration: resource-types.xml not found
2026-05-04 23:20:16,310 INFO resource.ResourceUtils: Unable to find 'resource-types.xml'.
2026-05-04 23:20:16,441 INFO impl.YarnClientImpl: Submitted application application_1777896773821_0019
2026-05-04 23:20:16,552 INFO mapreduce.Job: The url to track the job: http://master:8088/proxy/application_1777896773821_0019/
2026-05-04 23:20:16,554 INFO mapreduce.Job: Running job: job_1777896773821_0019
2026-05-04 23:20:27,933 INFO mapreduce.Job: Job job_1777896773821_0019 running in uber mode : false
2026-05-04 23:20:27,936 INFO mapreduce.Job:  map 0% reduce 0%
2026-05-04 23:20:53,612 INFO mapreduce.Job:  map 1% reduce 0%
2026-05-04 23:20:54,667 INFO mapreduce.Job:  map 6% reduce 0%
2026-05-04 23:21:00,023 INFO mapreduce.Job:  map 8% reduce 0%
2026-05-04 23:21:01,059 INFO mapreduce.Job:  map 11% reduce 0%
2026-05-04 23:21:05,085 INFO mapreduce.Job:  map 14% reduce 0%
2026-05-04 23:21:06,168 INFO mapreduce.Job:  map 20% reduce 0%
2026-05-04 23:21:07,211 INFO mapreduce.Job:  map 27% reduce 0%
2026-05-04 23:21:29,171 INFO mapreduce.Job:  map 27% reduce 9%
2026-05-04 23:21:33,355 INFO mapreduce.Job:  map 29% reduce 9%
2026-05-04 23:21:34,295 INFO mapreduce.Job:  map 36% reduce 9%
2026-05-04 23:21:37,362 INFO mapreduce.Job:  map 38% reduce 9%
2026-05-04 23:21:38,374 INFO mapreduce.Job:  map 40% reduce 9%
2026-05-04 23:21:39,420 INFO mapreduce.Job:  map 44% reduce 9%
2026-05-04 23:21:40,463 INFO mapreduce.Job:  map 44% reduce 13%
2026-05-04 23:21:43,505 INFO mapreduce.Job:  map 46% reduce 13%
2026-05-04 23:21:44,531 INFO mapreduce.Job:  map 48% reduce 13%
2026-05-04 23:21:45,566 INFO mapreduce.Job:  map 50% reduce 13%
2026-05-04 23:21:46,596 INFO mapreduce.Job:  map 50% reduce 16%
2026-05-04 23:21:48,636 INFO mapreduce.Job:  map 53% reduce 16%
2026-05-04 23:21:52,785 INFO mapreduce.Job:  map 53% reduce 18%
2026-05-04 23:22:00,156 INFO mapreduce.Job:  map 55% reduce 18%
2026-05-04 23:22:05,210 INFO mapreduce.Job:  map 57% reduce 18%
2026-05-04 23:22:06,304 INFO mapreduce.Job:  map 58% reduce 18%
2026-05-04 23:22:09,513 INFO mapreduce.Job:  map 69% reduce 18%
2026-05-04 23:22:10,539 INFO mapreduce.Job:  map 69% reduce 20%
2026-05-04 23:22:11,593 INFO mapreduce.Job:  map 76% reduce 20%
2026-05-04 23:22:12,627 INFO mapreduce.Job:  map 77% reduce 20%
2026-05-04 23:22:15,681 INFO mapreduce.Job:  map 80% reduce 20%
2026-05-04 23:22:16,737 INFO mapreduce.Job:  map 80% reduce 27%
2026-05-04 23:22:28,043 INFO mapreduce.Job:  map 87% reduce 27%
2026-05-04 23:22:29,058 INFO mapreduce.Job:  map 87% reduce 29%
2026-05-04 23:22:33,124 INFO mapreduce.Job:  map 100% reduce 29%
2026-05-04 23:22:35,079 INFO mapreduce.Job:  map 100% reduce 67%
2026-05-04 23:22:41,125 INFO mapreduce.Job:  map 100% reduce 100%
2026-05-04 23:22:42,162 INFO mapreduce.Job: Job job_1777896773821_0019 completed successfully
2026-05-04 23:22:42,330 INFO mapreduce.Job: Counters: 56
	File System Counters
		FILE: Number of bytes read=233733659
		FILE: Number of bytes written=471911890
		FILE: Number of read operations=0
		FILE: Number of large read operations=0
		FILE: Number of write operations=0
		HDFS: Number of bytes read=1361601680
		HDFS: Number of bytes written=165627
		HDFS: Number of read operations=50
		HDFS: Number of large read operations=0
		HDFS: Number of write operations=2
		HDFS: Number of bytes read erasure-coded=0
	Job Counters 
		Killed map tasks=1
		Launched map tasks=16
		Launched reduce tasks=1
		Data-local map tasks=16
		Total time spent by all maps in occupied slots (ms)=440040
		Total time spent by all reduces in occupied slots (ms)=92463
		Total time spent by all map tasks (ms)=440040
		Total time spent by all reduce tasks (ms)=92463
		Total vcore-milliseconds taken by all map tasks=440040
		Total vcore-milliseconds taken by all reduce tasks=92463
		Total megabyte-milliseconds taken by all map tasks=450600960
		Total megabyte-milliseconds taken by all reduce tasks=94682112
	Map-Reduce Framework
		Map input records=6536794
		Map output records=6536785
		Map output bytes=220660077
		Map output materialized bytes=233733737
		Input split bytes=1845
		Combine input records=0
		Combine output records=0
		Reduce input groups=1375
		Reduce shuffle bytes=233733737
		Reduce input records=6536785
		Reduce output records=1375
		Spilled Records=13073570
		Shuffled Maps =15
		Failed Shuffles=0
		Merged Map outputs=15
		GC time elapsed (ms)=9209
		CPU time spent (ms)=217390
		Physical memory (bytes) snapshot=6147739648
		Virtual memory (bytes) snapshot=33453281280
		Total committed heap usage (bytes)=4928831488
		Peak Map Physical memory (bytes)=391471104
		Peak Map Virtual memory (bytes)=2098409472
		Peak Reduce Physical memory (bytes)=462606336
		Peak Reduce Virtual memory (bytes)=2093744128
	E2b
		dropped_bad_timestamp=9
	Shuffle Errors
		BAD_ID=0
		CONNECTION=0
		IO_ERROR=0
		WRONG_LENGTH=0
		WRONG_MAP=0
		WRONG_REDUCE=0
	File Input Format Counters 
		Bytes Read=1361599835
	File Output Format Counters 
		Bytes Written=165627
=== E2b done: 2026-05-04T16:22:42+02:00, rc=0, duration=156260 ms ===
[stage2] E2c — final join (T2_rides + NOAA + T2_events) → T2
=== E2c start: 2026-05-04T16:22:43+02:00 ===
Driver: pl.pwr.bigdata.mr.stage2.JoinDriver
Input:  /processed/T2_rides
Output: /processed/T2
Extra:  /raw/noaa /processed/T2_events
2026-05-04 23:22:50,612 INFO client.DefaultNoHARMFailoverProxyProvider: Connecting to ResourceManager at master/10.0.2.4:8050
2026-05-04 23:22:51,052 INFO mapreduce.JobResourceUploader: Disabling Erasure Coding for path: /tmp/hadoop-yarn/staging/root/.staging/job_1777896773821_0020
2026-05-04 23:22:51,647 INFO input.FileInputFormat: Total input files to process : 1
2026-05-04 23:22:51,844 INFO mapreduce.JobSubmitter: number of splits:1
2026-05-04 23:22:52,751 INFO mapreduce.JobSubmitter: Submitting tokens for job: job_1777896773821_0020
2026-05-04 23:22:52,751 INFO mapreduce.JobSubmitter: Executing with tokens: []
2026-05-04 23:22:53,378 INFO conf.Configuration: resource-types.xml not found
2026-05-04 23:22:53,383 INFO resource.ResourceUtils: Unable to find 'resource-types.xml'.
2026-05-04 23:22:53,611 INFO impl.YarnClientImpl: Submitted application application_1777896773821_0020
2026-05-04 23:22:53,787 INFO mapreduce.Job: The url to track the job: http://master:8088/proxy/application_1777896773821_0020/
2026-05-04 23:22:53,788 INFO mapreduce.Job: Running job: job_1777896773821_0020
2026-05-04 23:23:10,626 INFO mapreduce.Job: Job job_1777896773821_0020 running in uber mode : false
2026-05-04 23:23:10,628 INFO mapreduce.Job:  map 0% reduce 0%
2026-05-04 23:23:20,919 INFO mapreduce.Job:  map 100% reduce 0%
2026-05-04 23:23:20,953 INFO mapreduce.Job: Job job_1777896773821_0020 completed successfully
2026-05-04 23:23:21,093 INFO mapreduce.Job: Counters: 33
	File System Counters
		FILE: Number of bytes read=0
		FILE: Number of bytes written=280372
		FILE: Number of read operations=0
		FILE: Number of large read operations=0
		FILE: Number of write operations=0
		HDFS: Number of bytes read=5617
		HDFS: Number of bytes written=23325
		HDFS: Number of read operations=7
		HDFS: Number of large read operations=0
		HDFS: Number of write operations=2
		HDFS: Number of bytes read erasure-coded=0
	Job Counters 
		Launched map tasks=1
		Rack-local map tasks=1
		Total time spent by all maps in occupied slots (ms)=7084
		Total time spent by all reduces in occupied slots (ms)=0
		Total time spent by all map tasks (ms)=7084
		Total vcore-milliseconds taken by all map tasks=7084
		Total megabyte-milliseconds taken by all map tasks=7254016
	Map-Reduce Framework
		Map input records=155
		Map output records=155
		Input split bytes=115
		Spilled Records=0
		Failed Shuffles=0
		Merged Map outputs=0
		GC time elapsed (ms)=127
		CPU time spent (ms)=1270
		Physical memory (bytes) snapshot=211714048
		Virtual memory (bytes) snapshot=2088755200
		Total committed heap usage (bytes)=183500800
		Peak Map Physical memory (bytes)=211714048
		Peak Map Virtual memory (bytes)=2088755200
	File Input Format Counters 
		Bytes Read=5502
	File Output Format Counters 
		Bytes Written=23325
=== E2c done: 2026-05-04T16:23:21+02:00, rc=0, duration=38446 ms ===
--- Stage 2 END   2026-05-04T16:23:21+02:00 duration=278885 ms ---
--- Stage 3 START 2026-05-04T16:23:21+02:00 ---
[stage3] E3a — borough_stats
=== E3a start: 2026-05-04T16:23:21+02:00 ===
Driver: pl.pwr.bigdata.mr.stage3.BoroughStatsDriver
Input:  /processed/T2
Output: /processed/T3a
Extra:  
2026-05-04 23:23:29,285 INFO client.DefaultNoHARMFailoverProxyProvider: Connecting to ResourceManager at master/10.0.2.4:8050
2026-05-04 23:23:29,883 INFO mapreduce.JobResourceUploader: Disabling Erasure Coding for path: /tmp/hadoop-yarn/staging/root/.staging/job_1777896773821_0021
2026-05-04 23:23:30,342 INFO input.FileInputFormat: Total input files to process : 1
2026-05-04 23:23:30,523 INFO mapreduce.JobSubmitter: number of splits:1
2026-05-04 23:23:30,758 INFO mapreduce.JobSubmitter: Submitting tokens for job: job_1777896773821_0021
2026-05-04 23:23:30,758 INFO mapreduce.JobSubmitter: Executing with tokens: []
2026-05-04 23:23:31,057 INFO conf.Configuration: resource-types.xml not found
2026-05-04 23:23:31,057 INFO resource.ResourceUtils: Unable to find 'resource-types.xml'.
2026-05-04 23:23:31,179 INFO impl.YarnClientImpl: Submitted application application_1777896773821_0021
2026-05-04 23:23:31,250 INFO mapreduce.Job: The url to track the job: http://master:8088/proxy/application_1777896773821_0021/
2026-05-04 23:23:31,252 INFO mapreduce.Job: Running job: job_1777896773821_0021
2026-05-04 23:23:42,705 INFO mapreduce.Job: Job job_1777896773821_0021 running in uber mode : false
2026-05-04 23:23:42,707 INFO mapreduce.Job:  map 0% reduce 0%
2026-05-04 23:23:49,907 INFO mapreduce.Job:  map 100% reduce 0%
2026-05-04 23:23:58,015 INFO mapreduce.Job:  map 100% reduce 100%
2026-05-04 23:23:59,064 INFO mapreduce.Job: Job job_1777896773821_0021 completed successfully
2026-05-04 23:23:59,278 INFO mapreduce.Job: Counters: 54
	File System Counters
		FILE: Number of bytes read=2354
		FILE: Number of bytes written=559857
		FILE: Number of read operations=0
		FILE: Number of large read operations=0
		FILE: Number of write operations=0
		HDFS: Number of bytes read=23434
		HDFS: Number of bytes written=295
		HDFS: Number of read operations=8
		HDFS: Number of large read operations=0
		HDFS: Number of write operations=2
		HDFS: Number of bytes read erasure-coded=0
	Job Counters 
		Launched map tasks=1
		Launched reduce tasks=1
		Rack-local map tasks=1
		Total time spent by all maps in occupied slots (ms)=4641
		Total time spent by all reduces in occupied slots (ms)=5167
		Total time spent by all map tasks (ms)=4641
		Total time spent by all reduce tasks (ms)=5167
		Total vcore-milliseconds taken by all map tasks=4641
		Total vcore-milliseconds taken by all reduce tasks=5167
		Total megabyte-milliseconds taken by all map tasks=4752384
		Total megabyte-milliseconds taken by all reduce tasks=5291008
	Map-Reduce Framework
		Map input records=155
		Map output records=155
		Map output bytes=2038
		Map output materialized bytes=2354
		Input split bytes=109
		Combine input records=0
		Combine output records=0
		Reduce input groups=5
		Reduce shuffle bytes=2354
		Reduce input records=155
		Reduce output records=5
		Spilled Records=310
		Shuffled Maps =1
		Failed Shuffles=0
		Merged Map outputs=1
		GC time elapsed (ms)=148
		CPU time spent (ms)=1610
		Physical memory (bytes) snapshot=522362880
		Virtual memory (bytes) snapshot=4176535552
		Total committed heap usage (bytes)=476053504
		Peak Map Physical memory (bytes)=313454592
		Peak Map Virtual memory (bytes)=2086154240
		Peak Reduce Physical memory (bytes)=208908288
		Peak Reduce Virtual memory (bytes)=2090381312
	Shuffle Errors
		BAD_ID=0
		CONNECTION=0
		IO_ERROR=0
		WRONG_LENGTH=0
		WRONG_MAP=0
		WRONG_REDUCE=0
	File Input Format Counters 
		Bytes Read=23325
	File Output Format Counters 
		Bytes Written=295
=== E3a done: 2026-05-04T16:23:59+02:00, rc=0, duration=38165 ms ===
[stage3] E3b — regression OLS per borough
=== E3b start: 2026-05-04T16:23:59+02:00 ===
Driver: pl.pwr.bigdata.mr.stage3.RegressionDriver
Input:  /processed/T2
Output: /processed/T3b
Extra:  
2026-05-04 23:24:07,933 INFO client.DefaultNoHARMFailoverProxyProvider: Connecting to ResourceManager at master/10.0.2.4:8050
2026-05-04 23:24:08,862 INFO mapreduce.JobResourceUploader: Disabling Erasure Coding for path: /tmp/hadoop-yarn/staging/root/.staging/job_1777896773821_0022
2026-05-04 23:24:09,719 INFO input.FileInputFormat: Total input files to process : 1
2026-05-04 23:24:10,603 INFO mapreduce.JobSubmitter: number of splits:1
2026-05-04 23:24:11,379 INFO mapreduce.JobSubmitter: Submitting tokens for job: job_1777896773821_0022
2026-05-04 23:24:11,379 INFO mapreduce.JobSubmitter: Executing with tokens: []
2026-05-04 23:24:11,966 INFO conf.Configuration: resource-types.xml not found
2026-05-04 23:24:11,968 INFO resource.ResourceUtils: Unable to find 'resource-types.xml'.
2026-05-04 23:24:12,156 INFO impl.YarnClientImpl: Submitted application application_1777896773821_0022
2026-05-04 23:24:12,342 INFO mapreduce.Job: The url to track the job: http://master:8088/proxy/application_1777896773821_0022/
2026-05-04 23:24:12,345 INFO mapreduce.Job: Running job: job_1777896773821_0022
2026-05-04 23:24:24,720 INFO mapreduce.Job: Job job_1777896773821_0022 running in uber mode : false
2026-05-04 23:24:24,726 INFO mapreduce.Job:  map 0% reduce 0%
2026-05-04 23:24:32,936 INFO mapreduce.Job:  map 100% reduce 0%
2026-05-04 23:24:41,029 INFO mapreduce.Job:  map 100% reduce 100%
2026-05-04 23:24:43,094 INFO mapreduce.Job: Job job_1777896773821_0022 completed successfully
2026-05-04 23:24:43,245 INFO mapreduce.Job: Counters: 55
	File System Counters
		FILE: Number of bytes read=814
		FILE: Number of bytes written=557165
		FILE: Number of read operations=0
		FILE: Number of large read operations=0
		FILE: Number of write operations=0
		HDFS: Number of bytes read=23434
		HDFS: Number of bytes written=181
		HDFS: Number of read operations=8
		HDFS: Number of large read operations=0
		HDFS: Number of write operations=2
		HDFS: Number of bytes read erasure-coded=0
	Job Counters 
		Launched map tasks=1
		Launched reduce tasks=1
		Rack-local map tasks=1
		Total time spent by all maps in occupied slots (ms)=5839
		Total time spent by all reduces in occupied slots (ms)=5577
		Total time spent by all map tasks (ms)=5839
		Total time spent by all reduce tasks (ms)=5577
		Total vcore-milliseconds taken by all map tasks=5839
		Total vcore-milliseconds taken by all reduce tasks=5577
		Total megabyte-milliseconds taken by all map tasks=5979136
		Total megabyte-milliseconds taken by all reduce tasks=5710848
	Map-Reduce Framework
		Map input records=155
		Map output records=155
		Map output bytes=5158
		Map output materialized bytes=814
		Input split bytes=109
		Combine input records=155
		Combine output records=5
		Reduce input groups=5
		Reduce shuffle bytes=814
		Reduce input records=5
		Reduce output records=5
		Spilled Records=10
		Shuffled Maps =1
		Failed Shuffles=0
		Merged Map outputs=1
		GC time elapsed (ms)=579
		CPU time spent (ms)=1920
		Physical memory (bytes) snapshot=528056320
		Virtual memory (bytes) snapshot=4179054592
		Total committed heap usage (bytes)=459800576
		Peak Map Physical memory (bytes)=317485056
		Peak Map Virtual memory (bytes)=2087596032
		Peak Reduce Physical memory (bytes)=210571264
		Peak Reduce Virtual memory (bytes)=2091458560
	E3b
		fallback_singular=5
	Shuffle Errors
		BAD_ID=0
		CONNECTION=0
		IO_ERROR=0
		WRONG_LENGTH=0
		WRONG_MAP=0
		WRONG_REDUCE=0
	File Input Format Counters 
		Bytes Read=23325
	File Output Format Counters 
		Bytes Written=181
=== E3b done: 2026-05-04T16:24:43+02:00, rc=0, duration=43706 ms ===
[stage3] E3c — event_count_stats
=== E3c start: 2026-05-04T16:24:43+02:00 ===
Driver: pl.pwr.bigdata.mr.stage3.EventStatsDriver
Input:  /processed/T2
Output: /processed/T3c
Extra:  
2026-05-04 23:24:51,316 INFO client.DefaultNoHARMFailoverProxyProvider: Connecting to ResourceManager at master/10.0.2.4:8050
2026-05-04 23:24:51,972 INFO mapreduce.JobResourceUploader: Disabling Erasure Coding for path: /tmp/hadoop-yarn/staging/root/.staging/job_1777896773821_0023
2026-05-04 23:24:52,892 INFO input.FileInputFormat: Total input files to process : 1
2026-05-04 23:24:53,085 INFO mapreduce.JobSubmitter: number of splits:1
2026-05-04 23:24:53,313 INFO mapreduce.JobSubmitter: Submitting tokens for job: job_1777896773821_0023
2026-05-04 23:24:53,314 INFO mapreduce.JobSubmitter: Executing with tokens: []
2026-05-04 23:24:53,630 INFO conf.Configuration: resource-types.xml not found
2026-05-04 23:24:53,632 INFO resource.ResourceUtils: Unable to find 'resource-types.xml'.
2026-05-04 23:24:53,747 INFO impl.YarnClientImpl: Submitted application application_1777896773821_0023
2026-05-04 23:24:53,832 INFO mapreduce.Job: The url to track the job: http://master:8088/proxy/application_1777896773821_0023/
2026-05-04 23:24:53,836 INFO mapreduce.Job: Running job: job_1777896773821_0023
2026-05-04 23:25:08,150 INFO mapreduce.Job: Job job_1777896773821_0023 running in uber mode : false
2026-05-04 23:25:08,154 INFO mapreduce.Job:  map 0% reduce 0%
2026-05-04 23:25:15,331 INFO mapreduce.Job:  map 100% reduce 0%
2026-05-04 23:25:24,497 INFO mapreduce.Job:  map 100% reduce 100%
2026-05-04 23:25:25,530 INFO mapreduce.Job: Job job_1777896773821_0023 completed successfully
2026-05-04 23:25:25,676 INFO mapreduce.Job: Counters: 54
	File System Counters
		FILE: Number of bytes read=1885
		FILE: Number of bytes written=558907
		FILE: Number of read operations=0
		FILE: Number of large read operations=0
		FILE: Number of write operations=0
		HDFS: Number of bytes read=23434
		HDFS: Number of bytes written=72
		HDFS: Number of read operations=8
		HDFS: Number of large read operations=0
		HDFS: Number of write operations=2
		HDFS: Number of bytes read erasure-coded=0
	Job Counters 
		Launched map tasks=1
		Launched reduce tasks=1
		Rack-local map tasks=1
		Total time spent by all maps in occupied slots (ms)=4821
		Total time spent by all reduces in occupied slots (ms)=5794
		Total time spent by all map tasks (ms)=4821
		Total time spent by all reduce tasks (ms)=5794
		Total vcore-milliseconds taken by all map tasks=4821
		Total vcore-milliseconds taken by all reduce tasks=5794
		Total megabyte-milliseconds taken by all map tasks=4936704
		Total megabyte-milliseconds taken by all reduce tasks=5933056
	Map-Reduce Framework
		Map input records=155
		Map output records=124
		Map output bytes=1631
		Map output materialized bytes=1885
		Input split bytes=109
		Combine input records=0
		Combine output records=0
		Reduce input groups=4
		Reduce shuffle bytes=1885
		Reduce input records=124
		Reduce output records=4
		Spilled Records=248
		Shuffled Maps =1
		Failed Shuffles=0
		Merged Map outputs=1
		GC time elapsed (ms)=227
		CPU time spent (ms)=1690
		Physical memory (bytes) snapshot=538095616
		Virtual memory (bytes) snapshot=4184113152
		Total committed heap usage (bytes)=474480640
		Peak Map Physical memory (bytes)=316542976
		Peak Map Virtual memory (bytes)=2087010304
		Peak Reduce Physical memory (bytes)=221552640
		Peak Reduce Virtual memory (bytes)=2097102848
	Shuffle Errors
		BAD_ID=0
		CONNECTION=0
		IO_ERROR=0
		WRONG_LENGTH=0
		WRONG_MAP=0
		WRONG_REDUCE=0
	File Input Format Counters 
		Bytes Read=23325
	File Output Format Counters 
		Bytes Written=72
=== E3c done: 2026-05-04T16:25:26+02:00, rc=0, duration=42372 ms ===
--- Stage 3 END   2026-05-04T16:25:26+02:00 duration=124582 ms ---
--- Stage 4 START 2026-05-04T16:25:26+02:00 ---
[stage4] E4 — enrich (T2 + T3a + T3b + T3c) → W
=== E4 start: 2026-05-04T16:25:26+02:00 ===
Driver: pl.pwr.bigdata.mr.stage4.EnrichDriver
Input:  /processed/T2
Output: /processed/W
Extra:  /processed/T3a /processed/T3b /processed/T3c
2026-05-04 23:25:33,989 INFO client.DefaultNoHARMFailoverProxyProvider: Connecting to ResourceManager at master/10.0.2.4:8050
2026-05-04 23:25:34,457 INFO mapreduce.JobResourceUploader: Disabling Erasure Coding for path: /tmp/hadoop-yarn/staging/root/.staging/job_1777896773821_0024
2026-05-04 23:25:34,910 INFO input.FileInputFormat: Total input files to process : 1
2026-05-04 23:25:35,460 INFO mapreduce.JobSubmitter: number of splits:1
2026-05-04 23:25:35,847 INFO mapreduce.JobSubmitter: Submitting tokens for job: job_1777896773821_0024
2026-05-04 23:25:35,848 INFO mapreduce.JobSubmitter: Executing with tokens: []
2026-05-04 23:25:36,427 INFO conf.Configuration: resource-types.xml not found
2026-05-04 23:25:36,428 INFO resource.ResourceUtils: Unable to find 'resource-types.xml'.
2026-05-04 23:25:36,744 INFO impl.YarnClientImpl: Submitted application application_1777896773821_0024
2026-05-04 23:25:36,889 INFO mapreduce.Job: The url to track the job: http://master:8088/proxy/application_1777896773821_0024/
2026-05-04 23:25:36,898 INFO mapreduce.Job: Running job: job_1777896773821_0024
2026-05-04 23:25:49,439 INFO mapreduce.Job: Job job_1777896773821_0024 running in uber mode : false
2026-05-04 23:25:49,443 INFO mapreduce.Job:  map 0% reduce 0%
2026-05-04 23:25:55,581 INFO mapreduce.Job:  map 100% reduce 0%
2026-05-04 23:25:57,658 INFO mapreduce.Job: Job job_1777896773821_0024 completed successfully
2026-05-04 23:25:57,879 INFO mapreduce.Job: Counters: 33
	File System Counters
		FILE: Number of bytes read=0
		FILE: Number of bytes written=278317
		FILE: Number of read operations=0
		FILE: Number of large read operations=0
		FILE: Number of write operations=0
		HDFS: Number of bytes read=23434
		HDFS: Number of bytes written=26602
		HDFS: Number of read operations=7
		HDFS: Number of large read operations=0
		HDFS: Number of write operations=2
		HDFS: Number of bytes read erasure-coded=0
	Job Counters 
		Launched map tasks=1
		Rack-local map tasks=1
		Total time spent by all maps in occupied slots (ms)=4407
		Total time spent by all reduces in occupied slots (ms)=0
		Total time spent by all map tasks (ms)=4407
		Total vcore-milliseconds taken by all map tasks=4407
		Total megabyte-milliseconds taken by all map tasks=4512768
	Map-Reduce Framework
		Map input records=155
		Map output records=155
		Input split bytes=109
		Spilled Records=0
		Failed Shuffles=0
		Merged Map outputs=0
		GC time elapsed (ms)=74
		CPU time spent (ms)=830
		Physical memory (bytes) snapshot=211116032
		Virtual memory (bytes) snapshot=2089111552
		Total committed heap usage (bytes)=186122240
		Peak Map Physical memory (bytes)=211116032
		Peak Map Virtual memory (bytes)=2089111552
	File Input Format Counters 
		Bytes Read=23325
	File Output Format Counters 
		Bytes Written=26602
=== E4 done: 2026-05-04T16:25:58+02:00, rc=0, duration=32130 ms ===
--- Stage 4 END   2026-05-04T16:25:58+02:00 duration=32255 ms ---
=== run_all DONE 2026-05-04T16:25:58+02:00 ===
TOTAL pipeline duration: 714992 ms
Summary log: /mnt/c/Users/Admin/Desktop/magisterka_pwr/semestry/III/przetwarzanie_danych/przetwarzanie-danych-pwr/logs/mapreduce/run_all_20260504T161403.log
