=== run_all start: 2026-05-04T14:23:48+02:00 ===
Month filter: <all>
Skip prepare: 1
Skip build:   0
[build] copying sources to master:/opt/mr/src ...
[build] compiling inside master container ...
[build] downloading mr-jobs.jar to /mnt/c/Users/Admin/Desktop/magisterka_pwr/semestry/III/przetwarzanie_danych/przetwarzanie-danych-pwr/build/ ...
[build] OK: /mnt/c/Users/Admin/Desktop/magisterka_pwr/semestry/III/przetwarzanie_danych/przetwarzanie-danych-pwr/build/mr-jobs.jar (48K)
--- Stage 1 START 2026-05-04T14:24:09+02:00 ---
[stage1] using stations file: /raw/station_to_borough/2026-04-21/stations_2026-04-21.csv
=== E1 start: 2026-05-04T14:24:32+02:00 ===
Driver: pl.pwr.bigdata.mr.stage1.CleanDriver
Input:  /processed/citibike
Output: /processed/T1
Extra:  /raw/station_to_borough/2026-04-21/stations_2026-04-21.csv
2026-05-04 21:24:49,003 INFO client.DefaultNoHARMFailoverProxyProvider: Connecting to ResourceManager at master/10.0.2.4:8050
2026-05-04 21:24:49,962 INFO mapreduce.JobResourceUploader: Disabling Erasure Coding for path: /tmp/hadoop-yarn/staging/root/.staging/job_1777896773821_0001
2026-05-04 21:24:51,372 INFO input.FileInputFormat: Total input files to process : 1
2026-05-04 21:24:52,173 INFO mapreduce.JobSubmitter: number of splits:2
2026-05-04 21:24:52,844 INFO mapreduce.JobSubmitter: Submitting tokens for job: job_1777896773821_0001
2026-05-04 21:24:52,845 INFO mapreduce.JobSubmitter: Executing with tokens: []
2026-05-04 21:24:53,995 INFO conf.Configuration: resource-types.xml not found
2026-05-04 21:24:54,003 INFO resource.ResourceUtils: Unable to find 'resource-types.xml'.
2026-05-04 21:24:55,421 INFO impl.YarnClientImpl: Submitted application application_1777896773821_0001
2026-05-04 21:24:55,680 INFO mapreduce.Job: The url to track the job: http://master:8088/proxy/application_1777896773821_0001/
2026-05-04 21:24:55,683 INFO mapreduce.Job: Running job: job_1777896773821_0001
2026-05-04 21:25:15,330 INFO mapreduce.Job: Job job_1777896773821_0001 running in uber mode : false
2026-05-04 21:25:15,261 INFO mapreduce.Job:  map 0% reduce 0%
2026-05-04 21:25:47,163 INFO mapreduce.Job:  map 49% reduce 0%
2026-05-04 21:25:53,714 INFO mapreduce.Job:  map 73% reduce 0%
2026-05-04 21:25:59,866 INFO mapreduce.Job:  map 87% reduce 0%
2026-05-04 21:26:05,345 INFO mapreduce.Job:  map 99% reduce 0%
2026-05-04 21:26:06,416 INFO mapreduce.Job:  map 100% reduce 0%
2026-05-04 21:26:08,468 INFO mapreduce.Job: Job job_1777896773821_0001 completed successfully
2026-05-04 21:26:09,017 INFO mapreduce.Job: Counters: 37
	File System Counters
		FILE: Number of bytes read=0
		FILE: Number of bytes written=555722
		FILE: Number of read operations=0
		FILE: Number of large read operations=0
		FILE: Number of write operations=0
		HDFS: Number of bytes read=194689174
		HDFS: Number of bytes written=71340964
		HDFS: Number of read operations=14
		HDFS: Number of large read operations=0
		HDFS: Number of write operations=4
		HDFS: Number of bytes read erasure-coded=0
	Job Counters 
		Killed map tasks=1
		Launched map tasks=3
		Data-local map tasks=3
		Total time spent by all maps in occupied slots (ms)=93064
		Total time spent by all reduces in occupied slots (ms)=0
		Total time spent by all map tasks (ms)=93064
		Total vcore-milliseconds taken by all map tasks=93064
		Total megabyte-milliseconds taken by all map tasks=95297536
	Map-Reduce Framework
		Map input records=1000001
		Map output records=999017
		Input split bytes=262
		Spilled Records=0
		Failed Shuffles=0
		Merged Map outputs=0
		GC time elapsed (ms)=1358
		CPU time spent (ms)=48680
		Physical memory (bytes) snapshot=559136768
		Virtual memory (bytes) snapshot=4171575296
		Total committed heap usage (bytes)=409468928
		Peak Map Physical memory (bytes)=285937664
		Peak Map Virtual memory (bytes)=2087800832
	E1
		dropped_no_station=458
		dropped_too_long=525
		kept=999017
	File Input Format Counters 
		Bytes Read=194688912
	File Output Format Counters 
		Bytes Written=71340964
=== E1 done: 2026-05-04T14:26:09+02:00, rc=0, duration=97445 ms ===
--- Stage 1 END   2026-05-04T14:26:09+02:00 duration=120418 ms ---
--- Stage 2 START 2026-05-04T14:26:09+02:00 ---
[stage2] E2a — rides aggregation
=== E2a start: 2026-05-04T14:26:09+02:00 ===
Driver: pl.pwr.bigdata.mr.stage2.RidesAggDriver
Input:  /processed/T1
Output: /processed/T2_rides
Extra:  1
2026-05-04 21:26:29,889 INFO client.DefaultNoHARMFailoverProxyProvider: Connecting to ResourceManager at master/10.0.2.4:8050
2026-05-04 21:26:32,654 INFO mapreduce.JobResourceUploader: Disabling Erasure Coding for path: /tmp/hadoop-yarn/staging/root/.staging/job_1777896773821_0002
2026-05-04 21:26:33,856 INFO input.FileInputFormat: Total input files to process : 2
2026-05-04 21:26:34,294 INFO mapreduce.JobSubmitter: number of splits:2
2026-05-04 21:26:34,922 INFO mapreduce.JobSubmitter: Submitting tokens for job: job_1777896773821_0002
2026-05-04 21:26:34,924 INFO mapreduce.JobSubmitter: Executing with tokens: []
2026-05-04 21:26:35,805 INFO conf.Configuration: resource-types.xml not found
2026-05-04 21:26:35,807 INFO resource.ResourceUtils: Unable to find 'resource-types.xml'.
2026-05-04 21:26:36,187 INFO impl.YarnClientImpl: Submitted application application_1777896773821_0002
2026-05-04 21:26:36,470 INFO mapreduce.Job: The url to track the job: http://master:8088/proxy/application_1777896773821_0002/
2026-05-04 21:26:36,472 INFO mapreduce.Job: Running job: job_1777896773821_0002
2026-05-04 21:27:05,880 INFO mapreduce.Job: Job job_1777896773821_0002 running in uber mode : false
2026-05-04 21:27:05,883 INFO mapreduce.Job:  map 0% reduce 0%
2026-05-04 21:27:27,419 INFO mapreduce.Job:  map 50% reduce 0%
2026-05-04 21:27:31,734 INFO mapreduce.Job:  map 100% reduce 0%
2026-05-04 21:27:56,869 INFO mapreduce.Job:  map 100% reduce 100%
2026-05-04 21:27:59,985 INFO mapreduce.Job: Job job_1777896773821_0002 completed successfully
2026-05-04 21:28:01,062 INFO mapreduce.Job: Counters: 56
	File System Counters
		FILE: Number of bytes read=7424
		FILE: Number of bytes written=848181
		FILE: Number of read operations=0
		FILE: Number of large read operations=0
		FILE: Number of write operations=0
		HDFS: Number of bytes read=71341182
		HDFS: Number of bytes written=2630
		HDFS: Number of read operations=11
		HDFS: Number of large read operations=0
		HDFS: Number of write operations=2
		HDFS: Number of bytes read erasure-coded=0
	Job Counters 
		Killed map tasks=1
		Launched map tasks=3
		Launched reduce tasks=1
		Data-local map tasks=1
		Rack-local map tasks=2
		Total time spent by all maps in occupied slots (ms)=43517
		Total time spent by all reduces in occupied slots (ms)=25684
		Total time spent by all map tasks (ms)=43517
		Total time spent by all reduce tasks (ms)=25684
		Total vcore-milliseconds taken by all map tasks=43517
		Total vcore-milliseconds taken by all reduce tasks=25684
		Total megabyte-milliseconds taken by all map tasks=44561408
		Total megabyte-milliseconds taken by all reduce tasks=26300416
	Map-Reduce Framework
		Map input records=999017
		Map output records=999017
		Map output bytes=36665102
		Map output materialized bytes=7430
		Input split bytes=218
		Combine input records=999017
		Combine output records=150
		Reduce input groups=75
		Reduce shuffle bytes=7430
		Reduce input records=150
		Reduce output records=75
		Spilled Records=300
		Shuffled Maps =2
		Failed Shuffles=0
		Merged Map outputs=2
		GC time elapsed (ms)=1180
		CPU time spent (ms)=27680
		Physical memory (bytes) snapshot=973770752
		Virtual memory (bytes) snapshot=6269902848
		Total committed heap usage (bytes)=790102016
		Peak Map Physical memory (bytes)=374972416
		Peak Map Virtual memory (bytes)=2089672704
		Peak Reduce Physical memory (bytes)=240762880
		Peak Reduce Virtual memory (bytes)=2093101056
	Shuffle Errors
		BAD_ID=0
		CONNECTION=0
		IO_ERROR=0
		WRONG_LENGTH=0
		WRONG_MAP=0
		WRONG_REDUCE=0
	File Input Format Counters 
		Bytes Read=71340964
	File Output Format Counters 
		Bytes Written=2630
=== E2a done: 2026-05-04T14:28:02+02:00, rc=0, duration=112453 ms ===
[stage2] E2b — events aggregation
=== E2b start: 2026-05-04T14:28:03+02:00 ===
Driver: pl.pwr.bigdata.mr.stage2.EventsAggDriver
Input:  /raw/events
Output: /processed/T2_events
Extra:  
2026-05-04 21:28:36,348 INFO client.DefaultNoHARMFailoverProxyProvider: Connecting to ResourceManager at master/10.0.2.4:8050
2026-05-04 21:28:39,923 INFO mapreduce.JobResourceUploader: Disabling Erasure Coding for path: /tmp/hadoop-yarn/staging/root/.staging/job_1777896773821_0003
2026-05-04 21:28:42,168 INFO input.FileInputFormat: Total input files to process : 9
2026-05-04 21:28:42,922 INFO mapreduce.JobSubmitter: number of splits:15
2026-05-04 21:28:44,920 INFO mapreduce.JobSubmitter: Submitting tokens for job: job_1777896773821_0003
2026-05-04 21:28:44,921 INFO mapreduce.JobSubmitter: Executing with tokens: []
2026-05-04 21:28:46,675 INFO conf.Configuration: resource-types.xml not found
2026-05-04 21:28:46,676 INFO resource.ResourceUtils: Unable to find 'resource-types.xml'.
2026-05-04 21:28:47,390 INFO impl.YarnClientImpl: Submitted application application_1777896773821_0003
2026-05-04 21:28:47,999 INFO mapreduce.Job: The url to track the job: http://master:8088/proxy/application_1777896773821_0003/
2026-05-04 21:28:48,019 INFO mapreduce.Job: Running job: job_1777896773821_0003
2026-05-04 21:29:39,230 INFO mapreduce.Job: Job job_1777896773821_0003 running in uber mode : false
2026-05-04 21:29:39,233 INFO mapreduce.Job:  map 0% reduce 0%
2026-05-04 21:30:40,068 INFO mapreduce.Job:  map 1% reduce 0%
2026-05-04 21:30:46,267 INFO mapreduce.Job:  map 2% reduce 0%
2026-05-04 21:30:52,667 INFO mapreduce.Job:  map 3% reduce 0%
2026-05-04 21:30:55,908 INFO mapreduce.Job:  map 4% reduce 0%
2026-05-04 21:30:58,011 INFO mapreduce.Job:  map 5% reduce 0%
2026-05-04 21:31:02,193 INFO mapreduce.Job:  map 6% reduce 0%
2026-05-04 21:31:05,362 INFO mapreduce.Job:  map 7% reduce 0%
2026-05-04 21:31:08,532 INFO mapreduce.Job:  map 8% reduce 0%
2026-05-04 21:31:10,655 INFO mapreduce.Job:  map 9% reduce 0%
2026-05-04 21:31:13,919 INFO mapreduce.Job:  map 10% reduce 0%
2026-05-04 21:31:17,004 INFO mapreduce.Job:  map 11% reduce 0%
2026-05-04 21:31:20,157 INFO mapreduce.Job:  map 13% reduce 0%
2026-05-04 21:31:22,263 INFO mapreduce.Job:  map 15% reduce 0%
2026-05-04 21:31:23,304 INFO mapreduce.Job:  map 16% reduce 0%
2026-05-04 21:31:26,423 INFO mapreduce.Job:  map 19% reduce 0%
2026-05-04 21:31:32,662 INFO mapreduce.Job:  map 20% reduce 0%
2026-05-04 21:31:34,882 INFO mapreduce.Job:  map 22% reduce 0%
2026-05-04 21:31:41,440 INFO mapreduce.Job:  map 24% reduce 0%
2026-05-04 21:31:43,502 INFO mapreduce.Job:  map 27% reduce 0%
2026-05-04 21:32:21,834 INFO mapreduce.Job:  map 27% reduce 9%
2026-05-04 21:32:32,448 INFO mapreduce.Job:  map 28% reduce 9%
2026-05-04 21:32:45,214 INFO mapreduce.Job:  map 29% reduce 9%
2026-05-04 21:32:49,269 INFO mapreduce.Job:  map 30% reduce 9%
2026-05-04 21:32:54,544 INFO mapreduce.Job:  map 31% reduce 9%
2026-05-04 21:32:56,575 INFO mapreduce.Job:  map 32% reduce 9%
2026-05-04 21:33:00,757 INFO mapreduce.Job:  map 33% reduce 9%
2026-05-04 21:33:02,872 INFO mapreduce.Job:  map 34% reduce 9%
2026-05-04 21:33:05,956 INFO mapreduce.Job:  map 37% reduce 9%
2026-05-04 21:33:09,055 INFO mapreduce.Job:  map 38% reduce 9%
2026-05-04 21:33:10,091 INFO mapreduce.Job:  map 38% reduce 11%
2026-05-04 21:33:12,161 INFO mapreduce.Job:  map 39% reduce 11%
2026-05-04 21:33:15,276 INFO mapreduce.Job:  map 43% reduce 11%
2026-05-04 21:33:18,266 INFO mapreduce.Job:  map 44% reduce 11%
2026-05-04 21:33:20,304 INFO mapreduce.Job:  map 45% reduce 11%
2026-05-04 21:33:22,384 INFO mapreduce.Job:  map 45% reduce 13%
2026-05-04 21:33:24,441 INFO mapreduce.Job:  map 46% reduce 13%
2026-05-04 21:33:26,488 INFO mapreduce.Job:  map 47% reduce 13%
2026-05-04 21:33:30,562 INFO mapreduce.Job:  map 48% reduce 13%
2026-05-04 21:33:32,618 INFO mapreduce.Job:  map 49% reduce 13%
2026-05-04 21:33:33,654 INFO mapreduce.Job:  map 51% reduce 13%
2026-05-04 21:33:34,762 INFO mapreduce.Job:  map 53% reduce 16%
2026-05-04 21:33:38,866 INFO mapreduce.Job:  map 56% reduce 16%
2026-05-04 21:33:39,898 INFO mapreduce.Job:  map 56% reduce 18%
2026-05-04 21:33:45,019 INFO mapreduce.Job:  map 58% reduce 18%
2026-05-04 21:33:45,971 INFO mapreduce.Job:  map 60% reduce 18%
2026-05-04 21:33:48,004 INFO mapreduce.Job:  map 62% reduce 18%
2026-05-04 21:33:51,059 INFO mapreduce.Job:  map 67% reduce 18%
2026-05-04 21:33:52,075 INFO mapreduce.Job:  map 67% reduce 22%
2026-05-04 21:34:05,366 INFO mapreduce.Job:  map 69% reduce 22%
2026-05-04 21:34:06,380 INFO mapreduce.Job:  map 70% reduce 22%
2026-05-04 21:34:11,558 INFO mapreduce.Job:  map 78% reduce 22%
2026-05-04 21:34:13,603 INFO mapreduce.Job:  map 80% reduce 22%
2026-05-04 21:34:16,572 INFO mapreduce.Job:  map 80% reduce 27%
2026-05-04 21:34:24,787 INFO mapreduce.Job:  map 84% reduce 27%
2026-05-04 21:34:25,811 INFO mapreduce.Job:  map 87% reduce 27%
2026-05-04 21:34:27,857 INFO mapreduce.Job:  map 91% reduce 27%
2026-05-04 21:34:28,916 INFO mapreduce.Job:  map 93% reduce 29%
2026-05-04 21:34:33,989 INFO mapreduce.Job:  map 93% reduce 31%
2026-05-04 21:34:36,003 INFO mapreduce.Job:  map 100% reduce 31%
2026-05-04 21:34:40,068 INFO mapreduce.Job:  map 100% reduce 72%
2026-05-04 21:34:46,173 INFO mapreduce.Job:  map 100% reduce 100%
2026-05-04 21:34:47,202 INFO mapreduce.Job: Job job_1777896773821_0003 completed successfully
2026-05-04 21:34:47,590 INFO mapreduce.Job: Counters: 57
	File System Counters
		FILE: Number of bytes read=233733659
		FILE: Number of bytes written=471911890
		FILE: Number of read operations=0
		FILE: Number of large read operations=0
		FILE: Number of write operations=0
		HDFS: Number of bytes read=1361601680
		HDFS: Number of bytes written=165627
		HDFS: Number of read operations=50
		HDFS: Number of large read operations=0
		HDFS: Number of write operations=2
		HDFS: Number of bytes read erasure-coded=0
	Job Counters 
		Killed map tasks=1
		Launched map tasks=16
		Launched reduce tasks=1
		Data-local map tasks=15
		Rack-local map tasks=1
		Total time spent by all maps in occupied slots (ms)=1087918
		Total time spent by all reduces in occupied slots (ms)=201160
		Total time spent by all map tasks (ms)=1087918
		Total time spent by all reduce tasks (ms)=201160
		Total vcore-milliseconds taken by all map tasks=1087918
		Total vcore-milliseconds taken by all reduce tasks=201160
		Total megabyte-milliseconds taken by all map tasks=1114028032
		Total megabyte-milliseconds taken by all reduce tasks=205987840
	Map-Reduce Framework
		Map input records=6536794
		Map output records=6536785
		Map output bytes=220660077
		Map output materialized bytes=233733737
		Input split bytes=1845
		Combine input records=0
		Combine output records=0
		Reduce input groups=1375
		Reduce shuffle bytes=233733737
		Reduce input records=6536785
		Reduce output records=1375
		Spilled Records=13073570
		Shuffled Maps =15
		Failed Shuffles=0
		Merged Map outputs=15
		GC time elapsed (ms)=28857
		CPU time spent (ms)=459610
		Physical memory (bytes) snapshot=6156857344
		Virtual memory (bytes) snapshot=33423384576
		Total committed heap usage (bytes)=4939317248
		Peak Map Physical memory (bytes)=392654848
		Peak Map Virtual memory (bytes)=2101977088
		Peak Reduce Physical memory (bytes)=433467392
		Peak Reduce Virtual memory (bytes)=2093797376
	E2b
		dropped_bad_timestamp=9
	Shuffle Errors
		BAD_ID=0
		CONNECTION=0
		IO_ERROR=0
		WRONG_LENGTH=0
		WRONG_MAP=0
		WRONG_REDUCE=0
	File Input Format Counters 
		Bytes Read=1361599835
	File Output Format Counters 
		Bytes Written=165627
=== E2b done: 2026-05-04T14:34:48+02:00, rc=0, duration=404159 ms ===
[stage2] E2c — final join (T2_rides + NOAA + T2_events) → T2
=== E2c start: 2026-05-04T14:34:48+02:00 ===
Driver: pl.pwr.bigdata.mr.stage2.JoinDriver
Input:  /processed/T2_rides
Output: /processed/T2
Extra:  /raw/noaa /processed/T2_events
2026-05-04 21:34:58,938 INFO client.DefaultNoHARMFailoverProxyProvider: Connecting to ResourceManager at master/10.0.2.4:8050
2026-05-04 21:35:00,420 INFO mapreduce.JobResourceUploader: Disabling Erasure Coding for path: /tmp/hadoop-yarn/staging/root/.staging/job_1777896773821_0004
2026-05-04 21:35:01,468 INFO input.FileInputFormat: Total input files to process : 1
2026-05-04 21:35:01,888 INFO mapreduce.JobSubmitter: number of splits:1
2026-05-04 21:35:02,934 INFO mapreduce.JobSubmitter: Submitting tokens for job: job_1777896773821_0004
2026-05-04 21:35:02,935 INFO mapreduce.JobSubmitter: Executing with tokens: []
2026-05-04 21:35:03,884 INFO conf.Configuration: resource-types.xml not found
2026-05-04 21:35:03,885 INFO resource.ResourceUtils: Unable to find 'resource-types.xml'.
2026-05-04 21:35:04,146 INFO impl.YarnClientImpl: Submitted application application_1777896773821_0004
2026-05-04 21:35:04,639 INFO mapreduce.Job: The url to track the job: http://master:8088/proxy/application_1777896773821_0004/
2026-05-04 21:35:04,642 INFO mapreduce.Job: Running job: job_1777896773821_0004
2026-05-04 21:35:32,501 INFO mapreduce.Job: Job job_1777896773821_0004 running in uber mode : false
2026-05-04 21:35:32,504 INFO mapreduce.Job:  map 0% reduce 0%
2026-05-04 21:35:47,033 INFO mapreduce.Job:  map 100% reduce 0%
2026-05-04 21:35:50,188 INFO mapreduce.Job: Job job_1777896773821_0004 completed successfully
2026-05-04 21:35:50,590 INFO mapreduce.Job: Counters: 33
	File System Counters
		FILE: Number of bytes read=0
		FILE: Number of bytes written=280372
		FILE: Number of read operations=0
		FILE: Number of large read operations=0
		FILE: Number of write operations=0
		HDFS: Number of bytes read=2745
		HDFS: Number of bytes written=3980
		HDFS: Number of read operations=7
		HDFS: Number of large read operations=0
		HDFS: Number of write operations=2
		HDFS: Number of bytes read erasure-coded=0
	Job Counters 
		Launched map tasks=1
		Rack-local map tasks=1
		Total time spent by all maps in occupied slots (ms)=11555
		Total time spent by all reduces in occupied slots (ms)=0
		Total time spent by all map tasks (ms)=11555
		Total vcore-milliseconds taken by all map tasks=11555
		Total megabyte-milliseconds taken by all map tasks=11832320
	Map-Reduce Framework
		Map input records=75
		Map output records=75
		Input split bytes=115
		Spilled Records=0
		Failed Shuffles=0
		Merged Map outputs=0
		GC time elapsed (ms)=111
		CPU time spent (ms)=2760
		Physical memory (bytes) snapshot=213368832
		Virtual memory (bytes) snapshot=2088103936
		Total committed heap usage (bytes)=184549376
		Peak Map Physical memory (bytes)=213368832
		Peak Map Virtual memory (bytes)=2088103936
	File Input Format Counters 
		Bytes Read=2630
	File Output Format Counters 
		Bytes Written=3980
=== E2c done: 2026-05-04T14:35:51+02:00, rc=0, duration=62656 ms ===
--- Stage 2 END   2026-05-04T14:35:51+02:00 duration=581453 ms ---
--- Stage 3 START 2026-05-04T14:35:51+02:00 ---
[stage3] E3a — borough_stats
=== E3a start: 2026-05-04T14:35:51+02:00 ===
Driver: pl.pwr.bigdata.mr.stage3.BoroughStatsDriver
Input:  /processed/T2
Output: /processed/T3a
Extra:  
2026-05-04 21:36:02,355 INFO client.DefaultNoHARMFailoverProxyProvider: Connecting to ResourceManager at master/10.0.2.4:8050
2026-05-04 21:36:03,403 INFO mapreduce.JobResourceUploader: Disabling Erasure Coding for path: /tmp/hadoop-yarn/staging/root/.staging/job_1777896773821_0005
2026-05-04 21:36:03,991 INFO input.FileInputFormat: Total input files to process : 1
2026-05-04 21:36:04,202 INFO mapreduce.JobSubmitter: number of splits:1
2026-05-04 21:36:04,636 INFO mapreduce.JobSubmitter: Submitting tokens for job: job_1777896773821_0005
2026-05-04 21:36:04,638 INFO mapreduce.JobSubmitter: Executing with tokens: []
2026-05-04 21:36:05,102 INFO conf.Configuration: resource-types.xml not found
2026-05-04 21:36:05,103 INFO resource.ResourceUtils: Unable to find 'resource-types.xml'.
2026-05-04 21:36:05,383 INFO impl.YarnClientImpl: Submitted application application_1777896773821_0005
2026-05-04 21:36:05,572 INFO mapreduce.Job: The url to track the job: http://master:8088/proxy/application_1777896773821_0005/
2026-05-04 21:36:05,574 INFO mapreduce.Job: Running job: job_1777896773821_0005
2026-05-04 21:36:20,677 INFO mapreduce.Job: Job job_1777896773821_0005 running in uber mode : false
2026-05-04 21:36:20,679 INFO mapreduce.Job:  map 0% reduce 0%
2026-05-04 21:36:33,418 INFO mapreduce.Job:  map 100% reduce 0%
2026-05-04 21:36:41,547 INFO mapreduce.Job:  map 100% reduce 100%
2026-05-04 21:36:43,692 INFO mapreduce.Job: Job job_1777896773821_0005 completed successfully
2026-05-04 21:36:44,147 INFO mapreduce.Job: Counters: 54
	File System Counters
		FILE: Number of bytes read=1120
		FILE: Number of bytes written=557389
		FILE: Number of read operations=0
		FILE: Number of large read operations=0
		FILE: Number of write operations=0
		HDFS: Number of bytes read=4089
		HDFS: Number of bytes written=287
		HDFS: Number of read operations=8
		HDFS: Number of large read operations=0
		HDFS: Number of write operations=2
		HDFS: Number of bytes read erasure-coded=0
	Job Counters 
		Launched map tasks=1
		Launched reduce tasks=1
		Data-local map tasks=1
		Total time spent by all maps in occupied slots (ms)=9722
		Total time spent by all reduces in occupied slots (ms)=5824
		Total time spent by all map tasks (ms)=9722
		Total time spent by all reduce tasks (ms)=5824
		Total vcore-milliseconds taken by all map tasks=9722
		Total vcore-milliseconds taken by all reduce tasks=5824
		Total megabyte-milliseconds taken by all map tasks=9955328
		Total megabyte-milliseconds taken by all reduce tasks=5963776
	Map-Reduce Framework
		Map input records=75
		Map output records=75
		Map output bytes=964
		Map output materialized bytes=1120
		Input split bytes=109
		Combine input records=0
		Combine output records=0
		Reduce input groups=5
		Reduce shuffle bytes=1120
		Reduce input records=75
		Reduce output records=5
		Spilled Records=150
		Shuffled Maps =1
		Failed Shuffles=0
		Merged Map outputs=1
		GC time elapsed (ms)=276
		CPU time spent (ms)=3110
		Physical memory (bytes) snapshot=537550848
		Virtual memory (bytes) snapshot=4180701184
		Total committed heap usage (bytes)=462946304
		Peak Map Physical memory (bytes)=321961984
		Peak Map Virtual memory (bytes)=2088394752
		Peak Reduce Physical memory (bytes)=215588864
		Peak Reduce Virtual memory (bytes)=2092306432
	Shuffle Errors
		BAD_ID=0
		CONNECTION=0
		IO_ERROR=0
		WRONG_LENGTH=0
		WRONG_MAP=0
		WRONG_REDUCE=0
	File Input Format Counters 
		Bytes Read=3980
	File Output Format Counters 
		Bytes Written=287
=== E3a done: 2026-05-04T14:36:44+02:00, rc=0, duration=53454 ms ===
[stage3] E3b — regression OLS per borough
=== E3b start: 2026-05-04T14:36:44+02:00 ===
Driver: pl.pwr.bigdata.mr.stage3.RegressionDriver
Input:  /processed/T2
Output: /processed/T3b
Extra:  
2026-05-04 21:36:55,243 INFO client.DefaultNoHARMFailoverProxyProvider: Connecting to ResourceManager at master/10.0.2.4:8050
2026-05-04 21:36:56,631 INFO mapreduce.JobResourceUploader: Disabling Erasure Coding for path: /tmp/hadoop-yarn/staging/root/.staging/job_1777896773821_0006
2026-05-04 21:36:58,051 INFO input.FileInputFormat: Total input files to process : 1
2026-05-04 21:36:58,277 INFO mapreduce.JobSubmitter: number of splits:1
2026-05-04 21:36:58,954 INFO mapreduce.JobSubmitter: Submitting tokens for job: job_1777896773821_0006
2026-05-04 21:36:58,955 INFO mapreduce.JobSubmitter: Executing with tokens: []
2026-05-04 21:36:59,413 INFO conf.Configuration: resource-types.xml not found
2026-05-04 21:36:59,414 INFO resource.ResourceUtils: Unable to find 'resource-types.xml'.
2026-05-04 21:36:59,544 INFO impl.YarnClientImpl: Submitted application application_1777896773821_0006
2026-05-04 21:36:59,620 INFO mapreduce.Job: The url to track the job: http://master:8088/proxy/application_1777896773821_0006/
2026-05-04 21:36:59,624 INFO mapreduce.Job: Running job: job_1777896773821_0006
2026-05-04 21:37:34,906 INFO mapreduce.Job: Job job_1777896773821_0006 running in uber mode : false
2026-05-04 21:37:34,909 INFO mapreduce.Job:  map 0% reduce 0%
2026-05-04 21:37:53,024 INFO mapreduce.Job:  map 100% reduce 0%
2026-05-04 21:38:04,270 INFO mapreduce.Job:  map 100% reduce 100%
2026-05-04 21:38:05,330 INFO mapreduce.Job: Job job_1777896773821_0006 completed successfully
2026-05-04 21:38:05,906 INFO mapreduce.Job: Counters: 55
	File System Counters
		FILE: Number of bytes read=751
		FILE: Number of bytes written=557039
		FILE: Number of read operations=0
		FILE: Number of large read operations=0
		FILE: Number of write operations=0
		HDFS: Number of bytes read=4089
		HDFS: Number of bytes written=180
		HDFS: Number of read operations=8
		HDFS: Number of large read operations=0
		HDFS: Number of write operations=2
		HDFS: Number of bytes read erasure-coded=0
	Job Counters 
		Launched map tasks=1
		Launched reduce tasks=1
		Rack-local map tasks=1
		Total time spent by all maps in occupied slots (ms)=13197
		Total time spent by all reduces in occupied slots (ms)=8429
		Total time spent by all map tasks (ms)=13197
		Total time spent by all reduce tasks (ms)=8429
		Total vcore-milliseconds taken by all map tasks=13197
		Total vcore-milliseconds taken by all reduce tasks=8429
		Total megabyte-milliseconds taken by all map tasks=13513728
		Total megabyte-milliseconds taken by all reduce tasks=8631296
	Map-Reduce Framework
		Map input records=75
		Map output records=75
		Map output bytes=2389
		Map output materialized bytes=751
		Input split bytes=109
		Combine input records=75
		Combine output records=5
		Reduce input groups=5
		Reduce shuffle bytes=751
		Reduce input records=5
		Reduce output records=5
		Spilled Records=10
		Shuffled Maps =1
		Failed Shuffles=0
		Merged Map outputs=1
		GC time elapsed (ms)=418
		CPU time spent (ms)=2370
		Physical memory (bytes) snapshot=537866240
		Virtual memory (bytes) snapshot=4181217280
		Total committed heap usage (bytes)=464519168
		Peak Map Physical memory (bytes)=325459968
		Peak Map Virtual memory (bytes)=2090840064
		Peak Reduce Physical memory (bytes)=212406272
		Peak Reduce Virtual memory (bytes)=2090377216
	E3b
		fallback_singular=5
	Shuffle Errors
		BAD_ID=0
		CONNECTION=0
		IO_ERROR=0
		WRONG_LENGTH=0
		WRONG_MAP=0
		WRONG_REDUCE=0
	File Input Format Counters 
		Bytes Read=3980
	File Output Format Counters 
		Bytes Written=180
=== E3b done: 2026-05-04T14:38:06+02:00, rc=0, duration=82074 ms ===
[stage3] E3c — event_count_stats
=== E3c start: 2026-05-04T14:38:07+02:00 ===
Driver: pl.pwr.bigdata.mr.stage3.EventStatsDriver
Input:  /processed/T2
Output: /processed/T3c
Extra:  
2026-05-04 21:38:27,097 INFO client.DefaultNoHARMFailoverProxyProvider: Connecting to ResourceManager at master/10.0.2.4:8050
2026-05-04 21:38:30,343 INFO mapreduce.JobResourceUploader: Disabling Erasure Coding for path: /tmp/hadoop-yarn/staging/root/.staging/job_1777896773821_0007
2026-05-04 21:38:31,950 INFO input.FileInputFormat: Total input files to process : 1
2026-05-04 21:38:32,393 INFO mapreduce.JobSubmitter: number of splits:1
2026-05-04 21:38:32,933 INFO mapreduce.JobSubmitter: Submitting tokens for job: job_1777896773821_0007
2026-05-04 21:38:32,934 INFO mapreduce.JobSubmitter: Executing with tokens: []
2026-05-04 21:38:33,585 INFO conf.Configuration: resource-types.xml not found
2026-05-04 21:38:33,587 INFO resource.ResourceUtils: Unable to find 'resource-types.xml'.
2026-05-04 21:38:33,874 INFO impl.YarnClientImpl: Submitted application application_1777896773821_0007
2026-05-04 21:38:34,223 INFO mapreduce.Job: The url to track the job: http://master:8088/proxy/application_1777896773821_0007/
2026-05-04 21:38:34,225 INFO mapreduce.Job: Running job: job_1777896773821_0007
2026-05-04 21:38:52,631 INFO mapreduce.Job: Job job_1777896773821_0007 running in uber mode : false
2026-05-04 21:38:52,641 INFO mapreduce.Job:  map 0% reduce 0%
2026-05-04 21:39:09,853 INFO mapreduce.Job:  map 100% reduce 0%
2026-05-04 21:39:23,156 INFO mapreduce.Job:  map 100% reduce 100%
2026-05-04 21:39:24,215 INFO mapreduce.Job: Job job_1777896773821_0007 completed successfully
2026-05-04 21:39:24,406 INFO mapreduce.Job: Counters: 54
	File System Counters
		FILE: Number of bytes read=6
		FILE: Number of bytes written=555149
		FILE: Number of read operations=0
		FILE: Number of large read operations=0
		FILE: Number of write operations=0
		HDFS: Number of bytes read=4089
		HDFS: Number of bytes written=0
		HDFS: Number of read operations=8
		HDFS: Number of large read operations=0
		HDFS: Number of write operations=2
		HDFS: Number of bytes read erasure-coded=0
	Job Counters 
		Launched map tasks=1
		Launched reduce tasks=1
		Data-local map tasks=1
		Total time spent by all maps in occupied slots (ms)=14974
		Total time spent by all reduces in occupied slots (ms)=10258
		Total time spent by all map tasks (ms)=14974
		Total time spent by all reduce tasks (ms)=10258
		Total vcore-milliseconds taken by all map tasks=14974
		Total vcore-milliseconds taken by all reduce tasks=10258
		Total megabyte-milliseconds taken by all map tasks=15333376
		Total megabyte-milliseconds taken by all reduce tasks=10504192
	Map-Reduce Framework
		Map input records=75
		Map output records=0
		Map output bytes=0
		Map output materialized bytes=6
		Input split bytes=109
		Combine input records=0
		Combine output records=0
		Reduce input groups=0
		Reduce shuffle bytes=6
		Reduce input records=0
		Reduce output records=0
		Spilled Records=0
		Shuffled Maps =1
		Failed Shuffles=0
		Merged Map outputs=1
		GC time elapsed (ms)=570
		CPU time spent (ms)=2650
		Physical memory (bytes) snapshot=538423296
		Virtual memory (bytes) snapshot=4173021184
		Total committed heap usage (bytes)=479723520
		Peak Map Physical memory (bytes)=325365760
		Peak Map Virtual memory (bytes)=2084925440
		Peak Reduce Physical memory (bytes)=213057536
		Peak Reduce Virtual memory (bytes)=2088095744
	Shuffle Errors
		BAD_ID=0
		CONNECTION=0
		IO_ERROR=0
		WRONG_LENGTH=0
		WRONG_MAP=0
		WRONG_REDUCE=0
	File Input Format Counters 
		Bytes Read=3980
	File Output Format Counters 
		Bytes Written=0
=== E3c done: 2026-05-04T14:39:24+02:00, rc=0, duration=77337 ms ===
--- Stage 3 END   2026-05-04T14:39:25+02:00 duration=213917 ms ---
--- Stage 4 START 2026-05-04T14:39:25+02:00 ---
[stage4] E4 — enrich (T2 + T3a + T3b + T3c) → W
=== E4 start: 2026-05-04T14:39:26+02:00 ===
Driver: pl.pwr.bigdata.mr.stage4.EnrichDriver
Input:  /processed/T2
Output: /processed/W
Extra:  /processed/T3a /processed/T3b /processed/T3c
2026-05-04 21:39:47,984 INFO client.DefaultNoHARMFailoverProxyProvider: Connecting to ResourceManager at master/10.0.2.4:8050
2026-05-04 21:39:49,682 INFO mapreduce.JobResourceUploader: Disabling Erasure Coding for path: /tmp/hadoop-yarn/staging/root/.staging/job_1777896773821_0008
2026-05-04 21:39:50,792 INFO input.FileInputFormat: Total input files to process : 1
2026-05-04 21:39:50,963 INFO mapreduce.JobSubmitter: number of splits:1
2026-05-04 21:39:51,291 INFO mapreduce.JobSubmitter: Submitting tokens for job: job_1777896773821_0008
2026-05-04 21:39:51,292 INFO mapreduce.JobSubmitter: Executing with tokens: []
2026-05-04 21:39:51,821 INFO conf.Configuration: resource-types.xml not found
2026-05-04 21:39:51,826 INFO resource.ResourceUtils: Unable to find 'resource-types.xml'.
2026-05-04 21:39:51,995 INFO impl.YarnClientImpl: Submitted application application_1777896773821_0008
2026-05-04 21:39:52,300 INFO mapreduce.Job: The url to track the job: http://master:8088/proxy/application_1777896773821_0008/
2026-05-04 21:39:52,329 INFO mapreduce.Job: Running job: job_1777896773821_0008
2026-05-04 21:40:12,880 INFO mapreduce.Job: Job job_1777896773821_0008 running in uber mode : false
2026-05-04 21:40:12,883 INFO mapreduce.Job:  map 0% reduce 0%
2026-05-04 21:40:23,189 INFO mapreduce.Job:  map 100% reduce 0%
2026-05-04 21:40:25,383 INFO mapreduce.Job: Job job_1777896773821_0008 completed successfully
2026-05-04 21:40:26,251 INFO mapreduce.Job: Counters: 33
	File System Counters
		FILE: Number of bytes read=0
		FILE: Number of bytes written=278316
		FILE: Number of read operations=0
		FILE: Number of large read operations=0
		FILE: Number of write operations=0
		HDFS: Number of bytes read=4089
		HDFS: Number of bytes written=5730
		HDFS: Number of read operations=7
		HDFS: Number of large read operations=0
		HDFS: Number of write operations=2
		HDFS: Number of bytes read erasure-coded=0
	Job Counters 
		Launched map tasks=1
		Data-local map tasks=1
		Total time spent by all maps in occupied slots (ms)=6678
		Total time spent by all reduces in occupied slots (ms)=0
		Total time spent by all map tasks (ms)=6678
		Total vcore-milliseconds taken by all map tasks=6678
		Total megabyte-milliseconds taken by all map tasks=6838272
	Map-Reduce Framework
		Map input records=75
		Map output records=75
		Input split bytes=109
		Spilled Records=0
		Failed Shuffles=0
		Merged Map outputs=0
		GC time elapsed (ms)=151
		CPU time spent (ms)=1440
		Physical memory (bytes) snapshot=222322688
		Virtual memory (bytes) snapshot=2089361408
		Total committed heap usage (bytes)=185073664
		Peak Map Physical memory (bytes)=222322688
		Peak Map Virtual memory (bytes)=2089361408
	File Input Format Counters 
		Bytes Read=3980
	File Output Format Counters 
		Bytes Written=5730
=== E4 done: 2026-05-04T14:40:28+02:00, rc=0, duration=61771 ms ===
--- Stage 4 END   2026-05-04T14:40:28+02:00 duration=63609 ms ---
=== run_all DONE 2026-05-04T14:40:28+02:00 ===
TOTAL pipeline duration: 1000638 ms
Summary log: /mnt/c/Users/Admin/Desktop/magisterka_pwr/semestry/III/przetwarzanie_danych/przetwarzanie-danych-pwr/logs/mapreduce/run_all_20260504T142348.log
