=== run_all start: 2026-05-04T18:56:24+02:00 ===
Month filter: 2025-06
Skip prepare: 0
Skip build:   0
Sample mode:  0
[build] copying sources to master:/opt/mr/src ...
[build] compiling inside master container ...
[build] downloading mr-jobs.jar to /mnt/c/Users/Admin/Desktop/magisterka_pwr/semestry/III/przetwarzanie_danych/przetwarzanie-danych-pwr/build/ ...
[build] OK: /mnt/c/Users/Admin/Desktop/magisterka_pwr/semestry/III/przetwarzanie_danych/przetwarzanie-danych-pwr/build/mr-jobs.jar (48K)
[prepare] ensuring unzip available in master ...
[prepare] listing ZIP files under /raw/citibike/ ...
[prepare] skip 202503-citibike-tripdata (not 202506)
[prepare] skip 202504-citibike-tripdata (not 202506)
[prepare] skip 202505-citibike-tripdata (not 202506)
[prepare] unpacking /raw/citibike/2026-04-18/202506-citibike-tripdata.zip -> /processed/citibike/
  + 202506-citibike-tripdata_1.csv (1000001 lines)
  + 202506-citibike-tripdata_2.csv (1000001 lines)
  + 202506-citibike-tripdata_3.csv (1000001 lines)
  + 202506-citibike-tripdata_4.csv (1000001 lines)
  + 202506-citibike-tripdata_5.csv (759346 lines)
  uploaded 5 part(s) for 202506-citibike-tripdata
[prepare] skip 202507-citibike-tripdata (not 202506)
[prepare] skip 202508-citibike-tripdata (not 202506)
[prepare] skip 202509-citibike-tripdata (not 202506)
[prepare] skip 202510-citibike-tripdata (not 202506)
[prepare] skip 202511-citibike-tripdata (not 202506)
[prepare] done. /processed/citibike/ contents:
Found 5 items
-rw-r--r--   3 root supergroup  194684816 2026-05-05 01:57 /processed/citibike/202506-citibike-tripdata_1.csv
-rw-r--r--   3 root supergroup  195582904 2026-05-05 01:57 /processed/citibike/202506-citibike-tripdata_2.csv
-rw-r--r--   3 root supergroup  195525210 2026-05-05 01:57 /processed/citibike/202506-citibike-tripdata_3.csv
-rw-r--r--   3 root supergroup  195677574 2026-05-05 01:58 /processed/citibike/202506-citibike-tripdata_4.csv
-rw-r--r--   3 root supergroup  147572230 2026-05-05 01:58 /processed/citibike/202506-citibike-tripdata_5.csv
--- Stage 1 START 2026-05-04T18:58:35+02:00 ---
[stage1] using stations file: /raw/station_to_borough/2026-04-21/stations_2026-04-21.csv
=== E1 start: 2026-05-04T18:58:43+02:00 ===
Driver: pl.pwr.bigdata.mr.stage1.CleanDriver
Input:  /processed/citibike
Output: /processed/T1
Extra:  /raw/station_to_borough/2026-04-21/stations_2026-04-21.csv
2026-05-05 01:58:49,266 INFO client.DefaultNoHARMFailoverProxyProvider: Connecting to ResourceManager at master/10.0.2.4:8050
2026-05-05 01:58:50,169 INFO mapreduce.JobResourceUploader: Disabling Erasure Coding for path: /tmp/hadoop-yarn/staging/root/.staging/job_1777913547317_0001
2026-05-05 01:58:50,652 INFO input.FileInputFormat: Total input files to process : 5
2026-05-05 01:58:50,922 INFO mapreduce.JobSubmitter: number of splits:9
2026-05-05 01:58:51,206 INFO mapreduce.JobSubmitter: Submitting tokens for job: job_1777913547317_0001
2026-05-05 01:58:51,206 INFO mapreduce.JobSubmitter: Executing with tokens: []
2026-05-05 01:58:51,507 INFO conf.Configuration: resource-types.xml not found
2026-05-05 01:58:51,508 INFO resource.ResourceUtils: Unable to find 'resource-types.xml'.
2026-05-05 01:58:52,122 INFO impl.YarnClientImpl: Submitted application application_1777913547317_0001
2026-05-05 01:58:52,220 INFO mapreduce.Job: The url to track the job: http://master:8088/proxy/application_1777913547317_0001/
2026-05-05 01:58:52,224 INFO mapreduce.Job: Running job: job_1777913547317_0001
2026-05-05 01:59:03,646 INFO mapreduce.Job: Job job_1777913547317_0001 running in uber mode : false
2026-05-05 01:59:03,656 INFO mapreduce.Job:  map 0% reduce 0%
2026-05-05 01:59:29,973 INFO mapreduce.Job:  map 13% reduce 0%
2026-05-05 01:59:36,048 INFO mapreduce.Job:  map 29% reduce 0%
2026-05-05 01:59:41,138 INFO mapreduce.Job:  map 33% reduce 0%
2026-05-05 01:59:42,156 INFO mapreduce.Job:  map 44% reduce 0%
2026-05-05 02:00:05,590 INFO mapreduce.Job:  map 56% reduce 0%
2026-05-05 02:00:08,708 INFO mapreduce.Job:  map 66% reduce 0%
2026-05-05 02:00:09,719 INFO mapreduce.Job:  map 67% reduce 0%
2026-05-05 02:00:12,717 INFO mapreduce.Job:  map 78% reduce 0%
2026-05-05 02:00:14,738 INFO mapreduce.Job:  map 81% reduce 0%
2026-05-05 02:00:18,766 INFO mapreduce.Job:  map 85% reduce 0%
2026-05-05 02:00:23,813 INFO mapreduce.Job:  map 89% reduce 0%
2026-05-05 02:00:24,828 INFO mapreduce.Job:  map 100% reduce 0%
2026-05-05 02:00:24,847 INFO mapreduce.Job: Job job_1777913547317_0001 completed successfully
2026-05-05 02:00:25,079 INFO mapreduce.Job: Counters: 37
	File System Counters
		FILE: Number of bytes read=0
		FILE: Number of bytes written=2500749
		FILE: Number of read operations=0
		FILE: Number of large read operations=0
		FILE: Number of write operations=0
		HDFS: Number of bytes read=929060315
		HDFS: Number of bytes written=339780639
		HDFS: Number of read operations=63
		HDFS: Number of large read operations=0
		HDFS: Number of write operations=18
		HDFS: Number of bytes read erasure-coded=0
	Job Counters 
		Killed map tasks=1
		Launched map tasks=10
		Data-local map tasks=10
		Total time spent by all maps in occupied slots (ms)=275706
		Total time spent by all reduces in occupied slots (ms)=0
		Total time spent by all map tasks (ms)=275706
		Total vcore-milliseconds taken by all map tasks=275706
		Total megabyte-milliseconds taken by all map tasks=282322944
	Map-Reduce Framework
		Map input records=4759350
		Map output records=4756262
		Input split bytes=1197
		Spilled Records=0
		Failed Shuffles=0
		Merged Map outputs=0
		GC time elapsed (ms)=4293
		CPU time spent (ms)=157070
		Physical memory (bytes) snapshot=2485039104
		Virtual memory (bytes) snapshot=18843140096
		Total committed heap usage (bytes)=1784676352
		Peak Map Physical memory (bytes)=283586560
		Peak Map Virtual memory (bytes)=2104369152
	E1
		dropped_no_station=1992
		dropped_too_long=1091
		kept=4756262
	File Input Format Counters 
		Bytes Read=929059118
	File Output Format Counters 
		Bytes Written=339780639
=== E1 done: 2026-05-04T19:00:25+02:00, rc=0, duration=102412 ms ===
--- Stage 1 END   2026-05-04T19:00:25+02:00 duration=110010 ms ---
--- Stage 2 START 2026-05-04T19:00:25+02:00 ---
[stage2] E2a — rides aggregation
=== E2a start: 2026-05-04T19:00:25+02:00 ===
Driver: pl.pwr.bigdata.mr.stage2.RidesAggDriver
Input:  /processed/T1
Output: /processed/T2_rides
Extra:  1
2026-05-05 02:00:32,027 INFO client.DefaultNoHARMFailoverProxyProvider: Connecting to ResourceManager at master/10.0.2.4:8050
2026-05-05 02:00:32,626 INFO mapreduce.JobResourceUploader: Disabling Erasure Coding for path: /tmp/hadoop-yarn/staging/root/.staging/job_1777913547317_0002
2026-05-05 02:00:33,291 INFO input.FileInputFormat: Total input files to process : 9
2026-05-05 02:00:33,876 INFO mapreduce.JobSubmitter: number of splits:9
2026-05-05 02:00:34,111 INFO mapreduce.JobSubmitter: Submitting tokens for job: job_1777913547317_0002
2026-05-05 02:00:34,112 INFO mapreduce.JobSubmitter: Executing with tokens: []
2026-05-05 02:00:34,403 INFO conf.Configuration: resource-types.xml not found
2026-05-05 02:00:34,404 INFO resource.ResourceUtils: Unable to find 'resource-types.xml'.
2026-05-05 02:00:34,535 INFO impl.YarnClientImpl: Submitted application application_1777913547317_0002
2026-05-05 02:00:34,616 INFO mapreduce.Job: The url to track the job: http://master:8088/proxy/application_1777913547317_0002/
2026-05-05 02:00:34,620 INFO mapreduce.Job: Running job: job_1777913547317_0002
2026-05-05 02:00:44,848 INFO mapreduce.Job: Job job_1777913547317_0002 running in uber mode : false
2026-05-05 02:00:44,855 INFO mapreduce.Job:  map 0% reduce 0%
2026-05-05 02:01:01,274 INFO mapreduce.Job:  map 11% reduce 0%
2026-05-05 02:01:02,321 INFO mapreduce.Job:  map 22% reduce 0%
2026-05-05 02:01:04,345 INFO mapreduce.Job:  map 33% reduce 0%
2026-05-05 02:01:05,364 INFO mapreduce.Job:  map 44% reduce 0%
2026-05-05 02:01:17,547 INFO mapreduce.Job:  map 56% reduce 0%
2026-05-05 02:01:25,689 INFO mapreduce.Job:  map 67% reduce 19%
2026-05-05 02:01:26,740 INFO mapreduce.Job:  map 78% reduce 19%
2026-05-05 02:01:27,751 INFO mapreduce.Job:  map 89% reduce 19%
2026-05-05 02:01:30,772 INFO mapreduce.Job:  map 100% reduce 19%
2026-05-05 02:01:31,793 INFO mapreduce.Job:  map 100% reduce 100%
2026-05-05 02:01:32,824 INFO mapreduce.Job: Job job_1777913547317_0002 completed successfully
2026-05-05 02:01:32,970 INFO mapreduce.Job: Counters: 56
	File System Counters
		FILE: Number of bytes read=39181
		FILE: Number of bytes written=2856295
		FILE: Number of read operations=0
		FILE: Number of large read operations=0
		FILE: Number of write operations=0
		HDFS: Number of bytes read=339781620
		HDFS: Number of bytes written=5502
		HDFS: Number of read operations=32
		HDFS: Number of large read operations=0
		HDFS: Number of write operations=2
		HDFS: Number of bytes read erasure-coded=0
	Job Counters 
		Killed map tasks=1
		Launched map tasks=9
		Launched reduce tasks=1
		Data-local map tasks=5
		Rack-local map tasks=4
		Total time spent by all maps in occupied slots (ms)=147253
		Total time spent by all reduces in occupied slots (ms)=28291
		Total time spent by all map tasks (ms)=147253
		Total time spent by all reduce tasks (ms)=28291
		Total vcore-milliseconds taken by all map tasks=147253
		Total vcore-milliseconds taken by all reduce tasks=28291
		Total megabyte-milliseconds taken by all map tasks=150787072
		Total megabyte-milliseconds taken by all reduce tasks=28969984
	Map-Reduce Framework
		Map input records=4756262
		Map output records=4756262
		Map output bytes=174697453
		Map output materialized bytes=39229
		Input split bytes=981
		Combine input records=4756262
		Combine output records=794
		Reduce input groups=155
		Reduce shuffle bytes=39229
		Reduce input records=794
		Reduce output records=155
		Spilled Records=1588
		Shuffled Maps =9
		Failed Shuffles=0
		Merged Map outputs=9
		GC time elapsed (ms)=3524
		CPU time spent (ms)=53370
		Physical memory (bytes) snapshot=3454558208
		Virtual memory (bytes) snapshot=20885106688
		Total committed heap usage (bytes)=2876768256
		Peak Map Physical memory (bytes)=367853568
		Peak Map Virtual memory (bytes)=2089799680
		Peak Reduce Physical memory (bytes)=232022016
		Peak Reduce Virtual memory (bytes)=2091061248
	Shuffle Errors
		BAD_ID=0
		CONNECTION=0
		IO_ERROR=0
		WRONG_LENGTH=0
		WRONG_MAP=0
		WRONG_REDUCE=0
	File Input Format Counters 
		Bytes Read=339780639
	File Output Format Counters 
		Bytes Written=5502
=== E2a done: 2026-05-04T19:01:33+02:00, rc=0, duration=67759 ms ===
[stage2] E2b — events aggregation
=== E2b start: 2026-05-04T19:01:33+02:00 ===
Driver: pl.pwr.bigdata.mr.stage2.EventsAggDriver
Input:  /raw/events
Output: /processed/T2_events
Extra:  
2026-05-05 02:01:39,828 INFO client.DefaultNoHARMFailoverProxyProvider: Connecting to ResourceManager at master/10.0.2.4:8050
2026-05-05 02:01:40,568 INFO mapreduce.JobResourceUploader: Disabling Erasure Coding for path: /tmp/hadoop-yarn/staging/root/.staging/job_1777913547317_0003
2026-05-05 02:01:41,358 INFO input.FileInputFormat: Total input files to process : 9
2026-05-05 02:01:41,510 INFO mapreduce.JobSubmitter: number of splits:15
2026-05-05 02:01:41,741 INFO mapreduce.JobSubmitter: Submitting tokens for job: job_1777913547317_0003
2026-05-05 02:01:41,742 INFO mapreduce.JobSubmitter: Executing with tokens: []
2026-05-05 02:01:42,046 INFO conf.Configuration: resource-types.xml not found
2026-05-05 02:01:42,047 INFO resource.ResourceUtils: Unable to find 'resource-types.xml'.
2026-05-05 02:01:42,189 INFO impl.YarnClientImpl: Submitted application application_1777913547317_0003
2026-05-05 02:01:42,275 INFO mapreduce.Job: The url to track the job: http://master:8088/proxy/application_1777913547317_0003/
2026-05-05 02:01:42,277 INFO mapreduce.Job: Running job: job_1777913547317_0003
2026-05-05 02:01:52,575 INFO mapreduce.Job: Job job_1777913547317_0003 running in uber mode : false
2026-05-05 02:01:52,579 INFO mapreduce.Job:  map 0% reduce 0%
2026-05-05 02:02:16,965 INFO mapreduce.Job:  map 12% reduce 0%
2026-05-05 02:02:22,072 INFO mapreduce.Job:  map 23% reduce 0%
2026-05-05 02:02:23,080 INFO mapreduce.Job:  map 27% reduce 0%
2026-05-05 02:02:48,005 INFO mapreduce.Job:  map 31% reduce 0%
2026-05-05 02:02:49,027 INFO mapreduce.Job:  map 34% reduce 0%
2026-05-05 02:02:50,051 INFO mapreduce.Job:  map 34% reduce 9%
2026-05-05 02:02:52,105 INFO mapreduce.Job:  map 36% reduce 9%
2026-05-05 02:02:54,137 INFO mapreduce.Job:  map 40% reduce 9%
2026-05-05 02:02:55,165 INFO mapreduce.Job:  map 49% reduce 9%
2026-05-05 02:02:56,181 INFO mapreduce.Job:  map 49% reduce 16%
2026-05-05 02:02:57,205 INFO mapreduce.Job:  map 53% reduce 16%
2026-05-05 02:03:02,293 INFO mapreduce.Job:  map 53% reduce 18%
2026-05-05 02:03:15,873 INFO mapreduce.Job:  map 60% reduce 18%
2026-05-05 02:03:16,887 INFO mapreduce.Job:  map 67% reduce 18%
2026-05-05 02:03:19,939 INFO mapreduce.Job:  map 67% reduce 22%
2026-05-05 02:03:20,978 INFO mapreduce.Job:  map 73% reduce 22%
2026-05-05 02:03:23,029 INFO mapreduce.Job:  map 80% reduce 22%
2026-05-05 02:03:26,096 INFO mapreduce.Job:  map 80% reduce 27%
2026-05-05 02:03:32,337 INFO mapreduce.Job:  map 87% reduce 27%
2026-05-05 02:03:35,373 INFO mapreduce.Job:  map 93% reduce 27%
2026-05-05 02:03:37,392 INFO mapreduce.Job:  map 100% reduce 27%
2026-05-05 02:03:38,405 INFO mapreduce.Job:  map 100% reduce 47%
2026-05-05 02:03:43,400 INFO mapreduce.Job:  map 100% reduce 100%
2026-05-05 02:03:44,442 INFO mapreduce.Job: Job job_1777913547317_0003 completed successfully
2026-05-05 02:03:44,592 INFO mapreduce.Job: Counters: 57
	File System Counters
		FILE: Number of bytes read=233733659
		FILE: Number of bytes written=471911890
		FILE: Number of read operations=0
		FILE: Number of large read operations=0
		FILE: Number of write operations=0
		HDFS: Number of bytes read=1361601680
		HDFS: Number of bytes written=165627
		HDFS: Number of read operations=50
		HDFS: Number of large read operations=0
		HDFS: Number of write operations=2
		HDFS: Number of bytes read erasure-coded=0
	Job Counters 
		Killed map tasks=1
		Launched map tasks=16
		Launched reduce tasks=1
		Data-local map tasks=15
		Rack-local map tasks=1
		Total time spent by all maps in occupied slots (ms)=349727
		Total time spent by all reduces in occupied slots (ms)=79052
		Total time spent by all map tasks (ms)=349727
		Total time spent by all reduce tasks (ms)=79052
		Total vcore-milliseconds taken by all map tasks=349727
		Total vcore-milliseconds taken by all reduce tasks=79052
		Total megabyte-milliseconds taken by all map tasks=358120448
		Total megabyte-milliseconds taken by all reduce tasks=80949248
	Map-Reduce Framework
		Map input records=6536794
		Map output records=6536785
		Map output bytes=220660077
		Map output materialized bytes=233733737
		Input split bytes=1845
		Combine input records=0
		Combine output records=0
		Reduce input groups=1375
		Reduce shuffle bytes=233733737
		Reduce input records=6536785
		Reduce output records=1375
		Spilled Records=13073570
		Shuffled Maps =15
		Failed Shuffles=0
		Merged Map outputs=15
		GC time elapsed (ms)=8258
		CPU time spent (ms)=207540
		Physical memory (bytes) snapshot=6229835776
		Virtual memory (bytes) snapshot=33472466944
		Total committed heap usage (bytes)=4965531648
		Peak Map Physical memory (bytes)=389693440
		Peak Map Virtual memory (bytes)=2103644160
		Peak Reduce Physical memory (bytes)=525373440
		Peak Reduce Virtual memory (bytes)=2094645248
	E2b
		dropped_bad_timestamp=9
	Shuffle Errors
		BAD_ID=0
		CONNECTION=0
		IO_ERROR=0
		WRONG_LENGTH=0
		WRONG_MAP=0
		WRONG_REDUCE=0
	File Input Format Counters 
		Bytes Read=1361599835
	File Output Format Counters 
		Bytes Written=165627
=== E2b done: 2026-05-04T19:03:45+02:00, rc=0, duration=131579 ms ===
[stage2] E2c — final join (T2_rides + NOAA + T2_events) → T2
=== E2c start: 2026-05-04T19:03:45+02:00 ===
Driver: pl.pwr.bigdata.mr.stage2.JoinDriver
Input:  /processed/T2_rides
Output: /processed/T2
Extra:  /raw/noaa /processed/T2_events
2026-05-05 02:03:51,442 INFO client.DefaultNoHARMFailoverProxyProvider: Connecting to ResourceManager at master/10.0.2.4:8050
2026-05-05 02:03:51,926 INFO mapreduce.JobResourceUploader: Disabling Erasure Coding for path: /tmp/hadoop-yarn/staging/root/.staging/job_1777913547317_0004
2026-05-05 02:03:52,453 INFO input.FileInputFormat: Total input files to process : 1
2026-05-05 02:03:52,983 INFO mapreduce.JobSubmitter: number of splits:1
2026-05-05 02:03:53,651 INFO mapreduce.JobSubmitter: Submitting tokens for job: job_1777913547317_0004
2026-05-05 02:03:53,651 INFO mapreduce.JobSubmitter: Executing with tokens: []
2026-05-05 02:03:54,014 INFO conf.Configuration: resource-types.xml not found
2026-05-05 02:03:54,017 INFO resource.ResourceUtils: Unable to find 'resource-types.xml'.
2026-05-05 02:03:54,176 INFO impl.YarnClientImpl: Submitted application application_1777913547317_0004
2026-05-05 02:03:54,293 INFO mapreduce.Job: The url to track the job: http://master:8088/proxy/application_1777913547317_0004/
2026-05-05 02:03:54,298 INFO mapreduce.Job: Running job: job_1777913547317_0004
2026-05-05 02:04:04,518 INFO mapreduce.Job: Job job_1777913547317_0004 running in uber mode : false
2026-05-05 02:04:04,522 INFO mapreduce.Job:  map 0% reduce 0%
2026-05-05 02:04:12,680 INFO mapreduce.Job:  map 100% reduce 0%
2026-05-05 02:04:13,718 INFO mapreduce.Job: Job job_1777913547317_0004 completed successfully
2026-05-05 02:04:13,852 INFO mapreduce.Job: Counters: 33
	File System Counters
		FILE: Number of bytes read=0
		FILE: Number of bytes written=280372
		FILE: Number of read operations=0
		FILE: Number of large read operations=0
		FILE: Number of write operations=0
		HDFS: Number of bytes read=5617
		HDFS: Number of bytes written=23325
		HDFS: Number of read operations=7
		HDFS: Number of large read operations=0
		HDFS: Number of write operations=2
		HDFS: Number of bytes read erasure-coded=0
	Job Counters 
		Launched map tasks=1
		Data-local map tasks=1
		Total time spent by all maps in occupied slots (ms)=5650
		Total time spent by all reduces in occupied slots (ms)=0
		Total time spent by all map tasks (ms)=5650
		Total vcore-milliseconds taken by all map tasks=5650
		Total megabyte-milliseconds taken by all map tasks=5785600
	Map-Reduce Framework
		Map input records=155
		Map output records=155
		Input split bytes=115
		Spilled Records=0
		Failed Shuffles=0
		Merged Map outputs=0
		GC time elapsed (ms)=70
		CPU time spent (ms)=1100
		Physical memory (bytes) snapshot=214577152
		Virtual memory (bytes) snapshot=2087784448
		Total committed heap usage (bytes)=186122240
		Peak Map Physical memory (bytes)=214577152
		Peak Map Virtual memory (bytes)=2087784448
	File Input Format Counters 
		Bytes Read=5502
	File Output Format Counters 
		Bytes Written=23325
=== E2c done: 2026-05-04T19:04:14+02:00, rc=0, duration=29184 ms ===
--- Stage 2 END   2026-05-04T19:04:14+02:00 duration=228752 ms ---
--- Stage 3 START 2026-05-04T19:04:14+02:00 ---
[stage3] E3a — borough_stats
=== E3a start: 2026-05-04T19:04:14+02:00 ===
Driver: pl.pwr.bigdata.mr.stage3.BoroughStatsDriver
Input:  /processed/T2
Output: /processed/T3a
Extra:  
2026-05-05 02:04:20,383 INFO client.DefaultNoHARMFailoverProxyProvider: Connecting to ResourceManager at master/10.0.2.4:8050
2026-05-05 02:04:21,021 INFO mapreduce.JobResourceUploader: Disabling Erasure Coding for path: /tmp/hadoop-yarn/staging/root/.staging/job_1777913547317_0005
2026-05-05 02:04:21,476 INFO input.FileInputFormat: Total input files to process : 1
2026-05-05 02:04:21,620 INFO mapreduce.JobSubmitter: number of splits:1
2026-05-05 02:04:21,856 INFO mapreduce.JobSubmitter: Submitting tokens for job: job_1777913547317_0005
2026-05-05 02:04:21,856 INFO mapreduce.JobSubmitter: Executing with tokens: []
2026-05-05 02:04:22,148 INFO conf.Configuration: resource-types.xml not found
2026-05-05 02:04:22,149 INFO resource.ResourceUtils: Unable to find 'resource-types.xml'.
2026-05-05 02:04:22,263 INFO impl.YarnClientImpl: Submitted application application_1777913547317_0005
2026-05-05 02:04:22,387 INFO mapreduce.Job: The url to track the job: http://master:8088/proxy/application_1777913547317_0005/
2026-05-05 02:04:22,390 INFO mapreduce.Job: Running job: job_1777913547317_0005
2026-05-05 02:04:31,632 INFO mapreduce.Job: Job job_1777913547317_0005 running in uber mode : false
2026-05-05 02:04:31,641 INFO mapreduce.Job:  map 0% reduce 0%
2026-05-05 02:04:37,797 INFO mapreduce.Job:  map 100% reduce 0%
2026-05-05 02:04:44,877 INFO mapreduce.Job:  map 100% reduce 100%
2026-05-05 02:04:45,913 INFO mapreduce.Job: Job job_1777913547317_0005 completed successfully
2026-05-05 02:04:46,051 INFO mapreduce.Job: Counters: 54
	File System Counters
		FILE: Number of bytes read=2354
		FILE: Number of bytes written=559857
		FILE: Number of read operations=0
		FILE: Number of large read operations=0
		FILE: Number of write operations=0
		HDFS: Number of bytes read=23434
		HDFS: Number of bytes written=295
		HDFS: Number of read operations=8
		HDFS: Number of large read operations=0
		HDFS: Number of write operations=2
		HDFS: Number of bytes read erasure-coded=0
	Job Counters 
		Launched map tasks=1
		Launched reduce tasks=1
		Rack-local map tasks=1
		Total time spent by all maps in occupied slots (ms)=3830
		Total time spent by all reduces in occupied slots (ms)=3857
		Total time spent by all map tasks (ms)=3830
		Total time spent by all reduce tasks (ms)=3857
		Total vcore-milliseconds taken by all map tasks=3830
		Total vcore-milliseconds taken by all reduce tasks=3857
		Total megabyte-milliseconds taken by all map tasks=3921920
		Total megabyte-milliseconds taken by all reduce tasks=3949568
	Map-Reduce Framework
		Map input records=155
		Map output records=155
		Map output bytes=2038
		Map output materialized bytes=2354
		Input split bytes=109
		Combine input records=0
		Combine output records=0
		Reduce input groups=5
		Reduce shuffle bytes=2354
		Reduce input records=155
		Reduce output records=5
		Spilled Records=310
		Shuffled Maps =1
		Failed Shuffles=0
		Merged Map outputs=1
		GC time elapsed (ms)=139
		CPU time spent (ms)=1660
		Physical memory (bytes) snapshot=529530880
		Virtual memory (bytes) snapshot=4179357696
		Total committed heap usage (bytes)=475529216
		Peak Map Physical memory (bytes)=315584512
		Peak Map Virtual memory (bytes)=2085818368
		Peak Reduce Physical memory (bytes)=213946368
		Peak Reduce Virtual memory (bytes)=2093539328
	Shuffle Errors
		BAD_ID=0
		CONNECTION=0
		IO_ERROR=0
		WRONG_LENGTH=0
		WRONG_MAP=0
		WRONG_REDUCE=0
	File Input Format Counters 
		Bytes Read=23325
	File Output Format Counters 
		Bytes Written=295
=== E3a done: 2026-05-04T19:04:46+02:00, rc=0, duration=32084 ms ===
[stage3] E3b — regression OLS per borough
=== E3b start: 2026-05-04T19:04:46+02:00 ===
Driver: pl.pwr.bigdata.mr.stage3.RegressionDriver
Input:  /processed/T2
Output: /processed/T3b
Extra:  
2026-05-05 02:04:52,382 INFO client.DefaultNoHARMFailoverProxyProvider: Connecting to ResourceManager at master/10.0.2.4:8050
2026-05-05 02:04:52,966 INFO mapreduce.JobResourceUploader: Disabling Erasure Coding for path: /tmp/hadoop-yarn/staging/root/.staging/job_1777913547317_0006
2026-05-05 02:04:53,417 INFO input.FileInputFormat: Total input files to process : 1
2026-05-05 02:04:53,635 INFO mapreduce.JobSubmitter: number of splits:1
2026-05-05 02:04:53,846 INFO mapreduce.JobSubmitter: Submitting tokens for job: job_1777913547317_0006
2026-05-05 02:04:53,847 INFO mapreduce.JobSubmitter: Executing with tokens: []
2026-05-05 02:04:54,147 INFO conf.Configuration: resource-types.xml not found
2026-05-05 02:04:54,148 INFO resource.ResourceUtils: Unable to find 'resource-types.xml'.
2026-05-05 02:04:54,265 INFO impl.YarnClientImpl: Submitted application application_1777913547317_0006
2026-05-05 02:04:54,329 INFO mapreduce.Job: The url to track the job: http://master:8088/proxy/application_1777913547317_0006/
2026-05-05 02:04:54,333 INFO mapreduce.Job: Running job: job_1777913547317_0006
2026-05-05 02:05:04,626 INFO mapreduce.Job: Job job_1777913547317_0006 running in uber mode : false
2026-05-05 02:05:04,632 INFO mapreduce.Job:  map 0% reduce 0%
2026-05-05 02:05:11,737 INFO mapreduce.Job:  map 100% reduce 0%
2026-05-05 02:05:17,803 INFO mapreduce.Job:  map 100% reduce 100%
2026-05-05 02:05:17,829 INFO mapreduce.Job: Job job_1777913547317_0006 completed successfully
2026-05-05 02:05:17,973 INFO mapreduce.Job: Counters: 55
	File System Counters
		FILE: Number of bytes read=814
		FILE: Number of bytes written=557165
		FILE: Number of read operations=0
		FILE: Number of large read operations=0
		FILE: Number of write operations=0
		HDFS: Number of bytes read=23434
		HDFS: Number of bytes written=260
		HDFS: Number of read operations=8
		HDFS: Number of large read operations=0
		HDFS: Number of write operations=2
		HDFS: Number of bytes read erasure-coded=0
	Job Counters 
		Launched map tasks=1
		Launched reduce tasks=1
		Rack-local map tasks=1
		Total time spent by all maps in occupied slots (ms)=4341
		Total time spent by all reduces in occupied slots (ms)=3737
		Total time spent by all map tasks (ms)=4341
		Total time spent by all reduce tasks (ms)=3737
		Total vcore-milliseconds taken by all map tasks=4341
		Total vcore-milliseconds taken by all reduce tasks=3737
		Total megabyte-milliseconds taken by all map tasks=4445184
		Total megabyte-milliseconds taken by all reduce tasks=3826688
	Map-Reduce Framework
		Map input records=155
		Map output records=155
		Map output bytes=5158
		Map output materialized bytes=814
		Input split bytes=109
		Combine input records=155
		Combine output records=5
		Reduce input groups=5
		Reduce shuffle bytes=814
		Reduce input records=5
		Reduce output records=5
		Spilled Records=10
		Shuffled Maps =1
		Failed Shuffles=0
		Merged Map outputs=1
		GC time elapsed (ms)=179
		CPU time spent (ms)=1610
		Physical memory (bytes) snapshot=528297984
		Virtual memory (bytes) snapshot=4181225472
		Total committed heap usage (bytes)=470286336
		Peak Map Physical memory (bytes)=314605568
		Peak Map Virtual memory (bytes)=2087919616
		Peak Reduce Physical memory (bytes)=213692416
		Peak Reduce Virtual memory (bytes)=2093305856
	E3b
		dropped_snow_zero_variance=5
	Shuffle Errors
		BAD_ID=0
		CONNECTION=0
		IO_ERROR=0
		WRONG_LENGTH=0
		WRONG_MAP=0
		WRONG_REDUCE=0
	File Input Format Counters 
		Bytes Read=23325
	File Output Format Counters 
		Bytes Written=260
=== E3b done: 2026-05-04T19:05:18+02:00, rc=0, duration=31879 ms ===
[stage3] E3c — event_count_stats
=== E3c start: 2026-05-04T19:05:18+02:00 ===
Driver: pl.pwr.bigdata.mr.stage3.EventStatsDriver
Input:  /processed/T2
Output: /processed/T3c
Extra:  
2026-05-05 02:05:24,172 INFO client.DefaultNoHARMFailoverProxyProvider: Connecting to ResourceManager at master/10.0.2.4:8050
2026-05-05 02:05:24,750 INFO mapreduce.JobResourceUploader: Disabling Erasure Coding for path: /tmp/hadoop-yarn/staging/root/.staging/job_1777913547317_0007
2026-05-05 02:05:25,168 INFO input.FileInputFormat: Total input files to process : 1
2026-05-05 02:05:25,300 INFO mapreduce.JobSubmitter: number of splits:1
2026-05-05 02:05:25,507 INFO mapreduce.JobSubmitter: Submitting tokens for job: job_1777913547317_0007
2026-05-05 02:05:25,507 INFO mapreduce.JobSubmitter: Executing with tokens: []
2026-05-05 02:05:25,797 INFO conf.Configuration: resource-types.xml not found
2026-05-05 02:05:25,800 INFO resource.ResourceUtils: Unable to find 'resource-types.xml'.
2026-05-05 02:05:25,992 INFO impl.YarnClientImpl: Submitted application application_1777913547317_0007
2026-05-05 02:05:26,107 INFO mapreduce.Job: The url to track the job: http://master:8088/proxy/application_1777913547317_0007/
2026-05-05 02:05:26,109 INFO mapreduce.Job: Running job: job_1777913547317_0007
2026-05-05 02:05:35,346 INFO mapreduce.Job: Job job_1777913547317_0007 running in uber mode : false
2026-05-05 02:05:35,350 INFO mapreduce.Job:  map 0% reduce 0%
2026-05-05 02:05:41,440 INFO mapreduce.Job:  map 100% reduce 0%
2026-05-05 02:05:48,613 INFO mapreduce.Job:  map 100% reduce 100%
2026-05-05 02:05:49,667 INFO mapreduce.Job: Job job_1777913547317_0007 completed successfully
2026-05-05 02:05:49,851 INFO mapreduce.Job: Counters: 54
	File System Counters
		FILE: Number of bytes read=1885
		FILE: Number of bytes written=558907
		FILE: Number of read operations=0
		FILE: Number of large read operations=0
		FILE: Number of write operations=0
		HDFS: Number of bytes read=23434
		HDFS: Number of bytes written=72
		HDFS: Number of read operations=8
		HDFS: Number of large read operations=0
		HDFS: Number of write operations=2
		HDFS: Number of bytes read erasure-coded=0
	Job Counters 
		Launched map tasks=1
		Launched reduce tasks=1
		Rack-local map tasks=1
		Total time spent by all maps in occupied slots (ms)=4122
		Total time spent by all reduces in occupied slots (ms)=3775
		Total time spent by all map tasks (ms)=4122
		Total time spent by all reduce tasks (ms)=3775
		Total vcore-milliseconds taken by all map tasks=4122
		Total vcore-milliseconds taken by all reduce tasks=3775
		Total megabyte-milliseconds taken by all map tasks=4220928
		Total megabyte-milliseconds taken by all reduce tasks=3865600
	Map-Reduce Framework
		Map input records=155
		Map output records=124
		Map output bytes=1631
		Map output materialized bytes=1885
		Input split bytes=109
		Combine input records=0
		Combine output records=0
		Reduce input groups=4
		Reduce shuffle bytes=1885
		Reduce input records=124
		Reduce output records=4
		Spilled Records=248
		Shuffled Maps =1
		Failed Shuffles=0
		Merged Map outputs=1
		GC time elapsed (ms)=140
		CPU time spent (ms)=1750
		Physical memory (bytes) snapshot=528953344
		Virtual memory (bytes) snapshot=4177342464
		Total committed heap usage (bytes)=477626368
		Peak Map Physical memory (bytes)=315822080
		Peak Map Virtual memory (bytes)=2086313984
		Peak Reduce Physical memory (bytes)=213131264
		Peak Reduce Virtual memory (bytes)=2091028480
	Shuffle Errors
		BAD_ID=0
		CONNECTION=0
		IO_ERROR=0
		WRONG_LENGTH=0
		WRONG_MAP=0
		WRONG_REDUCE=0
	File Input Format Counters 
		Bytes Read=23325
	File Output Format Counters 
		Bytes Written=72
=== E3c done: 2026-05-04T19:05:50+02:00, rc=0, duration=31868 ms ===
--- Stage 3 END   2026-05-04T19:05:50+02:00 duration=96023 ms ---
--- Stage 4 START 2026-05-04T19:05:50+02:00 ---
[stage4] E4 — enrich (T2 + T3a + T3b + T3c) → W
=== E4 start: 2026-05-04T19:05:50+02:00 ===
Driver: pl.pwr.bigdata.mr.stage4.EnrichDriver
Input:  /processed/T2
Output: /processed/W
Extra:  /processed/T3a /processed/T3b /processed/T3c
2026-05-05 02:05:56,123 INFO client.DefaultNoHARMFailoverProxyProvider: Connecting to ResourceManager at master/10.0.2.4:8050
2026-05-05 02:05:56,578 INFO mapreduce.JobResourceUploader: Disabling Erasure Coding for path: /tmp/hadoop-yarn/staging/root/.staging/job_1777913547317_0008
2026-05-05 02:05:57,460 INFO input.FileInputFormat: Total input files to process : 1
2026-05-05 02:05:57,617 INFO mapreduce.JobSubmitter: number of splits:1
2026-05-05 02:05:58,426 INFO mapreduce.JobSubmitter: Submitting tokens for job: job_1777913547317_0008
2026-05-05 02:05:58,427 INFO mapreduce.JobSubmitter: Executing with tokens: []
2026-05-05 02:05:58,713 INFO conf.Configuration: resource-types.xml not found
2026-05-05 02:05:58,715 INFO resource.ResourceUtils: Unable to find 'resource-types.xml'.
2026-05-05 02:05:58,826 INFO impl.YarnClientImpl: Submitted application application_1777913547317_0008
2026-05-05 02:05:58,909 INFO mapreduce.Job: The url to track the job: http://master:8088/proxy/application_1777913547317_0008/
2026-05-05 02:05:58,911 INFO mapreduce.Job: Running job: job_1777913547317_0008
2026-05-05 02:06:09,201 INFO mapreduce.Job: Job job_1777913547317_0008 running in uber mode : false
2026-05-05 02:06:09,212 INFO mapreduce.Job:  map 0% reduce 0%
2026-05-05 02:06:16,355 INFO mapreduce.Job:  map 100% reduce 0%
2026-05-05 02:06:17,383 INFO mapreduce.Job: Job job_1777913547317_0008 completed successfully
2026-05-05 02:06:17,510 INFO mapreduce.Job: Counters: 33
	File System Counters
		FILE: Number of bytes read=0
		FILE: Number of bytes written=278317
		FILE: Number of read operations=0
		FILE: Number of large read operations=0
		FILE: Number of write operations=0
		HDFS: Number of bytes read=23434
		HDFS: Number of bytes written=26600
		HDFS: Number of read operations=7
		HDFS: Number of large read operations=0
		HDFS: Number of write operations=2
		HDFS: Number of bytes read erasure-coded=0
	Job Counters 
		Launched map tasks=1
		Data-local map tasks=1
		Total time spent by all maps in occupied slots (ms)=4753
		Total time spent by all reduces in occupied slots (ms)=0
		Total time spent by all map tasks (ms)=4753
		Total vcore-milliseconds taken by all map tasks=4753
		Total megabyte-milliseconds taken by all map tasks=4867072
	Map-Reduce Framework
		Map input records=155
		Map output records=155
		Input split bytes=109
		Spilled Records=0
		Failed Shuffles=0
		Merged Map outputs=0
		GC time elapsed (ms)=110
		CPU time spent (ms)=1000
		Physical memory (bytes) snapshot=213610496
		Virtual memory (bytes) snapshot=2089283584
		Total committed heap usage (bytes)=178257920
		Peak Map Physical memory (bytes)=213610496
		Peak Map Virtual memory (bytes)=2089283584
	File Input Format Counters 
		Bytes Read=23325
	File Output Format Counters 
		Bytes Written=26600
=== E4 done: 2026-05-04T19:06:17+02:00, rc=0, duration=27511 ms ===
--- Stage 4 END   2026-05-04T19:06:17+02:00 duration=27608 ms ---
=== run_all DONE 2026-05-04T19:06:17+02:00 ===
TOTAL pipeline duration: 593582 ms
Summary log: /mnt/c/Users/Admin/Desktop/magisterka_pwr/semestry/III/przetwarzanie_danych/przetwarzanie-danych-pwr/logs/mapreduce/run_all_20260504T185624.log
